VIDEO-2016-11-11 UNENCRY
车牌 is 鲁W74A5学  corlor is 2
            [error]         [eroor 134524379]
		[error]		[eroor 134524541]
车牌 is 鲁A9853N  corlor is 1
            [error]         [eroor 134524379]
		[error]		[eroor 134524541]
车牌 is 鲁R9853N  corlor is 1
            [error]         [eroor 134524379]
		[error]		[eroor 134524541]
车牌 is 鲁ACV222  corlor is 1
SZ<br />
<b>Deprecated</b>:  Function MongoDB::authenticate() is deprecated in <b>/var/www/html/picUpload.php</b> on line <b>52</b><br />
Array
(
    [time] => 2017-03-15 08:09:25
    [dev] => 3701050905
    [name] => 中安宾馆
    [channel] => 
    [vehicle] => Array
        (
            [plate] => 鲁ACV222
            [color] => 
            [brand] => 
            [type] => 
        )

    [savepath] => qingbao/2017-03-15/3701050905/8-07-50鲁ACV222.jpg
)
Array
(
    [time] => 2017-03-15 08:09:25
    [dev] => 3701050905
    [name] => 中安宾馆
    [channel] => 
    [vehicle] => Array
        (
            [plate] => 鲁ACV222
            [color] => 
            [brand] => 
            [type] => 
        )

    [savepath] => qingbao/2017-03-15/3701050905/8-07-50鲁ACV222.jpg
    [_id] => MongoId Object
        (
            [$id] => 58c885d693b394107b4816f7
        )

)

123 successs
		[error]		[eroor 134524541]
车牌 is 鲁A363SJ  corlor is 1
            [error]         [eroor 134524379]
		[error]		[eroor 134524541]
车牌 is 鲁A310JL  corlor is 1
            [error]         [eroor 134524379]
		[error]		[eroor 134524541]
车牌 is 鲁BP786F  corlor is 1
            [error]         [eroor 134524379]
		[error]		[eroor 134524541]
车牌 is 鲁AH2286  corlor is 1
            [error]         [eroor 134524379]
		[error]		[eroor 134524541]
车牌 is 鲁A582Y1  corlor is 1
            [error]         [eroor 134524379]
		[error]		[eroor 134524541]
车牌 is 鲁A3716K  corlor is 1
SZ<br />
<b>Deprecated</b>:  Function MongoDB::authenticate() is deprecated in <b>/var/www/html/picUpload.php</b> on line <b>52</b><br />
Array
(
    [time] => 2017-03-15 10:49:02
    [dev] => 3701050905
    [name] => 中安宾馆
    [channel] => 
    [vehicle] => Array
        (
            [plate] => 鲁A3716K
            [color] => 
            [brand] => 
            [type] => 
        )

    [savepath] => qingbao/2017-03-15/3701050905/10-47-26鲁A3716K.jpg
)
Array
(
    [time] => 2017-03-15 10:49:02
    [dev] => 3701050905
    [name] => 中安宾馆
    [channel] => 
    [vehicle] => Array
        (
            [plate] => 鲁A3716K
            [color] => 
            [brand] => 
            [type] => 
        )

    [savepath] => qingbao/2017-03-15/3701050905/10-47-26鲁A3716K.jpg
    [_id] => MongoId Object
        (
            [$id] => 58c8ab3e93b3944765481641
        )

)

123 successs
		[error]		[eroor 134524541]
车牌 is 鲁A320XE  corlor is 1
            [error]         [eroor 134524379]
		[error]		[eroor 134524541]
车牌 is 浙S1J1J学  corlor is 2
            [error]         [eroor 134524379]
		[error]		[eroor 134524541]
车牌 is 鲁A707XA  corlor is 1
SZ<br />
<b>Deprecated</b>:  Function MongoDB::authenticate() is deprecated in <b>/var/www/html/picUpload.php</b> on line <b>52</b><br />
Array
(
    [time] => 2017-03-15 12:31:47
    [dev] => 3701050905
    [name] => 中安宾馆
    [channel] => 
    [vehicle] => Array
        (
            [plate] => 鲁A707XA
            [color] => 
            [brand] => 
            [type] => 
        )

    [savepath] => qingbao/2017-03-15/3701050905/12-30-11鲁A707XA.jpg
)
Array
(
    [time] => 2017-03-15 12:31:47
    [dev] => 3701050905
    [name] => 中安宾馆
    [channel] => 
    [vehicle] => Array
        (
            [plate] => 鲁A707XA
            [color] => 
            [brand] => 
            [type] => 
        )

    [savepath] => qingbao/2017-03-15/3701050905/12-30-11鲁A707XA.jpg
    [_id] => MongoId Object
        (
            [$id] => 58c8c35393b3943a7a481794
        )

)

123 successs
		[error]		[eroor 134524541]
车牌 is 鲁AN8K08  corlor is 1
            [error]         [eroor 134524379]
		[error]		[eroor 134524541]
车牌 is 鲁A600YY  corlor is 1
            [error]         [eroor 134524379]
		[error]		[eroor 134524541]
车牌 is 鲁A580RK  corlor is 1
            [error]         [eroor 134524379]
		[error]		[eroor 134524541]
车牌 is 鲁LW3YTZ  corlor is 2
            [error]         [eroor 134524379]
		[error]		[eroor 134524541]
车牌 is 鲁AJ137Z  corlor is 1
            [error]         [eroor 134524379]
		[error]		[eroor 134524541]
车牌 is 鲁AD9H70  corlor is 1
SZ<br />
<b>Deprecated</b>:  Function MongoDB::authenticate() is deprecated in <b>/var/www/html/picUpload.php</b> on line <b>52</b><br />
Array
(
    [time] => 2017-03-15 15:16:29
    [dev] => 3701050905
    [name] => 中安宾馆
    [channel] => 
    [vehicle] => Array
        (
            [plate] => 鲁AD9H70
            [color] => 
            [brand] => 
            [type] => 
        )

    [savepath] => qingbao/2017-03-15/3701050905/15-14-52鲁AD9H70.jpg
)
Array
(
    [time] => 2017-03-15 15:16:29
    [dev] => 3701050905
    [name] => 中安宾馆
    [channel] => 
    [vehicle] => Array
        (
            [plate] => 鲁AD9H70
            [color] => 
            [brand] => 
            [type] => 
        )

    [savepath] => qingbao/2017-03-15/3701050905/15-14-52鲁AD9H70.jpg
    [_id] => MongoId Object
        (
            [$id] => 58c8e9ec93b394877648164a
        )

)

123 successs
		[error]		[eroor 134524541]
车牌 is 鲁A36Z53  corlor is 1
            [error]         [eroor 134524379]
		[error]		[eroor 134524541]
车牌 is 鲁A3P199  corlor is 1
            [error]         [eroor 134524379]
		[error]		[eroor 134524541]
车牌 is 鲁LL397学  corlor is 2
            [error]         [eroor 134524379]
		[error]		[eroor 134524541]
车牌 is 鲁A0Y956  corlor is 1
            [error]         [eroor 134524379]
		[error]		[eroor 134524541]
车牌 is 鲁A38358  corlor is 1
            [error]         [eroor 134524379]
		[error]		[eroor 134524541]
车牌 is 鲁ZCT74C  corlor is 2
            [error]         [eroor 134524379]
		[error]		[eroor 134524541]
车牌 is 鲁AS365T  corlor is 1
            [error]         [eroor 134524379]
		[error]		[eroor 134524541]
车牌 is 鲁AAK756  corlor is 1
            [error]         [eroor 134524379]
		[error]		[eroor 134524541]
车牌 is 鲁A993P0  corlor is 1
            [error]         [eroor 134524379]
		[error]		[eroor 134524541]
车牌 is 鲁AT6427  corlor is 1
SZ<br />
<b>Deprecated</b>:  Function MongoDB::authenticate() is deprecated in <b>/var/www/html/picUpload.php</b> on line <b>52</b><br />
Array
(
    [time] => 2017-03-15 17:46:07
    [dev] => 3701050905
    [name] => 中安宾馆
    [channel] => 
    [vehicle] => Array
        (
            [plate] => 鲁AT6427
            [color] => 
            [brand] => 
            [type] => 
        )

    [savepath] => qingbao/2017-03-15/3701050905/17-44-29鲁AT6427.jpg
)
Array
(
    [time] => 2017-03-15 17:46:07
    [dev] => 3701050905
    [name] => 中安宾馆
    [channel] => 
    [vehicle] => Array
        (
            [plate] => 鲁AT6427
            [color] => 
            [brand] => 
            [type] => 
        )

    [savepath] => qingbao/2017-03-15/3701050905/17-44-29鲁AT6427.jpg
    [_id] => MongoId Object
        (
            [$id] => 58c90cfd93b3948a4d481652
        )

)

123 successs
		[error]		[eroor 134524541]
车牌 is 鲁AXU03D  corlor is 1
            [error]         [eroor 134524379]
		[error]		[eroor 134524541]
车牌 is 鲁AXA03D  corlor is 1
            [error]         [eroor 134524379]
		[error]		[eroor 134524541]
车牌 is 鲁A600QC  corlor is 1
            [error]         [eroor 134524379]
		[error]		[eroor 134524541]
车牌 is 鲁A035A9  corlor is 1
SZ<br />
<b>Deprecated</b>:  Function MongoDB::authenticate() is deprecated in <b>/var/www/html/picUpload.php</b> on line <b>52</b><br />
Array
(
    [time] => 2017-03-15 18:55:40
    [dev] => 3701050905
    [name] => 中安宾馆
    [channel] => 
    [vehicle] => Array
        (
            [plate] => 鲁A035A9
            [color] => 
            [brand] 