VIDEO-2016-11-11 UNENCRY
ËΩ¶Áâå is È≤ÅA7N603  corlor is 1
SZ<br />
<b>Deprecated</b>:  Function MongoDB::authenticate() is deprecated in <b>/var/www/html/picUpload.php</b> on line <b>52</b><br />
Array
(
    [time] => 2016-12-30 07:15:11
    [dev] => 3701050905
    [name] => ‰∏≠ÂÆâÂÆæÈ¶Ü
    [channel] => 
    [vehicle] => Array
        (
            [plate] => È≤ÅA7N603
            [color] => 
            [brand] => 
            [type] => 
        )

    [savepath] => qingbao/2016-12-30/3701050905/7-12-19È≤ÅA7N603.jpg
)
Array
(
    [time] => 2016-12-30 07:15:11
    [dev] => 3701050905
    [name] => ‰∏≠ÂÆâÂÆæÈ¶Ü
    [channel] => 
    [vehicle] => Array
        (
            [plate] => È≤ÅA7N603
            [color] => 
            [brand] => 
            [type] => 
        )

    [savepath] => qingbao/2016-12-30/3701050905/7-12-19È≤ÅA7N603.jpg
    [_id] => MongoId Object
        (
            [$id] => 5865985393b394416e7b277a
        )

)

123 successs

211 successs
ËΩ¶Áâå is È≤ÅZ3611V  corlor is 1
SZ<br />
<b>Deprecated</b>:  Function MongoDB::authenticate() is deprecated in <b>/var/www/html/picUpload.php</b> on line <b>52</b><br />
Array
(
    [time] => 2016-12-30 07:46:59
    [dev] => 3701050905
    [name] => ‰∏≠ÂÆâÂÆæÈ¶Ü
    [channel] => 
    [vehicle] => Array
        (
            [plate] => È≤ÅZ3611V
            [color] => 
            [brand] => 
            [type] => 
        )

    [savepath] => qingbao/2016-12-30/3701050905/7-44-07È≤ÅZ3611V.jpg
)
Array
(
    [time] => 2016-12-30 07:46:59
    [dev] => 3701050905
    [name] => ‰∏≠ÂÆâÂÆæÈ¶Ü
    [channel] => 
    [vehicle] => Array
        (
            [plate] => È≤ÅZ3611V
            [color] => 
            [brand] => 
            [type] => 
        )

    [savepath] => qingbao/2016-12-30/3701050905/7-44-07È≤ÅZ3611V.jpg
    [_id] => MongoId Object
        (
            [$id] => 58659fc793b394ef577b24e3
        )

)

123 successs

211 successs
ËΩ¶Áâå is È≤ÅA236NN  corlor is 1
SZ<br />
<b>Deprecated</b>:  Function MongoDB::authenticate() is deprecated in <b>/var/www/html/picUpload.php</b> on line <b>52</b><br />
Array
(
    [time] => 2016-12-30 07:47:24
    [dev] => 3701050905
    [name] => ‰∏≠ÂÆâÂÆæÈ¶Ü
    [channel] => 
    [vehicle] => Array
        (
            [plate] => È≤ÅA236NN
            [color] => 
            [brand] => 
            [type] => 
        )

    [savepath] => qingbao/2016-12-30/3701050905/7-44-32È≤ÅA236NN.jpg
)
Array
(
    [time] => 2016-12-30 07:47:24
    [dev] => 3701050905
    [name] => ‰∏≠ÂÆâÂÆæÈ¶Ü
    [channel] => 
    [vehicle] => Array
        (
            [plate] => È≤ÅA236NN
            [color] => 
            [brand] => 
            [type] => 
        )

    [savepath] => qingbao/2016-12-30/3701050905/7-44-32È≤ÅA236NN.jpg
    [_id] => MongoId Object
        (
            [$id] => 58659fe093b394416e7b28b9
        )

)

123 successs

211 successs
ËΩ¶Áâå is È≤ÅAL985N  corlor is 1
SZ<br />
<b>Deprecated</b>:  Function MongoDB::authenticate() is deprecated in <b>/var/www/html/picUpload.php</b> on line <b>52</b><br />
Array
(
    [time] => 2016-12-30 07:48:33
    [dev] => 3701050905
    [name] => ‰∏≠ÂÆâÂÆæÈ¶Ü
    [channel] => 
    [vehicle] => Array
        (
            [plate] => È≤ÅAL985N
            [color] => 
            [brand] => 
            [type] => 
        )

    [savepath] => qingbao/2016-12-30/3701050905/7-45-41È≤ÅAL985N.jpg
)
Array
(
    [time] => 2016-12-30 07:48:33
    [dev] => 3701050905
    [name] => ‰∏≠ÂÆâÂÆæÈ¶Ü
    [channel] => 
    [vehicle] => Array
        (
            [plate] => È≤ÅAL985N
            [color] => 
            [brand] => 
            [type] => 
        )

    [savepath] => qingbao/2016-12-30/3701050905/7-45-41È≤ÅAL985N.jpg
    [_id] => MongoId Object
        (
            [$id] => 5865a02593b394686b7b23ca
        )

)

123 successs

211 successs
ËΩ¶Áâå is È≤ÅAE6FTF  corlor is 1
SZ<br />
<b>Deprecated</b>:  Function MongoDB::authenticate() is deprecated in <b>/var/www/html/picUpload.php</b> on line <b>52</b><br />
Array
(
    [time] => 2016-12-30 07:58:54
    [dev] => 3701050905
    [name] => ‰∏≠ÂVIDEO-2016-11-11 UNENCRY
ËΩ¶Áâå is È≤ÅA9230U  corlor is 1
SZ<br />
<b>Deprecated</b>:  Function MongoDB::authenticate() is deprecated in <b>/var/www/html/picUpload.php</b> on line <b>52</b><br />
Array
(
    [time] => 2016-12-30 07:35:28
    [dev] => 3701050905
    [name] => ‰∏≠ÂÆâÂÆæÈ¶Ü
    [channel] => 
    [vehicle] => Array
        (
            [plate] => È≤ÅA9230U
            [color] => 
            [brand] => 
            [type] => 
        )

    [savepath] => qingbao/2016-12-30/3701050905/7-32-35È≤ÅA9230U.jpg
)
Array
(
    [time] => 2016-12-30 07:35:28
    [dev] => 3701050905
    [name] => ‰∏≠ÂÆâÂÆæÈ¶Ü
    [channel] => 
    [vehicle] => Array
        (
            [plate] => È≤ÅA9230U
            [color] => 
            [brand] => 
            [type] => 
        )

    [savepath] => qingbao/2016-12-30/3701050905/7-32-35È≤ÅA9230U.jpg
    [_id] => MongoId Object
        (
            [$id] => 58659d1393b394a7777b2794
        )

)

123 successs

211 successs
ËΩ¶Áâå is È≤ÅA2J815  corlor is 1
SZ<br />
<b>Deprecated</b>:  Function MongoDB::authenticate() is deprecated in <b>/var/www/html/picUpload.php</b> on line <b>52</b><br />
Array
(
    [time] => 2016-12-30 07:39:31
    [dev] => 3701050905
    [name] => ‰∏≠ÂÆâÂÆæÈ¶Ü
    [channel] => 
    [vehicle] => Array
        (
            [plate] => È≤ÅA2J815
            [color] => 
            [brand] => 
            [type] => 
        )

    [savepath] => qingbao/2016-12-30/3701050905/7-36-38È≤ÅA2J815.jpg
)
Array
(
    [time] => 2016-12-30 07:39:31
    [dev] => 3701050905
    [name] => ‰∏≠ÂÆâÂÆæÈ¶Ü
    [channel] => 
    [vehicle] => Array
        (
            [plate] => È≤ÅA2J815
            [color] => 
            [brand] => 
            [type] => 
        )

    [savepath] => qingbao/2016-12-30/3701050905/7-36-38È≤ÅA2J815.jpg
    [_id] => MongoId Object
        (
            [$id] => 58659e0693b39435607b23f9
        )

)

123 successs

211 successs
ËΩ¶Áâå is È≤ÅA57J70  corlor is 1
SZ<br />
<b>Deprecated</b>:  Function MongoDB::authenticate() is deprecated in <b>/var/www/html/picUpload.php</b> on line <b>52</b><br />
Array
(
    [time] => 2016-12-30 07:41:39
    [dev] => 3701050905
    [name] => ‰∏≠ÂÆâÂÆæÈ¶Ü
    [channel] => 
    [vehicle] => Array
        (
            [plate] => È≤ÅA57J70
            [color] => 
            [brand] => 
            [type] => 
        )

    [savepath] => qingbao/2016-12-30/3701050905/7-38-47È≤ÅA57J70.jpg
)
Array
(
    [time] => 2016-12-30 07:41:39
    [dev] => 3701050905
    [name] => ‰∏≠ÂÆâÂÆæÈ¶Ü
    [channel] => 
    [vehicle] => Array
        (
            [plate] => È≤ÅA57J70
            [color] => 
            [brand] => 
            [type] => 
        )

    [savepath] => qingbao/2016-12-30/3701050905/7-38-47È≤ÅA57J70.jpg
    [_id] => MongoId Object
        (
            [$id] => 58659e8793b394416e7b287b
        )

)

123 successs

211 successs
ËΩ¶Áâå is È≤ÅARK156  corlor is 1
SZ<br />
<b>Deprecated</b>:  Function MongoDB::authenticate() is deprecated in <b>/var/www/html/picUpload.php</b> on line <b>52</b><br />
Array
(
    [time] => 2016-12-30 08:07:40
    [dev] => 3701050905
    [name] => ‰∏≠ÂÆâÂÆæÈ¶Ü
    [channel] => 
    [vehicle] => Array
        (
            [plate] => È≤ÅARK156
            [color] => 
            [brand] => 
            [type] => 
        )

    [savepath] => qingbao/2016-12-30/3701050905/8-04-48È≤ÅARK156.jpg
)
Array
(
    [time] => 2016-12-30 08:07:40
    [dev] => 3701050905
    [name] => ‰∏≠ÂÆâÂÆæÈ¶Ü
    [channel] => 
    [vehicle] => Array
        (
            [plate] => È≤ÅARK156
            [color] => 
            [brand] => 
            [type] => 
        )

    [savepath] => qingbao/2016-12-30/3701050905/8-04-48È≤ÅARK156.jpg
    [_id] => MongoId Object
        (
            [$id] => 5865a4a093b394b67a7b23d7
        )

)

123 successs

211 successs
ËΩ¶Áâå is È≤ÅA6169T  corlor is 1
SZ<br />
<b>Deprecated</b>:  Function MongoDB::authenticate() is deprecated in <b>/var/www/html/picUpload.php</b> on line <b>52</b><br />
Array
(
    [time] => 2016-12-30 08:33:43
    [dev] => 3701050905
    [name] => ‰∏≠ÂÆâÂÆæÈ¶Ü
    [channel] => 
    [vehicle] => Array
        (
            [plate] => È≤ÅAE6FTF
            [color] => 
            [brand] => 
            [type] => 
        )

    [savepath] => qingbao/2016-12-30/3701050905/7-56-02È≤ÅAE6FTF.jpg
)
Array
(
    [time] => 2016-12-30 07:58:54
    [dev] => 3701050905
    [name] => ‰∏≠ÂÆâÂÆæÈ¶Ü
    [channel] => 
    [vehicle] => Array
        (
            [plate] => È≤ÅAE6FTF
            [color] => 
            [brand] => 
            [type] => 
        )

    [savepath] => qingbao/2016-12-30/3701050905/7-56-02È≤ÅAE6FTF.jpg
    [_id] => MongoId Object
        (
            [$id] => 5865a29293b3942f6d7b244c
        )

)

123 successs

211 successs
ËΩ¶Áâå is È≤ÅA0Z682  corlor is 1
SZ<br />
<b>Deprecated</b>:  Function MongoDB::authenticate() is deprecated in <b>/var/www/html/picUpload.php</b> on line <b>52</b><br />
Array
(
    [time] => 2016-12-30 08:00:14
    [dev] => 3701050905
    [name] => ‰∏≠ÂÆâÂÆæÈ¶Ü
    [channel] => 
    [vehicle] => Array
        (
            [plate] => È≤ÅA0Z682
            [color] => 
            [brand] => 
            [type] => 
        )

    [savepath] => qingbao/2016-12-30/3701050905/7-57-22È≤ÅA0Z682.jpg
)
Array
(
    [time] => 2016-12-30 08:00:14
    [dev] => 3701050905
    [name] => ‰∏≠ÂÆâÂÆæÈ¶Ü
    [channel] => 
    [vehicle] => Array
        (
            [plate] => È≤ÅA0Z682
            [color] => 
            [brand] => 
            [type] => 
        )

    [savepath] => qingbao/2016-12-30/3701050905/7-57-22È≤ÅA0Z682.jpg
    [_id] => MongoId Object
        (
            [$id] => 5865a2e293b39401697b24a0
        )

)

123 successs

211 successs
ËΩ¶Áâå is È≤ÅAA673D  corlor is 1
SZ<br />
<b>Deprecated</b>:  Function MongoDB::authenticate() is deprecated in <b>/var/www/html/picUpload.php</b> on line <b>52</b><br />
Array
(
    [time] => 2016-12-30 08:03:26
    [dev] => 3701050905
    [name] => ‰∏≠ÂÆâÂÆæÈ¶Ü
    [channel] => 
    [vehicle] => Array
        (
            [plate] => È≤ÅAA673D
            [color] => 
            [brand] => 
            [type] => 
        )

    [savepath] => qingbao/2016-12-30/3701050905/8-00-33È≤ÅAA673D.jpg
)
Array
(
    [time] => 2016-12-30 08:03:26
    [dev] => 3701050905
    [name] => ‰∏≠ÂÆâÂÆæÈ¶Ü
    [channel] => 
    [vehicle] => Array
        (
            [plate] => È≤ÅAA673D
            [color] => 
            [brand] => 
            [type] => 
        )

    [savepath] => qingbao/2016-12-30/3701050905/8-00-33È≤ÅAA673D.jpg
    [_id] => MongoId Object
        (
            [$id] => 5865a3a193b3949f6d7b244f
        )

)

123 successs

211 successs
ËΩ¶Áâå is È≤ÅA9X833  corlor is 1
SZ<br />
<b>Deprecated</b>:  Function MongoDB::authenticate() is deprecated in <b>/var/www/html/picUpload.php</b> on line <b>52</b><br />
Array
(
    [time] => 2016-12-30 08:26:31
    [dev] => 3701050905
    [name] => ‰∏≠ÂÆâÂÆæÈ¶Ü
    [channel] => 
    [vehicle] => Array
        (
            [plate] => È≤ÅA9X833
            [color] => 
            [brand] => 
            [type] => 
        )

    [savepath] => qingbao/2016-12-30/3701050905/8-23-38È≤ÅA9X833.jpg
)
Array
(
    [time] => 2016-12-30 08:26:31
    [dev] => 3701050905
    [name] => ‰∏≠ÂÆâÂÆæÈ¶Ü
    [channel] => 
    [vehicle] => Array
        (
            [plate] => È≤ÅA9X833
            [color] => 
            [brand] => 
            [type] => 
        )

    [savepath] => qingbao/2016-12-30/3701050905/8-23-38È≤ÅA9X833.jpg
    [_id] => MongoId Object
        (
            [$id] => 5865a90a93b394750c7b23f9
        )

)

123 successs

211 successs
ËΩ¶Áâå is È≤ÅAWT665  corlor is 1
SZ<br />
<b>Deprecated</b>:  Function MongoDB::authenticate() is deprecated in <b>/var/www/html/picUpload.php</b> on line <b>52</b><br />
Array
(
    [time] => 2016-12-30 09:04:04
    [dev] => 3701050905
    [name] => ‰∏≠ÂÆâÂÆæÈ¶Ü
    [channel] => 
    [vehicle] => Array
        (
            [plate] => È≤ÅAWT665
            [color] => 
            [brand] => 
            [type] => 
        )

    [savepath] => qingbao/2016-12-30/3701050905/9-01-12È≤ÅAWT665.jpg
)
Array
(
    [time] => 2016-12-30 09:04:04
    [dev] => 3701050905
    [name] => ‰∏≠ÂÆâÂÆæÈ¶Ü
    [channel] => 
    [vehicle] => Array
        (
            [plate] => È≤ÅAWT665
            [color] => 
            [brand] => 
            [type] => 
        )

    [savepath] => qingbao/2016-12-30/3701050905/9-01-12È≤ÅAWT665.jpg
    [_id] => MongoId Object
        (
            [$id] => 5865b1d893b39421307b23d1
        )

)

123 successs

211 successs
ËΩ¶Áâå is È≤ÅA303A1  corlor is 1
SZ<br />
<b>Deprecated</b>:  Function MongoDB::authenticate() is deprecated in <b>/var/www/html/picUpload.php</b> on line <b>52</b><br />
Array
(
    [time] => 2016-12-30 09:04:46
    [dev] => 3701050905
    [name] => ‰∏≠ÂÆâÂÆæÈ¶Ü
    [channel] => 
    [vehicle] => Array
        (
            [plate] => È≤ÅA303A1
            [color] => 
            [brand] => 
            [type] => 
        )

    [savepath] => qingbao/2016-12-30/3701050905/9-01-54È≤ÅA303A1.jpg
)
Array
(
    [time] => 2016-12-30 09:04:46
    [dev] => 3701050905
    [name] => ‰∏≠ÂÆâÂÆæÈ¶Ü
    [channel] => 
    [vehicle] => Array
        (
            [plate] => È≤ÅA303A1
            [color] => 
            [brand] => 
            [type] => 
        )

    [savepath] => qingbao/2016-12-30/3701050905/9-01-54È≤ÅA303A1.jpg
    [_id] => MongoId Object
        (
            [$id] => 5865b20293b394af2c7b23f1
        )

)

123 successs

211 successs
ËΩ¶Áâå is È≤ÅA2U251  corlor is 1
SZ<br />
<b>Deprecated</b>:  Function MongoDB::authenticate() is deprecated in <b>/var/www/html/picUpload.php</b> on line <b>52</b><br />
Array
(
    [time] => 2016-12-30 09:41:59
    [dev] => 3701050905
    [name] => ‰∏≠ÂÆâÂÆæÈ¶Ü
    [channel] => 
    [vehicle] => Array
        (
            [plate] => È≤ÅA2U251
            [color] => 
            [brand] => 
            [type] => 
        )

    [savepath] => qingbao/2016-12-30/3701050905/9-39-07È≤ÅA2U251.jpg
)
Array
(
    [time] => 2016-12-30 09:41:59
    [dev] => 3701050905
    [name] => ‰∏≠ÂÆâÂÆæÈ¶Ü
    [channel] => 
    [vehicle] => Array
        (
            [plate] => È≤ÅA2U251
            [color] => 
            [brand] => 
            [type] => 
        )

    [savepath] => qingbao/2016-12-30/3701050905/9-39-07È≤ÅA2U251.jpg
    [_id] => MongoId Object
        (
            [$id] => 5865babb93b394a0467b2429
        )

)

123 successs

211 successs
ËΩ¶Áâå is È≤ÅA91R57  corlor is 1
SZ<br />
<b>Deprecated</b>:  Function MongoDB::authenticate() is deprecated in <b>/var/www/html/picUpload.php</b> on line <b>52</b><br />
Array
(
    [time] => 2016-12-30 09:49:04
    [dev] => 3701050905
    [name] => ‰∏≠ÂÆâÂÆæÈ¶Ü
    [channel] => 
    [vehicle] => Array
        (
            [plate] => È≤ÅA91R57
            [color] => 
            [brand] => 
            [type] => 
        )

    [savepath] => qingbao/2016-12-30/3701050905/9-46-12È≤ÅA91R57.jpg
)
Array
(
    [time] => 2016-12-30 09:49:04
    [dev] => 3701050905
    [name] => ‰∏≠ÂÆâÂÆæÈ¶Ü
    [channel] => 
    [vehicle] => Array
        (
            [plate] => È≤ÅA91R57
            [color] => 
            [brand] => 
            [type] => 
        )

    [savepath] => qingbao/2016-12-30/3701050905/9-46-12È≤ÅA91R57.jpg
    [_id] => MongoId Object
        (
            [$id] => 5865bc6493b394934d7b2422
        )

)

123 successs

211 successs
ËΩ¶Áâå is È≤ÅAL310X  corlor is 1
SZ<br />
<b>Deprecated</b>:  Function MongoDB::authenticate() is deprecated in <b>/var/www/html/picUpload.php</b> on line <b>52</b><br />
Array
(
    [time] => 2016-12-30 10:03:46
    [dev] => 3701050905
    [name] => ‰∏≠ÂÆâÂÆæÈ¶Ü
    [channel] => 
    [vehicle] => Array
        (
            [plate] => È≤ÅAL310X
            [color] => 
            [brand] => 
            [type] => 
        )

    [savepath] => qingbao/2016-12-30/3701050905/10-00-53È≤ÅAL310X.jpg
)
Array
(
    [time] => 2016-12-30 10:03:46
    [dev] => 3701050905
    [name] => ‰∏≠ÂÆâÂÆæÈ¶Ü
    [channel] => 
    [vehicle] => Array
        (
            [plate] => È≤ÅAL310X
            [color] => 
            [brand] => 
            [type] => 
        )

    [savepath] => qingbao/2016-12-30/3701050905/10-00-ÆâÂÆæÈ¶Ü
    [channel] => 
    [vehicle] => Array
        (
            [plate] => È≤ÅA6169T
            [color] => 
            [brand] => 
            [type] => 
        )

    [savepath] => qingbao/2016-12-30/3701050905/8-30-50È≤ÅA6169T.jpg
)
Array
(
    [time] => 2016-12-30 08:33:43
    [dev] => 3701050905
    [name] => ‰∏≠ÂÆâÂÆæÈ¶Ü
    [channel] => 
    [vehicle] => Array
        (
            [plate] => È≤ÅA6169T
            [color] => 
            [brand] => 
            [type] => 
        )

    [savepath] => qingbao/2016-12-30/3701050905/8-30-50È≤ÅA6169T.jpg
    [_id] => MongoId Object
        (
            [$id] => 5865aaba93b394170f7b240c
        )

)

123 successs

211 successs
ËΩ¶Áâå is È≤ÅA07697  corlor is 1
SZ<br />
<b>Deprecated</b>:  Function MongoDB::authenticate() is deprecated in <b>/var/www/html/picUpload.php</b> on line <b>52</b><br />
Array
(
    [time] => 2016-12-30 08:33:49
    [dev] => 3701050905
    [name] => ‰∏≠ÂÆâÂÆæÈ¶Ü
    [channel] => 
    [vehicle] => Array
        (
            [plate] => È≤ÅA07697
            [color] => 
            [brand] => 
            [type] => 
        )

    [savepath] => qingbao/2016-12-30/3701050905/8-30-57È≤ÅA07697.jpg
)
Array
(
    [time] => 2016-12-30 08:33:49
    [dev] => 3701050905
    [name] => ‰∏≠ÂÆâÂÆæÈ¶Ü
    [channel] => 
    [vehicle] => Array
        (
            [plate] => È≤ÅA07697
            [color] => 
            [brand] => 
            [type] => 
        )

    [savepath] => qingbao/2016-12-30/3701050905/8-30-57È≤ÅA07697.jpg
    [_id] => MongoId Object
        (
            [$id] => 5865aac193b39486777b2abf
        )

)

123 successs

211 successs
ËΩ¶Áâå is È≤ÅA899FN  corlor is 1
SZ<br />
<b>Deprecated</b>:  Function MongoDB::authenticate() is deprecated in <b>/var/www/html/picUpload.php</b> on line <b>52</b><br />
Array
(
    [time] => 2016-12-30 09:09:44
    [dev] => 3701050905
    [name] => ‰∏≠ÂÆâÂÆæÈ¶Ü
    [channel] => 
    [vehicle] => Array
        (
            [plate] => È≤ÅA899FN
            [color] => 
            [brand] => 
            [type] => 
        )

    [savepath] => qingbao/2016-12-30/3701050905/9-06-53È≤ÅA899FN.jpg
)
Array
(
    [time] => 2016-12-30 09:09:44
    [dev] => 3701050905
    [name] => ‰∏≠ÂÆâÂÆæÈ¶Ü
    [channel] => 
    [vehicle] => Array
        (
            [plate] => È≤ÅA899FN
            [color] => 
            [brand] => 
            [type] => 
        )

    [savepath] => qingbao/2016-12-30/3701050905/9-06-53È≤ÅA899FN.jpg
    [_id] => MongoId Object
        (
            [$id] => 5865b32d93b394c3317b2402
        )

)

123 successs

211 successs
ËΩ¶Áâå is È≤ÅAG3K89  corlor is 1
SZ<br />
<b>Deprecated</b>:  Function MongoDB::authenticate() is deprecated in <b>/var/www/html/picUpload.php</b> on line <b>52</b><br />
Array
(
    [time] => 2016-12-30 10:06:30
    [dev] => 3701050905
    [name] => ‰∏≠ÂÆâÂÆæÈ¶Ü
    [channel] => 
    [vehicle] => Array
        (
            [plate] => È≤ÅAG3K89
            [color] => 
            [brand] => 
            [type] => 
        )

    [savepath] => qingbao/2016-12-30/3701050905/10-03-38È≤ÅAG3K89.jpg
)
Array
(
    [time] => 2016-12-30 10:06:30
    [dev] => 3701050905
    [name] => ‰∏≠ÂÆâÂÆæÈ¶Ü
    [channel] => 
    [vehicle] => Array
        (
            [plate] => È≤ÅAG3K89
            [color] => 
            [brand] => 
            [type] => 
        )

    [savepath] => qingbao/2016-12-30/3701050905/10-03-38È≤ÅAG3K89.jpg
    [_id] => MongoId Object
        (
            [$id] => 5865c07a93b394915e7b23f2
        )

)

123 successs

211 successs
ËΩ¶Áâå is È≤ÅA816Q3  corlor is 1
SZ<br />
<b>Deprecated</b>:  Function MongoDB::authenticate() is deprecated in <b>/var/www/html/picUpload.php</b> on line <b>52</b><br />
Array
(
    [time] => 2016-12-30 10:13:56
    [dev] => 3701050905
    [name] => ‰∏≠ÂÆâÂÆæÈ¶Ü
    [channel] => 
    [vehicle] => Array
        (
            [plate] => È≤ÅA816Q3
            [color] => 
            [brand] => 
            [type] => 
        )

    [savepath] => qingbao/2016-12-30/3701050905/10-11-04È≤ÅA816Q3.jpg
)
Array
(
    [time] => 2016-12-30 10:13:56
    [dev] => 3701050905
    [name] => ‰∏≠ÂÆâÂÆæÈ¶Ü
    [channel] => 
    [vehicle] => Array
        (
            [plate] => È≤ÅA816Q3
            [color] => 
            [brand] => 
            [type] => 
        )

    [savepath] => qingbao/2016-12-30/3701050905/10-11-04È≤ÅA816Q3.jpg
    [_id] => MongoId Object
        (
            [$id] => 5865c23893b394e7587b2485
        )

)

123 successs

211 successs
ËΩ¶Áâå is È≤ÅAP609T  corlor is 1
            [error]         [eroor 134524395]

211 successs
ËΩ¶Áâå is È≤ÅA2J652  corlor is 1
SZ<br />
<b>Deprecated</b>:  Function MongoDB::authenticate() is deprecated in <b>/var/www/html/picUpload.php</b> on line <b>52</b><br />
Array
(
    [time] => 2016-12-30 11:02:55
    [dev] => 3701050905
    [name] => ‰∏≠ÂÆâÂÆæÈ¶Ü
    [channel] => 
    [vehicle] => Array
        (
            [plate] => È≤ÅA2J652
            [color] => 
            [brand] => 
            [type] => 
        )

    [savepath] => qingbao/2016-12-30/3701050905/11-00-03È≤ÅA2J652.jpg
)
Array
(
    [time] => 2016-12-30 11:02:55
    [dev] => 3701050905
    [name] => ‰∏≠ÂÆâÂÆæÈ¶Ü
    [channel] => 
    [vehicle] => Array
        (
            [plate] => È≤ÅA2J652
            [color] => 
            [brand] => 
            [type] => 
        )

    [savepath] => qingbao/2016-12-30/3701050905/11-00-03È≤ÅA2J652.jpg
    [_id] => MongoId Object
        (
            [$id] => 5865cdb393b394dd107b23e7
        )

)

123 successs

211 successs
ËΩ¶Áâå is È≤ÅA17G57  corlor is 1
SZ<br />
<b>Deprecated</b>:  Function MongoDB::authenticate() is deprecated in <b>/var/www/html/picUpload.php</b> on line <b>52</b><br />
Array
(
    [time] => 2016-12-30 11:21:50
    [dev] => 3701050905
    [name] => ‰∏≠ÂÆâÂÆæÈ¶Ü
    [channel] => 
    [vehicle] => Array
        (
            [plate] => È≤ÅA17G57
            [color] => 
            [brand] => 
            [type] => 
        )

    [savepath] => qingbao/2016-12-30/3701050905/11-18-57È≤ÅA17G57.jpg
)
Array
(
    [time] => 2016-12-30 11:21:50
    [dev] => 3701050905
    [name] => ‰∏≠ÂÆâÂÆæÈ¶Ü
    [channel] => 
    [vehicle] => Array
        (
            [plate] => È≤ÅA17G57
            [color] => 
            [brand] => 
            [type] => 
        )

    [savepath] => qingbao/2016-12-30/3701050905/11-18-57È≤ÅA17G57.jpg
    [_id] => MongoId Object
        (
            [$id] => 5865d22193b394431d7b2432
        )

)

123 successs

211 successs
ËΩ¶Áâå is È≤ÅJAGT5Ë≠¶  corlor is 3
SZ<br />
<b>Deprecated</b>:  Function MongoDB::authenticate() is deprecated in <b>/var/www/html/picUpload.php</b> on line <b>52</b><br />
Array
(
    [time] => 2016-12-30 11:21:58
    [dev] => 3701050905
    [name] => ‰∏≠ÂÆâÂÆæÈ¶Ü
    [channel] => 
    [vehicle] => Array
        (
            [plate] => È≤ÅJAGT5Ë≠¶
            [color] => 
            [brand] => 
            [type] => 
        )

    [savepath] => qingbao/2016-12-30/3701050905/11-19-07È≤ÅJAGT5Ë≠¶.jpg
)
Array
(
    [time] => 2016-12-30 11:21:58
    [dev] => 3701050905
    [name] => ‰∏≠ÂÆâÂÆæÈ¶Ü
    [channel] => 
    [vehicle] => Array
        (
            [plate] => È≤ÅJAGT5Ë≠¶
            [color] => 
            [brand] => 
            [type] => 
        )

    [savepath] => qingbao/2016-12-30/3701050905/11-19-07È≤ÅJAGT5Ë≠¶.jpg
    [_id] => MongoId Object
        (
            [$id] => 5865d22b93b3941a267b23cd
        )

)

123 successs

211 successs
ËΩ¶Áâå is È≤ÅAA673D  corlor is 1
SZ<br />
<b>Deprecated</b>:  Function MongoDB::authenticate() is deprecated in <b>/var/www/html/picUpload.php</b> on line <b>52</b><br />
Array
(
    [time] => 2016-12-30 11:23:32
    [dev] => 3701050905
    [name] => ‰∏≠ÂÆâÂÆæÈ¶Ü
    [channel] => 
    [vehicle] => Array
        (
            [plate] => È≤ÅAA673D
            [color] => 
            [brand] => 
            [type] => 
        )

    [savepath] => qingbao/2016-12-30/3701050905/11-20-39È≤ÅAA673D.jpg
)
Array
(
    [time] => 2016-12-30 11:23:32
    [dev] => 3701050905
    [name] => ‰∏≠ÂÆâÂÆæÈ¶Ü
    [channel] => 
    [vehicle] => Array
        (
            [plate] => È≤ÅAA673D
            [color] => 53È≤ÅAL310X.jpg
    [_id] => MongoId Object
        (
            [$id] => 5865bfd593b39425517b24ac
        )

)

123 successs

211 successs
ËΩ¶Áâå is È≤ÅAG775A  corlor is 1
SZ<br />
<b>Deprecated</b>:  Function MongoDB::authenticate() is deprecated in <b>/var/www/html/picUpload.php</b> on line <b>52</b><br />
Array
(
    [time] => 2016-12-30 10:10:44
    [dev] => 3701050905
    [name] => ‰∏≠ÂÆâÂÆæÈ¶Ü
    [channel] => 
    [vehicle] => Array
        (
            [plate] => È≤ÅAG775A
            [color] => 
            [brand] => 
            [type] => 
        )

    [savepath] => qingbao/2016-12-30/3701050905/10-07-52È≤ÅAG775A.jpg
)
Array
(
    [time] => 2016-12-30 10:10:44
    [dev] => 3701050905
    [name] => ‰∏≠ÂÆâÂÆæÈ¶Ü
    [channel] => 
    [vehicle] => Array
        (
            [plate] => È≤ÅAG775A
            [color] => 
            [brand] => 
            [type] => 
        )

    [savepath] => qingbao/2016-12-30/3701050905/10-07-52È≤ÅAG775A.jpg
    [_id] => MongoId Object
        (
            [$id] => 5865c17893b394df567b248d
        )

)

123 successs

211 successs
ËΩ¶Áâå is È≤ÅD991B8  corlor is 1
SZ<br />
<b>Deprecated</b>:  Function MongoDB::authenticate() is deprecated in <b>/var/www/html/picUpload.php</b> on line <b>52</b><br />
Array
(
    [time] => 2016-12-30 10:41:17
    [dev] => 3701050905
    [name] => ‰∏≠ÂÆâÂÆæÈ¶Ü
    [channel] => 
    [vehicle] => Array
        (
            [plate] => È≤ÅD991B8
            [color] => 
            [brand] => 
            [type] => 
        )

    [savepath] => qingbao/2016-12-30/3701050905/10-38-24È≤ÅD991B8.jpg
)
Array
(
    [time] => 2016-12-30 10:41:17
    [dev] => 3701050905
    [name] => ‰∏≠ÂÆâÂÆæÈ¶Ü
    [channel] => 
    [vehicle] => Array
        (
            [plate] => È≤ÅD991B8
            [color] => 
            [brand] => 
            [type] => 
        )

    [savepath] => qingbao/2016-12-30/3701050905/10-38-24È≤ÅD991B8.jpg
    [_id] => MongoId Object
        (
            [$id] => 5865c8a093b394fe6e7b2436
        )

)

123 successs

211 successs
ËΩ¶Áâå is È≤ÅADK750  corlor is 1
SZ<br />
<b>Deprecated</b>:  Function MongoDB::authenticate() is deprecated in <b>/var/www/html/picUpload.php</b> on line <b>52</b><br />
Array
(
    [time] => 2016-12-30 10:54:49
    [dev] => 3701050905
    [name] => ‰∏≠ÂÆâÂÆæÈ¶Ü
    [channel] => 
    [vehicle] => Array
        (
            [plate] => È≤ÅADK750
            [color] => 
            [brand] => 
            [type] => 
        )

    [savepath] => qingbao/2016-12-30/3701050905/10-51-57È≤ÅADK750.jpg
)
Array
(
    [time] => 2016-12-30 10:54:49
    [dev] => 3701050905
    [name] => ‰∏≠ÂÆâÂÆæÈ¶Ü
    [channel] => 
    [vehicle] => Array
        (
            [plate] => È≤ÅADK750
            [color] => 
            [brand] => 
            [type] => 
        )

    [savepath] => qingbao/2016-12-30/3701050905/10-51-57È≤ÅADK750.jpg
    [_id] => MongoId Object
        (
            [$id] => 5865cbcd93b394950b7b23c9
        )

)

123 successs

211 successs
ËΩ¶Áâå is È≤ÅA33Q91  corlor is 1
SZ<br />
<b>Deprecated</b>:  Function MongoDB::authenticate() is deprecated in <b>/var/www/html/picUpload.php</b> on line <b>52</b><br />
Array
(
    [time] => 2016-12-30 11:22:14
    [dev] => 3701050905
    [name] => ‰∏≠ÂÆâÂÆæÈ¶Ü
    [channel] => 
    [vehicle] => Array
        (
            [plate] => È≤ÅA33Q91
            [color] => 
            [brand] => 
            [type] => 
        )

    [savepath] => qingbao/2016-12-30/3701050905/11-19-21È≤ÅA33Q91.jpg
)
Array
(
    [time] => 2016-12-30 11:22:14
    [dev] => 3701050905
    [name] => ‰∏≠ÂÆâÂÆæÈ¶Ü
    [channel] => 
    [vehicle] => Array
        (
            [plate] => È≤ÅA33Q91
            [color] => 
            [brand] => 
            [type] => 
        )

    [savepath] => qingbao/2016-12-30/3701050905/11-19-21È≤ÅA33Q91.jpg
    [_id] => MongoId Object
        (
            [$id] => 5865d23993b394d8247b23e4
        )

)

123 successs

211 successs
ËΩ¶Áâå is È≤ÅA7J210  corlor is 1
SZ<br />
<b>Deprecated</b>:  Function MongoDB::authenticate() is deprecated in <b>/var/www/html/pi
            [brand] => 
            [type] => 
        )

    [savepath] => qingbao/2016-12-30/3701050905/11-20-39È≤ÅAA673D.jpg
    [_id] => MongoId Object
        (
            [$id] => 5865d28793b39450207b2433
        )

)

123 successs

211 successs
ËΩ¶Áâå is È≤ÅAD987Y  corlor is 1
SZ<br />
<b>Deprecated</b>:  Function MongoDB::authenticate() is deprecated in <b>/var/www/html/picUpload.php</b> on line <b>52</b><br />
Array
(
    [time] => 2016-12-30 11:25:11
    [dev] => 3701050905
    [name] => ‰∏≠ÂÆâÂÆæÈ¶Ü
    [channel] => 
    [vehicle] => Array
        (
            [plate] => È≤ÅAD987Y
            [color] => 
            [brand] => 
            [type] => 
        )

    [savepath] => qingbao/2016-12-30/3701050905/11-22-20È≤ÅAD987Y.jpg
)
Array
(
    [time] => 2016-12-30 11:25:11
    [dev] => 3701050905
    [name] => ‰∏≠ÂÆâÂÆæÈ¶Ü
    [channel] => 
    [vehicle] => Array
        (
            [plate] => È≤ÅAD987Y
            [color] => 
            [brand] => 
            [type] => 
        )

    [savepath] => qingbao/2016-12-30/3701050905/11-22-20È≤ÅAD987Y.jpg
    [_id] => MongoId Object
        (
            [$id] => 5865d2ec93b394d1247b2403
        )

)

123 successs

211 successs
ËΩ¶Áâå is È≤ÅA702TK  corlor is 1
SZ<br />
<b>Deprecated</b>:  Function MongoDB::authenticate() is deprecated in <b>/var/www/html/picUpload.php</b> on line <b>52</b><br />
Array
(
    [time] => 2016-12-30 11:40:39
    [dev] => 3701050905
    [name] => ‰∏≠ÂÆâÂÆæÈ¶Ü
    [channel] => 
    [vehicle] => Array
        (
            [plate] => È≤ÅA702TK
            [color] => 
            [brand] => 
            [type] => 
        )

    [savepath] => qingbao/2016-12-30/3701050905/11-37-46È≤ÅA702TK.jpg
)
Array
(
    [time] => 2016-12-30 11:40:39
    [dev] => 3701050905
    [name] => ‰∏≠ÂÆâÂÆæÈ¶Ü
    [channel] => 
    [vehicle] => Array
        (
            [plate] => È≤ÅA702TK
            [color] => 
            [brand] => 
            [type] => 
        )

    [savepath] => qingbao/2016-12-30/3701050905/11-37-46È≤ÅA702TK.jpg
    [_id] => MongoId Object
        (
            [$id] => 5865d68a93b3943f0b7b25c1
        )

)

123 successs

211 successs
ËΩ¶Áâå is È≤ÅA920QR  corlor is 1
SZ<br />
<b>Deprecated</b>:  Function MongoDB::authenticate() is deprecated in <b>/var/www/html/picUpload.php</b> on line <b>52</b><br />
Array
(
    [time] => 2016-12-30 11:58:49
    [dev] => 3701050905
    [name] => ‰∏≠ÂÆâÂÆæÈ¶Ü
    [channel] => 
    [vehicle] => Array
        (
            [plate] => È≤ÅA920QR
            [color] => 
            [brand] => 
            [type] => 
        )

    [savepath] => qingbao/2016-12-30/3701050905/11-55-56È≤ÅA920QR.jpg
)
Array
(
    [time] => 2016-12-30 11:58:49
    [dev] => 3701050905
    [name] => ‰∏≠ÂÆâÂÆæÈ¶Ü
    [channel] => 
    [vehicle] => Array
        (
            [plate] => È≤ÅA920QR
            [color] => 
            [brand] => 
            [type] => 
        )

    [savepath] => qingbao/2016-12-30/3701050905/11-55-56È≤ÅA920QR.jpg
    [_id] => MongoId Object
        (
            [$id] => 5865dacc93b39456447b23ef
        )

)

123 successs

211 successs
ËΩ¶Áâå is È≤ÅJS1839  corlor is 1
SZ<br />
<b>Deprecated</b>:  Function MongoDB::authenticate() is deprecated in <b>/var/www/html/picUpload.php</b> on line <b>52</b><br />
Array
(
    [time] => 2016-12-30 12:02:00
    [dev] => 3701050905
    [name] => ‰∏≠ÂÆâÂÆæÈ¶Ü
    [channel] => 
    [vehicle] => Array
        (
            [plate] => È≤ÅJS1839
            [color] => 
            [brand] => 
            [type] => 
        )

    [savepath] => qingbao/2016-12-30/3701050905/11-59-08È≤ÅJS1839.jpg
)
Array
(
    [time] => 2016-12-30 12:02:00
    [dev] => 3701050905
    [name] => ‰∏≠ÂÆâÂÆæÈ¶Ü
    [channel] => 
    [vehicle] => Array
        (
            [plate] => È≤ÅJS1839
            [color] => 
            [brand] => 
            [type] => 
        )

    [savepath] => qingbao/2016-12-30/3701050905/11-59-08È≤ÅJS1839.jpg
    [_id] => MongoId Object
        (
            [$id] => 5865db8c93b394ef477b23d4
        )

)

123 successs

211 successs
ËΩ¶Áâå is È≤ÅAJ551cUpload.php</b> on line <b>52</b><br />
Array
(
    [time] => 2016-12-30 11:25:06
    [dev] => 3701050905
    [name] => ‰∏≠ÂÆâÂÆæÈ¶Ü
    [channel] => 
    [vehicle] => Array
        (
            [plate] => È≤ÅA7J210
            [color] => 
            [brand] => 
            [type] => 
        )

    [savepath] => qingbao/2016-12-30/3701050905/11-22-14È≤ÅA7J210.jpg
)
Array
(
    [time] => 2016-12-30 11:25:06
    [dev] => 3701050905
    [name] => ‰∏≠ÂÆâÂÆæÈ¶Ü
    [channel] => 
    [vehicle] => Array
        (
            [plate] => È≤ÅA7J210
            [color] => 
            [brand] => 
            [type] => 
        )

    [savepath] => qingbao/2016-12-30/3701050905/11-22-14È≤ÅA7J210.jpg
    [_id] => MongoId Object
        (
            [$id] => 5865d2e693b39450207b2443
        )

)

123 successs
		[error]		[eroor 134524557]
ËΩ¶Áâå is È≤ÅA6J958  corlor is 1
            [error]         [eroor 134524395]

211 successs
ËΩ¶Áâå is È≤ÅA90J50  corlor is 1
            [error]         [eroor 134524395]
		[error]		[eroor 134524557]
ËΩ¶Áâå is È≤ÅJ3C069  corlor is 1
SZ<br />
<b>Deprecated</b>:  Function MongoDB::authenticate() is deprecated in <b>/var/www/html/picUpload.php</b> on line <b>52</b><br />
Array
(
    [time] => 2016-12-30 13:19:18
    [dev] => 3701050905
    [name] => ‰∏≠ÂÆâÂÆæÈ¶Ü
    [channel] => 
    [vehicle] => Array
        (
            [plate] => È≤ÅJ3C069
            [color] => 
            [brand] => 
            [type] => 
        )

    [savepath] => qingbao/2016-12-30/3701050905/13-16-25È≤ÅJ3C069.jpg
)
Array
(
    [time] => 2016-12-30 13:19:18
    [dev] => 3701050905
    [name] => ‰∏≠ÂÆâÂÆæÈ¶Ü
    [channel] => 
    [vehicle] => Array
        (
            [plate] => È≤ÅJ3C069
            [color] => 
            [brand] => 
            [type] => 
        )

    [savepath] => qingbao/2016-12-30/3701050905/13-16-25È≤ÅJ3C069.jpg
    [_id] => MongoId Object
        (
            [$id] => 5865eda993b39492047b23da
        )

)

123 successs

211 successs
ËΩ¶Áâå is È≤ÅAZZ96Z  corlor is 1
SZ<br />
<b>Deprecated</b>:  Function MongoDB::authenticate() is deprecated in <b>/var/www/html/picUpload.php</b> on line <b>52</b><br />
Array
(
    [time] => 2016-12-30 13:48:13
    [dev] => 3701050905
    [name] => ‰∏≠ÂÆâÂÆæÈ¶Ü
    [channel] => 
    [vehicle] => Array
        (
            [plate] => È≤ÅAZZ96Z
            [color] => 
            [brand] => 
            [type] => 
        )

    [savepath] => qingbao/2016-12-30/3701050905/13-45-21È≤ÅAZZ96Z.jpg
)
Array
(
    [time] => 2016-12-30 13:48:13
    [dev] => 3701050905
    [name] => ‰∏≠ÂÆâÂÆæÈ¶Ü
    [channel] => 
    [vehicle] => Array
        (
            [plate] => È≤ÅAZZ96Z
            [color] => 
            [brand] => 
            [type] => 
        )

    [savepath] => qingbao/2016-12-30/3701050905/13-45-21È≤ÅAZZ96Z.jpg
    [_id] => MongoId Object
        (
            [$id] => 5865f47193b394ef1b7b23e9
        )

)

123 successs

211 successs
ËΩ¶Áâå is È≤ÅAZZ963  corlor is 1
SZ<br />
<b>Deprecated</b>:  Function MongoDB::authenticate() is deprecated in <b>/var/www/html/picUpload.php</b> on line <b>52</b><br />
Array
(
    [time] => 2016-12-30 13:48:21
    [dev] => 3701050905
    [name] => ‰∏≠ÂÆâÂÆæÈ¶Ü
    [channel] => 
    [vehicle] => Array
        (
            [plate] => È≤ÅAZZ963
            [color] => 
            [brand] => 
            [type] => 
        )

    [savepath] => qingbao/2016-12-30/3701050905/13-45-29È≤ÅAZZ963.jpg
)
Array
(
    [time] => 2016-12-30 13:48:21
    [dev] => 3701050905
    [name] => ‰∏≠ÂÆâÂÆæÈ¶Ü
    [channel] => 
    [vehicle] => Array
        (
            [plate] => È≤ÅAZZ963
            [color] => 
            [brand] => 
            [type] => 
        )

    [savepath] => qingbao/2016-12-30/3701050905/13-45-29È≤ÅAZZ963.jpg
    [_id] => MongoId Object
        (
            [$id] => 5865f47993b394c1157b23fd
        )

)

123 successs

211 successs
ËΩ¶Áâå is È≤ÅAAD280  corlor is 1
SZ<br />
<b>Deprecated</b>:  Function MongoDB::authenticate() is deprecated in <b>/var/www/html/picUpload.php</b> on line <b>52</b><br />
Array
(
    [tim8  corlor is 1
SZ<br />
<b>Deprecated</b>:  Function MongoDB::authenticate() is deprecated in <b>/var/www/html/picUpload.php</b> on line <b>52</b><br />
Array
(
    [time] => 2016-12-30 12:28:41
    [dev] => 3701050905
    [name] => ‰∏≠ÂÆâÂÆæÈ¶Ü
    [channel] => 
    [vehicle] => Array
        (
            [plate] => È≤ÅAJ5518
            [color] => 
            [brand] => 
            [type] => 
        )

    [savepath] => qingbao/2016-12-30/3701050905/12-25-50È≤ÅAJ5518.jpg
)
Array
(
    [time] => 2016-12-30 12:28:41
    [dev] => 3701050905
    [name] => ‰∏≠ÂÆâÂÆæÈ¶Ü
    [channel] => 
    [vehicle] => Array
        (
            [plate] => È≤ÅAJ5518
            [color] => 
            [brand] => 
            [type] => 
        )

    [savepath] => qingbao/2016-12-30/3701050905/12-25-50È≤ÅAJ5518.jpg
    [_id] => MongoId Object
        (
            [$id] => 5865e1ce93b394465c7b23e6
        )

)

123 successs

211 successs
ËΩ¶Áâå is È≤ÅC1103F  corlor is 1
SZ<br />
<b>Deprecated</b>:  Function MongoDB::authenticate() is deprecated in <b>/var/www/html/picUpload.php</b> on line <b>52</b><br />
Array
(
    [time] => 2016-12-30 12:48:20
    [dev] => 3701050905
    [name] => ‰∏≠ÂÆâÂÆæÈ¶Ü
    [channel] => 
    [vehicle] => Array
        (
            [plate] => È≤ÅC1103F
            [color] => 
            [brand] => 
            [type] => 
        )

    [savepath] => qingbao/2016-12-30/3701050905/12-45-27È≤ÅC1103F.jpg
)
Array
(
    [time] => 2016-12-30 12:48:20
    [dev] => 3701050905
    [name] => ‰∏≠ÂÆâÂÆæÈ¶Ü
    [channel] => 
    [vehicle] => Array
        (
            [plate] => È≤ÅC1103F
            [color] => 
            [brand] => 
            [type] => 
        )

    [savepath] => qingbao/2016-12-30/3701050905/12-45-27È≤ÅC1103F.jpg
    [_id] => MongoId Object
        (
            [$id] => 5865e66793b394086d7b23c7
        )

)

123 successs

211 successs
ËΩ¶Áâå is È≤ÅA96H53  corlor is 1
SZ<br />
<b>Deprecated</b>:  Function MongoDB::authenticate() is deprecated in <b>/var/www/html/picUpload.php</b> on line <b>52</b><br />
Array
(
    [time] => 2016-12-30 13:14:02
    [dev] => 3701050905
    [name] => ‰∏≠ÂÆâÂÆæÈ¶Ü
    [channel] => 
    [vehicle] => Array
        (
            [plate] => È≤ÅA96H53
            [color] => 
            [brand] => 
            [type] => 
        )

    [savepath] => qingbao/2016-12-30/3701050905/13-11-10È≤ÅA96H53.jpg
)
Array
(
    [time] => 2016-12-30 13:14:02
    [dev] => 3701050905
    [name] => ‰∏≠ÂÆâÂÆæÈ¶Ü
    [channel] => 
    [vehicle] => Array
        (
            [plate] => È≤ÅA96H53
            [color] => 
            [brand] => 
            [type] => 
        )

    [savepath] => qingbao/2016-12-30/3701050905/13-11-10È≤ÅA96H53.jpg
    [_id] => MongoId Object
        (
            [$id] => 5865ec6e93b39459657b2499
        )

)

123 successs

211 successs
ËΩ¶Áâå is È≤ÅO08345  corlor is 1
SZ<br />
<b>Deprecated</b>:  Function MongoDB::authenticate() is deprecated in <b>/var/www/html/picUpload.php</b> on line <b>52</b><br />
Array
(
    [time] => 2016-12-30 13:41:33
    [dev] => 3701050905
    [name] => ‰∏≠ÂÆâÂÆæÈ¶Ü
    [channel] => 
    [vehicle] => Array
        (
            [plate] => È≤ÅO08345
            [color] => 
            [brand] => 
            [type] => 
        )

    [savepath] => qingbao/2016-12-30/3701050905/13-38-41È≤ÅO08345.jpg
)
Array
(
    [time] => 2016-12-30 13:41:33
    [dev] => 3701050905
    [name] => ‰∏≠ÂÆâÂÆæÈ¶Ü
    [channel] => 
    [vehicle] => Array
        (
            [plate] => È≤ÅO08345
            [color] => 
            [brand] => 
            [type] => 
        )

    [savepath] => qingbao/2016-12-30/3701050905/13-38-41È≤ÅO08345.jpg
    [_id] => MongoId Object
        (
            [$id] => 5865f2e193b394710f7b2416
        )

)

123 successs

211 successs
ËΩ¶Áâå is È≤ÅK0X399  corlor is 1
SZ<br />
<b>Deprecated</b>:  Function MongoDB::authenticate() is deprecated in <b>/var/www/html/picUpload.php</b> on line <b>52</b><br />
Array
(
    [time] => 2016-12-30 14:04:20
    [dev] => 3701050905
    [name] => ‰∏≠ÂÆâÂÆæÈ¶Ü
    [channel] => 
    [vehe] => 2016-12-30 13:59:18
    [dev] => 3701050905
    [name] => ‰∏≠ÂÆâÂÆæÈ¶Ü
    [channel] => 
    [vehicle] => Array
        (
            [plate] => È≤ÅAAD280
            [color] => 
            [brand] => 
            [type] => 
        )

    [savepath] => qingbao/2016-12-30/3701050905/13-56-26È≤ÅAAD280.jpg
)
Array
(
    [time] => 2016-12-30 13:59:18
    [dev] => 3701050905
    [name] => ‰∏≠ÂÆâÂÆæÈ¶Ü
    [channel] => 
    [vehicle] => Array
        (
            [plate] => È≤ÅAAD280
            [color] => 
            [brand] => 
            [type] => 
        )

    [savepath] => qingbao/2016-12-30/3701050905/13-56-26È≤ÅAAD280.jpg
    [_id] => MongoId Object
        (
            [$id] => 5865f70a93b39485267b23ce
        )

)

123 successs

211 successs
ËΩ¶Áâå is È≤ÅAP670A  corlor is 1
SZ<br />
<b>Deprecated</b>:  Function MongoDB::authenticate() is deprecated in <b>/var/www/html/picUpload.php</b> on line <b>52</b><br />
Array
(
    [time] => 2016-12-30 14:09:08
    [dev] => 3701050905
    [name] => ‰∏≠ÂÆâÂÆæÈ¶Ü
    [channel] => 
    [vehicle] => Array
        (
            [plate] => È≤ÅAP670A
            [color] => 
            [brand] => 
            [type] => 
        )

    [savepath] => qingbao/2016-12-30/3701050905/14-06-14È≤ÅAP670A.jpg
)
Array
(
    [time] => 2016-12-30 14:09:08
    [dev] => 3701050905
    [name] => ‰∏≠ÂÆâÂÆæÈ¶Ü
    [channel] => 
    [vehicle] => Array
        (
            [plate] => È≤ÅAP670A
            [color] => 
            [brand] => 
            [type] => 
        )

    [savepath] => qingbao/2016-12-30/3701050905/14-06-14È≤ÅAP670A.jpg
    [_id] => MongoId Object
        (
            [$id] => 5865f95693b394c92d7b23dd
        )

)

123 successs

211 successs
ËΩ¶Áâå is È≤ÅAT9937  corlor is 1
SZ<br />
<b>Deprecated</b>:  Function MongoDB::authenticate() is deprecated in <b>/var/www/html/picUpload.php</b> on line <b>52</b><br />
Array
(
    [time] => 2016-12-30 14:35:58
    [dev] => 3701050905
    [name] => ‰∏≠ÂÆâÂÆæÈ¶Ü
    [channel] => 
    [vehicle] => Array
        (
            [plate] => È≤ÅAT9937
            [color] => 
            [brand] => 
            [type] => 
        )

    [savepath] => qingbao/2016-12-30/3701050905/14-33-05È≤ÅAT9937.jpg
)
Array
(
    [time] => 2016-12-30 14:35:58
    [dev] => 3701050905
    [name] => ‰∏≠ÂÆâÂÆæÈ¶Ü
    [channel] => 
    [vehicle] => Array
        (
            [plate] => È≤ÅAT9937
            [color] => 
            [brand] => 
            [type] => 
        )

    [savepath] => qingbao/2016-12-30/3701050905/14-33-05È≤ÅAT9937.jpg
    [_id] => MongoId Object
        (
            [$id] => 5865ffa193b3948e447b23cf
        )

)

123 successs

211 successs
ËΩ¶Áâå is È≤ÅL9T9LÂ≠¶  corlor is 2
SZ<br />
<b>Deprecated</b>:  Function MongoDB::authenticate() is deprecated in <b>/var/www/html/picUpload.php</b> on line <b>52</b><br />
Array
(
    [time] => 2016-12-30 14:36:04
    [dev] => 3701050905
    [name] => ‰∏≠ÂÆâÂÆæÈ¶Ü
    [channel] => 
    [vehicle] => Array
        (
            [plate] => È≤ÅL9T9LÂ≠¶
            [color] => 
            [brand] => 
            [type] => 
        )

    [savepath] => qingbao/2016-12-30/3701050905/14-33-11È≤ÅL9T9LÂ≠¶.jpg
)
Array
(
    [time] => 2016-12-30 14:36:04
    [dev] => 3701050905
    [name] => ‰∏≠ÂÆâÂÆæÈ¶Ü
    [channel] => 
    [vehicle] => Array
        (
            [plate] => È≤ÅL9T9LÂ≠¶
            [color] => 
            [brand] => 
            [type] => 
        )

    [savepath] => qingbao/2016-12-30/3701050905/14-33-11È≤ÅL9T9LÂ≠¶.jpg
    [_id] => MongoId Object
        (
            [$id] => 5865ffa793b3948e447b23d0
        )

)

123 successs
		[error]		[eroor 134524557]
ËΩ¶Áâå is È≤ÅAJW831  corlor is 1
            [error]         [eroor 134524395]

211 successs
ËΩ¶Áâå is JMFT5WL  corlor is 2
SZ<br />
<b>Deprecated</b>:  Function MongoDB::authenticate() is deprecated in <b>/var/www/html/picUpload.php</b> on line <b>52</b><br />
Array
(
    [time] => 2016-12-30 14:46:56
    [dev] => 3701050905
    [name] => ‰∏≠ÂÆâÂÆæÈ¶Ü
    [channel] => 
    [vehicle] => Array
        (
            [plate] => JMFT5icle] => Array
        (
            [plate] => È≤ÅK0X399
            [color] => 
            [brand] => 
            [type] => 
        )

    [savepath] => qingbao/2016-12-30/3701050905/14-01-26È≤ÅK0X399.jpg
)
Array
(
    [time] => 2016-12-30 14:04:20
    [dev] => 3701050905
    [name] => ‰∏≠ÂÆâÂÆæÈ¶Ü
    [channel] => 
    [vehicle] => Array
        (
            [plate] => È≤ÅK0X399
            [color] => 
            [brand] => 
            [type] => 
        )

    [savepath] => qingbao/2016-12-30/3701050905/14-01-26È≤ÅK0X399.jpg
    [_id] => MongoId Object
        (
            [$id] => 5865f83693b39492227b2432
        )

)

123 successs

211 successs
ËΩ¶Áâå is È≤ÅAH013J  corlor is 1
SZ<br />
<b>Deprecated</b>:  Function MongoDB::authenticate() is deprecated in <b>/var/www/html/picUpload.php</b> on line <b>52</b><br />
Array
(
    [time] => 2016-12-30 14:30:24
    [dev] => 3701050905
    [name] => ‰∏≠ÂÆâÂÆæÈ¶Ü
    [channel] => 
    [vehicle] => Array
        (
            [plate] => È≤ÅAH013J
            [color] => 
            [brand] => 
            [type] => 
        )

    [savepath] => qingbao/2016-12-30/3701050905/14-27-32È≤ÅAH013J.jpg
)
Array
(
    [time] => 2016-12-30 14:30:24
    [dev] => 3701050905
    [name] => ‰∏≠ÂÆâÂÆæÈ¶Ü
    [channel] => 
    [vehicle] => Array
        (
            [plate] => È≤ÅAH013J
            [color] => 
            [brand] => 
            [type] => 
        )

    [savepath] => qingbao/2016-12-30/3701050905/14-27-32È≤ÅAH013J.jpg
    [_id] => MongoId Object
        (
            [$id] => 5865fe5493b394d83b7b23fc
        )

)

123 successs

211 successs
ËΩ¶Áâå is È≤ÅAD5B96  corlor is 1
SZ<br />
<b>Deprecated</b>:  Function MongoDB::authenticate() is deprecated in <b>/var/www/html/picUpload.php</b> on line <b>52</b><br />
Array
(
    [time] => 2016-12-30 14:52:30
    [dev] => 3701050905
    [name] => ‰∏≠ÂÆâÂÆæÈ¶Ü
    [channel] => 
    [vehicle] => Array
        (
            [plate] => È≤ÅAD5B96
            [color] => 
            [brand] => 
            [type] => 
        )

    [savepath] => qingbao/2016-12-30/3701050905/14-49-37È≤ÅAD5B96.jpg
)
Array
(
    [time] => 2016-12-30 14:52:30
    [dev] => 3701050905
    [name] => ‰∏≠ÂÆâÂÆæÈ¶Ü
    [channel] => 
    [vehicle] => Array
        (
            [plate] => È≤ÅAD5B96
            [color] => 
            [brand] => 
            [type] => 
        )

    [savepath] => qingbao/2016-12-30/3701050905/14-49-37È≤ÅAD5B96.jpg
    [_id] => MongoId Object
        (
            [$id] => 5866038193b39441507b23d3
        )

)

123 successs

211 successs
ËΩ¶Áâå is È≤ÅAH823C  corlor is 1
SZ<br />
<b>Deprecated</b>:  Function MongoDB::authenticate() is deprecated in <b>/var/www/html/picUpload.php</b> on line <b>52</b><br />
Array
(
    [time] => 2016-12-30 15:36:14
    [dev] => 3701050905
    [name] => ‰∏≠ÂÆâÂÆæÈ¶Ü
    [channel] => 
    [vehicle] => Array
        (
            [plate] => È≤ÅAH823C
            [color] => 
            [brand] => 
            [type] => 
        )

    [savepath] => qingbao/2016-12-30/3701050905/15-33-20È≤ÅAH823C.jpg
)
Array
(
    [time] => 2016-12-30 15:36:14
    [dev] => 3701050905
    [name] => ‰∏≠ÂÆâÂÆæÈ¶Ü
    [channel] => 
    [vehicle] => Array
        (
            [plate] => È≤ÅAH823C
            [color] => 
            [brand] => 
            [type] => 
        )

    [savepath] => qingbao/2016-12-30/3701050905/15-33-20È≤ÅAH823C.jpg
    [_id] => MongoId Object
        (
            [$id] => 58660dc093b39486777b23d1
        )

)

123 successs

211 successs
ËΩ¶Áâå is È≤ÅA760P5  corlor is 1
SZ<br />
<b>Deprecated</b>:  Function MongoDB::authenticate() is deprecated in <b>/var/www/html/picUpload.php</b> on line <b>52</b><br />
Array
(
    [time] => 2016-12-30 15:38:14
    [dev] => 3701050905
    [name] => ‰∏≠ÂÆâÂÆæÈ¶Ü
    [channel] => 
    [vehicle] => Array
        (
            [plate] => È≤ÅA760P5
            [color] => 
            [brand] => 
            [type] => 
        )

    [savepath] => qingbao/2016-12-30/3701050905/15-35-21È≤ÅA760P5.jpg
)
Array
(
    [time] => 2016-12-30 15:38:14
    [dev] => 3701050905
    [name] => ‰∏≠ÂÆâÂÆæÈ¶Ü
    [channel] => 
    [vehicle] => Array
        (
            [plate] => È≤ÅA760P5
            [color] => 
            [brand] => 
            [type] => 
        )

    [savepath] => qingbao/2016-12-30/3701050905/15-35-21È≤ÅA760P5.jpg
    [_id] => MongoId Object
        (
            [$id] => 58660e3993b3948e6e7b23fd
        )

)

123 successs

211 successs
ËΩ¶Áâå is È≤ÅA396JN  corlor is 1
SZ<br />
<b>Deprecated</b>:  Function MongoDB::authenticate() is deprecated in <b>/var/www/html/picUpload.php</b> on line <b>52</b><br />
Array
(
    [time] => 2016-12-30 15:58:23
    [dev] => 3701050905
    [name] => ‰∏≠ÂÆâÂÆæÈ¶Ü
    [channel] => 
    [vehicle] => Array
        (
            [plate] => È≤ÅA396JN
            [color] => 
            [brand] => 
            [type] => 
        )

    [savepath] => qingbao/2016-12-30/3701050905/15-55-30È≤ÅA396JN.jpg
)
Array
(
    [time] => 2016-12-30 15:58:23
    [dev] => 3701050905
    [name] => ‰∏≠ÂÆâÂÆæÈ¶Ü
    [channel] => 
    [vehicle] => Array
        (
            [plate] => È≤ÅA396JN
            [color] => 
            [brand] => 
            [type] => 
        )

    [savepath] => qingbao/2016-12-30/3701050905/15-55-30È≤ÅA396JN.jpg
    [_id] => MongoId Object
        (
            [$id] => 586612f293b3944a787b24a1
        )

)

123 successs

211 successs
ËΩ¶Áâå is È≤ÅA38358  corlor is 1
SZ<br />
<b>Deprecated</b>:  Function MongoDB::authenticate() is deprecated in <b>/var/www/html/picUpload.php</b> on line <b>52</b><br />
Array
(
    [time] => 2016-12-30 16:14:47
    [dev] => 3701050905
    [name] => ‰∏≠ÂÆâÂÆæÈ¶Ü
    [channel] => 
    [vehicle] => Array
        (
            [plate] => È≤ÅA38358
            [color] => 
            [brand] => 
            [type] => 
        )

    [savepath] => qingbao/2016-12-30/3701050905/16-11-53È≤ÅA38358.jpg
)
Array
(
    [time] => 2016-12-30 16:14:47
    [dev] => 3701050905
    [name] => ‰∏≠ÂÆâÂÆæÈ¶Ü
    [channel] => 
    [vehicle] => Array
        (
            [plate] => È≤ÅA38358
            [color] => 
            [brand] => 
            [type] => 
        )

    [savepath] => qingbao/2016-12-30/3701050905/16-11-53È≤ÅA38358.jpg
    [_id] => MongoId Object
        (
            [$id] => 586616ca93b394b2177b23e3
        )

)

123 successs

211 successs
ËΩ¶Áâå is È≤ÅAXV735  corlor is 1
SZ<br />
<b>Deprecated</b>:  Function MongoDB::authenticate() is deprecated in <b>/var/www/html/picUpload.php</b> on line <b>52</b><br />
Array
(
    [time] => 2016-12-30 16:24:50
    [dev] => 3701050905
    [name] => ‰∏≠ÂÆâÂÆæÈ¶Ü
    [channel] => 
    [vehicle] => Array
        (
            [plate] => È≤ÅAXV735
            [color] => 
            [brand] => 
            [type] => 
        )

    [savepath] => qingbao/2016-12-30/3701050905/16-21-57È≤ÅAXV735.jpg
)
Array
(
    [time] => 2016-12-30 16:24:50
    [dev] => 3701050905
    [name] => ‰∏≠ÂÆâÂÆæÈ¶Ü
    [channel] => 
    [vehicle] => Array
        (
            [plate] => È≤ÅAXV735
            [color] => 
            [brand] => 
            [type] => 
        )

    [savepath] => qingbao/2016-12-30/3701050905/16-21-57È≤ÅAXV735.jpg
    [_id] => MongoId Object
        (
            [$id] => 5866192593b3940f207b23e3
        )

)

123 successs

211 successs
ËΩ¶Áâå is È≤ÅA303A1  corlor is 1
SZ<br />
<b>Deprecated</b>:  Function MongoDB::authenticate() is deprecated in <b>/var/www/html/picUpload.php</b> on line <b>52</b><br />
Array
(
    [time] => 2016-12-30 16:25:55
    [dev] => 3701050905
    [name] => ‰∏≠ÂÆâÂÆæÈ¶Ü
    [channel] => 
    [vehicle] => Array
        (
            [plate] => È≤ÅA303A1
            [color] => 
            [brand] => 
            [type] => 
        )

    [savepath] => qingbao/2016-12-30/3701050905/16-23-02È≤ÅA303A1.jpg
)
Array
(
    [time] => 2016-12-30 16:25:55
    [dev] => 3701050905
    [name] => ‰∏≠ÂÆâÂÆæÈ¶Ü
    [channel] => 
    [vehicle] => Array
        (
            [plate] => È≤ÅA303A1
            [color] => 
            [brand] => 
            [type] => 
        )

    [savepath] => qingbao/2016-12-30/3701050905/16-23-02È≤ÅA303A1.jpg
   WL
            [color] => 
            [brand] => 
            [type] => 
        )

    [savepath] => qingbao/2016-12-30/3701050905/14-44-03JMFT5WL.jpg
)
Array
(
    [time] => 2016-12-30 14:46:56
    [dev] => 3701050905
    [name] => ‰∏≠ÂÆâÂÆæÈ¶Ü
    [channel] => 
    [vehicle] => Array
        (
            [plate] => JMFT5WL
            [color] => 
            [brand] => 
            [type] => 
        )

    [savepath] => qingbao/2016-12-30/3701050905/14-44-03JMFT5WL.jpg
    [_id] => MongoId Object
        (
            [$id] => 5866023393b3941a407b246b
        )

)

123 successs

211 successs
ËΩ¶Áâå is È≤ÅA515WL  corlor is 1
SZ<br />
<b>Deprecated</b>:  Function MongoDB::authenticate() is deprecated in <b>/var/www/html/picUpload.php</b> on line <b>52</b><br />
Array
(
    [time] => 2016-12-30 14:47:02
    [dev] => 3701050905
    [name] => ‰∏≠ÂÆâÂÆæÈ¶Ü
    [channel] => 
    [vehicle] => Array
        (
            [plate] => È≤ÅA515WL
            [color] => 
            [brand] => 
            [type] => 
        )

    [savepath] => qingbao/2016-12-30/3701050905/14-44-10È≤ÅA515WL.jpg
)
Array
(
    [time] => 2016-12-30 14:47:02
    [dev] => 3701050905
    [name] => ‰∏≠ÂÆâÂÆæÈ¶Ü
    [channel] => 
    [vehicle] => Array
        (
            [plate] => È≤ÅA515WL
            [color] => 
            [brand] => 
            [type] => 
        )

    [savepath] => qingbao/2016-12-30/3701050905/14-44-10È≤ÅA515WL.jpg
    [_id] => MongoId Object
        (
            [$id] => 5866023a93b394c2437b2433
        )

)

123 successs
		[error]		[eroor 134524557]
ËΩ¶Áâå is JQPT5WL  corlor is 2
SZ<br />
<b>Deprecated</b>:  Function MongoDB::authenticate() is deprecated in <b>/var/www/html/picUpload.php</b> on line <b>52</b><br />
Array
(
    [time] => 2016-12-30 14:47:12
    [dev] => 3701050905
    [name] => ‰∏≠ÂÆâÂÆæÈ¶Ü
    [channel] => 
    [vehicle] => Array
        (
            [plate] => JQPT5WL
            [color] => 
            [brand] => 
            [type] => 
        )

    [savepath] => qingbao/2016-12-30/3701050905/14-44-19JQPT5WL.jpg
)
Array
(
    [time] => 2016-12-30 14:47:12
    [dev] => 3701050905
    [name] => ‰∏≠ÂÆâÂÆæÈ¶Ü
    [channel] => 
    [vehicle] => Array
        (
            [plate] => JQPT5WL
            [color] => 
            [brand] => 
            [type] => 
        )

    [savepath] => qingbao/2016-12-30/3701050905/14-44-19JQPT5WL.jpg
    [_id] => MongoId Object
        (
            [$id] => 5866024393b3942f4d7b23dc
        )

)

123 successs

211 successs
ËΩ¶Áâå is È≤ÅA808V8  corlor is 1
SZ<br />
<b>Deprecated</b>:  Function MongoDB::authenticate() is deprecated in <b>/var/www/html/picUpload.php</b> on line <b>52</b><br />
Array
(
    [time] => 2016-12-30 16:07:13
    [dev] => 3701050905
    [name] => ‰∏≠ÂÆâÂÆæÈ¶Ü
    [channel] => 
    [vehicle] => Array
        (
            [plate] => È≤ÅA808V8
            [color] => 
            [brand] => 
            [type] => 
        )

    [savepath] => qingbao/2016-12-30/3701050905/16-04-20È≤ÅA808V8.jpg
)
Array
(
    [time] => 2016-12-30 16:07:13
    [dev] => 3701050905
    [name] => ‰∏≠ÂÆâÂÆæÈ¶Ü
    [channel] => 
    [vehicle] => Array
        (
            [plate] => È≤ÅA808V8
            [color] => 
            [brand] => 
            [type] => 
        )

    [savepath] => qingbao/2016-12-30/3701050905/16-04-20È≤ÅA808V8.jpg
    [_id] => MongoId Object
        (
            [$id] => 5866150493b3940f0f7b23f9
        )

)

123 successs
		[error]		[eroor 134524557]
ËΩ¶Áâå is È≤ÅNWL78Ë≠¶  corlor is 3
SZ<br />
<b>Deprecated</b>:  Function MongoDB::authenticate() is deprecated in <b>/var/www/html/picUpload.php</b> on line <b>52</b><br />
Array
(
    [time] => 2016-12-30 16:34:01
    [dev] => 3701050905
    [name] => ‰∏≠ÂÆâÂÆæÈ¶Ü
    [channel] => 
    [vehicle] => Array
        (
            [plate] => È≤ÅNWL78Ë≠¶
            [color] => 
            [brand] => 
            [type] => 
        )

    [savepath] => qingbao/2016-12-30/3701050905/16-31-08È≤ÅNWL78Ë≠¶.jpg
)
Array
(
    [time] => 2016-12-30 16:34:01
    [dev] => 3701050905
    [name] => ‰∏≠ÂÆâÂÆæÈ¶Ü
   [_id] => MongoId Object
        (
            [$id] => 5866196693b39427237b23cf
        )

)

123 successs

211 successs
ËΩ¶Áâå is È≤ÅLF11WÊåÇ  corlor is 2
SZ<br />
<b>Deprecated</b>:  Function MongoDB::authenticate() is deprecated in <b>/var/www/html/picUpload.php</b> on line <b>52</b><br />
Array
(
    [time] => 2016-12-30 16:40:07
    [dev] => 3701050905
    [name] => ‰∏≠ÂÆâÂÆæÈ¶Ü
    [channel] => 
    [vehicle] => Array
        (
            [plate] => È≤ÅLF11WÊåÇ
            [color] => 
            [brand] => 
            [type] => 
        )

    [savepath] => qingbao/2016-12-30/3701050905/16-37-14È≤ÅLF11WÊåÇ.jpg
)
Array
(
    [time] => 2016-12-30 16:40:07
    [dev] => 3701050905
    [name] => ‰∏≠ÂÆâÂÆæÈ¶Ü
    [channel] => 
    [vehicle] => Array
        (
            [plate] => È≤ÅLF11WÊåÇ
            [color] => 
            [brand] => 
            [type] => 
        )

    [savepath] => qingbao/2016-12-30/3701050905/16-37-14È≤ÅLF11WÊåÇ.jpg
    [_id] => MongoId Object
        (
            [$id] => 58661cbb93b394002e7b23d7
        )

)

123 successs

211 successs
ËΩ¶Áâå is È≤ÅA4F10Â≠¶  corlor is 2
SZ<br />
<b>Deprecated</b>:  Function MongoDB::authenticate() is deprecated in <b>/var/www/html/picUpload.php</b> on line <b>52</b><br />
Array
(
    [time] => 2016-12-30 16:40:15
    [dev] => 3701050905
    [name] => ‰∏≠ÂÆâÂÆæÈ¶Ü
    [channel] => 
    [vehicle] => Array
        (
            [plate] => È≤ÅA4F10Â≠¶
            [color] => 
            [brand] => 
            [type] => 
        )

    [savepath] => qingbao/2016-12-30/3701050905/16-37-22È≤ÅA4F10Â≠¶.jpg
)
Array
(
    [time] => 2016-12-30 16:40:15
    [dev] => 3701050905
    [name] => ‰∏≠ÂÆâÂÆæÈ¶Ü
    [channel] => 
    [vehicle] => Array
        (
            [plate] => È≤ÅA4F10Â≠¶
            [color] => 
            [brand] => 
            [type] => 
        )

    [savepath] => qingbao/2016-12-30/3701050905/16-37-22È≤ÅA4F10Â≠¶.jpg
    [_id] => MongoId Object
        (
            [$id] => 58661cc293b39452277b23f7
        )

)

123 successs

211 successs
ËΩ¶Áâå is È≤ÅATB886  corlor is 1
SZ<br />
<b>Deprecated</b>:  Function MongoDB::authenticate() is deprecated in <b>/var/www/html/picUpload.php</b> on line <b>52</b><br />
Array
(
    [time] => 2016-12-30 16:51:57
    [dev] => 3701050905
    [name] => ‰∏≠ÂÆâÂÆæÈ¶Ü
    [channel] => 
    [vehicle] => Array
        (
            [plate] => È≤ÅATB886
            [color] => 
            [brand] => 
            [type] => 
        )

    [savepath] => qingbao/2016-12-30/3701050905/16-49-03È≤ÅATB886.jpg
)
Array
(
    [time] => 2016-12-30 16:51:57
    [dev] => 3701050905
    [name] => ‰∏≠ÂÆâÂÆæÈ¶Ü
    [channel] => 
    [vehicle] => Array
        (
            [plate] => È≤ÅATB886
            [color] => 
            [brand] => 
            [type] => 
        )

    [savepath] => qingbao/2016-12-30/3701050905/16-49-03È≤ÅATB886.jpg
    [_id] => MongoId Object
        (
            [$id] => 58661f7f93b39491357b23f9
        )

)

123 successs

211 successs
ËΩ¶Áâå is È≤ÅAT9937  corlor is 1
SZ<br />
<b>Deprecated</b>:  Function MongoDB::authenticate() is deprecated in <b>/var/www/html/picUpload.php</b> on line <b>52</b><br />
Array
(
    [time] => 2016-12-30 16:57:32
    [dev] => 3701050905
    [name] => ‰∏≠ÂÆâÂÆæÈ¶Ü
    [channel] => 
    [vehicle] => Array
        (
            [plate] => È≤ÅAT9937
            [color] => 
            [brand] => 
            [type] => 
        )

    [savepath] => qingbao/2016-12-30/3701050905/16-54-39È≤ÅAT9937.jpg
)
Array
(
    [time] => 2016-12-30 16:57:32
    [dev] => 3701050905
    [name] => ‰∏≠ÂÆâÂÆæÈ¶Ü
    [channel] => 
    [vehicle] => Array
        (
            [plate] => È≤ÅAT9937
            [color] => 
            [brand] => 
            [type] => 
        )

    [savepath] => qingbao/2016-12-30/3701050905/16-54-39È≤ÅAT9937.jpg
    [_id] => MongoId Object
        (
            [$id] => 586620cf93b394d33b7b23e8
        )

)

123 successs

211 successs
ËΩ¶Áâå is È≤ÅAT9A9Â≠¶  corlor is 2
SZ<br />
<b>Deprecated</b>:  Function MongoDB::authenticate() is deprecated in <b>/var/www/html  [channel] => 
    [vehicle] => Array
        (
            [plate] => È≤ÅNWL78Ë≠¶
            [color] => 
            [brand] => 
            [type] => 
        )

    [savepath] => qingbao/2016-12-30/3701050905/16-31-08È≤ÅNWL78Ë≠¶.jpg
    [_id] => MongoId Object
        (
            [$id] => 58661b4c93b3940f207b244e
        )

)

123 successs

211 successs
ËΩ¶Áâå is È≤ÅAN778N  corlor is 1
SZ<br />
<b>Deprecated</b>:  Function MongoDB::authenticate() is deprecated in <b>/var/www/html/picUpload.php</b> on line <b>52</b><br />
Array
(
    [time] => 2016-12-30 16:34:08
    [dev] => 3701050905
    [name] => ‰∏≠ÂÆâÂÆæÈ¶Ü
    [channel] => 
    [vehicle] => Array
        (
            [plate] => È≤ÅAN778N
            [color] => 
            [brand] => 
            [type] => 
        )

    [savepath] => qingbao/2016-12-30/3701050905/16-31-16È≤ÅAN778N.jpg
)
Array
(
    [time] => 2016-12-30 16:34:08
    [dev] => 3701050905
    [name] => ‰∏≠ÂÆâÂÆæÈ¶Ü
    [channel] => 
    [vehicle] => Array
        (
            [plate] => È≤ÅAN778N
            [color] => 
            [brand] => 
            [type] => 
        )

    [savepath] => qingbao/2016-12-30/3701050905/16-31-16È≤ÅAN778N.jpg
    [_id] => MongoId Object
        (
            [$id] => 58661b5493b3947d257b23ef
        )

)

123 successs

211 successs
ËΩ¶Áâå is È≤ÅA526AU  corlor is 1
SZ<br />
<b>Deprecated</b>:  Function MongoDB::authenticate() is deprecated in <b>/var/www/html/picUpload.php</b> on line <b>52</b><br />
Array
(
    [time] => 2016-12-30 16:44:56
    [dev] => 3701050905
    [name] => ‰∏≠ÂÆâÂÆæÈ¶Ü
    [channel] => 
    [vehicle] => Array
        (
            [plate] => È≤ÅA526AU
            [color] => 
            [brand] => 
            [type] => 
        )

    [savepath] => qingbao/2016-12-30/3701050905/16-42-02È≤ÅA526AU.jpg
)
Array
(
    [time] => 2016-12-30 16:44:56
    [dev] => 3701050905
    [name] => ‰∏≠ÂÆâÂÆæÈ¶Ü
    [channel] => 
    [vehicle] => Array
        (
            [plate] => È≤ÅA526AU
            [color] => 
            [brand] => 
            [type] => 
        )

    [savepath] => qingbao/2016-12-30/3701050905/16-42-02È≤ÅA526AU.jpg
    [_id] => MongoId Object
        (
            [$id] => 58661dda93b394aa307b23e4
        )

)

123 successs

211 successs
ËΩ¶Áâå is È≤ÅAC7S58  corlor is 1
SZ<br />
<b>Deprecated</b>:  Function MongoDB::authenticate() is deprecated in <b>/var/www/html/picUpload.php</b> on line <b>52</b><br />
Array
(
    [time] => 2016-12-30 18:00:04
    [dev] => 3701050905
    [name] => ‰∏≠ÂÆâÂÆæÈ¶Ü
    [channel] => 
    [vehicle] => Array
        (
            [plate] => È≤ÅAC7S58
            [color] => 
            [brand] => 
            [type] => 
        )

    [savepath] => qingbao/2016-12-30/3701050905/17-57-11È≤ÅAC7S58.jpg
)
Array
(
    [time] => 2016-12-30 18:00:04
    [dev] => 3701050905
    [name] => ‰∏≠ÂÆâÂÆæÈ¶Ü
    [channel] => 
    [vehicle] => Array
        (
            [plate] => È≤ÅAC7S58
            [color] => 
            [brand] => 
            [type] => 
        )

    [savepath] => qingbao/2016-12-30/3701050905/17-57-11È≤ÅAC7S58.jpg
    [_id] => MongoId Object
        (
            [$id] => 58662f7793b3945e677b241c
        )

)

123 successs

211 successs
ËΩ¶Áâå is JA1134T  corlor is 2
SZ<br />
<b>Deprecated</b>:  Function MongoDB::authenticate() is deprecated in <b>/var/www/html/picUpload.php</b> on line <b>52</b><br />
Array
(
    [time] => 2016-12-30 18:00:48
    [dev] => 3701050905
    [name] => ‰∏≠ÂÆâÂÆæÈ¶Ü
    [channel] => 
    [vehicle] => Array
        (
            [plate] => JA1134T
            [color] => 
            [brand] => 
            [type] => 
        )

    [savepath] => qingbao/2016-12-30/3701050905/17-57-54JA1134T.jpg
)
Array
(
    [time] => 2016-12-30 18:00:48
    [dev] => 3701050905
    [name] => ‰∏≠ÂÆâÂÆæÈ¶Ü
    [channel] => 
    [vehicle] => Array
        (
            [plate] => JA1134T
            [color] => 
            [brand] => 
            [type] => 
        )

    [savepath] => qingbao/2016-12-30/3701050905/17-57-54JA1134T.jpg
    [_id] => MongoId Object
        (
      /picUpload.php</b> on line <b>52</b><br />
Array
(
    [time] => 2016-12-30 16:57:46
    [dev] => 3701050905
    [name] => ‰∏≠ÂÆâÂÆæÈ¶Ü
    [channel] => 
    [vehicle] => Array
        (
            [plate] => È≤ÅAT9A9Â≠¶
            [color] => 
            [brand] => 
            [type] => 
        )

    [savepath] => qingbao/2016-12-30/3701050905/16-54-52È≤ÅAT9A9Â≠¶.jpg
)
Array
(
    [time] => 2016-12-30 16:57:46
    [dev] => 3701050905
    [name] => ‰∏≠ÂÆâÂÆæÈ¶Ü
    [channel] => 
    [vehicle] => Array
        (
            [plate] => È≤ÅAT9A9Â≠¶
            [color] => 
            [brand] => 
            [type] => 
        )

    [savepath] => qingbao/2016-12-30/3701050905/16-54-52È≤ÅAT9A9Â≠¶.jpg
    [_id] => MongoId Object
        (
            [$id] => 586620dc93b394373c7b23e3
        )

)

123 successs

211 successs
ËΩ¶Áâå is È≤ÅARV992  corlor is 1
SZ<br />
<b>Deprecated</b>:  Function MongoDB::authenticate() is deprecated in <b>/var/www/html/picUpload.php</b> on line <b>52</b><br />
Array
(
    [time] => 2016-12-30 16:58:44
    [dev] => 3701050905
    [name] => ‰∏≠ÂÆâÂÆæÈ¶Ü
    [channel] => 
    [vehicle] => Array
        (
            [plate] => È≤ÅARV992
            [color] => 
            [brand] => 
            [type] => 
        )

    [savepath] => qingbao/2016-12-30/3701050905/16-55-50È≤ÅARV992.jpg
)
Array
(
    [time] => 2016-12-30 16:58:44
    [dev] => 3701050905
    [name] => ‰∏≠ÂÆâÂÆæÈ¶Ü
    [channel] => 
    [vehicle] => Array
        (
            [plate] => È≤ÅARV992
            [color] => 
            [brand] => 
            [type] => 
        )

    [savepath] => qingbao/2016-12-30/3701050905/16-55-50È≤ÅARV992.jpg
    [_id] => MongoId Object
        (
            [$id] => 5866211693b39491357b2426
        )

)

123 successs

211 successs
ËΩ¶Áâå is È≤ÅAA7S21  corlor is 1
SZ<br />
<b>Deprecated</b>:  Function MongoDB::authenticate() is deprecated in <b>/var/www/html/picUpload.php</b> on line <b>52</b><br />
Array
(
    [time] => 2016-12-30 17:58:25
    [dev] => 3701050905
    [name] => ‰∏≠ÂÆâÂÆæÈ¶Ü
    [channel] => 
    [vehicle] => Array
        (
            [plate] => È≤ÅAA7S21
            [color] => 
            [brand] => 
            [type] => 
        )

    [savepath] => qingbao/2016-12-30/3701050905/17-55-31È≤ÅAA7S21.jpg
)
Array
(
    [time] => 2016-12-30 17:58:25
    [dev] => 3701050905
    [name] => ‰∏≠ÂÆâÂÆæÈ¶Ü
    [channel] => 
    [vehicle] => Array
        (
            [plate] => È≤ÅAA7S21
            [color] => 
            [brand] => 
            [type] => 
        )

    [savepath] => qingbao/2016-12-30/3701050905/17-55-31È≤ÅAA7S21.jpg
    [_id] => MongoId Object
        (
            [$id] => 58662f1393b394df637b2476
        )

)

123 successs

211 successs
ËΩ¶Áâå is È≤ÅAE6P38  corlor is 1
SZ<br />
<b>Deprecated</b>:  Function MongoDB::authenticate() is deprecated in <b>/var/www/html/picUpload.php</b> on line <b>52</b><br />
Array
(
    [time] => 2016-12-30 18:30:46
    [dev] => 3701050905
    [name] => ‰∏≠ÂÆâÂÆæÈ¶Ü
    [channel] => 
    [vehicle] => Array
        (
            [plate] => È≤ÅAE6P38
            [color] => 
            [brand] => 
            [type] => 
        )

    [savepath] => qingbao/2016-12-30/3701050905/18-27-52È≤ÅAE6P38.jpg
)
Array
(
    [time] => 2016-12-30 18:30:46
    [dev] => 3701050905
    [name] => ‰∏≠ÂÆâÂÆæÈ¶Ü
    [channel] => 
    [vehicle] => Array
        (
            [plate] => È≤ÅAE6P38
            [color] => 
            [brand] => 
            [type] => 
        )

    [savepath] => qingbao/2016-12-30/3701050905/18-27-52È≤ÅAE6P38.jpg
    [_id] => MongoId Object
        (
            [$id] => 586636a893b3946d067b23cd
        )

)

123 successs

211 successs
ËΩ¶Áâå is È≤ÅAP515W  corlor is 1
SZ<br />
<b>Deprecated</b>:  Function MongoDB::authenticate() is deprecated in <b>/var/www/html/picUpload.php</b> on line <b>52</b><br />
Array
(
    [time] => 2016-12-30 20:27:49
    [dev] => 3701050905
    [name] => ‰∏≠ÂÆâÂÆæÈ¶Ü
    [channel] => 
    [vehicle] => Array
        (
            [plate] => È≤ÅAP515W
            [color] => 
            [brand] => 
            [type] => 
        )

    [savepath] => qingbao/2016-12-30/3701050905/20-24-54È≤ÅAP515W.jpg
)
Array
(
    [time] => 2016-12-30 20:27:49
    [dev] => 3701050905
    [name] => ‰∏≠ÂÆâÂÆæÈ¶Ü
    [channel] => 
    [vehicle] => Array
        (
            [plate] => È≤ÅAP515W
            [color] => 
            [brand] => 
            [type] => 
        )

    [savepath] => qingbao/2016-12-30/3701050905/20-24-54È≤ÅAP515W.jpg
    [_id] => MongoId Object
        (
            [$id] => 5866521693b39461477b23d2
        )

)

123 successs

211 successs
ËΩ¶Áâå is È≤ÅA517EH  corlor is 1
SZ<br />
<b>Deprecated</b>:  Function MongoDB::authenticate() is deprecated in <b>/var/www/html/picUpload.php</b> on line <b>52</b><br />
Array
(
    [time] => 2016-12-30 21:17:27
    [dev] => 3701050905
    [name] => ‰∏≠ÂÆâÂÆæÈ¶Ü
    [channel] => 
    [vehicle] => Array
        (
            [plate] => È≤ÅA517EH
            [color] => 
            [brand] => 
            [type] => 
        )

    [savepath] => qingbao/2016-12-30/3701050905/21-14-32È≤ÅA517EH.jpg
)
Array
(
    [time] => 2016-12-30 21:17:27
    [dev] => 3701050905
    [name] => ‰∏≠ÂÆâÂÆæÈ¶Ü
    [channel] => 
    [vehicle] => Array
        (
            [plate] => È≤ÅA517EH
            [color] => 
            [brand] => 
            [type] => 
        )

    [savepath] => qingbao/2016-12-30/3701050905/21-14-32È≤ÅA517EH.jpg
    [_id] => MongoId Object
        (
            [$id] => 58665db893b3948e5e7b23d4
        )

)

123 successs

211 successs
ËΩ¶Áâå is È≤ÅFX933W  corlor is 1
SZ<br />
<b>Deprecated</b>:  Function MongoDB::authenticate() is deprecated in <b>/var/www/html/picUpload.php</b> on line <b>52</b><br />
Array
(
    [time] => 2016-12-30 21:46:05
    [dev] => 3701050905
    [name] => ‰∏≠ÂÆâÂÆæÈ¶Ü
    [channel] => 
    [vehicle] => Array
        (
            [plate] => È≤ÅFX933W
            [color] => 
            [brand] => 
            [type] => 
        )

    [savepath] => qingbao/2016-12-30/3701050905/21-43-10È≤ÅFX933W.jpg
)
Array
(
    [time] => 2016-12-30 21:46:05
    [dev] => 3701050905
    [name] => ‰∏≠ÂÆâÂÆæÈ¶Ü
    [channel] => 
    [vehicle] => Array
        (
            [plate] => È≤ÅFX933W
            [color] => 
            [brand] => 
            [type] => 
        )

    [savepath] => qingbao/2016-12-30/3701050905/21-43-10È≤ÅFX933W.jpg
    [_id] => MongoId Object
        (
            [$id] => 5866646e93b394ac557b2485
        )

)

123 successs

211 successs
ËΩ¶Áâå is È≤ÅAY933W  corlor is 1
SZ<br />
<b>Deprecated</b>:  Function MongoDB::authenticate() is deprecated in <b>/var/www/html/picUpload.php</b> on line <b>52</b><br />
Array
(
    [time] => 2016-12-30 21:46:11
    [dev] => 3701050905
    [name] => ‰∏≠ÂÆâÂÆæÈ¶Ü
    [channel] => 
    [vehicle] => Array
        (
            [plate] => È≤ÅAY933W
            [color] => 
            [brand] => 
            [type] => 
        )

    [savepath] => qingbao/2016-12-30/3701050905/21-43-16È≤ÅAY933W.jpg
)
Array
(
    [time] => 2016-12-30 21:46:11
    [dev] => 3701050905
    [name] => ‰∏≠ÂÆâÂÆæÈ¶Ü
    [channel] => 
    [vehicle] => Array
        (
            [plate] => È≤ÅAY933W
            [color] => 
            [brand] => 
            [type] => 
        )

    [savepath] => qingbao/2016-12-30/3701050905/21-43-16È≤ÅAY933W.jpg
    [_id] => MongoId Object
        (
            [$id] => 5866647493b39466537b2494
        )

)

123 successs

211 successs
ËΩ¶Áâå is È≤ÅZ12UJ1  corlor is 2
SZ<br />
<b>Deprecated</b>:  Function MongoDB::authenticate() is deprecated in <b>/var/www/html/picUpload.php</b> on line <b>52</b><br />
Array
(
    [time] => 2016-12-30 22:19:04
    [dev] => 3701050905
    [name] => ‰∏≠ÂÆâÂÆæÈ¶Ü
    [channel] => 
    [vehicle] => Array
        (
            [plate] => È≤ÅZ12UJ1
            [color] => 
            [brand] => 
            [type] => 
        )

    [savepath] => qingbao/2016-12-30/3701050905/22-16-09È≤ÅZ12UJ1.jpg
)
Array
(
    [time] => 2016-12-30 22:19:04
    [dev] => 3701050905
    [name] => ‰∏≠ÂÆâÂÆæÈ¶Ü
    [channel] => 
    [vehicle] => Array
        (
            [plate