VIDEO-2016-11-11 UNENCRY
车牌 is 鲁AP887N  corlor is 1
            [error]         [eroor 134524379]
		[error]		[eroor 134524541]
车牌 is 鲁A935M1  corlor is 1
            [error]         [eroor 134524379]
		[error]		[eroor 134524541]
车牌 is 鲁A6169T  corlor is 1
            [error]         [eroor 134524379]
		[error]		[eroor 134524541]
车牌 is 鲁AUU183  corlor is 1
            [error]         [eroor 134524379]
		[error]		[eroor 134524541]
车牌 is 鲁A83188  corlor is 1
SZ<br />
<b>Deprecated</b>:  Function MongoDB::authenticate() is deprecated in <b>/var/www/html/picUpload.php</b> on line <b>52</b><br />
Array
(
    [time] => 2017-03-11 07:40:54
    [dev] => 3701050905
    [name] => 中安宾馆
    [channel] => 
    [vehicle] => Array
        (
            [plate] => 鲁A83188
            [color] => 
            [brand] => 
            [type] => 
        )

    [savepath] => qingbao/2017-03-11/3701050905/7-39-38鲁A83188.jpg
)
Array
(
    [time] => 2017-03-11 07:40:54
    [dev] => 3701050905
    [name] => 中安宾馆
    [channel] => 
    [vehicle] => Array
        (
            [plate] => 鲁A83188
            [color] => 
            [brand] => 
            [type] => 
        )

    [savepath] => qingbao/2017-03-11/3701050905/7-39-38鲁A83188.jpg
    [_id] => MongoId Object
        (
            [$id] => 58c3393a93b394e45e924313
        )

)

123 successs
		[error]		[eroor 134524541]
车牌 is 青FT1UWM  corlor is 2
SZ<br />
<b>Deprecated</b>:  Function MongoDB::authenticate() is deprecated in <b>/var/www/html/picUpload.php</b> on line <b>52</b><br />
Array
(
    [time] => 2017-03-11 07:50:34
    [dev] => 3701050905
    [name] => 中安宾馆
    [channel] => 
    [vehicle] => Array
        (
            [plate] => 青FT1UWM
            [color] => 
            [brand] => 
            [type] => 
        )

    [savepath] => qingbao/2017-03-11/3701050905/7-49-17青FT1UWM.jpg
)
Array
(
    [time] => 2017-03-11 07:50:34
    [dev] => 3701050905
    [name] => 中安宾馆
    [channel] => 
    [vehicle] => Array
        (
            [plate] => 青FT1UWM
            [color] => 
            [brand] => 
            [type] => 
        )

    [savepath] => qingbao/2017-03-11/3701050905/7-49-17青FT1UWM.jpg
    [_id] => MongoId Object
        (
            [$id] => 58c33b7d93b394066792435c
        )

)

123 successs
		[error]		[eroor 134524541]
车牌 is 鲁AXL059  corlor is 1
SZ<br />
<b>Deprecated</b>:  Function MongoDB::authenticate() is deprecated in <b>/var/www/html/picUpload.php</b> on line <b>52</b><br />
Array
(
    [time] => 2017-03-11 08:21:47
    [dev] => 3701050905
    [name] => 中安宾馆
    [channel] => 
    [vehicle] => Array
        (
            [plate] => 鲁AXL059
            [color] => 
            [brand] => 
            [type] => 
        )

    [savepath] => qingbao/2017-03-11/3701050905/8-20-31鲁AXL059.jpg
)
Array
(
    [time] => 2017-03-11 08:21:47
    [dev] => 3701050905
    [name] => 中安宾馆
    [channel] => 
    [vehicle] => Array
        (
            [plate] => 鲁AXL059
            [color] => 
            [brand] => 
            [type] => 
        )

    [savepath] => qingbao/2017-03-11/3701050905/8-20-31鲁AXL059.jpg
    [_id] => MongoId Object
        (
            [$id] => 58c342cf93b3947b69923f60
        )

)

123 successs
		[error]		[eroor 134524541]
车牌 is 鲁A066DZ  corlor is 1
            [error]         [eroor 134524379]
		[error]		[eroor 134524541]
车牌 is 鲁A592FH  corlor is 1
            [error]         [eroor 134524379]
		[error]		[eroor 134524541]
车牌 is 鲁B196F6  corlor is 1
            [error]         [eroor 134524379]
		[error]		[eroor 134524541]
车牌 is 鲁AH1035  corlor is 1
            [error]         [eroor 134524379]
		[error]		[eroor 134524541]
车牌 is 鲁AR619K  corlor is 1
            [error]         [eroor 134524379]
		[error]		[eroor 134524541]
车牌 is 鲁AX6T37  corlor is 1
            [error]         [eroor 134524379]
		[error]		[eroor 134524541]
车牌 is 鲁AW989X  corlor is 1
            [error]         [eroor 134524379]
		[error]		[eroor 134524541]
车牌 is 鲁A58K15  corlor is 1
SZ<br />
<b>Deprecated</b>:  Function MongoDB::authenticate() is deprecated in <b>/var/www/html/picUpload.php</b> on line <b>52</b><br />
Array
(
    [time] => 2017-03-11 10:20:44
    [dev] => 3701050905
    [name] => 中安宾馆
    [channel] => 
    [vehicle] => Array
        (
            [plate] => 鲁A58K15
            [color] => 
            [brand] => 
            [type] => 
        )

    [savepath] => qingbao/2017-03-11/3701050905/10-19-27鲁A58K15.jpg
)
Array
(
    [time] => 2017-03-11 10:20:44
    [dev] => 3701050905
    [name] => 中安宾馆
    [channel] => 
    [vehicle] => Array
        (
            [plate] => 鲁A58K15
            [color] => 
            [brand] => 
            [type] => 
        )

    [savepath] => qingbao/2017-03-11/3701050905/10-19-27鲁A58K15.jpg
    [_id] => MongoId Object
        (
            [$id] => 58c35eaf93b3942426923fa8
        )

)

123 successs
		[error]		[eroor 134524541]
车牌 is 鲁A58TT5  corlor is 1
            [error]         [eroor 134524379]
		[error]		[eroor 134524541]
车牌 is 鲁ABJ615  corlor is 1
            [error]         [eroor 134524379]
		[error]		[eroor 134524541]
车牌 is 鲁ATY657  corlor is 1
SZ<br />
<b>Deprecated</b>:  Function MongoDB::authenticate() is deprecated in <b>/var/www/html/picUpload.php</b> on line <b>52</b><br />
Array
(
    [time] => 2017-03-11 12:16:00
    [dev] => 3701050905
    [name] => 中安宾馆
    [channel] => 
    [vehicle] => Array
        (
            [plate] => 鲁ATY657
            [color] => 
            [brand] => 
            [type] => 
        )

    [savepath] => qingbao/2017-03-11/3701050905/12-14-42鲁ATY657.jpg
)
Array
(
    [time] => 2017-03-11 12:16:00
    [dev] => 3701050905
    [name] => 中安宾馆
    [channel] => 
    [vehicle] => Array
        (
            [plate] => 鲁ATY657
            [color] => 
            [brand] => 
            [type] => 
        )

    [savepath] => qingbao/2017-03-11/3701050905/12-14-42鲁ATY657.jpg
    [_id] => MongoId Object
        (
            [$id] => 58c379b293b394216e923fc6
        )

)

123 successs
		[error]		[eroor 134524541]
车牌 is 鲁AK218J  corlor is 1
            [error]         [eroor 134524379]
		[error]		[eroor 134524541]
车牌 is 鲁ASC919  corlor is 1
            [error]         [eroor 134524379]
		[error]		[eroor 134524541]
车牌 is 鲁AM789A  corlor is 1
            [error]         [eroor 134524379]
		[error]		[eroor 134524541]
车牌 is 鲁A585FZ  corlor is 1
            [error]         [eroor 134524379]
		[error]		[eroor 134524541]
车牌 is 渝SU8W7警  corlor is 3
            [error]         [eroor 134524379]
		[error]		[eroor 134524541]
车牌 is 鲁ELM7F学  corlor is 2
            [error]         [eroor 134524379]
		[error]		[eroor 134524541]
车牌 is 鲁A035A9  corlor is 1
            [error]         [eroor 134524379]
		[error]		[eroor 134524541]
车牌 is 鲁A9M756  corlor is 1
            [error]         [eroor 134524379]
		[error]		[eroor 134524541]
车牌 is 鲁AG039G  corlor is 1
            [error]         [eroor 134524379]
		[error]		[eroor 134524541]
车牌 is 鲁AJLZLF  corlor is 2
            [error]         [eroor 134524379]
		[error]		[eroor 134524541]
车牌 is JADN5K8  corlor is 2
            [error]         [eroor 134524379]
		[error]		[eroor 134524541]
车牌 is 苏E0722W  corlor is 1
            [error]         [eroor 134524379]
		[error]		[eroor 134524541]
车牌 is 鲁A293C9  corlor is 1
            [error]         [eroor 134524379]
		[error]		[eroor 134524541]
车牌 is 鲁AWS871  corlor is 1
            [error]         [eroor 134524379]
		[error]		[eroor 134524541]
车牌 is 鲁A20S76  corlor is 1
SZ<br />
<b>Deprecated</b>:  Function MongoDB::authenticate() is deprecated in <b>/var/www/html/picUpload.php</b> on line <b>52</b><br />
Array
(
    [time] => 2017-03-11 15:28:25
    [dev] => 3701050905
    [name] => 中安宾馆
    [channel] => 
    [vehicle] => Array
        (
            [plate] => 鲁A20S76
            [color] => 
            [brand] => 
    