VIDEO-2016-11-11 UNENCRY
车牌 is 鲁L1L11警  corlor is 3
            [error]         [eroor 134524395]
		[error]		[eroor 134524557]
车牌 is 鲁L1LJ1警  corlor is 3
            [error]         [eroor 134524395]
		[error]		[eroor 134524557]
车牌 is 鲁AA7G22  corlor is 1
            [error]         [eroor 134524395]
		[error]		[eroor 134524557]
车牌 is 鲁AR068G  corlor is 1
            [error]         [eroor 134524395]
		[error]		[eroor 134524557]
车牌 is 鲁A813GN  corlor is 1
            [error]         [eroor 134524395]
		[error]		[eroor 134524557]
车牌 is 鲁AFT895  corlor is 1
            [error]         [eroor 134524395]
		[error]		[eroor 134524557]
车牌 is 鲁A373ZV  corlor is 1
            [error]         [eroor 134524395]
		[error]		[eroor 134524557]
车牌 is 鲁A317TV  corlor is 1
            [error]         [eroor 134524395]
		[error]		[eroor 134524557]
车牌 is 鲁A818CC  corlor is 1
            [error]         [eroor 134524395]
		[error]		[eroor 134524557]
车牌 is 鲁P981DU  corlor is 1
            [error]         [eroor 134524395]
		[error]		[eroor 134524557]
车牌 is 鲁AKB203  corlor is 1
            [error]         [eroor 134524395]
		[error]		[eroor 134524557]
车牌 is 鲁AKB20R  corlor is 1
            [error]         [eroor 134524395]
		[error]		[eroor 134524557]
车牌 is 鲁AJ616C  corlor is 1
            [error]         [eroor 134524395]
		[error]		[eroor 134524557]
车牌 is 鲁AZS289  corlor is 1
            [error]         [eroor 134524395]
		[error]		[eroor 134524557]
车牌 is 鲁JYM656  corlor is 1
            [error]         [eroor 134524395]
		[error]		[eroor 134524557]
车牌 is 鲁A21P56  corlor is 1
            [error]         [eroor 134524395]
		[error]		[eroor 134524557]
车牌 is 鲁RKQ679  corlor is 1
            [error]         [eroor 134524395]
		[error]		[eroor 134524557]
车牌 is 鲁A622KA  corlor is 1
            [error]         [eroor 134524395]
		[error]		[eroor 134524557]
车牌 is 鲁E22KAL  corlor is 1
            [error]         [eroor 134524395]
		[error]		[eroor 134524557]
车牌 is 鲁A19332  corlor is 1
            [error]         [eroor 134524395]
		[error]		[eroor 134524557]
车牌 is 鲁AH909L  corlor is 1
            [error]         [eroor 134524395]
		[error]		[eroor 134524557]
车牌 is 鲁AES238  corlor is 1
            [error]         [eroor 134524395]
		[error]		[eroor 134524557]
车牌 is 鲁AMA710  corlor is 1
            [error]         [eroor 134524395]
		[error]		[eroor 134524557]
车牌 is 鲁AJ111L  corlor is 2
            [error]         [eroor 134524395]
		[error]		[eroor 134524557]
车牌 is 鲁AE6726  corlor is 1
            [error]         [eroor 134524395]
		[error]		[eroor 134524557]
车牌 is 鲁HHJ160  corlor is 1
            [error]         [eroor 134524395]
		[error]		[eroor 134524557]
车牌 is 鲁HL1161  corlor is 1
            [error]         [eroor 134524395]
		[error]		[eroor 134524557]
车牌 is 鲁HHJ160  corlor is 1
            [error]         [eroor 134524395]
		[error]		[eroor 134524557]
车牌 is 鲁ARP853  corlor is 1
            [error]         [eroor 134524395]
		[error]		[eroor 134524557]
车牌 is 鲁A691H3  corlor is 1
            [error]         [eroor 134524395]
		[error]		[eroor 134524557]
车牌 is 鲁AT1953  corlor is 1
            [error]         [eroor 134524395]
		[error]		[eroor 134524557]
车牌 is 苏EY1Z79  corlor is 1
            [error]         [eroor 134524395]
		[error]		[eroor 134524557]
车牌 is 鲁LZK7T9  corlor is 2
            [error]         [eroor 134524395]
		[error]		[eroor 134524557]
车牌 is 鲁A38Z52  corlor is 1
            [error]         [eroor 134524395]
		[error]		[eroor 134524557]
车牌 is 鲁AT8843  corlor is 1
            [error]         [eroor 134524395]
		[error]		[eroor 134524557]
车牌 is 鲁AZ714C  corlor is 1
            [error]         [eroor 134524395]
		[error]		[eroor 134524557]
车牌 is 鲁AJ959W  corlor is 1
            [error]         [eroor 134524395]
		[error]		[eroor 134524557]
车牌 is 鲁A605TJ  corlor is 1
            [error]         [eroor 134