VIDEO-2016-11-11 UNENCRY
ËΩ¶Áâå is È≤ÅA866XL  corlor is 1
SZ<br />
<b>Deprecated</b>:  Function MongoDB::authenticate() is deprecated in <b>/var/www/html/picUpload.php</b> on line <b>50</b><br />
Array
(
    [time] => 2016-12-20 00:01:52
    [dev] => 3701050905
    [name] => ‰∏≠ÂÆâÂÆæÈ¶Ü
    [channel] => 
    [vehicle] => Array
        (
            [plate] => È≤ÅA866XL
            [color] => 
            [brand] => 
            [type] => 
        )

    [savepath] => qingbao/2016-12-19/3701050905/23-59-19È≤ÅA866XL.jpg
)
Array
(
    [time] => 2016-12-20 00:01:52
    [dev] => 3701050905
    [name] => ‰∏≠ÂÆâÂÆæÈ¶Ü
    [channel] => 
    [vehicle] => Array
        (
            [plate] => È≤ÅA866XL
            [color] => 
            [brand] => 
            [type] => 
        )

    [savepath] => qingbao/2016-12-19/3701050905/23-59-19È≤ÅA866XL.jpg
    [_id] => MongoId Object
        (
            [$id] => 585803d793b3948215a23c67
        )

)

123 successs

211 successs
ËΩ¶Áâå is È≤ÅA61872  corlor is 1
SZ<br />
<b>Deprecated</b>:  Function MongoDB::authenticate() is deprecated in <b>/var/www/html/picUpload.php</b> on line <b>50</b><br />
Array
(
    [time] => 2016-12-20 02:29:03
    [dev] => 3701050905
    [name] => ‰∏≠ÂÆâÂÆæÈ¶Ü
    [channel] => 
    [vehicle] => Array
        (
            [plate] => È≤ÅA61872
            [color] => 
            [brand] => 
            [type] => 
        )

    [savepath] => qingbao/2016-12-20/3701050905/2-26-30È≤ÅA61872.jpg
)
Array
(
    [time] => 2016-12-20 02:29:03
    [dev] => 3701050905
    [name] => ‰∏≠ÂÆâÂÆæÈ¶Ü
    [channel] => 
    [vehicle] => Array
        (
            [plate] => È≤ÅA61872
            [color] => 
            [brand] => 
            [type] => 
        )

    [savepath] => qingbao/2016-12-20/3701050905/2-26-30È≤ÅA61872.jpg
    [_id] => MongoId Object
        (
            [$id] => 5858265693b3947713a23c9b
        )

)

123 successs

211 successs
ËΩ¶Áâå is È≤ÅA808V8  corlor is 1
SZ<br />
<b>Deprecated</b>:  Function MongoDB::authenticate() is deprecated in <b>/var/www/html/picUpload.php</b> on line <b>50</b><br />
Array
(
    [time] => 2016-12-20 05:29:07
    [dev] => 3701050905
    [name] => ‰∏≠ÂÆâÂÆæÈ¶Ü
    [channel] => 
    [vehicle] => Array
        (
            [plate] => È≤ÅA808V8
            [color] => 
            [brand] => 
            [type] => 
        )

    [savepath] => qingbao/2016-12-20/3701050905/5-26-33È≤ÅA808V8.jpg
)
Array
(
    [time] => 2016-12-20 05:29:07
    [dev] => 3701050905
    [name] => ‰∏≠ÂÆâÂÆæÈ¶Ü
    [channel] => 
    [vehicle] => Array
        (
            [plate] => È≤ÅA808V8
            [color] => 
            [brand] => 
            [type] => 
        )

    [savepath] => qingbao/2016-12-20/3701050905/5-26-33È≤ÅA808V8.jpg
    [_id] => MongoId Object
        (
            [$id] => 5858508993b3940e70a23dbc
        )

)

123 successs

211 successs
ËΩ¶Áâå is È≤ÅA9H682  corlor is 1
SZ<br />
<b>Deprecated</b>:  Function MongoDB::authenticate() is deprecated in <b>/var/www/html/picUpload.php</b> on line <b>50</b><br />
Array
(
    [time] => 2016-12-20 06:50:05
    [dev] => 3701050905
    [name] => ‰∏≠ÂÆâÂÆæÈ¶Ü
    [channel] => 
    [vehicle] => Array
        (
            [plate] => È≤ÅA9H682
            [color] => 
            [brand] => 
            [type] => 
        )

    [savepath] => qingbao/2016-12-20/3701050905/6-47-31È≤ÅA9H682.jpg
)
Array
(
    [time] => 2016-12-20 06:50:05
    [dev] => 3701050905
    [name] => ‰∏≠ÂÆâÂÆæÈ¶Ü
    [channel] => 
    [vehicle] => Array
        (
            [plate] => È≤ÅA9H682
            [color] => 
            [brand] => 
            [type] => 
        )

    [savepath] => qingbao/2016-12-20/3701050905/6-47-31È≤ÅA9H682.jpg
    [_id] => MongoId Object
        (
            [$id] => 5858638393b3941308a23d85
        )

)

123 successs

211 successs
ËΩ¶Áâå is È≤ÅA37F53  corlor is 1
SZ<br />
<b>Deprecated</b>:  Function MongoDB::authenticate() is deprecated in <b>/var/www/html/picUpload.php</b> on line <b>50</b><br />
Array
(
    [time] => 2016-12-20 07:47:41
    [dev] => 3701050905
    [name] => ‰∏VIDEO-2016-11-11 UNENCRY
ËΩ¶Áâå is È≤ÅA9853N  corlor is 1
SZ<br />
<b>Deprecated</b>:  Function MongoDB::authenticate() is deprecated in <b>/var/www/html/picUpload.php</b> on line <b>50</b><br />
Array
(
    [time] => 2016-12-20 07:13:43
    [dev] => 3701050905
    [name] => ‰∏≠ÂÆâÂÆæÈ¶Ü
    [channel] => 
    [vehicle] => Array
        (
            [plate] => È≤ÅA9853N
            [color] => 
            [brand] => 
            [type] => 
        )

    [savepath] => qingbao/2016-12-20/3701050905/7-11-09È≤ÅA9853N.jpg
)
Array
(
    [time] => 2016-12-20 07:13:43
    [dev] => 3701050905
    [name] => ‰∏≠ÂÆâÂÆæÈ¶Ü
    [channel] => 
    [vehicle] => Array
        (
            [plate] => È≤ÅA9853N
            [color] => 
            [brand] => 
            [type] => 
        )

    [savepath] => qingbao/2016-12-20/3701050905/7-11-09È≤ÅA9853N.jpg
    [_id] => MongoId Object
        (
            [$id] => 5858690d93b3942a4da23bea
        )

)

123 successs

211 successs
ËΩ¶Áâå is È≤ÅAZ512C  corlor is 1
SZ<br />
<b>Deprecated</b>:  Function MongoDB::authenticate() is deprecated in <b>/var/www/html/picUpload.php</b> on line <b>50</b><br />
Array
(
    [time] => 2016-12-20 07:37:17
    [dev] => 3701050905
    [name] => ‰∏≠ÂÆâÂÆæÈ¶Ü
    [channel] => 
    [vehicle] => Array
        (
            [plate] => È≤ÅAZ512C
            [color] => 
            [brand] => 
            [type] => 
        )

    [savepath] => qingbao/2016-12-20/3701050905/7-34-42È≤ÅAZ512C.jpg
)
Array
(
    [time] => 2016-12-20 07:37:17
    [dev] => 3701050905
    [name] => ‰∏≠ÂÆâÂÆæÈ¶Ü
    [channel] => 
    [vehicle] => Array
        (
            [plate] => È≤ÅAZ512C
            [color] => 
            [brand] => 
            [type] => 
        )

    [savepath] => qingbao/2016-12-20/3701050905/7-34-42È≤ÅAZ512C.jpg
    [_id] => MongoId Object
        (
            [$id] => 58586e9293b394c14ea23c6d
        )

)

123 successs

211 successs
ËΩ¶Áâå is È≤ÅAD5016  corlor is 1
SZ<br />
<b>Deprecated</b>:  Function MongoDB::authenticate() is deprecated in <b>/var/www/html/picUpload.php</b> on line <b>50</b><br />
Array
(
    [time] => 2016-12-20 07:44:22
    [dev] => 3701050905
    [name] => ‰∏≠ÂÆâÂÆæÈ¶Ü
    [channel] => 
    [vehicle] => Array
        (
            [plate] => È≤ÅAD5016
            [color] => 
            [brand] => 
            [type] => 
        )

    [savepath] => qingbao/2016-12-20/3701050905/7-41-47È≤ÅAD5016.jpg
)
Array
(
    [time] => 2016-12-20 07:44:22
    [dev] => 3701050905
    [name] => ‰∏≠ÂÆâÂÆæÈ¶Ü
    [channel] => 
    [vehicle] => Array
        (
            [plate] => È≤ÅAD5016
            [color] => 
            [brand] => 
            [type] => 
        )

    [savepath] => qingbao/2016-12-20/3701050905/7-41-47È≤ÅAD5016.jpg
    [_id] => MongoId Object
        (
            [$id] => 5858703b93b3940362a23be0
        )

)

123 successs

211 successs
ËΩ¶Áâå is È≤ÅAAJ1L1  corlor is 2
SZ<br />
<b>Deprecated</b>:  Function MongoDB::authenticate() is deprecated in <b>/var/www/html/picUpload.php</b> on line <b>50</b><br />
Array
(
    [time] => 2016-12-20 07:44:40
    [dev] => 3701050905
    [name] => ‰∏≠ÂÆâÂÆæÈ¶Ü
    [channel] => 
    [vehicle] => Array
        (
            [plate] => È≤ÅAAJ1L1
            [color] => 
            [brand] => 
            [type] => 
        )

    [savepath] => qingbao/2016-12-20/3701050905/7-42-06È≤ÅAAJ1L1.jpg
)
Array
(
    [time] => 2016-12-20 07:44:40
    [dev] => 3701050905
    [name] => ‰∏≠ÂÆâÂÆæÈ¶Ü
    [channel] => 
    [vehicle] => Array
        (
            [plate] => È≤ÅAAJ1L1
            [color] => 
            [brand] => 
            [type] => 
        )

    [savepath] => qingbao/2016-12-20/3701050905/7-42-06È≤ÅAAJ1L1.jpg
    [_id] => MongoId Object
        (
            [$id] => 5858704e93b3949862a23bdd
        )

)

123 successs

211 successs
ËΩ¶Áâå is È≤ÅL19TPÂ≠¶  corlor is 2
SZ<br />
<b>Deprecated</b>:  Function MongoDB::authenticate() is deprecated in <b>/var/www/html/picUpload.php</b> on line <b>50</b><br />
Array
(
    [time] => 2016-12-20 08:00:34
    [dev] => 3701050905
    [name] => ‰∏≠ÂÆâÂÆæÈ¶Ü
    [channel] => 
    [vehicle] => Array
        (
            [plate] => È≤ÅL19TPÂ≠¶
            [color] => 
            [brand] => 
            [type] => 
        )

    [savepath] => qingbao/2016-12-20/3701050905/7-58-00È≤ÅL19TPÂ≠¶.jpg
)
Array
(
    [time] => 2016-12-20 08:00:34
    [dev] => 3701050905
    [name] => ‰∏≠ÂÆâÂÆæÈ¶Ü
    [channel] => 
    [vehicle] => Array
        (
            [plate] => È≤ÅL19TPÂ≠¶
            [color] => 
            [brand] => 
            [type] => 
        )

    [savepath] => qingbao/2016-12-20/3701050905/7-58-00È≤ÅL19TPÂ≠¶.jpg
    [_id] => MongoId Object
        (
            [$id] => 5858740893b394996da23bd0
        )

)

123 successs

211 successs
ËΩ¶Áâå is È≤ÅAHK275  corlor is 1
SZ<br />
<b>Deprecated</b>:  Function MongoDB::authenticate() is deprecated in <b>/var/www/html/picUpload.php</b> on line <b>50</b><br />
Array
(
    [time] => 2016-12-20 08:13:04
    [dev] => 3701050905
    [name] => ‰∏≠ÂÆâÂÆæÈ¶Ü
    [channel] => 
    [vehicle] => Array
        (
            [plate] => È≤ÅAHK275
            [color] => 
            [brand] => 
            [type] => 
        )

    [savepath] => qingbao/2016-12-20/3701050905/8-10-29È≤ÅAHK275.jpg
)
Array
(
    [time] => 2016-12-20 08:13:04
    [dev] => 3701050905
    [name] => ‰∏≠ÂÆâÂÆæÈ¶Ü
    [channel] => 
    [vehicle] => Array
        (
            [plate] => È≤ÅAHK275
            [color] => 
            [brand] => 
            [type] => 
        )

    [savepath] => qingbao/2016-12-20/3701050905/8-10-29È≤ÅAHK275.jpg
    [_id] => MongoId Object
        (
            [$id] => 585876f593b394865aa23cfc
        )

)

123 successs

211 successs
ËΩ¶Áâå is Ê¥•QTLTSÂ≠¶  corlor is 2
            [error]         [eroor 134524395]
		[error]		[eroor 134524557]
ËΩ¶Áâå is È≤ÅJTL1SÂ≠¶  corlor is 2
            [error]         [eroor 134524395]
		[error]		[eroor 134524557]
ËΩ¶Áâå is È≤ÅA11171  corlor is 1
            [error]         [eroor 134524395]

211 successs
ËΩ¶Áâå is È≤ÅA6P098  corlor is 1
SZ<br />
<b>Deprecated</b>:  Function MongoDB::authenticate() is deprecated in <b>/var/www/html/picUpload.php</b> on line <b>52</b><br />
Array
(
    [time] => 2016-12-20 10:37:39
    [dev] => 3701050905
    [name] => ‰∏≠ÂÆâÂÆæÈ¶Ü
    [channel] => 
    [vehicle] => Array
        (
            [plate] => È≤ÅA6P098
            [color] => 
            [brand] => 
            [type] => 
        )

    [savepath] => qingbao/2016-12-20/3701050905/10-35-05È≤ÅA6P098.jpg
)
Array
(
    [time] => 2016-12-20 10:37:39
    [dev] => 3701050905
    [name] => ‰∏≠ÂÆâÂÆæÈ¶Ü
    [channel] => 
    [vehicle] => Array
        (
            [plate] => È≤ÅA6P098
            [color] => 
            [brand] => 
            [type] => 
        )

    [savepath] => qingbao/2016-12-20/3701050905/10-35-05È≤ÅA6P098.jpg
    [_id] => MongoId Object
        (
            [$id] => 585898d993b3944846a23bfc
        )

)

123 successs

211 successs
ËΩ¶Áâå is È≤ÅAS389N  corlor is 1
SZ<br />
<b>Deprecated</b>:  Function MongoDB::authenticate() is deprecated in <b>/var/www/html/picUpload.php</b> on line <b>52</b><br />
Array
(
    [time] => 2016-12-20 10:55:02
    [dev] => 3701050905
    [name] => ‰∏≠ÂÆâÂÆæÈ¶Ü
    [channel] => 
    [vehicle] => Array
        (
            [plate] => È≤ÅAS389N
            [color] => 
            [brand] => 
            [type] => 
        )

    [savepath] => qingbao/2016-12-20/3701050905/10-52-27È≤ÅAS389N.jpg
)
Array
(
    [time] => 2016-12-20 10:55:02
    [dev] => 3701050905
    [name] => ‰∏≠ÂÆâÂÆæÈ¶Ü
    [channel] => 
    [vehicle] => Array
        (
            [plate] => È≤ÅAS389N
            [color] => 
            [brand] => 
            [type] => 
        )

    [savepath] => qingbao/2016-12-20/3701050905/10-52-27È≤ÅAS389N.jpg
    [_id] => MongoId Object
        (
            [$id] => 58589ceb93b3945153a23bd7
        )

)

123 successs
		[error]		[eroor 134524557]
ËΩ¶Áâå is È≤ÅAC310T  corlor is 1
SZ<br />
<b>Deprecated</b>:  Function MongoDB::authenticate() is deprecated in <b>/var/www/html/picUpload.php</b> on line <b>52</b><br />
Array
(
    [time] => 2016-12-20 11:01:05
    [dev] => 3701050905
    [name] => ‰∏≠ÂÆâÂÆæÈ¶Ü
    [channel] => 
    [vehicle] => Array
        (
            [plate] => È≤ÅAC310T
            [color] => 
            [brand] => 
            [type] => 
        )

    [savepath] => qingbao/2016-12-20/3701050905/10-58-30È≤ÅAC310T.jpg
)
Array
(
    [time] => 2016-12-20 11:01:05
    [dev] => 3701050905
    [name] => ‰∏≠ÂÆâÂÆæÈ¶Ü
    [channel] => 
    [vehicle] => Array
        (
            [plate] => È≤ÅAC310T
            [color] => 
            [brand] => 
            [type] => 
        )

    [savepath] => qingbao/2016-12-20/3701050905/10-58-30È≤ÅAC310T.jpg
    [_id] => MongoId Object
        (
            [$id] => 58589e5693b3944457a23bd0
        )

)

123 successs

211 successs
ËΩ¶Áâå is Ê∏ùFML1EË≠¶  corlor is 3
            [error]         [eroor 134524395]
		[error]		[eroor 134524557]
ËΩ¶Áâå is JA0TTT1  corlor is 2
SZ<br />
<b>Deprecated</b>:  Function MongoDB::authenticate() is deprecated in <b>/var/www/html/picUpload.php</b> on line <b>52</b><br />
Array
(
    [time] => 2016-12-20 11:46:56
    [dev] => 3701050905
    [name] => ‰∏≠ÂÆâÂÆæÈ¶Ü
    [channel] => 
    [vehicle] => Array
        (
            [plate] => JA0TTT1
            [color] => 
            [brand] => 
            [type] => 
        )

    [savepath] => qingbao/2016-12-20/3701050905/11-44-21JA0TTT1.jpg
)
Array
(
    [time] => 2016-12-20 11:46:56
    [dev] => 3701050905
    [name] => ‰∏≠ÂÆâÂÆæÈ¶Ü
    [channel] => 
    [vehicle] => Array
        (
            [plate] => JA0TTT1
            [color] => 
            [brand] => 
            [type] => 
        )

    [savepath] => qingbao/2016-12-20/3701050905/11-44-21JA0TTT1.jpg
    [_id] => MongoId Object
        (
            [$id] => 5858a91593b3948c71a23bd2
        )

)

123 successs
		[error]		[eroor 134524557]
ËΩ¶Áâå is È≤ÅQMJL4ÊåÇ  corlor is 2
            [error]         [eroor 134524395]

211 successs
ËΩ¶Áâå is È≤ÅA21P56  corlor is 1
SZ<br />
<b>Deprecated</b>:  Function MongoDB::authenticate() is deprecated in <b>/var/www/html/picUpload.php</b> on line <b>52</b><br />
Array
(
    [time] => 2016-12-20 12:52:14
    [dev] => 3701050905
    [name] => ‰∏≠ÂÆâÂÆæÈ¶Ü
    [channel] => 
    [vehicle] => Array
        (
            [plate] => È≤ÅA21P56
            [color] => 
            [brand] => 
            [type] => 
        )

    [savepath] => qingbao/2016-12-20/3701050905/12-49-39È≤ÅA21P56.jpg
)
Array
(
    [time] => 2016-12-20 12:52:14
    [dev] => 3701050905
    [name] => ‰∏≠ÂÆâÂÆæÈ¶Ü
    [channel] => 
    [vehicle] => Array
        (
            [plate] => È≤ÅA21P56
            [color] => 
            [brand] => 
            [type] => 
        )

    [savepath] => qingbao/2016-12-20/3701050905/12-49-39È≤ÅA21P56.jpg
    [_id] => MongoId Object
        (
            [$id] => 5858b86393b394441aa23bd8
        )

)

123 successs

211 successs
ËΩ¶Áâå is È≤ÅASY092  corlor is 1
SZ<br />
<b>Deprecated</b>:  Function MongoDB::authenticate() is deprecated in <b>/var/www/html/picUpload.php</b> on line <b>52</b><br />
Array
(
    [time] => 2016-12-20 12:56:31
    [dev] => 3701050905
    [name] => ‰∏≠ÂÆâÂÆæÈ¶Ü
    [channel] => 
    [vehicle] => Array
        (
            [plate] => È≤ÅASY092
            [color] => 
            [brand] => 
            [type] => 
        )

    [savepath] => qingbao/2016-12-20/3701050905/12-53-58È≤ÅASY092.jpg
)
Array
(
    [time] => 2016-12-20 12:56:31
    [dev] => 3701050905
    [name] => ‰∏≠ÂÆâÂÆæÈ¶Ü
    [channel] => 
    [vehicle] => Array
        (
            [plate] => È≤ÅASY092
            [color] => 
            [brand] => 
            [type] => 
        )

    [savepath] => qingbao/2016-12-20/3701050905/12-53-58È≤ÅASY092.jpg
    [_id] => MongoId Object
        (
            [$id] => 5858b96693b394b71ca23bd9
        )

)

123 successs

211 successs
ËΩ¶Áâå is È≤ÅWT0T9Â≠¶  corlor is 2
            [error]         [eroor 134524395]

211 successs
ËΩ¶Áâå is JM5W275  corlor is 2
SZ<br />
<b>Deprecated</b>:  Function MongoDB::authenticate() is deprecated in <b>/var/www/html/picUpload.php</b> on line <b>52</b><br />
Array
(
    [time] => 2016-12-20 13:10:29
    [dev] => 3701050905
    [name] => ‰∏≠ÂÆâÂÆæÈ¶Ü
    [channel] => 
    [vehicle] => Array
        (
            [plate] => JM5W275
            [color] => 
            [brand] => 
            [type] => 
        )

    [savepath] => qingbao/2016-12-20/3701050905/13-07-54JM5W275.jpg
)
Array
(
    [time] => 2016-12-20 13:10:29
    [dev] => 3701050905
    [name] => ‰∏≠ÂÆâÂÆæÈ¶Ü
    [channel] => 
    [vehicle] => Array
        (
            [plate] => JM5W275
            [color] => 
            [brand] => 
            [type] => 
        )

    [savepath] => qingbao/2016-12-20/3701050905/13-07-54JM5W275.jpg
    [_id] => MongoId Object
        (
            [$id] => 5858bcaa93b3944921a23bdf
        )

)

123 successs

211 successs
ËΩ¶Áâå is È≤ÅB020P5  corlor is 1
SZ<br />
<b>Deprecated</b>:  Function MongoDB::authenticate() is deprecated in <b>/var/www/html/picUpload.php</b> on line <b>52</b><br />
Array
(
    [time] => 2016-12-20 13:23:59
    [dev] => 3701050905
    [name] => ‰∏≠ÂÆâÂÆæÈ¶Ü
    [channel] => 
    [vehicle] => Array
        (
            [plate] => È≤ÅB020P5
            [color] => 
            [brand] => 
            [type] => 
        )

    [savepath] => qingbao/2016-12-20/3701050905/13-21-24È≤ÅB020P5.jpg
)
Array
(
    [time] => 2016-12-20 13:23:59
    [dev] => 3701050905
    [name] => ‰∏≠ÂÆâÂÆæÈ¶Ü
    [channel] => 
    [vehicle] => Array
        (
            [plate] => È≤ÅB020P5
            [color] => 
            [brand] => 
            [type] => 
        )

    [savepath] => qingbao/2016-12-20/3701050905/13-21-24È≤ÅB020P5.jpg
    [_id] => MongoId Object
        (
            [$id] => 5858bfd493b394812ca23beb
        )

)

123 successs

211 successs
ËΩ¶Áâå is È≤ÅAY198V  corlor is 1
            [error]         [eroor 134524395]

211 successs
ËΩ¶Áâå is È≤ÅAY198X  corlor is 1
            [error]         [eroor 134524395]

211 successs
ËΩ¶Áâå is È≤ÅA675F5  corlor is 1
SZ<br />
<b>Deprecated</b>:  Function MongoDB::authenticate() is deprecated in <b>/var/www/html/picUpload.php</b> on line <b>52</b><br />
Array
(
    [time] => 2016-12-20 13:57:07
    [dev] => 3701050905
    [name] => ‰∏≠ÂÆâÂÆæÈ¶Ü
    [channel] => 
    [vehicle] => Array
        (
            [plate] => È≤ÅA675F5
            [color] => 
            [brand] => 
            [type] => 
        )

    [savepath] => qingbao/2016-12-20/3701050905/13-54-32È≤ÅA675F5.jpg
)
Array
(
    [time] => 2016-12-20 13:57:07
    [dev] => 3701050905
    [name] => ‰∏≠ÂÆâÂÆæÈ¶Ü
    [channel] => 
    [vehicle] => Array
        (
            [plate] => È≤ÅA675F5
            [color] => 
            [brand] => 
            [type] => 
        )

    [savepath] => qingbao/2016-12-20/3701050905/13-54-32È≤ÅA675F5.jpg
    [_id] => MongoId Object
        (
            [$id] => 5858c79893b394be41a23be7
        )

)

123 successs

211 successs
ËΩ¶Áâå is È≤ÅA692XZ  corlor is 1
SZ<br />
<b>Deprecated</b>:  Function MongoDB::authenticate() is deprecated in <b>/var/www/html/picUpload.php</b> on line <b>52</b><br />
Array
(
    [time] => 2016-12-20 14:21:41
    [dev] => 3701050905
    [name] => ‰∏≠ÂÆâÂÆæÈ¶Ü
    [channel] => 
    [vehicle] => Array
        (
            [plate] => È≤ÅA692XZ
            [color] => 
            [brand] => 
            [type] => 
        )

    [savepath] => qingbao/2016-12-20/3701050905/14-19-06È≤ÅA692XZ.jpg
)
Array
(
    [time] => 2016-12-20 14:21:41
    [dev] => 3701050905
    [name] => ‰∏≠ÂÆâÂÆæÈ¶Ü
    [channel] => 
    [vehicle] => Array
        (
            [plate] => È≤ÅA692XZ
            [color] => 
            [brand] => 
            [type] => 
        )

    [savepath] => qingbao/2016-12-20/3701050905/14-19-06È≤ÅA692XZ.jpg
    [_id] => MongoId Object
        (
            [$id] => 5858cd5a93b394ed46a23c18
        )

)

123 successs

211 successs
ËΩ¶Áâå is È≤ÅY376T1  corlor is 1
SZ<br />
<b>Deprecated</b>:  Function MongoDB::authenticate() is deprecated in <b>/var/www/html/picUpload.php</b> on line <b>52</b><br />
Array
(
    [time] => 2016-12-20 14:21:52
    [dev] => 3701050905
    [name] => ‰∏≠ÂÆ≠ÂÆâÂÆæÈ¶Ü
    [channel] => 
    [vehicle] => Array
        (
            [plate] => È≤ÅA37F53
            [color] => 
            [brand] => 
            [type] => 
        )

    [savepath] => qingbao/2016-12-20/3701050905/7-45-07È≤ÅA37F53.jpg
)
Array
(
    [time] => 2016-12-20 07:47:41
    [dev] => 3701050905
    [name] => ‰∏≠ÂÆâÂÆæÈ¶Ü
    [channel] => 
    [vehicle] => Array
        (
            [plate] => È≤ÅA37F53
            [color] => 
            [brand] => 
            [type] => 
        )

    [savepath] => qingbao/2016-12-20/3701050905/7-45-07È≤ÅA37F53.jpg
    [_id] => MongoId Object
        (
            [$id] => 5858710393b394975ba23c4f
        )

)

123 successs

211 successs
ËΩ¶Áâå is È≤ÅA6J958  corlor is 1
            [error]         [eroor 134524395]
		[error]		[eroor 134524557]
ËΩ¶Áâå is È≤ÅN23Y17  corlor is 1
            [error]         [eroor 134524395]

211 successs
ËΩ¶Áâå is È≤ÅARD897  corlor is 1
SZ<br />
<b>Deprecated</b>:  Function MongoDB::authenticate() is deprecated in <b>/var/www/html/picUpload.php</b> on line <b>52</b><br />
Array
(
    [time] => 2016-12-20 11:23:56
    [dev] => 3701050905
    [name] => ‰∏≠ÂÆâÂÆæÈ¶Ü
    [channel] => 
    [vehicle] => Array
        (
            [plate] => È≤ÅARD897
            [color] => 
            [brand] => 
            [type] => 
        )

    [savepath] => qingbao/2016-12-20/3701050905/11-21-21È≤ÅARD897.jpg
)
Array
(
    [time] => 2016-12-20 11:23:56
    [dev] => 3701050905
    [name] => ‰∏≠ÂÆâÂÆæÈ¶Ü
    [channel] => 
    [vehicle] => Array
        (
            [plate] => È≤ÅARD897
            [color] => 
            [brand] => 
            [type] => 
        )

    [savepath] => qingbao/2016-12-20/3701050905/11-21-21È≤ÅARD897.jpg
    [_id] => MongoId Object
        (
            [$id] => 5858a3b193b394325fa23c07
        )

)

123 successs

211 successs
ËΩ¶Áâå is È≤ÅA317TV  corlor is 1
            [error]         [eroor 134524395]
		[error]		[eroor 134524557]
ËΩ¶Áâå is È≤ÅA9158F  corlor is 1
SZ<br />
<b>Deprecated</b>:  Function MongoDB::authenticate() is deprecated in <b>/var/www/html/picUpload.php</b> on line <b>52</b><br />
Array
(
    [time] => 2016-12-20 13:04:51
    [dev] => 3701050905
    [name] => ‰∏≠ÂÆâÂÆæÈ¶Ü
    [channel] => 
    [vehicle] => Array
        (
            [plate] => È≤ÅA9158F
            [color] => 
            [brand] => 
            [type] => 
        )

    [savepath] => qingbao/2016-12-20/3701050905/13-02-16È≤ÅA9158F.jpg
)
Array
(
    [time] => 2016-12-20 13:04:51
    [dev] => 3701050905
    [name] => ‰∏≠ÂÆâÂÆæÈ¶Ü
    [channel] => 
    [vehicle] => Array
        (
            [plate] => È≤ÅA9158F
            [color] => 
            [brand] => 
            [type] => 
        )

    [savepath] => qingbao/2016-12-20/3701050905/13-02-16È≤ÅA9158F.jpg
    [_id] => MongoId Object
        (
            [$id] => 5858bb5893b394031ba23c1a
        )

)

123 successs

211 successs
ËΩ¶Áâå is È≤ÅASL539  corlor is 1
SZ<br />
<b>Deprecated</b>:  Function MongoDB::authenticate() is deprecated in <b>/var/www/html/picUpload.php</b> on line <b>52</b><br />
Array
(
    [time] => 2016-12-20 13:05:44
    [dev] => 3701050905
    [name] => ‰∏≠ÂÆâÂÆæÈ¶Ü
    [channel] => 
    [vehicle] => Array
        (
            [plate] => È≤ÅASL539
            [color] => 
            [brand] => 
            [type] => 
        )

    [savepath] => qingbao/2016-12-20/3701050905/13-03-10È≤ÅASL539.jpg
)
Array
(
    [time] => 2016-12-20 13:05:44
    [dev] => 3701050905
    [name] => ‰∏≠ÂÆâÂÆæÈ¶Ü
    [channel] => 
    [vehicle] => Array
        (
            [plate] => È≤ÅASL539
            [color] => 
            [brand] => 
            [type] => 
        )

    [savepath] => qingbao/2016-12-20/3701050905/13-03-10È≤ÅASL539.jpg
    [_id] => MongoId Object
        (
            [$id] => 5858bb8e93b394bc21a23bdc
        )

)

123 successs

211 successs
ËΩ¶Áâå is Ê¥•LP6M0T  corlor is 2
SZ<br />
<b>Deprecated</b>:  Function MongoDB::authenticate() is deprecated in <b>/var/www/html/picUpload.php</b> on line <b>52</b><br />
Array
(
    [time] => 2016-12-20 14:48:35
    [dev] => 3701050905
    [name] => ‰∏≠ÂÆâÂÆæÈ¶Ü
    [channel] => 
    [vehicle] => Array
        (
            [plate] => Ê¥•LP6M0T
            [color] => 
            [brand] => 
            [type] => 
        )

    [savepath] => qingbao/2016-12-20/3701050905/14-46-00Ê¥•LP6M0T.jpg
)
Array
(
    [time] => 2016-12-20 14:48:35
    [dev] => 3701050905
    [name] => ‰∏≠ÂÆâÂÆæÈ¶Ü
    [channel] => 
    [vehicle] => Array
        (
            [plate] => Ê¥•LP6M0T
            [color] => 
            [brand] => 
            [type] => 
        )

    [savepath] => qingbao/2016-12-20/3701050905/14-46-00Ê¥•LP6M0T.jpg
    [_id] => MongoId Object
        (
            [$id] => 5858d3a893b394d94fa23cac
        )

)

123 successs
		[error]		[eroor 134524557]
ËΩ¶Áâå is È≤ÅAA7GZ2  corlor is 1
SZ<br />
<b>Deprecated</b>:  Function MongoDB::authenticate() is deprecated in <b>/var/www/html/picUpload.php</b> on line <b>52</b><br />
Array
(
    [time] => 2016-12-20 15:29:50
    [dev] => 3701050905
    [name] => ‰∏≠ÂÆâÂÆæÈ¶Ü
    [channel] => 
    [vehicle] => Array
        (
            [plate] => È≤ÅAA7GZ2
            [color] => 
            [brand] => 
            [type] => 
        )

    [savepath] => qingbao/2016-12-20/3701050905/15-27-15È≤ÅAA7GZ2.jpg
)
Array
(
    [time] => 2016-12-20 15:29:50
    [dev] => 3701050905
    [name] => ‰∏≠ÂÆâÂÆæÈ¶Ü
    [channel] => 
    [vehicle] => Array
        (
            [plate] => È≤ÅAA7GZ2
            [color] => 
            [brand] => 
            [type] => 
        )

    [savepath] => qingbao/2016-12-20/3701050905/15-27-15È≤ÅAA7GZ2.jpg
    [_id] => MongoId Object
        (
            [$id] => 5858dd5393b394797ba23bc8
        )

)

123 successs

211 successs
ËΩ¶Áâå is È≤ÅAN778N  corlor is 1
SZ<br />
<b>Deprecated</b>:  Function MongoDB::authenticate() is deprecated in <b>/var/www/html/picUpload.php</b> on line <b>52</b><br />
Array
(
    [time] => 2016-12-20 15:34:06
    [dev] => 3701050905
    [name] => ‰∏≠ÂÆâÂÆæÈ¶Ü
    [channel] => 
    [vehicle] => Array
        (
            [plate] => È≤ÅAN778N
            [color] => 
            [brand] => 
            [type] => 
        )

    [savepath] => qingbao/2016-12-20/3701050905/15-31-31È≤ÅAN778N.jpg
)
Array
(
    [time] => 2016-12-20 15:34:06
    [dev] => 3701050905
    [name] => ‰∏≠ÂÆâÂÆæÈ¶Ü
    [channel] => 
    [vehicle] => Array
        (
            [plate] => È≤ÅAN778N
            [color] => 
            [brand] => 
            [type] => 
        )

    [savepath] => qingbao/2016-12-20/3701050905/15-31-31È≤ÅAN778N.jpg
    [_id] => MongoId Object
        (
            [$id] => 5858de5393b394797ba23be3
        )

)

123 successs

211 successs
ËΩ¶Áâå is È≤ÅAU666N  corlor is 1
SZ<br />
<b>Deprecated</b>:  Function MongoDB::authenticate() is deprecated in <b>/var/www/html/picUpload.php</b> on line <b>52</b><br />
Array
(
    [time] => 2016-12-20 16:08:07
    [dev] => 3701050905
    [name] => ‰∏≠ÂÆâÂÆæÈ¶Ü
    [channel] => 
    [vehicle] => Array
        (
            [plate] => È≤ÅAU666N
            [color] => 
            [brand] => 
            [type] => 
        )

    [savepath] => qingbao/2016-12-20/3701050905/16-05-31È≤ÅAU666N.jpg
)
Array
(
    [time] => 2016-12-20 16:08:07
    [dev] => 3701050905
    [name] => ‰∏≠ÂÆâÂÆæÈ¶Ü
    [channel] => 
    [vehicle] => Array
        (
            [plate] => È≤ÅAU666N
            [color] => 
            [brand] => 
            [type] => 
        )

    [savepath] => qingbao/2016-12-20/3701050905/16-05-31È≤ÅAU666N.jpg
    [_id] => MongoId Object
        (
            [$id] => 5858e64b93b3949910a23bf3
        )

)

123 successs

211 successs
ËΩ¶Áâå is È≤ÅWL48W8  corlor is 2
SZ<br />
<b>Deprecated</b>:  Function MongoDB::authenticate() is deprecated in <b>/var/www/html/picUpload.php</b> on line <b>52</b><br />
Array
(
    [time] => 2016-12-20 16:58:19
    [dev] => 3701050905
    [name] => ‰∏≠ÂÆâÂÆæÈ¶Ü
    [channel] => 
    [vehicle] => Array
        (
            [plate] => È≤ÅWL48W8
            [color] => 
            [brand] => 
            [type] => 
        )

    [savepath] => qingbao/2016-12-20/37010509âÂÆæÈ¶Ü
    [channel] => 
    [vehicle] => Array
        (
            [plate] => È≤ÅY376T1
            [color] => 
            [brand] => 
            [type] => 
        )

    [savepath] => qingbao/2016-12-20/3701050905/14-19-17È≤ÅY376T1.jpg
)
Array
(
    [time] => 2016-12-20 14:21:52
    [dev] => 3701050905
    [name] => ‰∏≠ÂÆâÂÆæÈ¶Ü
    [channel] => 
    [vehicle] => Array
        (
            [plate] => È≤ÅY376T1
            [color] => 
            [brand] => 
            [type] => 
        )

    [savepath] => qingbao/2016-12-20/3701050905/14-19-17È≤ÅY376T1.jpg
    [_id] => MongoId Object
        (
            [$id] => 5858cd6593b394fe4da23bfd
        )

)

123 successs

211 successs
ËΩ¶Áâå is È≤ÅAZZ963  corlor is 1
SZ<br />
<b>Deprecated</b>:  Function MongoDB::authenticate() is deprecated in <b>/var/www/html/picUpload.php</b> on line <b>52</b><br />
Array
(
    [time] => 2016-12-20 14:39:11
    [dev] => 3701050905
    [name] => ‰∏≠ÂÆâÂÆæÈ¶Ü
    [channel] => 
    [vehicle] => Array
        (
            [plate] => È≤ÅAZZ963
            [color] => 
            [brand] => 
            [type] => 
        )

    [savepath] => qingbao/2016-12-20/3701050905/14-36-35È≤ÅAZZ963.jpg
)
Array
(
    [time] => 2016-12-20 14:39:11
    [dev] => 3701050905
    [name] => ‰∏≠ÂÆâÂÆæÈ¶Ü
    [channel] => 
    [vehicle] => Array
        (
            [plate] => È≤ÅAZZ963
            [color] => 
            [brand] => 
            [type] => 
        )

    [savepath] => qingbao/2016-12-20/3701050905/14-36-35È≤ÅAZZ963.jpg
    [_id] => MongoId Object
        (
            [$id] => 5858d17393b3947557a23c01
        )

)

123 successs

211 successs
ËΩ¶Áâå is È≤ÅLLA11E  corlor is 2
SZ<br />
<b>Deprecated</b>:  Function MongoDB::authenticate() is deprecated in <b>/var/www/html/picUpload.php</b> on line <b>52</b><br />
Array
(
    [time] => 2016-12-20 15:36:06
    [dev] => 3701050905
    [name] => ‰∏≠ÂÆâÂÆæÈ¶Ü
    [channel] => 
    [vehicle] => Array
        (
            [plate] => È≤ÅLLA11E
            [color] => 
            [brand] => 
            [type] => 
        )

    [savepath] => qingbao/2016-12-20/3701050905/15-33-30È≤ÅLLA11E.jpg
)
Array
(
    [time] => 2016-12-20 15:36:06
    [dev] => 3701050905
    [name] => ‰∏≠ÂÆâÂÆæÈ¶Ü
    [channel] => 
    [vehicle] => Array
        (
            [plate] => È≤ÅLLA11E
            [color] => 
            [brand] => 
            [type] => 
        )

    [savepath] => qingbao/2016-12-20/3701050905/15-33-30È≤ÅLLA11E.jpg
    [_id] => MongoId Object
        (
            [$id] => 5858deca93b394b976a23c02
        )

)

123 successs

211 successs
ËΩ¶Áâå is È≤ÅA17H03  corlor is 1
SZ<br />
<b>Deprecated</b>:  Function MongoDB::authenticate() is deprecated in <b>/var/www/html/picUpload.php</b> on line <b>52</b><br />
Array
(
    [time] => 2016-12-20 17:48:58
    [dev] => 3701050905
    [name] => ‰∏≠ÂÆâÂÆæÈ¶Ü
    [channel] => 
    [vehicle] => Array
        (
            [plate] => È≤ÅA17H03
            [color] => 
            [brand] => 
            [type] => 
        )

    [savepath] => qingbao/2016-12-20/3701050905/17-46-21È≤ÅA17H03.jpg
)
Array
(
    [time] => 2016-12-20 17:48:58
    [dev] => 3701050905
    [name] => ‰∏≠ÂÆâÂÆæÈ¶Ü
    [channel] => 
    [vehicle] => Array
        (
            [plate] => È≤ÅA17H03
            [color] => 
            [brand] => 
            [type] => 
        )

    [savepath] => qingbao/2016-12-20/3701050905/17-46-21È≤ÅA17H03.jpg
    [_id] => MongoId Object
        (
            [$id] => 5858fded93b394a854a23bd9
        )

)

123 successs

211 successs
ËΩ¶Áâå is È≤ÅA590H6  corlor is 1
SZ<br />
<b>Deprecated</b>:  Function MongoDB::authenticate() is deprecated in <b>/var/www/html/picUpload.php</b> on line <b>52</b><br />
Array
(
    [time] => 2016-12-20 18:12:16
    [dev] => 3701050905
    [name] => ‰∏≠ÂÆâÂÆæÈ¶Ü
    [channel] => 
    [vehicle] => Array
        (
            [plate] => È≤ÅA590H6
            [color] => 
            [brand] => 
            [type] => 
        )

    [savepath] => qingbao/2016-12-20/3701050905/18-09-39È≤ÅA590H6.jpg
)
Array
(
    [time] => 201605/16-55-43È≤ÅWL48W8.jpg
)
Array
(
    [time] => 2016-12-20 16:58:19
    [dev] => 3701050905
    [name] => ‰∏≠ÂÆâÂÆæÈ¶Ü
    [channel] => 
    [vehicle] => Array
        (
            [plate] => È≤ÅWL48W8
            [color] => 
            [brand] => 
            [type] => 
        )

    [savepath] => qingbao/2016-12-20/3701050905/16-55-43È≤ÅWL48W8.jpg
    [_id] => MongoId Object
        (
            [$id] => 5858f20f93b3941533a23bd7
        )

)

123 successs

211 successs
ËΩ¶Áâå is È≤ÅAS710S  corlor is 1
SZ<br />
<b>Deprecated</b>:  Function MongoDB::authenticate() is deprecated in <b>/var/www/html/picUpload.php</b> on line <b>52</b><br />
Array
(
    [time] => 2016-12-20 18:10:08
    [dev] => 3701050905
    [name] => ‰∏≠ÂÆâÂÆæÈ¶Ü
    [channel] => 
    [vehicle] => Array
        (
            [plate] => È≤ÅAS710S
            [color] => 
            [brand] => 
            [type] => 
        )

    [savepath] => qingbao/2016-12-20/3701050905/18-07-32È≤ÅAS710S.jpg
)
Array
(
    [time] => 2016-12-20 18:10:08
    [dev] => 3701050905
    [name] => ‰∏≠ÂÆâÂÆæÈ¶Ü
    [channel] => 
    [vehicle] => Array
        (
            [plate] => È≤ÅAS710S
            [color] => 
            [brand] => 
            [type] => 
        )

    [savepath] => qingbao/2016-12-20/3701050905/18-07-32È≤ÅAS710S.jpg
    [_id] => MongoId Object
        (
            [$id] => 585902e493b3947e60a23bd4
        )

)

123 successs

211 successs
ËΩ¶Áâå is È≤ÅAS718S  corlor is 1
SZ<br />
<b>Deprecated</b>:  Function MongoDB::authenticate() is deprecated in <b>/var/www/html/picUpload.php</b> on line <b>52</b><br />
Array
(
    [time] => 2016-12-20 18:10:14
    [dev] => 3701050905
    [name] => ‰∏≠ÂÆâÂÆæÈ¶Ü
    [channel] => 
    [vehicle] => Array
        (
            [plate] => È≤ÅAS718S
            [color] => 
            [brand] => 
            [type] => 
        )

    [savepath] => qingbao/2016-12-20/3701050905/18-07-39È≤ÅAS718S.jpg
)
Array
(
    [time] => 2016-12-20 18:10:14
    [dev] => 3701050905
    [name] => ‰∏≠ÂÆâÂÆæÈ¶Ü
    [channel] => 
    [vehicle] => Array
        (
            [plate] => È≤ÅAS718S
            [color] => 
            [brand] => 
            [type] => 
        )

    [savepath] => qingbao/2016-12-20/3701050905/18-07-39È≤ÅAS718S.jpg
    [_id] => MongoId Object
        (
            [$id] => 585902eb93b394805fa23be0
        )

)

123 successs

211 successs
ËΩ¶Áâå is È≤ÅA9718S  corlor is 1
SZ<br />
<b>Deprecated</b>:  Function MongoDB::authenticate() is deprecated in <b>/var/www/html/picUpload.php</b> on line <b>52</b><br />
Array
(
    [time] => 2016-12-20 18:10:21
    [dev] => 3701050905
    [name] => ‰∏≠ÂÆâÂÆæÈ¶Ü
    [channel] => 
    [vehicle] => Array
        (
            [plate] => È≤ÅA9718S
            [color] => 
            [brand] => 
            [type] => 
        )

    [savepath] => qingbao/2016-12-20/3701050905/18-07-46È≤ÅA9718S.jpg
)
Array
(
    [time] => 2016-12-20 18:10:21
    [dev] => 3701050905
    [name] => ‰∏≠ÂÆâÂÆæÈ¶Ü
    [channel] => 
    [vehicle] => Array
        (
            [plate] => È≤ÅA9718S
            [color] => 
            [brand] => 
            [type] => 
        )

    [savepath] => qingbao/2016-12-20/3701050905/18-07-46È≤ÅA9718S.jpg
    [_id] => MongoId Object
        (
            [$id] => 585902f293b394b561a23bce
        )

)

123 successs

211 successs
ËΩ¶Áâå is È≤ÅA5211B  corlor is 1
SZ<br />
<b>Deprecated</b>:  Function MongoDB::authenticate() is deprecated in <b>/var/www/html/picUpload.php</b> on line <b>52</b><br />
Array
(
    [time] => 2016-12-20 18:27:39
    [dev] => 3701050905
    [name] => ‰∏≠ÂÆâÂÆæÈ¶Ü
    [channel] => 
    [vehicle] => Array
        (
            [plate] => È≤ÅA5211B
            [color] => 
            [brand] => 
            [type] => 
        )

    [savepath] => qingbao/2016-12-20/3701050905/18-25-03È≤ÅA5211B.jpg
)
Array
(
    [time] => 2016-12-20 18:27:39
    [dev] => 3701050905
    [name] => ‰∏≠ÂÆâÂÆæÈ¶Ü
    [channel] => 
    [vehicle] => Array
        (
            [plate] => È≤ÅA5211B
            [color] => 
            [brand] => 
            [type] => 
        )

    [savepath] => qingbao/2016-12-20/3701050905/18-25-03È≤ÅA5211B.jpg
    [_id] => MongoId Object
        (
            [$id] => 585906ff93b394fb69a23bdd
        )

)

123 successs

211 successs
ËΩ¶Áâå is È≤ÅA867U9  corlor is 1
SZ<br />
<b>Deprecated</b>:  Function MongoDB::authenticate() is deprecated in <b>/var/www/html/picUpload.php</b> on line <b>52</b><br />
Array
(
    [time] => 2016-12-20 18:56:12
    [dev] => 3701050905
    [name] => ‰∏≠ÂÆâÂÆæÈ¶Ü
    [channel] => 
    [vehicle] => Array
        (
            [plate] => È≤ÅA867U9
            [color] => 
            [brand] => 
            [type] => 
        )

    [savepath] => qingbao/2016-12-20/3701050905/18-53-35È≤ÅA867U9.jpg
)
Array
(
    [time] => 2016-12-20 18:56:12
    [dev] => 3701050905
    [name] => ‰∏≠ÂÆâÂÆæÈ¶Ü
    [channel] => 
    [vehicle] => Array
        (
            [plate] => È≤ÅA867U9
            [color] => 
            [brand] => 
            [type] => 
        )

    [savepath] => qingbao/2016-12-20/3701050905/18-53-35È≤ÅA867U9.jpg
    [_id] => MongoId Object
        (
            [$id] => 58590daf93b3942775a23bff
        )

)

123 successs

211 successs
ËΩ¶Áâå is È≤ÅL1J18Â≠¶  corlor is 2
SZ<br />
<b>Deprecated</b>:  Function MongoDB::authenticate() is deprecated in <b>/var/www/html/picUpload.php</b> on line <b>52</b><br />
Array
(
    [time] => 2016-12-20 19:21:13
    [dev] => 3701050905
    [name] => ‰∏≠ÂÆâÂÆæÈ¶Ü
    [channel] => 
    [vehicle] => Array
        (
            [plate] => È≤ÅL1J18Â≠¶
            [color] => 
            [brand] => 
            [type] => 
        )

    [savepath] => qingbao/2016-12-20/3701050905/19-18-37È≤ÅL1J18Â≠¶.jpg
)
Array
(
    [time] => 2016-12-20 19:21:13
    [dev] => 3701050905
    [name] => ‰∏≠ÂÆâÂÆæÈ¶Ü
    [channel] => 
    [vehicle] => Array
        (
            [plate] => È≤ÅL1J18Â≠¶
            [color] => 
            [brand] => 
            [type] => 
        )

    [savepath] => qingbao/2016-12-20/3701050905/19-18-37È≤ÅL1J18Â≠¶.jpg
    [_id] => MongoId Object
        (
            [$id] => 5859138d93b394b205a23be3
        )

)

123 successs

211 successs
ËΩ¶Áâå is È≤ÅA19H67  corlor is 1
SZ<br />
<b>Deprecated</b>:  Function MongoDB::authenticate() is deprecated in <b>/var/www/html/picUpload.php</b> on line <b>52</b><br />
Array
(
    [time] => 2016-12-20 19:34:48
    [dev] => 3701050905
    [name] => ‰∏≠ÂÆâÂÆæÈ¶Ü
    [channel] => 
    [vehicle] => Array
        (
            [plate] => È≤ÅA19H67
            [color] => 
            [brand] => 
            [type] => 
        )

    [savepath] => qingbao/2016-12-20/3701050905/19-32-12È≤ÅA19H67.jpg
)
Array
(
    [time] => 2016-12-20 19:34:48
    [dev] => 3701050905
    [name] => ‰∏≠ÂÆâÂÆæÈ¶Ü
    [channel] => 
    [vehicle] => Array
        (
            [plate] => È≤ÅA19H67
            [color] => 
            [brand] => 
            [type] => 
        )

    [savepath] => qingbao/2016-12-20/3701050905/19-32-12È≤ÅA19H67.jpg
    [_id] => MongoId Object
        (
            [$id] => 585916bc93b394ca03a23c1e
        )

)

123 successs

211 successs
ËΩ¶Áâå is È≤ÅAH080K  corlor is 1
SZ<br />
<b>Deprecated</b>:  Function MongoDB::authenticate() is deprecated in <b>/var/www/html/picUpload.php</b> on line <b>52</b><br />
Array
(
    [time] => 2016-12-20 21:35:51
    [dev] => 3701050905
    [name] => ‰∏≠ÂÆâÂÆæÈ¶Ü
    [channel] => 
    [vehicle] => Array
        (
            [plate] => È≤ÅAH080K
            [color] => 
            [brand] => 
            [type] => 
        )

    [savepath] => qingbao/2016-12-20/3701050905/21-33-13È≤ÅAH080K.jpg
)
Array
(
    [time] => 2016-12-20 21:35:51
    [dev] => 3701050905
    [name] => ‰∏≠ÂÆâÂÆæÈ¶Ü
    [channel] => 
    [vehicle] => Array
        (
            [plate] => È≤ÅAH080K
            [color] => 
            [brand] => 
            [type] => 
        )

    [savepath] => qingbao/2016-12-20/3701050905/21-33-13È≤ÅAH080K.jpg
    [_id] => MongoId Object
        (
            [$id] => 5859331993b394a234a23c02
        )

)

123 successs

211 successs
ËΩ¶Áâå is È≤ÅA890EV  corlor is 1
SZ<br />
<b>Deprecat-12-20 18:12:16
    [dev] => 3701050905
    [name] => ‰∏≠ÂÆâÂÆæÈ¶Ü
    [channel] => 
    [vehicle] => Array
        (
            [plate] => È≤ÅA590H6
            [color] => 
            [brand] => 
            [type] => 
        )

    [savepath] => qingbao/2016-12-20/3701050905/18-09-39È≤ÅA590H6.jpg
    [_id] => MongoId Object
        (
            [$id] => 5859036393b3944563a23bcc
        )

)

123 successs

211 successs
ËΩ¶Áâå is ÈªëJL111A  corlor is 1
SZ<br />
<b>Deprecated</b>:  Function MongoDB::authenticate() is deprecated in <b>/var/www/html/picUpload.php</b> on line <b>52</b><br />
Array
(
    [time] => 2016-12-20 19:14:24
    [dev] => 3701050905
    [name] => ‰∏≠ÂÆâÂÆæÈ¶Ü
    [channel] => 
    [vehicle] => Array
        (
            [plate] => ÈªëJL111A
            [color] => 
            [brand] => 
            [type] => 
        )

    [savepath] => qingbao/2016-12-20/3701050905/19-11-47ÈªëJL111A.jpg
)
Array
(
    [time] => 2016-12-20 19:14:24
    [dev] => 3701050905
    [name] => ‰∏≠ÂÆâÂÆæÈ¶Ü
    [channel] => 
    [vehicle] => Array
        (
            [plate] => ÈªëJL111A
            [color] => 
            [brand] => 
            [type] => 
        )

    [savepath] => qingbao/2016-12-20/3701050905/19-11-47ÈªëJL111A.jpg
    [_id] => MongoId Object
        (
            [$id] => 585911f393b3945205a23bca
        )

)

123 successs

211 successs
ËΩ¶Áâå is È≤ÅA808V8  corlor is 1
SZ<br />
<b>Deprecated</b>:  Function MongoDB::authenticate() is deprecated in <b>/var/www/html/picUpload.php</b> on line <b>52</b><br />
Array
(
    [time] => 2016-12-20 20:17:10
    [dev] => 3701050905
    [name] => ‰∏≠ÂÆâÂÆæÈ¶Ü
    [channel] => 
    [vehicle] => Array
        (
            [plate] => È≤ÅA808V8
            [color] => 
            [brand] => 
            [type] => 
        )

    [savepath] => qingbao/2016-12-20/3701050905/20-14-33È≤ÅA808V8.jpg
)
Array
(
    [time] => 2016-12-20 20:17:10
    [dev] => 3701050905
    [name] => ‰∏≠ÂÆâÂÆæÈ¶Ü
    [channel] => 
    [vehicle] => Array
        (
            [plate] => È≤ÅA808V8
            [color] => 
            [brand] => 
            [type] => 
        )

    [savepath] => qingbao/2016-12-20/3701050905/20-14-33È≤ÅA808V8.jpg
    [_id] => MongoId Object
        (
            [$id] => 585920a993b394d510a23c3a
        )

)

123 successs

211 successs
ËΩ¶Áâå is È≤ÅASL539  corlor is 1
            [error]         [eroor 134524395]

211 successs
ËΩ¶Áâå is È≤ÅA3L539  corlor is 1
SZ<br />
<b>Deprecated</b>:  Function MongoDB::authenticate() is deprecated in <b>/var/www/html/picUpload.php</b> on line <b>52</b><br />
Array
(
    [time] => 2016-12-20 20:19:56
    [dev] => 3701050905
    [name] => ‰∏≠ÂÆâÂÆæÈ¶Ü
    [channel] => 
    [vehicle] => Array
        (
            [plate] => È≤ÅA3L539
            [color] => 
            [brand] => 
            [type] => 
        )

    [savepath] => qingbao/2016-12-20/3701050905/20-17-19È≤ÅA3L539.jpg
)
Array
(
    [time] => 2016-12-20 20:19:56
    [dev] => 3701050905
    [name] => ‰∏≠ÂÆâÂÆæÈ¶Ü
    [channel] => 
    [vehicle] => Array
        (
            [plate] => È≤ÅA3L539
            [color] => 
            [brand] => 
            [type] => 
        )

    [savepath] => qingbao/2016-12-20/3701050905/20-17-19È≤ÅA3L539.jpg
    [_id] => MongoId Object
        (
            [$id] => 5859214f93b394c522a23bc9
        )

)

123 successs
		[error]		[eroor 134524557]
ËΩ¶Áâå is È≤ÅA9211M  corlor is 1
SZ<br />
<b>Deprecated</b>:  Function MongoDB::authenticate() is deprecated in <b>/var/www/html/picUpload.php</b> on line <b>52</b><br />
Array
(
    [time] => 2016-12-20 22:13:47
    [dev] => 3701050905
    [name] => ‰∏≠ÂÆâÂÆæÈ¶Ü
    [channel] => 
    [vehicle] => Array
        (
            [plate] => È≤ÅA9211M
            [color] => 
            [brand] => 
            [type] => 
        )

    [savepath] => qingbao/2016-12-20/3701050905/22-11-11È≤ÅA9211M.jpg
)
Array
(
    [time] => 2016-12-20 22:13:47
    [dev] => 3701050905
    [name] => ‰∏≠ÂÆâÂÆæÈ¶Ü
    [channel] => 
    [vehicle] => Array
        (
            [plate] => È≤ÅA9211M
            [