VIDEO-2016-11-11 UNENCRY
车牌 is 鲁A1939Q  corlor is 1
            [error]         [eroor 134524395]
		[error]		[eroor 134524557]
车牌 is 鲁AT6065  corlor is 1
            [error]         [eroor 134524395]
		[error]		[eroor 134524557]
车牌 is 鲁AT4548  corlor is 1
            [error]         [eroor 134524395]
		[error]		[eroor 134524557]
车牌 is 鲁CR135W  corlor is 1
            [error]         [eroor 134524395]
		[error]		[eroor 134524557]
车牌 is 鲁AK0108  corlor is 1
            [error]         [eroor 134524395]
		[error]		[eroor 134524557]
车牌 is 鲁A0V651  corlor is 1
            [error]         [eroor 134524395]
		[error]		[eroor 134524557]
车牌 is 鲁AD9H12  corlor is 1
            [error]         [eroor 134524395]
		[error]		[eroor 134524557]
车牌 is 京GRE876  corlor is 1
            [error]         [eroor 134524395]
		[error]		[eroor 134524557]
车牌 is 鲁CR135W  corlor is 1
            [error]         [eroor 134524395]
		[error]		[eroor 134524557]
车牌 is 鲁AA2S36  corlor is 1
            [error]         [eroor 134524395]
		[error]		[eroor 134524557]
车牌 is 鲁AA2S5G  corlor is 1
            [error]         [eroor 134524395]
		[error]		[eroor 134524557]
车牌 is 鲁ARE722  corlor is 1
            [error]         [eroor 134524395]
		[error]		[eroor 134524557]
车牌 is 津LFTFT7  corlor is 2
            [error]         [eroor 134524395]
		[error]		[eroor 134524557]
车牌 is 鲁ARE722  corlor is 1
            [error]         [eroor 134524395]
		[error]		[eroor 134524557]
车牌 is 鲁DDW058  corlor is 1
            [error]         [eroor 134524395]
		[error]		[eroor 134524557]
车牌 is 鲁AZ727W  corlor is 1
            [error]         [eroor 134524395]
		[error]		[eroor 134524557]
车牌 is 吉E85531  corlor is 1
            [error]         [eroor 134524395]
		[error]		[eroor 134524557]
车牌 is 鲁AFJ285  corlor is 1
            [error]         [eroor 134524395]
		[error]		[eroor 134524557]
车牌 is 鲁AEJ285  corlor is 1
            [error]         [eroor 134524395]
		[error]		[eroor 134524557]
车牌 is 鲁A655WD  corlor is 1
            [error]         [eroor 134524395]
		[error]		[eroor 134524557]
车牌 is 鲁AH365Q  corlor is 1
            [error]         [eroor 134524395]
		[error]		[eroor 134524557]
车牌 is 鲁ARD897  corlor is 1
            [error]         [eroor 134524395]
		[error]		[eroor 134524557]
车牌 is 皖QLDLP挂  corlor is 2
            [error]         [eroor 134524395]
		[error]		[eroor 134524557]
车牌 is 鲁AD987Y  corlor is 1
            [error]         [eroor 134524395]
		[error]		[eroor 134524557]
车牌 is 鲁A567MJ  corlor is 1
            [error]         [eroor 134524395]
		[error]		[eroor 134524557]
车牌 is 鲁N66V39  corlor is 1
            [error]         [eroor 134524395]
		[error]		[eroor 134524557]
车牌 is 鲁AD9H12  corlor is 1
            [error]         [eroor 134524395]
		[error]		[eroor 134524557]
车牌 is 鲁AP737M  corlor is 1
            [error]         [eroor 134524395]
		[error]		[eroor 134524557]
车牌 is 鲁A526AU  corlor is 1
            [error]         [eroor 134524395]
		[error]		[eroor 134524557]
车牌 is 鲁CR135W  corlor is 1
            [error]         [eroor 134524395]
		[error]		[eroor 134524557]
车牌 is 鲁A3D978  corlor is 1
            [error]         [eroor 134524395]
		[error]		[eroor 134524557]
车牌 is 鲁ANY227  corlor is 1
            [error]         [eroor 134524395]
		[error]		[eroor 134524557]
车牌 is 鲁ANYEJZ  corlor is 1
            [error]         [eroor 134524395]
		[error]		[eroor 134524557]
车牌 is 鲁A6737U  corlor is 1
            [error]         [eroor 134524395]
		[error]		[eroor 134524557]
车牌 is 鲁A317TV  corlor is 1
            [error]         [eroor 134524395]
		[error]		[eroor 134524557]
车牌 is 鲁AA7G22  corlor is 1
            [error]         [eroor 134524395]
		[error]		[eroor 134524557]
车牌 is 鲁A59C25  corlor is 1
            [error]         [eroor 134524395]
		[error]		[eroor 134524557]
车牌 is 鲁A1517Y  corlor is 1
            [error]         [eroor 13452