VIDEO-2016-11-11 UNENCRY
车牌 is 鲁A6169T  corlor is 1
SZ<br />
<b>Deprecated</b>:  Function MongoDB::authenticate() is deprecated in <b>/var/www/html/picUpload.php</b> on line <b>52</b><br />
Array
(
    [time] => 2017-03-05 07:55:19
    [dev] => 3701050905
    [name] => 中安宾馆
    [channel] => 
    [vehicle] => Array
        (
            [plate] => 鲁A6169T
            [color] => 
            [brand] => 
            [type] => 
        )

    [savepath] => qingbao/2017-03-05/3701050905/7-54-32鲁A6169T.jpg
)
Array
(
    [time] => 2017-03-05 07:55:19
    [dev] => 3701050905
    [name] => 中安宾馆
    [channel] => 
    [vehicle] => Array
        (
            [plate] => 鲁A6169T
            [color] => 
            [brand] => 
            [type] => 
        )

    [savepath] => qingbao/2017-03-05/3701050905/7-54-32鲁A6169T.jpg
    [_id] => MongoId Object
        (
            [$id] => 58bb53b893b394e76d923f6a
        )

)

123 successs
		[error]		[eroor 134524541]
车牌 is 鲁AB1366  corlor is 1
SZ<br />
<b>Deprecated</b>:  Function MongoDB::authenticate() is deprecated in <b>/var/www/html/picUpload.php</b> on line <b>52</b><br />
Array
(
    [time] => 2017-03-05 08:10:19
    [dev] => 3701050905
    [name] => 中安宾馆
    [channel] => 
    [vehicle] => Array
        (
            [plate] => 鲁AB1366
            [color] => 
            [brand] => 
            [type] => 
        )

    [savepath] => qingbao/2017-03-05/3701050905/8-09-31鲁AB1366.jpg
)
Array
(
    [time] => 2017-03-05 08:10:19
    [dev] => 3701050905
    [name] => 中安宾馆
    [channel] => 
    [vehicle] => Array
        (
            [plate] => 鲁AB1366
            [color] => 
            [brand] => 
            [type] => 
        )

    [savepath] => qingbao/2017-03-05/3701050905/8-09-31鲁AB1366.jpg
    [_id] => MongoId Object
        (
            [$id] => 58bb573b93b394146f923fb9
        )

)

123 successs
		[error]		[eroor 134524541]
车牌 is 鲁A8153T  corlor is 1
            [error]         [eroor 134524379]
		[error]		[eroor 134524541]
车牌 is 鲁AJL21学  corlor is 2
            [error]         [eroor 134524379]
		[error]		[eroor 134524541]
车牌 is 吉ACA845  corlor is 1
            [error]         [eroor 134524379]
		[error]		[eroor 134524541]
车牌 is 渝J9UL1警  corlor is 3
            [error]         [eroor 134524379]
		[error]		[eroor 134524541]
车牌 is 鲁A9M592  corlor is 1
            [error]         [eroor 134524379]
		[error]		[eroor 134524541]
车牌 is 鲁AT2745  corlor is 1
            [error]         [eroor 134524379]
		[error]		[eroor 134524541]
车牌 is 鲁AT6427  corlor is 1
            [error]         [eroor 134524379]
		[error]		[eroor 134524541]
车牌 is 鲁A555UZ  corlor is 1
            [error]         [eroor 134524379]
		[error]		[eroor 134524541]
车牌 is 豫C999G1  corlor is 1
            [error]         [eroor 134524379]
		[error]		[eroor 134524541]
车牌 is 鲁AVH333  corlor is 1
            [error]         [eroor 134524379]
		[error]		[eroor 134524541]
车牌 is 鲁AN6092  corlor is 1
            [error]         [eroor 134524379]
		[error]		[eroor 134524541]
车牌 is 鲁AC870C  corlor is 1
            [error]         [eroor 134524379]
		[error]		[eroor 134524541]
车牌 is 鲁A978PT  corlor is 1
            [error]         [eroor 134524379]
		[error]		[eroor 134524541]
车牌 is 鲁AU333C  corlor is 1
            [error]         [eroor 134524379]
		[error]		[eroor 134524541]
车牌 is 鲁AXR215  corlor is 1
            [error]         [eroor 134524379]
		[error]		[eroor 134524541]
车牌 is 鲁AA9N11  corlor is 1
            [error]         [eroor 134524379]
		[error]		[eroor 134524541]
车牌 is 鲁AP9M76  corlor is 1
            [error]         [eroor 134524379]
		[error]		[eroor 134524541]
车牌 is 鲁A27786  corlor is 1
            [error]         [eroor 134524379]
		[error]		[eroor 134524541]
车牌 is 鲁S7XT44  corlor is 1
            [error]         [eroor 134524379]
		[error]		[eroor 134524541]
车牌 is 鲁S7XKJJ  corlor is 1
            [error]         [eroor 134524379