VIDEO-2016-11-11 UNENCRY
ËΩ¶Áâå is È≤ÅA371BY  corlor is 1
SZ<br />
<b>Deprecated</b>:  Function MongoDB::authenticate() is deprecated in <b>/var/www/html/picUpload.php</b> on line <b>50</b><br />
Array
(
    [time] => 2016-12-09 07:39:21
    [dev] => 3701050905
    [name] => ‰∏≠ÂÆâÂÆæÈ¶Ü
    [channel] => 
    [vehicle] => Array
        (
            [plate] => È≤ÅA371BY
            [color] => 
            [brand] => 
            [type] => 
        )

    [savepath] => qingbao/2016-12-09/3701050905/7-37-20È≤ÅA371BY.jpg
)
Array
(
    [time] => 2016-12-09 07:39:21
    [dev] => 3701050905
    [name] => ‰∏≠ÂÆâÂÆæÈ¶Ü
    [channel] => 
    [vehicle] => Array
        (
            [plate] => È≤ÅA371BY
            [color] => 
            [brand] => 
            [type] => 
        )

    [savepath] => qingbao/2016-12-09/3701050905/7-37-20È≤ÅA371BY.jpg
    [_id] => MongoId Object
        (
            [$id] => 5849eeb093b3947a37beff56
        )

)

123 successs

211 successs
ËΩ¶Áâå is È≤ÅAH2286  corlor is 1
SZ<br />
<b>Deprecated</b>:  Function MongoDB::authenticate() is deprecated in <b>/var/www/html/picUpload.php</b> on line <b>50</b><br />
Array
(
    [time] => 2016-12-09 07:41:46
    [dev] => 3701050905
    [name] => ‰∏≠ÂÆâÂÆæÈ¶Ü
    [channel] => 
    [vehicle] => Array
        (
            [plate] => È≤ÅAH2286
            [color] => 
            [brand] => 
            [type] => 
        )

    [savepath] => qingbao/2016-12-09/3701050905/7-39-44È≤ÅAH2286.jpg
)
Array
(
    [time] => 2016-12-09 07:41:46
    [dev] => 3701050905
    [name] => ‰∏≠ÂÆâÂÆæÈ¶Ü
    [channel] => 
    [vehicle] => Array
        (
            [plate] => È≤ÅAH2286
            [color] => 
            [brand] => 
            [type] => 
        )

    [savepath] => qingbao/2016-12-09/3701050905/7-39-44È≤ÅAH2286.jpg
    [_id] => MongoId Object
        (
            [$id] => 5849ef4093b3942e27befc10
        )

)

123 successs

211 successs
ËΩ¶Áâå is È≤ÅAQC101  corlor is 1
SZ<br />
<b>Deprecated</b>:  Function MongoDB::authenticate() is deprecated in <b>/var/www/html/picUpload.php</b> on line <b>50</b><br />
Array
(
    [time] => 2016-12-09 07:48:47
    [dev] => 3701050905
    [name] => ‰∏≠ÂÆâÂÆæÈ¶Ü
    [channel] => 
    [vehicle] => Array
        (
            [plate] => È≤ÅAQC101
            [color] => 
            [brand] => 
            [type] => 
        )

    [savepath] => qingbao/2016-12-09/3701050905/7-46-46È≤ÅAQC101.jpg
)
Array
(
    [time] => 2016-12-09 07:48:47
    [dev] => 3701050905
    [name] => ‰∏≠ÂÆâÂÆæÈ¶Ü
    [channel] => 
    [vehicle] => Array
        (
            [plate] => È≤ÅAQC101
            [color] => 
            [brand] => 
            [type] => 
        )

    [savepath] => qingbao/2016-12-09/3701050905/7-46-46È≤ÅAQC101.jpg
    [_id] => MongoId Object
        (
            [$id] => 5849f0e693b394673bbeff2f
        )

)

123 successs

211 successs
ËΩ¶Áâå is È≤ÅJLL4LÊåÇ  corlor is 2
SZ<br />
<b>Deprecated</b>:  Function MongoDB::authenticate() is deprecated in <b>/var/www/html/picUpload.php</b> on line <b>50</b><br />
Array
(
    [time] => 2016-12-09 07:48:58
    [dev] => 3701050905
    [name] => ‰∏≠ÂÆâÂÆæÈ¶Ü
    [channel] => 
    [vehicle] => Array
        (
            [plate] => È≤ÅJLL4LÊåÇ
            [color] => 
            [brand] => 
            [type] => 
        )

    [savepath] => qingbao/2016-12-09/3701050905/7-46-56È≤ÅJLL4LÊåÇ.jpg
)
Array
(
    [time] => 2016-12-09 07:48:58
    [dev] => 3701050905
    [name] => ‰∏≠ÂÆâÂÆæÈ¶Ü
    [channel] => 
    [vehicle] => Array
        (
            [plate] => È≤ÅJLL4LÊåÇ
            [color] => 
            [brand] => 
            [type] => 
        )

    [savepath] => qingbao/2016-12-09/3701050905/7-46-56È≤ÅJLL4LÊåÇ.jpg
    [_id] => MongoId Object
        (
            [$id] => 5849f0f093b3948636befba4
        )

)

123 successs

211 successs
ËΩ¶Áâå is È≤ÅA567MJ  corlor is 1
SZ<br />
<b>Deprecated</b>:  Function MongoDB::authenticate() is deprecated in <b>/var/www/html/picUpload.php</b> on line <b>50</b><br />
Array
(
    [time] => 2016-12-09 07:53:09
    [dev] => 3701050905
    [name] => ‰∏≠ÂÆâÂÆæÈ¶Ü
    [channel] => 
    [vehicle] => Array
        (
            [plate] => È≤ÅA567MJ
            [color] => 
            [brand] => 
            [type] => 
        )

    [savepath] => qingbao/2016-12-09/3701050905/7-51-08È≤ÅA567MJ.jpg
)
Array
(
    [time] => 2016-12-09 07:53:09
    [dev] => 3701050905
    [name] => ‰∏≠ÂÆâÂÆæÈ¶Ü
    [channel] => 
    [vehicle] => Array
        (
            [plate] => È≤ÅA567MJ
            [color] => 
            [brand] => 
            [type] => 
        )

    [savepath] => qingbao/2016-12-09/3701050905/7-51-08È≤ÅA567MJ.jpg
    [_id] => MongoId Object
        (
            [$id] => 5849f1ec93b394762abefc58
        )

)

123 successs

211 successs
ËΩ¶Áâå is È≤ÅAP778A  corlor is 1
SZ<br />
<b>Deprecated</b>:  Function MongoDB::authenticate() is deprecated in <b>/var/www/html/picUpload.php</b> on line <b>50</b><br />
Array
(
    [time] => 2016-12-09 07:57:01
    [dev] => 3701050905
    [name] => ‰∏≠ÂÆâÂÆæÈ¶Ü
    [channel] => 
    [vehicle] => Array
        (
            [plate] => È≤ÅAP778A
            [color] => 
            [brand] => 
            [type] => 
        )

    [savepath] => qingbao/2016-12-09/3701050905/7-54-59È≤ÅAP778A.jpg
)
Array
(
    [time] => 2016-12-09 07:57:01
    [dev] => 3701050905
    [name] => ‰∏≠ÂÆâÂÆæÈ¶Ü
    [channel] => 
    [vehicle] => Array
        (
            [plate] => È≤ÅAP778A
            [color] => 
            [brand] => 
            [type] => 
        )

    [savepath] => qingbao/2016-12-09/3701050905/7-54-59È≤ÅAP778A.jpg
    [_id] => MongoId Object
        (
            [$id] => 5849f2d393b394993bbefb99
        )

)

123 successs

211 successs
ËΩ¶Áâå is È≤ÅACC200  corlor is 1
SZ<br />
<b>Deprecated</b>:  Function MongoDB::authenticate() is deprecated in <b>/var/www/html/picUpload.php</b> on line <b>50</b><br />
Array
(
    [time] => 2016-12-09 08:04:52
    [dev] => 3701050905
    [name] => ‰∏≠ÂÆâÂÆæÈ¶Ü
    [channel] => 
    [vehicle] => Array
        (
            [plate] => È≤ÅACC200
            [color] => 
            [brand] => 
            [type] => 
        )

    [savepath] => qingbao/2016-12-09/3701050905/8-02-51È≤ÅACC200.jpg
)
Array
(
    [time] => 2016-12-09 08:04:52
    [dev] => 3701050905
    [name] => ‰∏≠ÂÆâÂÆæÈ¶Ü
    [channel] => 
    [vehicle] => Array
        (
            [plate] => È≤ÅACC200
            [color] => 
            [brand] => 
            [type] => 
        )

    [savepath] => qingbao/2016-12-09/3701050905/8-02-51È≤ÅACC200.jpg
    [_id] => MongoId Object
        (
            [$id] => 5849f4ab93b394333fbefbb8
        )

)

123 successs

211 successs
ËΩ¶Áâå is È≤ÅA21P56  corlor is 1
SZ<br />
<b>Deprecated</b>:  Function MongoDB::authenticate() is deprecated in <b>/var/www/html/picUpload.php</b> on line <b>50</b><br />
Array
(
    [time] => 2016-12-09 08:09:21
    [dev] => 3701050905
    [name] => ‰∏≠ÂÆâÂÆæÈ¶Ü
    [channel] => 
    [vehicle] => Array
        (
            [plate] => È≤ÅA21P56
            [color] => 
            [brand] => 
            [type] => 
        )

    [savepath] => qingbao/2016-12-09/3701050905/8-07-20È≤ÅA21P56.jpg
)
Array
(
    [time] => 2016-12-09 08:09:21
    [dev] => 3701050905
    [name] => ‰∏≠ÂÆâÂÆæÈ¶Ü
    [channel] => 
    [vehicle] => Array
        (
            [plate] => È≤ÅA21P56
            [color] => 
            [brand] => 
            [type] => 
        )

    [savepath] => qingbao/2016-12-09/3701050905/8-07-20È≤ÅA21P56.jpg
    [_id] => MongoId Object
        (
            [$id] => 5849f5b893b394333fbefbeb
        )

)

123 successs

211 successs
ËΩ¶Áâå is È≤ÅA59581  corlor is 1
SZ<br />
<b>Deprecated</b>:  Function MongoDB::authenticate() is deprecated in <b>/var/www/html/picUpload.php</b> on line <b>50</b><br />
Array
(
    [time] => 2016-12-09 08:11:20
    [dev] => 3701050905
    [name] => ‰∏≠ÂÆâÂÆæÈ¶Ü
    [channel] => 
    [vehicle] => Array
        (
            [plate] => È≤ÅA59581
            [color] => 
            [brand] => 
            [type] => 
        )

    [savepath] => qingbao/2016-12-09/3701050905/8-09-19È≤ÅA59581.jpg
)
Array
(
    [time] => 2016-12-09 08:11:20
    [dev] => 3701050905
    [name] => ‰∏≠ÂÆâÂÆæÈ¶Ü
    [channel] => 
    [vehicle] => Array
        (
            [plate] => È≤ÅA59581
            [color] => 
            [brand] => 
            [type] => 
        )

    [savepath] => qingbao/2016-12-09/3701050905/8-09-19È≤ÅA59581.jpg
    [_id] => MongoId Object
        (
            [$id] => 5849f62f93b3945240befbd6
        )

)

123 successs

211 successs
ËΩ¶Áâå is È≤ÅAH785A  corlor is 1
SZ<br />
<b>Deprecated</b>:  Function MongoDB::authenticate() is deprecated in <b>/var/www/html/picUpload.php</b> on line <b>50</b><br />
Array
(
    [time] => 2016-12-09 08:11:48
    [dev] => 3701050905
    [name] => ‰∏≠ÂÆâÂÆæÈ¶Ü
    [channel] => 
    [vehicle] => Array
        (
            [plate] => È≤ÅAH785A
            [color] => 
            [brand] => 
            [type] => 
        )

    [savepath] => qingbao/2016-12-09/3701050905/8-09-47È≤ÅAH785A.jpg
)
Array
(
    [time] => 2016-12-09 08:11:48
    [dev] => 3701050905
    [name] => ‰∏≠ÂÆâÂÆæÈ¶Ü
    [channel] => 
    [vehicle] => Array
        (
            [plate] => È≤ÅAH785A
            [color] => 
            [brand] => 
            [type] => 
        )

    [savepath] => qingbao/2016-12-09/3701050905/8-09-47È≤ÅAH785A.jpg
    [_id] => MongoId Object
        (
            [$id] => 5849f64b93b394333fbefc00
        )

)

123 successs

211 successs
ËΩ¶Áâå is È≤ÅA57J31  corlor is 1
SZ<br />
<b>Deprecated</b>:  Function MongoDB::authenticate() is deprecated in <b>/var/www/html/picUpload.php</b> on line <b>50</b><br />
Array
(
    [time] => 2016-12-09 08:18:08
    [dev] => 3701050905
    [name] => ‰∏≠ÂÆâÂÆæÈ¶Ü
    [channel] => 
    [vehicle] => Array
        (
            [plate] => È≤ÅA57J31
            [color] => 
            [brand] => 
            [type] => 
        )

    [savepath] => qingbao/2016-12-09/3701050905/8-16-07È≤ÅA57J31.jpg
)
Array
(
    [time] => 2016-12-09 08:18:08
    [dev] => 3701050905
    [name] => ‰∏≠ÂÆâÂÆæÈ¶Ü
    [channel] => 
    [vehicle] => Array
        (
            [plate] => È≤ÅA57J31
            [color] => 
            [brand] => 
            [type] => 
        )

    [savepath] => qingbao/2016-12-09/3701050905/8-16-07È≤ÅA57J31.jpg
    [_id] => MongoId Object
        (
            [$id] => 5849f7c793b3947445befbc4
        )

)

123 successs

211 successs
ËΩ¶Áâå is È≤ÅX280L1  corlor is 1
SZ<br />
<b>Deprecated</b>:  Function MongoDB::authenticate() is deprecated in <b>/var/www/html/picUpload.php</b> on line <b>50</b><br />
Array
(
    [time] => 2016-12-09 08:37:05
    [dev] => 3701050905
    [name] => ‰∏≠ÂÆâÂÆæÈ¶Ü
    [channel] => 
    [vehicle] => Array
        (
            [plate] => È≤ÅX280L1
            [color] => 
            [brand] => 
            [type] => 
        )

    [savepath] => qingbao/2016-12-09/3701050905/8-35-05È≤ÅX280L1.jpg
)
Array
(
    [time] => 2016-12-09 08:37:05
    [dev] => 3701050905
    [name] => ‰∏≠ÂÆâÂÆæÈ¶Ü
    [channel] => 
    [vehicle] => Array
        (
            [plate] => È≤ÅX280L1
            [color] => 
            [brand] => 
            [type] => 
        )

    [savepath] => qingbao/2016-12-09/3701050905/8-35-05È≤ÅX280L1.jpg
    [_id] => MongoId Object
        (
            [$id] => 5849fc3993b394c354befba0
        )

)

123 successs

211 successs
ËΩ¶Áâå is È≤ÅAX280L  corlor is 1
SZ<br />
<b>Deprecated</b>:  Function MongoDB::authenticate() is deprecated in <b>/var/www/html/picUpload.php</b> on line <b>50</b><br />
Array
(
    [time] => 2016-12-09 08:37:13
    [dev] => 3701050905
    [name] => ‰∏≠ÂÆâÂÆæÈ¶Ü
    [channel] => 
    [vehicle] => Array
        (
            [plate] => È≤ÅAX280L
            [color] => 
            [brand] => 
            [type] => 
        )

    [savepath] => qingbao/2016-12-09/3701050905/8-35-12È≤ÅAX280L.jpg
)
Array
(
    [time] => 2016-12-09 08:37:13
    [dev] => 3701050905
    [name] => ‰∏≠ÂÆâÂÆæÈ¶Ü
    [channel] => 
    [vehicle] => Array
        (
            [plate] => È≤ÅAX280L
            [color] => 
            [brand] => 
            [type] => 
        )

    [savepath] => qingbao/2016-12-09/3701050905/8-35-12È≤ÅAX280L.jpg
    [_id] => MongoId Object
        (
            [$id] => 5849fc4093b394333fbefcea
        )

)

123 successs

211 successs
ËΩ¶Áâå is È≤ÅARE500  corlor is 1
SZ<br />
<b>Deprecated</b>:  Function MongoDB::authenticate() is deprecated in <b>/var/www/html/picUpload.php</b> on line <b>50</b><br />
Array
(
    [time] => 2016-12-09 09:11:37
    [dev] => 3701050905
    [name] => ‰∏≠ÂÆâÂÆæÈ¶Ü
    [channel] => 
    [vehicle] => Array
        (
            [plate] => È≤ÅARE500
            [color] => 
            [brand] => 
            [type] => 
        )

    [savepath] => qingbao/2016-12-09/3701050905/9-09-36È≤ÅARE500.jpg
)
Array
(
    [time] => 2016-12-09 09:11:37
    [dev] => 3701050905
    [name] => ‰∏≠ÂÆâÂÆæÈ¶Ü
    [channel] => 
    [vehicle] => Array
        (
            [plate] => È≤ÅARE500
            [color] => 
            [brand] => 
            [type] => 
        )

    [savepath] => qingbao/2016-12-09/3701050905/9-09-36È≤ÅARE500.jpg
    [_id] => MongoId Object
        (
            [$id] => 584a045093b394d861befbd4
        )

)

123 successs

211 successs
ËΩ¶Áâå is È≤ÅAE9P99  corlor is 1
SZ<br />
<b>Deprecated</b>:  Function MongoDB::authenticate() is deprecated in <b>/var/www/html/picUpload.php</b> on line <b>50</b><br />
Array
(
    [time] => 2016-12-09 09:40:52
    [dev] => 3701050905
    [name] => ‰∏≠ÂÆâÂÆæÈ¶Ü
    [channel] => 
    [vehicle] => Array
        (
            [plate] => È≤ÅAE9P99
            [color] => 
            [brand] => 
            [type] => 
        )

    [savepath] => qingbao/2016-12-09/3701050905/9-38-50È≤ÅAE9P99.jpg
)
Array
(
    [time] => 2016-12-09 09:40:52
    [dev] => 3701050905
    [name] => ‰∏≠ÂÆâÂÆæÈ¶Ü
    [channel] => 
    [vehicle] => Array
        (
            [plate] => È≤ÅAE9P99
            [color] => 
            [brand] => 
            [type] => 
        )

    [savepath] => qingbao/2016-12-09/3701050905/9-38-50È≤ÅAE9P99.jpg
    [_id] => MongoId Object
        (
            [$id] => 584a0b2a93b394b879befb99
        )

)

123 successs

211 successs
ËΩ¶Áâå is È≤ÅA52H15  corlor is 1
SZ<br />
<b>Deprecated</b>:  Function MongoDB::authenticate() is deprecated in <b>/var/www/html/picUpload.php</b> on line <b>50</b><br />
Array
(
    [time] => 2016-12-09 09:51:13
    [dev] => 3701050905
    [name] => ‰∏≠ÂÆâÂÆæÈ¶Ü
    [channel] => 
    [vehicle] => Array
        (
            [plate] => È≤ÅA52H15
            [color] => 
            [brand] => 
            [type] => 
        )

    [savepath] => qingbao/2016-12-09/3701050905/9-49-12È≤ÅA52H15.jpg
)
Array
(
    [time] => 2016-12-09 09:51:13
    [dev] => 3701050905
    [name] => ‰∏≠ÂÆâÂÆæÈ¶Ü
    [channel] => 
    [vehicle] => Array
        (
            [plate] => È≤ÅA52H15
            [color] => 
            [brand] => 
            [type] => 
        )

    [savepath] => qingbao/2016-12-09/3701050905/9-49-12È≤ÅA52H15.jpg
    [_id] => MongoId Object
        (
            [$id] => 584a0d9893b394ec7abefbd3
        )

)

123 successs

211 successs
ËΩ¶Áâå is È≤ÅA373ZV  corlor is 1
SZ<br />
<b>Deprecated</b>:  Function MongoDB::authenticate() is deprecated in <b>/var/www/html/picUpload.php</b> on line <b>50</b><br />
Array
(
    [time] => 2016-12-09 09:54:19
    [dev] => 3701050905
    [name] => ‰∏≠ÂÆâÂÆæÈ¶Ü
    [channel] => 
    [vehicle] => Array
        (
            [plate] => È≤ÅA373ZV
            [color] => 
            [brand] => 
            [type] => 
        )

    [savepath] => qingbao/2016-12-09/3701050905/9-52-18È≤ÅA373ZV.jpg
)
Array
(
    [time] => 2016-12-09 09:54:19
    [dev] => 3701050905
    [name] => ‰∏≠ÂÆâÂÆæÈ¶Ü
    [channel] => 
    [vehicle] => Array
        (
            [plate] => È≤ÅA373ZV
            [color] => 
            [brand] => 
            [type] => 
        )

    [savepath] => qingbao/2016-12-09/3701050905/9-52-18È≤ÅA373ZV.jpg
    [_id] => MongoId Object
        (
            [$id] => 584a0e5293b3942277befc14
        )

)

123 successs

211 successs
ËΩ¶Áâå is È≤ÅA602TG  corlor is 1
SZ<br />
<b>Deprecated</b>:  Function MongoDB::authenticate() is deprecated in <b>/var/www/html/piVIDEO-2016-11-11 UNENCRY
ËΩ¶Áâå is È≤ÅAJH573  corlor is 1
SZ<br />
<b>Deprecated</b>:  Function MongoDB::authenticate() is deprecated in <b>/var/www/html/picUpload.php</b> on line <b>50</b><br />
Array
(
    [time] => 2016-12-09 00:30:47
    [dev] => 3701050905
    [name] => ‰∏≠ÂÆâÂÆæÈ¶Ü
    [channel] => 
    [vehicle] => Array
        (
            [plate] => È≤ÅAJH573
            [color] => 
            [brand] => 
            [type] => 
        )

    [savepath] => qingbao/2016-12-09/3701050905/0-28-47È≤ÅAJH573.jpg
)
Array
(
    [time] => 2016-12-09 00:30:47
    [dev] => 3701050905
    [name] => ‰∏≠ÂÆâÂÆæÈ¶Ü
    [channel] => 
    [vehicle] => Array
        (
            [plate] => È≤ÅAJH573
            [color] => 
            [brand] => 
            [type] => 
        )

    [savepath] => qingbao/2016-12-09/3701050905/0-28-47È≤ÅAJH573.jpg
    [_id] => MongoId Object
        (
            [$id] => 58498a3f93b3946b46befcee
        )

)

123 successs

211 successs
ËΩ¶Áâå is È≤ÅF17111  corlor is 1
SZ<br />
<b>Deprecated</b>:  Function MongoDB::authenticate() is deprecated in <b>/var/www/html/picUpload.php</b> on line <b>50</b><br />
Array
(
    [time] => 2016-12-09 07:49:16
    [dev] => 3701050905
    [name] => ‰∏≠ÂÆâÂÆæÈ¶Ü
    [channel] => 
    [vehicle] => Array
        (
            [plate] => È≤ÅF17111
            [color] => 
            [brand] => 
            [type] => 
        )

    [savepath] => qingbao/2016-12-09/3701050905/7-47-15È≤ÅF17111.jpg
)
Array
(
    [time] => 2016-12-09 07:49:16
    [dev] => 3701050905
    [name] => ‰∏≠ÂÆâÂÆæÈ¶Ü
    [channel] => 
    [vehicle] => Array
        (
            [plate] => È≤ÅF17111
            [color] => 
            [brand] => 
            [type] => 
        )

    [savepath] => qingbao/2016-12-09/3701050905/7-47-15È≤ÅF17111.jpg
    [_id] => MongoId Object
        (
            [$id] => 5849f10393b394d437befb93
        )

)

123 successs

211 successs
ËΩ¶Áâå is È≤ÅA57J70  corlor is 1
SZ<br />
<b>Deprecated</b>:  Function MongoDB::authenticate() is deprecated in <b>/var/www/html/picUpload.php</b> on line <b>50</b><br />
Array
(
    [time] => 2016-12-09 07:49:21
    [dev] => 3701050905
    [name] => ‰∏≠ÂÆâÂÆæÈ¶Ü
    [channel] => 
    [vehicle] => Array
        (
            [plate] => È≤ÅA57J70
            [color] => 
            [brand] => 
            [type] => 
        )

    [savepath] => qingbao/2016-12-09/3701050905/7-47-19È≤ÅA57J70.jpg
)
Array
(
    [time] => 2016-12-09 07:49:21
    [dev] => 3701050905
    [name] => ‰∏≠ÂÆâÂÆæÈ¶Ü
    [channel] => 
    [vehicle] => Array
        (
            [plate] => È≤ÅA57J70
            [color] => 
            [brand] => 
            [type] => 
        )

    [savepath] => qingbao/2016-12-09/3701050905/7-47-19È≤ÅA57J70.jpg
    [_id] => MongoId Object
        (
            [$id] => 5849f10793b394d437befb94
        )

)

123 successs

211 successs
ËΩ¶Áâå is È≤ÅA363SJ  corlor is 1
            [error]         [eroor 134524395]

211 successs
ËΩ¶Áâå is È≤ÅAT8843  corlor is 1
SZ<br />
<b>Deprecated</b>:  Function MongoDB::authenticate() is deprecated in <b>/var/www/html/picUpload.php</b> on line <b>50</b><br />
Array
(
    [time] => 2016-12-09 09:07:42
    [dev] => 3701050905
    [name] => ‰∏≠ÂÆâÂÆæÈ¶Ü
    [channel] => 
    [vehicle] => Array
        (
            [plate] => È≤ÅAT8843
            [color] => 
            [brand] => 
            [type] => 
        )

    [savepath] => qingbao/2016-12-09/3701050905/9-05-41È≤ÅAT8843.jpg
)
Array
(
    [time] => 2016-12-09 09:07:42
    [dev] => 3701050905
    [name] => ‰∏≠ÂÆâÂÆæÈ¶Ü
    [channel] => 
    [vehicle] => Array
        (
            [plate] => È≤ÅAT8843
            [color] => 
            [brand] => 
            [type] => 
        )

    [savepath] => qingbao/2016-12-09/3701050905/9-05-41È≤ÅAT8843.jpg
    [_id] => MongoId Object
        (
            [$id] => 584a036593b394cf56befbd7
        )

)

123 successs

211 successs
ËΩ¶Áâå is È≤ÅADF695  corlor is 1
SZ<br />
<b>Deprecated</b>:  Function MongoDB::authenticate() is deprecated in <b>/var/www/html/picUpload.php</b> on line <b>50</cUpload.php</b> on line <b>50</b><br />
Array
(
    [time] => 2016-12-09 09:58:59
    [dev] => 3701050905
    [name] => ‰∏≠ÂÆâÂÆæÈ¶Ü
    [channel] => 
    [vehicle] => Array
        (
            [plate] => È≤ÅA602TG
            [color] => 
            [brand] => 
            [type] => 
        )

    [savepath] => qingbao/2016-12-09/3701050905/9-56-57È≤ÅA602TG.jpg
)
Array
(
    [time] => 2016-12-09 09:58:59
    [dev] => 3701050905
    [name] => ‰∏≠ÂÆâÂÆæÈ¶Ü
    [channel] => 
    [vehicle] => Array
        (
            [plate] => È≤ÅA602TG
            [color] => 
            [brand] => 
            [type] => 
        )

    [savepath] => qingbao/2016-12-09/3701050905/9-56-57È≤ÅA602TG.jpg
    [_id] => MongoId Object
        (
            [$id] => 584a0f6993b3948e03befba0
        )

)

123 successs

211 successs
ËΩ¶Áâå is È≤ÅA57602  corlor is 1
SZ<br />
<b>Deprecated</b>:  Function MongoDB::authenticate() is deprecated in <b>/var/www/html/picUpload.php</b> on line <b>50</b><br />
Array
(
    [time] => 2016-12-09 10:38:24
    [dev] => 3701050905
    [name] => ‰∏≠ÂÆâÂÆæÈ¶Ü
    [channel] => 
    [vehicle] => Array
        (
            [plate] => È≤ÅA57602
            [color] => 
            [brand] => 
            [type] => 
        )

    [savepath] => qingbao/2016-12-09/3701050905/10-36-23È≤ÅA57602.jpg
)
Array
(
    [time] => 2016-12-09 10:38:24
    [dev] => 3701050905
    [name] => ‰∏≠ÂÆâÂÆæÈ¶Ü
    [channel] => 
    [vehicle] => Array
        (
            [plate] => È≤ÅA57602
            [color] => 
            [brand] => 
            [type] => 
        )

    [savepath] => qingbao/2016-12-09/3701050905/10-36-23È≤ÅA57602.jpg
    [_id] => MongoId Object
        (
            [$id] => 584a18a793b394850ebefbe7
        )

)

123 successs

211 successs
ËΩ¶Áâå is È≤ÅAMA710  corlor is 1
SZ<br />
<b>Deprecated</b>:  Function MongoDB::authenticate() is deprecated in <b>/var/www/html/picUpload.php</b> on line <b>50</b><br />
Array
(
    [time] => 2016-12-09 11:04:09
    [dev] => 3701050905
    [name] => ‰∏≠ÂÆâÂÆæÈ¶Ü
    [channel] => 
    [vehicle] => Array
        (
            [plate] => È≤ÅAMA710
            [color] => 
            [brand] => 
            [type] => 
        )

    [savepath] => qingbao/2016-12-09/3701050905/11-02-07È≤ÅAMA710.jpg
)
Array
(
    [time] => 2016-12-09 11:04:09
    [dev] => 3701050905
    [name] => ‰∏≠ÂÆâÂÆæÈ¶Ü
    [channel] => 
    [vehicle] => Array
        (
            [plate] => È≤ÅAMA710
            [color] => 
            [brand] => 
            [type] => 
        )

    [savepath] => qingbao/2016-12-09/3701050905/11-02-07È≤ÅAMA710.jpg
    [_id] => MongoId Object
        (
            [$id] => 584a1eaf93b394f805befcd3
        )

)

123 successs

211 successs
ËΩ¶Áâå is È≤ÅA366AH  corlor is 1
SZ<br />
<b>Deprecated</b>:  Function MongoDB::authenticate() is deprecated in <b>/var/www/html/picUpload.php</b> on line <b>50</b><br />
Array
(
    [time] => 2016-12-09 11:21:20
    [dev] => 3701050905
    [name] => ‰∏≠ÂÆâÂÆæÈ¶Ü
    [channel] => 
    [vehicle] => Array
        (
            [plate] => È≤ÅA366AH
            [color] => 
            [brand] => 
            [type] => 
        )

    [savepath] => qingbao/2016-12-09/3701050905/11-19-18È≤ÅA366AH.jpg
)
Array
(
    [time] => 2016-12-09 11:21:20
    [dev] => 3701050905
    [name] => ‰∏≠ÂÆâÂÆæÈ¶Ü
    [channel] => 
    [vehicle] => Array
        (
            [plate] => È≤ÅA366AH
            [color] => 
            [brand] => 
            [type] => 
        )

    [savepath] => qingbao/2016-12-09/3701050905/11-19-18È≤ÅA366AH.jpg
    [_id] => MongoId Object
        (
            [$id] => 584a22b693b394d01fbefc05
        )

)

123 successs

211 successs
ËΩ¶Áâå is È≤ÅAF21AL  corlor is 1
SZ<br />
<b>Deprecated</b>:  Function MongoDB::authenticate() is deprecated in <b>/var/www/html/picUpload.php</b> on line <b>50</b><br />
Array
(
    [time] => 2016-12-09 11:29:19
    [dev] => 3701050905
    [name] => ‰∏≠ÂÆâÂÆæÈ¶Ü
    [channel] => 
    [vehicle] => Array
        (
            [plate] => È≤ÅAF21AL
            [color] => 
            [brand] => 
         b><br />
Array
(
    [time] => 2016-12-09 10:38:32
    [dev] => 3701050905
    [name] => ‰∏≠ÂÆâÂÆæÈ¶Ü
    [channel] => 
    [vehicle] => Array
        (
            [plate] => È≤ÅADF695
            [color] => 
            [brand] => 
            [type] => 
        )

    [savepath] => qingbao/2016-12-09/3701050905/10-36-30È≤ÅADF695.jpg
)
Array
(
    [time] => 2016-12-09 10:38:32
    [dev] => 3701050905
    [name] => ‰∏≠ÂÆâÂÆæÈ¶Ü
    [channel] => 
    [vehicle] => Array
        (
            [plate] => È≤ÅADF695
            [color] => 
            [brand] => 
            [type] => 
        )

    [savepath] => qingbao/2016-12-09/3701050905/10-36-30È≤ÅADF695.jpg
    [_id] => MongoId Object
        (
            [$id] => 584a18ae93b394ac14befbc3
        )

)

123 successs

211 successs
ËΩ¶Áâå is È≤ÅA030GU  corlor is 1
SZ<br />
<b>Deprecated</b>:  Function MongoDB::authenticate() is deprecated in <b>/var/www/html/picUpload.php</b> on line <b>50</b><br />
Array
(
    [time] => 2016-12-09 10:52:05
    [dev] => 3701050905
    [name] => ‰∏≠ÂÆâÂÆæÈ¶Ü
    [channel] => 
    [vehicle] => Array
        (
            [plate] => È≤ÅA030GU
            [color] => 
            [brand] => 
            [type] => 
        )

    [savepath] => qingbao/2016-12-09/3701050905/10-50-03È≤ÅA030GU.jpg
)
Array
(
    [time] => 2016-12-09 10:52:05
    [dev] => 3701050905
    [name] => ‰∏≠ÂÆâÂÆæÈ¶Ü
    [channel] => 
    [vehicle] => Array
        (
            [plate] => È≤ÅA030GU
            [color] => 
            [brand] => 
            [type] => 
        )

    [savepath] => qingbao/2016-12-09/3701050905/10-50-03È≤ÅA030GU.jpg
    [_id] => MongoId Object
        (
            [$id] => 584a1bdb93b394611fbefb91
        )

)

123 successs

211 successs
ËΩ¶Áâå is È≤ÅA030GC  corlor is 1
SZ<br />
<b>Deprecated</b>:  Function MongoDB::authenticate() is deprecated in <b>/var/www/html/picUpload.php</b> on line <b>50</b><br />
Array
(
    [time] => 2016-12-09 11:24:37
    [dev] => 3701050905
    [name] => ‰∏≠ÂÆâÂÆæÈ¶Ü
    [channel] => 
    [vehicle] => Array
        (
            [plate] => È≤ÅA030GC
            [color] => 
            [brand] => 
            [type] => 
        )

    [savepath] => qingbao/2016-12-09/3701050905/11-22-35È≤ÅA030GC.jpg
)
Array
(
    [time] => 2016-12-09 11:24:37
    [dev] => 3701050905
    [name] => ‰∏≠ÂÆâÂÆæÈ¶Ü
    [channel] => 
    [vehicle] => Array
        (
            [plate] => È≤ÅA030GC
            [color] => 
            [brand] => 
            [type] => 
        )

    [savepath] => qingbao/2016-12-09/3701050905/11-22-35È≤ÅA030GC.jpg
    [_id] => MongoId Object
        (
            [$id] => 584a237b93b394b123befc02
        )

)

123 successs

211 successs
ËΩ¶Áâå is È≤ÅB020P5  corlor is 1
SZ<br />
<b>Deprecated</b>:  Function MongoDB::authenticate() is deprecated in <b>/var/www/html/picUpload.php</b> on line <b>50</b><br />
Array
(
    [time] => 2016-12-09 11:28:00
    [dev] => 3701050905
    [name] => ‰∏≠ÂÆâÂÆæÈ¶Ü
    [channel] => 
    [vehicle] => Array
        (
            [plate] => È≤ÅB020P5
            [color] => 
            [brand] => 
            [type] => 
        )

    [savepath] => qingbao/2016-12-09/3701050905/11-25-58È≤ÅB020P5.jpg
)
Array
(
    [time] => 2016-12-09 11:28:00
    [dev] => 3701050905
    [name] => ‰∏≠ÂÆâÂÆæÈ¶Ü
    [channel] => 
    [vehicle] => Array
        (
            [plate] => È≤ÅB020P5
            [color] => 
            [brand] => 
            [type] => 
        )

    [savepath] => qingbao/2016-12-09/3701050905/11-25-58È≤ÅB020P5.jpg
    [_id] => MongoId Object
        (
            [$id] => 584a244693b394cd21befc06
        )

)

123 successs

211 successs
ËΩ¶Áâå is È≤ÅAE9P99  corlor is 1
SZ<br />
<b>Deprecated</b>:  Function MongoDB::authenticate() is deprecated in <b>/var/www/html/picUpload.php</b> on line <b>50</b><br />
Array
(
    [time] => 2016-12-09 11:46:23
    [dev] => 3701050905
    [name] => ‰∏≠ÂÆâÂÆæÈ¶Ü
    [channel] => 
    [vehicle] => Array
        (
            [plate] => È≤ÅAE9P99
            [color] => 
            [brand] => 
            [type] => 
        )

       [type] => 
        )

    [savepath] => qingbao/2016-12-09/3701050905/11-27-17È≤ÅAF21AL.jpg
)
Array
(
    [time] => 2016-12-09 11:29:19
    [dev] => 3701050905
    [name] => ‰∏≠ÂÆâÂÆæÈ¶Ü
    [channel] => 
    [vehicle] => Array
        (
            [plate] => È≤ÅAF21AL
            [color] => 
            [brand] => 
            [type] => 
        )

    [savepath] => qingbao/2016-12-09/3701050905/11-27-17È≤ÅAF21AL.jpg
    [_id] => MongoId Object
        (
            [$id] => 584a249593b394cd21befc0e
        )

)

123 successs

211 successs
ËΩ¶Áâå is È≤ÅACF218  corlor is 1
SZ<br />
<b>Deprecated</b>:  Function MongoDB::authenticate() is deprecated in <b>/var/www/html/picUpload.php</b> on line <b>50</b><br />
Array
(
    [time] => 2016-12-09 11:29:23
    [dev] => 3701050905
    [name] => ‰∏≠ÂÆâÂÆæÈ¶Ü
    [channel] => 
    [vehicle] => Array
        (
            [plate] => È≤ÅACF218
            [color] => 
            [brand] => 
            [type] => 
        )

    [savepath] => qingbao/2016-12-09/3701050905/11-27-22È≤ÅACF218.jpg
)
Array
(
    [time] => 2016-12-09 11:29:23
    [dev] => 3701050905
    [name] => ‰∏≠ÂÆâÂÆæÈ¶Ü
    [channel] => 
    [vehicle] => Array
        (
            [plate] => È≤ÅACF218
            [color] => 
            [brand] => 
            [type] => 
        )

    [savepath] => qingbao/2016-12-09/3701050905/11-27-22È≤ÅACF218.jpg
    [_id] => MongoId Object
        (
            [$id] => 584a249a93b3945b26befc14
        )

)

123 successs

211 successs
ËΩ¶Áâå is È≤ÅAX575F  corlor is 1
SZ<br />
<b>Deprecated</b>:  Function MongoDB::authenticate() is deprecated in <b>/var/www/html/picUpload.php</b> on line <b>50</b><br />
Array
(
    [time] => 2016-12-09 11:46:43
    [dev] => 3701050905
    [name] => ‰∏≠ÂÆâÂÆæÈ¶Ü
    [channel] => 
    [vehicle] => Array
        (
            [plate] => È≤ÅAX575F
            [color] => 
            [brand] => 
            [type] => 
        )

    [savepath] => qingbao/2016-12-09/3701050905/11-44-41È≤ÅAX575F.jpg
)
Array
(
    [time] => 2016-12-09 11:46:43
    [dev] => 3701050905
    [name] => ‰∏≠ÂÆâÂÆæÈ¶Ü
    [channel] => 
    [vehicle] => Array
        (
            [plate] => È≤ÅAX575F
            [color] => 
            [brand] => 
            [type] => 
        )

    [savepath] => qingbao/2016-12-09/3701050905/11-44-41È≤ÅAX575F.jpg
    [_id] => MongoId Object
        (
            [$id] => 584a28a993b3943b30befbed
        )

)

123 successs

211 successs
ËΩ¶Áâå is È≤ÅH188NN  corlor is 1
SZ<br />
<b>Deprecated</b>:  Function MongoDB::authenticate() is deprecated in <b>/var/www/html/picUpload.php</b> on line <b>50</b><br />
Array
(
    [time] => 2016-12-09 11:57:24
    [dev] => 3701050905
    [name] => ‰∏≠ÂÆâÂÆæÈ¶Ü
    [channel] => 
    [vehicle] => Array
        (
            [plate] => È≤ÅH188NN
            [color] => 
            [brand] => 
            [type] => 
        )

    [savepath] => qingbao/2016-12-09/3701050905/11-55-22È≤ÅH188NN.jpg
)
Array
(
    [time] => 2016-12-09 11:57:24
    [dev] => 3701050905
    [name] => ‰∏≠ÂÆâÂÆæÈ¶Ü
    [channel] => 
    [vehicle] => Array
        (
            [plate] => È≤ÅH188NN
            [color] => 
            [brand] => 
            [type] => 
        )

    [savepath] => qingbao/2016-12-09/3701050905/11-55-22È≤ÅH188NN.jpg
    [_id] => MongoId Object
        (
            [$id] => 584a2b2a93b3942a3dbefbab
        )

)

123 successs

211 successs
ËΩ¶Áâå is ‰∫¨GRE876  corlor is 1
SZ<br />
<b>Deprecated</b>:  Function MongoDB::authenticate() is deprecated in <b>/var/www/html/picUpload.php</b> on line <b>50</b><br />
Array
(
    [time] => 2016-12-09 12:49:42
    [dev] => 3701050905
    [name] => ‰∏≠ÂÆâÂÆæÈ¶Ü
    [channel] => 
    [vehicle] => Array
        (
            [plate] => ‰∫¨GRE876
            [color] => 
            [brand] => 
            [type] => 
        )

    [savepath] => qingbao/2016-12-09/3701050905/12-47-39‰∫¨GRE876.jpg
)
Array
(
    [time] => 2016-12-09 12:49:42
    [dev] => 3701050905
    [name] => ‰∏≠ÂÆâÂÆæÈ¶Ü
    [channel] => 
    [vehicle] => Array
        (
            [plate] => ‰∫¨GRE876
            [color] => 
            [brand] => 
            [type] => 
        )

    [savepath] => qingbao/2016-12-09/3701050905/12-47-39‰∫¨GRE876.jpg
    [_id] => MongoId Object
        (
            [$id] => 584a376b93b3946d42befc63
        )

)

123 successs

211 successs
ËΩ¶Áâå is È≤ÅA363SJ  corlor is 1
SZ<br />
<b>Deprecated</b>:  Function MongoDB::authenticate() is deprecated in <b>/var/www/html/picUpload.php</b> on line <b>50</b><br />
Array
(
    [time] => 2016-12-09 13:04:40
    [dev] => 3701050905
    [name] => ‰∏≠ÂÆâÂÆæÈ¶Ü
    [channel] => 
    [vehicle] => Array
        (
            [plate] => È≤ÅA363SJ
            [color] => 
            [brand] => 
            [type] => 
        )

    [savepath] => qingbao/2016-12-09/3701050905/13-02-38È≤ÅA363SJ.jpg
)
Array
(
    [time] => 2016-12-09 13:04:40
    [dev] => 3701050905
    [name] => ‰∏≠ÂÆâÂÆæÈ¶Ü
    [channel] => 
    [vehicle] => Array
        (
            [plate] => È≤ÅA363SJ
            [color] => 
            [brand] => 
            [type] => 
        )

    [savepath] => qingbao/2016-12-09/3701050905/13-02-38È≤ÅA363SJ.jpg
    [_id] => MongoId Object
        (
            [$id] => 584a3aee93b3943f45befc8b
        )

)

123 successs

211 successs
ËΩ¶Áâå is È≤ÅA628NY  corlor is 1
SZ<br />
<b>Deprecated</b>:  Function MongoDB::authenticate() is deprecated in <b>/var/www/html/picUpload.php</b> on line <b>50</b><br />
Array
(
    [time] => 2016-12-09 13:20:03
    [dev] => 3701050905
    [name] => ‰∏≠ÂÆâÂÆæÈ¶Ü
    [channel] => 
    [vehicle] => Array
        (
            [plate] => È≤ÅA628NY
            [color] => 
            [brand] => 
            [type] => 
        )

    [savepath] => qingbao/2016-12-09/3701050905/13-18-00È≤ÅA628NY.jpg
)
Array
(
    [time] => 2016-12-09 13:20:03
    [dev] => 3701050905
    [name] => ‰∏≠ÂÆâÂÆæÈ¶Ü
    [channel] => 
    [vehicle] => Array
        (
            [plate] => È≤ÅA628NY
            [color] => 
            [brand] => 
            [type] => 
        )

    [savepath] => qingbao/2016-12-09/3701050905/13-18-00È≤ÅA628NY.jpg
    [_id] => MongoId Object
        (
            [$id] => 584a3e8893b3942b3dbefd0a
        )

)

123 successs

211 successs
ËΩ¶Áâå is È≤ÅA2Z968  corlor is 1
SZ<br />
<b>Deprecated</b>:  Function MongoDB::authenticate() is deprecated in <b>/var/www/html/picUpload.php</b> on line <b>50</b><br />
Array
(
    [time] => 2016-12-09 13:33:18
    [dev] => 3701050905
    [name] => ‰∏≠ÂÆâÂÆæÈ¶Ü
    [channel] => 
    [vehicle] => Array
        (
            [plate] => È≤ÅA2Z968
            [color] => 
            [brand] => 
            [type] => 
        )

    [savepath] => qingbao/2016-12-09/3701050905/13-31-15È≤ÅA2Z968.jpg
)
Array
(
    [time] => 2016-12-09 13:33:18
    [dev] => 3701050905
    [name] => ‰∏≠ÂÆâÂÆæÈ¶Ü
    [channel] => 
    [vehicle] => Array
        (
            [plate] => È≤ÅA2Z968
            [color] => 
            [brand] => 
            [type] => 
        )

    [savepath] => qingbao/2016-12-09/3701050905/13-31-15È≤ÅA2Z968.jpg
    [_id] => MongoId Object
        (
            [$id] => 584a41a393b394a46cbefba2
        )

)

123 successs

211 successs
ËΩ¶Áâå is È≤ÅA11JV1  corlor is 1
SZ<br />
<b>Deprecated</b>:  Function MongoDB::authenticate() is deprecated in <b>/var/www/html/picUpload.php</b> on line <b>50</b><br />
Array
(
    [time] => 2016-12-09 13:33:46
    [dev] => 3701050905
    [name] => ‰∏≠ÂÆâÂÆæÈ¶Ü
    [channel] => 
    [vehicle] => Array
        (
            [plate] => È≤ÅA11JV1
            [color] => 
            [brand] => 
            [type] => 
        )

    [savepath] => qingbao/2016-12-09/3701050905/13-31-44È≤ÅA11JV1.jpg
)
Array
(
    [time] => 2016-12-09 13:33:46
    [dev] => 3701050905
    [name] => ‰∏≠ÂÆâÂÆæÈ¶Ü
    [channel] => 
    [vehicle] => Array
        (
            [plate] => È≤ÅA11JV1
            [color] => 
            [brand] => 
            [type] => 
        )

    [savepath] => qingbao/2016-12-09/3701050905/13-31-44È≤ÅA11JV1.jpg
    [_id] => MongoId Object
        (
            [$id] => 584a41c093b394a46cbefba5
        )

)

123 successs

211 su[savepath] => qingbao/2016-12-09/3701050905/11-44-21È≤ÅAE9P99.jpg
)
Array
(
    [time] => 2016-12-09 11:46:23
    [dev] => 3701050905
    [name] => ‰∏≠ÂÆâÂÆæÈ¶Ü
    [channel] => 
    [vehicle] => Array
        (
            [plate] => È≤ÅAE9P99
            [color] => 
            [brand] => 
            [type] => 
        )

    [savepath] => qingbao/2016-12-09/3701050905/11-44-21È≤ÅAE9P99.jpg
    [_id] => MongoId Object
        (
            [$id] => 584a289593b3945739befb98
        )

)

123 successs

211 successs
ËΩ¶Áâå is È≤ÅA205WZ  corlor is 1
SZ<br />
<b>Deprecated</b>:  Function MongoDB::authenticate() is deprecated in <b>/var/www/html/picUpload.php</b> on line <b>50</b><br />
Array
(
    [time] => 2016-12-09 12:32:50
    [dev] => 3701050905
    [name] => ‰∏≠ÂÆâÂÆæÈ¶Ü
    [channel] => 
    [vehicle] => Array
        (
            [plate] => È≤ÅA205WZ
            [color] => 
            [brand] => 
            [type] => 
        )

    [savepath] => qingbao/2016-12-09/3701050905/12-30-48È≤ÅA205WZ.jpg
)
Array
(
    [time] => 2016-12-09 12:32:50
    [dev] => 3701050905
    [name] => ‰∏≠ÂÆâÂÆæÈ¶Ü
    [channel] => 
    [vehicle] => Array
        (
            [plate] => È≤ÅA205WZ
            [color] => 
            [brand] => 
            [type] => 
        )

    [savepath] => qingbao/2016-12-09/3701050905/12-30-48È≤ÅA205WZ.jpg
    [_id] => MongoId Object
        (
            [$id] => 584a337893b3946d42befc19
        )

)

123 successs

211 successs
ËΩ¶Áâå is È≤ÅAM316B  corlor is 1
SZ<br />
<b>Deprecated</b>:  Function MongoDB::authenticate() is deprecated in <b>/var/www/html/picUpload.php</b> on line <b>50</b><br />
Array
(
    [time] => 2016-12-09 12:40:08
    [dev] => 3701050905
    [name] => ‰∏≠ÂÆâÂÆæÈ¶Ü
    [channel] => 
    [vehicle] => Array
        (
            [plate] => È≤ÅAM316B
            [color] => 
            [brand] => 
            [type] => 
        )

    [savepath] => qingbao/2016-12-09/3701050905/12-38-06È≤ÅAM316B.jpg
)
Array
(
    [time] => 2016-12-09 12:40:08
    [dev] => 3701050905
    [name] => ‰∏≠ÂÆâÂÆæÈ¶Ü
    [channel] => 
    [vehicle] => Array
        (
            [plate] => È≤ÅAM316B
            [color] => 
            [brand] => 
            [type] => 
        )

    [savepath] => qingbao/2016-12-09/3701050905/12-38-06È≤ÅAM316B.jpg
    [_id] => MongoId Object
        (
            [$id] => 584a352e93b394e34ebefbca
        )

)

123 successs

211 successs
ËΩ¶Áâå is È≤ÅA371BY  corlor is 1
SZ<br />
<b>Deprecated</b>:  Function MongoDB::authenticate() is deprecated in <b>/var/www/html/picUpload.php</b> on line <b>50</b><br />
Array
(
    [time] => 2016-12-09 12:59:33
    [dev] => 3701050905
    [name] => ‰∏≠ÂÆâÂÆæÈ¶Ü
    [channel] => 
    [vehicle] => Array
        (
            [plate] => È≤ÅA371BY
            [color] => 
            [brand] => 
            [type] => 
        )

    [savepath] => qingbao/2016-12-09/3701050905/12-57-32È≤ÅA371BY.jpg
)
Array
(
    [time] => 2016-12-09 12:59:33
    [dev] => 3701050905
    [name] => ‰∏≠ÂÆâÂÆæÈ¶Ü
    [channel] => 
    [vehicle] => Array
        (
            [plate] => È≤ÅA371BY
            [color] => 
            [brand] => 
            [type] => 
        )

    [savepath] => qingbao/2016-12-09/3701050905/12-57-32È≤ÅA371BY.jpg
    [_id] => MongoId Object
        (
            [$id] => 584a39bc93b3949353befbe8
        )

)

123 successs

211 successs
ËΩ¶Áâå is È≤ÅA366AH  corlor is 1
SZ<br />
<b>Deprecated</b>:  Function MongoDB::authenticate() is deprecated in <b>/var/www/html/picUpload.php</b> on line <b>50</b><br />
Array
(
    [time] => 2016-12-09 13:40:17
    [dev] => 3701050905
    [name] => ‰∏≠ÂÆâÂÆæÈ¶Ü
    [channel] => 
    [vehicle] => Array
        (
            [plate] => È≤ÅA366AH
            [color] => 
            [brand] => 
            [type] => 
        )

    [savepath] => qingbao/2016-12-09/3701050905/13-38-15È≤ÅA366AH.jpg
)
Array
(
    [time] => 2016-12-09 13:40:17
    [dev] => 3701050905
    [name] => ‰∏≠ÂÆâÂÆæÈ¶Ü
    [channel] => 
    [vehicle] => Array
        (
            [plate] => È≤ÅA366AH
            [color] => 
   ccesss
ËΩ¶Áâå is È≤ÅJL1R1Ë≠¶  corlor is 3
SZ<br />
<b>Deprecated</b>:  Function MongoDB::authenticate() is deprecated in <b>/var/www/html/picUpload.php</b> on line <b>50</b><br />
Array
(
    [time] => 2016-12-09 13:33:54
    [dev] => 3701050905
    [name] => ‰∏≠ÂÆâÂÆæÈ¶Ü
    [channel] => 
    [vehicle] => Array
        (
            [plate] => È≤ÅJL1R1Ë≠¶
            [color] => 
            [brand] => 
            [type] => 
        )

    [savepath] => qingbao/2016-12-09/3701050905/13-31-52È≤ÅJL1R1Ë≠¶.jpg
)
Array
(
    [time] => 2016-12-09 13:33:54
    [dev] => 3701050905
    [name] => ‰∏≠ÂÆâÂÆæÈ¶Ü
    [channel] => 
    [vehicle] => Array
        (
            [plate] => È≤ÅJL1R1Ë≠¶
            [color] => 
            [brand] => 
            [type] => 
        )

    [savepath] => qingbao/2016-12-09/3701050905/13-31-52È≤ÅJL1R1Ë≠¶.jpg
    [_id] => MongoId Object
        (
            [$id] => 584a41c893b3942b3dbefd67
        )

)

123 successs

211 successs
ËΩ¶Áâå is È≤ÅZ206KF  corlor is 1
SZ<br />
<b>Deprecated</b>:  Function MongoDB::authenticate() is deprecated in <b>/var/www/html/picUpload.php</b> on line <b>50</b><br />
Array
(
    [time] => 2016-12-09 13:38:18
    [dev] => 3701050905
    [name] => ‰∏≠ÂÆâÂÆæÈ¶Ü
    [channel] => 
    [vehicle] => Array
        (
            [plate] => È≤ÅZ206KF
            [color] => 
            [brand] => 
            [type] => 
        )

    [savepath] => qingbao/2016-12-09/3701050905/13-36-15È≤ÅZ206KF.jpg
)
Array
(
    [time] => 2016-12-09 13:38:18
    [dev] => 3701050905
    [name] => ‰∏≠ÂÆâÂÆæÈ¶Ü
    [channel] => 
    [vehicle] => Array
        (
            [plate] => È≤ÅZ206KF
            [color] => 
            [brand] => 
            [type] => 
        )

    [savepath] => qingbao/2016-12-09/3701050905/13-36-15È≤ÅZ206KF.jpg
    [_id] => MongoId Object
        (
            [$id] => 584a42cf93b3943570befb98
        )

)

123 successs

211 successs
ËΩ¶Áâå is È≤ÅARD897  corlor is 1
SZ<br />
<b>Deprecated</b>:  Function MongoDB::authenticate() is deprecated in <b>/var/www/html/picUpload.php</b> on line <b>50</b><br />
Array
(
    [time] => 2016-12-09 14:41:23
    [dev] => 3701050905
    [name] => ‰∏≠ÂÆâÂÆæÈ¶Ü
    [channel] => 
    [vehicle] => Array
        (
            [plate] => È≤ÅARD897
            [color] => 
            [brand] => 
            [type] => 
        )

    [savepath] => qingbao/2016-12-09/3701050905/14-39-21È≤ÅARD897.jpg
)
Array
(
    [time] => 2016-12-09 14:41:23
    [dev] => 3701050905
    [name] => ‰∏≠ÂÆâÂÆæÈ¶Ü
    [channel] => 
    [vehicle] => Array
        (
            [plate] => È≤ÅARD897
            [color] => 
            [brand] => 
            [type] => 
        )

    [savepath] => qingbao/2016-12-09/3701050905/14-39-21È≤ÅARD897.jpg
    [_id] => MongoId Object
        (
            [$id] => 584a519993b394f87dbefc21
        )

)

123 successs

211 successs
ËΩ¶Áâå is È≤ÅG77QA1  corlor is 1
SZ<br />
<b>Deprecated</b>:  Function MongoDB::authenticate() is deprecated in <b>/var/www/html/picUpload.php</b> on line <b>50</b><br />
Array
(
    [time] => 2016-12-09 14:43:15
    [dev] => 3701050905
    [name] => ‰∏≠ÂÆâÂÆæÈ¶Ü
    [channel] => 
    [vehicle] => Array
        (
            [plate] => È≤ÅG77QA1
            [color] => 
            [brand] => 
            [type] => 
        )

    [savepath] => qingbao/2016-12-09/3701050905/14-41-13È≤ÅG77QA1.jpg
)
Array
(
    [time] => 2016-12-09 14:43:15
    [dev] => 3701050905
    [name] => ‰∏≠ÂÆâÂÆæÈ¶Ü
    [channel] => 
    [vehicle] => Array
        (
            [plate] => È≤ÅG77QA1
            [color] => 
            [brand] => 
            [type] => 
        )

    [savepath] => qingbao/2016-12-09/3701050905/14-41-13È≤ÅG77QA1.jpg
    [_id] => MongoId Object
        (
            [$id] => 584a520993b3941771befca0
        )

)

123 successs

211 successs
ËΩ¶Áâå is È≤ÅAR737B  corlor is 1
SZ<br />
<b>Deprecated</b>:  Function MongoDB::authenticate() is deprecated in <b>/var/www/html/picUpload.php</b> on line <b>50</b><br />
Array
(
    [time] => 2016-12-09 14:47:16
    [dev] => 3701050905
    [name] => ‰∏≠Â         [brand] => 
            [type] => 
        )

    [savepath] => qingbao/2016-12-09/3701050905/13-38-15È≤ÅA366AH.jpg
    [_id] => MongoId Object
        (
            [$id] => 584a434793b3941671befb96
        )

)

123 successs

211 successs
ËΩ¶Áâå is È≤ÅAD551L  corlor is 1
SZ<br />
<b>Deprecated</b>:  Function MongoDB::authenticate() is deprecated in <b>/var/www/html/picUpload.php</b> on line <b>50</b><br />
Array
(
    [time] => 2016-12-09 13:50:04
    [dev] => 3701050905
    [name] => ‰∏≠ÂÆâÂÆæÈ¶Ü
    [channel] => 
    [vehicle] => Array
        (
            [plate] => È≤ÅAD551L
            [color] => 
            [brand] => 
            [type] => 
        )

    [savepath] => qingbao/2016-12-09/3701050905/13-48-02È≤ÅAD551L.jpg
)
Array
(
    [time] => 2016-12-09 13:50:04
    [dev] => 3701050905
    [name] => ‰∏≠ÂÆâÂÆæÈ¶Ü
    [channel] => 
    [vehicle] => Array
        (
            [plate] => È≤ÅAD551L
            [color] => 
            [brand] => 
            [type] => 
        )

    [savepath] => qingbao/2016-12-09/3701050905/13-48-02È≤ÅAD551L.jpg
    [_id] => MongoId Object
        (
            [$id] => 584a459293b394bd75befb9d
        )

)

123 successs

211 successs
ËΩ¶Áâå is È≤ÅA9M216  corlor is 1
SZ<br />
<b>Deprecated</b>:  Function MongoDB::authenticate() is deprecated in <b>/var/www/html/picUpload.php</b> on line <b>50</b><br />
Array
(
    [time] => 2016-12-09 14:35:32
    [dev] => 3701050905
    [name] => ‰∏≠ÂÆâÂÆæÈ¶Ü
    [channel] => 
    [vehicle] => Array
        (
            [plate] => È≤ÅA9M216
            [color] => 
            [brand] => 
            [type] => 
        )

    [savepath] => qingbao/2016-12-09/3701050905/14-33-30È≤ÅA9M216.jpg
)
Array
(
    [time] => 2016-12-09 14:35:32
    [dev] => 3701050905
    [name] => ‰∏≠ÂÆâÂÆæÈ¶Ü
    [channel] => 
    [vehicle] => Array
        (
            [plate] => È≤ÅA9M216
            [color] => 
            [brand] => 
            [type] => 
        )

    [savepath] => qingbao/2016-12-09/3701050905/14-33-30È≤ÅA9M216.jpg
    [_id] => MongoId Object
        (
            [$id] => 584a503a93b3941a08befbcd
        )

)

123 successs

211 successs
ËΩ¶Áâå is È≤ÅA9K210  corlor is 1
SZ<br />
<b>Deprecated</b>:  Function MongoDB::authenticate() is deprecated in <b>/var/www/html/picUpload.php</b> on line <b>50</b><br />
Array
(
    [time] => 2016-12-09 14:35:38
    [dev] => 3701050905
    [name] => ‰∏≠ÂÆâÂÆæÈ¶Ü
    [channel] => 
    [vehicle] => Array
        (
            [plate] => È≤ÅA9K210
            [color] => 
            [brand] => 
            [type] => 
        )

    [savepath] => qingbao/2016-12-09/3701050905/14-33-36È≤ÅA9K210.jpg
)
Array
(
    [time] => 2016-12-09 14:35:38
    [dev] => 3701050905
    [name] => ‰∏≠ÂÆâÂÆæÈ¶Ü
    [channel] => 
    [vehicle] => Array
        (
            [plate] => È≤ÅA9K210
            [color] => 
            [brand] => 
            [type] => 
        )

    [savepath] => qingbao/2016-12-09/3701050905/14-33-36È≤ÅA9K210.jpg
    [_id] => MongoId Object
        (
            [$id] => 584a504093b3941771befc79
        )

)

123 successs

211 successs
ËΩ¶Áâå is È≤ÅAH785A  corlor is 1
SZ<br />
<b>Deprecated</b>:  Function MongoDB::authenticate() is deprecated in <b>/var/www/html/picUpload.php</b> on line <b>50</b><br />
Array
(
    [time] => 2016-12-09 14:56:14
    [dev] => 3701050905
    [name] => ‰∏≠ÂÆâÂÆæÈ¶Ü
    [channel] => 
    [vehicle] => Array
        (
            [plate] => È≤ÅAH785A
            [color] => 
            [brand] => 
            [type] => 
        )

    [savepath] => qingbao/2016-12-09/3701050905/14-54-11È≤ÅAH785A.jpg
)
Array
(
    [time] => 2016-12-09 14:56:14
    [dev] => 3701050905
    [name] => ‰∏≠ÂÆâÂÆæÈ¶Ü
    [channel] => 
    [vehicle] => Array
        (
            [plate] => È≤ÅAH785A
            [color] => 
            [brand] => 
            [type] => 
        )

    [savepath] => qingbao/2016-12-09/3701050905/14-54-11È≤ÅAH785A.jpg
    [_id] => MongoId Object
        (
            [$id] => 584a551393b3941771befcc3
        )

)

123 successs

211 successs
ËΩ¶Áâå is È≤ÅA88NN1  cÆâÂÆæÈ¶Ü
    [channel] => 
    [vehicle] => Array
        (
            [plate] => È≤ÅAR737B
            [color] => 
            [brand] => 
            [type] => 
        )

    [savepath] => qingbao/2016-12-09/3701050905/14-45-14È≤ÅAR737B.jpg
)
Array
(
    [time] => 2016-12-09 14:47:16
    [dev] => 3701050905
    [name] => ‰∏≠ÂÆâÂÆæÈ¶Ü
    [channel] => 
    [vehicle] => Array
        (
            [plate] => È≤ÅAR737B
            [color] => 
            [brand] => 
            [type] => 
        )

    [savepath] => qingbao/2016-12-09/3701050905/14-45-14È≤ÅAR737B.jpg
    [_id] => MongoId Object
        (
            [$id] => 584a52fa93b394080fbefbb9
        )

)

123 successs

211 successs
ËΩ¶Áâå is È≤ÅAZ369S  corlor is 1
SZ<br />
<b>Deprecated</b>:  Function MongoDB::authenticate() is deprecated in <b>/var/www/html/picUpload.php</b> on line <b>50</b><br />
Array
(
    [time] => 2016-12-09 14:49:03
    [dev] => 3701050905
    [name] => ‰∏≠ÂÆâÂÆæÈ¶Ü
    [channel] => 
    [vehicle] => Array
        (
            [plate] => È≤ÅAZ369S
            [color] => 
            [brand] => 
            [type] => 
        )

    [savepath] => qingbao/2016-12-09/3701050905/14-47-01È≤ÅAZ369S.jpg
)
Array
(
    [time] => 2016-12-09 14:49:03
    [dev] => 3701050905
    [name] => ‰∏≠ÂÆâÂÆæÈ¶Ü
    [channel] => 
    [vehicle] => Array
        (
            [plate] => È≤ÅAZ369S
            [color] => 
            [brand] => 
            [type] => 
        )

    [savepath] => qingbao/2016-12-09/3701050905/14-47-01È≤ÅAZ369S.jpg
    [_id] => MongoId Object
        (
            [$id] => 584a536593b394f87dbefc44
        )

)

123 successs

211 successs
ËΩ¶Áâå is È≤ÅK0A2A1  corlor is 1
SZ<br />
<b>Deprecated</b>:  Function MongoDB::authenticate() is deprecated in <b>/var/www/html/picUpload.php</b> on line <b>50</b><br />
Array
(
    [time] => 2016-12-09 15:04:22
    [dev] => 3701050905
    [name] => ‰∏≠ÂÆâÂÆæÈ¶Ü
    [channel] => 
    [vehicle] => Array
        (
            [plate] => È≤ÅK0A2A1
            [color] => 
            [brand] => 
            [type] => 
        )

    [savepath] => qingbao/2016-12-09/3701050905/15-02-20È≤ÅK0A2A1.jpg
)
Array
(
    [time] => 2016-12-09 15:04:22
    [dev] => 3701050905
    [name] => ‰∏≠ÂÆâÂÆæÈ¶Ü
    [channel] => 
    [vehicle] => Array
        (
            [plate] => È≤ÅK0A2A1
            [color] => 
            [brand] => 
            [type] => 
        )

    [savepath] => qingbao/2016-12-09/3701050905/15-02-20È≤ÅK0A2A1.jpg
    [_id] => MongoId Object
        (
            [$id] => 584a56fc93b3941771befcf0
        )

)

123 successs

211 successs
ËΩ¶Áâå is È≤ÅAVM012  corlor is 1
SZ<br />
<b>Deprecated</b>:  Function MongoDB::authenticate() is deprecated in <b>/var/www/html/picUpload.php</b> on line <b>50</b><br />
Array
(
    [time] => 2016-12-09 15:11:45
    [dev] => 3701050905
    [name] => ‰∏≠ÂÆâÂÆæÈ¶Ü
    [channel] => 
    [vehicle] => Array
        (
            [plate] => È≤ÅAVM012
            [color] => 
            [brand] => 
            [type] => 
        )

    [savepath] => qingbao/2016-12-09/3701050905/15-09-43È≤ÅAVM012.jpg
)
Array
(
    [time] => 2016-12-09 15:11:45
    [dev] => 3701050905
    [name] => ‰∏≠ÂÆâÂÆæÈ¶Ü
    [channel] => 
    [vehicle] => Array
        (
            [plate] => È≤ÅAVM012
            [color] => 
            [brand] => 
            [type] => 
        )

    [savepath] => qingbao/2016-12-09/3701050905/15-09-43È≤ÅAVM012.jpg
    [_id] => MongoId Object
        (
            [$id] => 584a58b793b3945119befbc8
        )

)

123 successs

211 successs
ËΩ¶Áâå is È≤ÅA205WZ  corlor is 1
SZ<br />
<b>Deprecated</b>:  Function MongoDB::authenticate() is deprecated in <b>/var/www/html/picUpload.php</b> on line <b>50</b><br />
Array
(
    [time] => 2016-12-09 15:15:54
    [dev] => 3701050905
    [name] => ‰∏≠ÂÆâÂÆæÈ¶Ü
    [channel] => 
    [vehicle] => Array
        (
            [plate] => È≤ÅA205WZ
            [color] => 
            [brand] => 
            [type] => 
        )

    [savepath] => qingbao/2016-12-09/3701050905/15-13-51È≤ÅA205WZ.jpg
)
Array
(
    [time] => 2016-12-09 15:15:54
    [dev] => 3701050905
    [name] => ‰∏≠ÂÆâÂÆæÈ¶Ü
    [channel] => 
    [vehicle] => Array
        (
            [plate] => È≤ÅA205WZ
            [color] => 
            [brand] => 
            [type] => 
        )

    [savepath] => qingbao/2016-12-09/3701050905/15-13-51È≤ÅA205WZ.jpg
    [_id] => MongoId Object
        (
            [$id] => 584a59af93b394080fbefc22
        )

)

123 successs

211 successs
ËΩ¶Áâå is È≤ÅAG139Z  corlor is 1
SZ<br />
<b>Deprecated</b>:  Function MongoDB::authenticate() is deprecated in <b>/var/www/html/picUpload.php</b> on line <b>50</b><br />
Array
(
    [time] => 2016-12-09 15:34:44
    [dev] => 3701050905
    [name] => ‰∏≠ÂÆâÂÆæÈ¶Ü
    [channel] => 
    [vehicle] => Array
        (
            [plate] => È≤ÅAG139Z
            [color] => 
            [brand] => 
            [type] => 
        )

    [savepath] => qingbao/2016-12-09/3701050905/15-32-41È≤ÅAG139Z.jpg
)
Array
(
    [time] => 2016-12-09 15:34:44
    [dev] => 3701050905
    [name] => ‰∏≠ÂÆâÂÆæÈ¶Ü
    [channel] => 
    [vehicle] => Array
        (
            [plate] => È≤ÅAG139Z
            [color] => 
            [brand] => 
            [type] => 
        )

    [savepath] => qingbao/2016-12-09/3701050905/15-32-41È≤ÅAG139Z.jpg
    [_id] => MongoId Object
        (
            [$id] => 584a5e1993b394c025befbaa
        )

)

123 successs

211 successs
ËΩ¶Áâå is È≤ÅA981RL  corlor is 1
SZ<br />
<b>Deprecated</b>:  Function MongoDB::authenticate() is deprecated in <b>/var/www/html/picUpload.php</b> on line <b>50</b><br />
Array
(
    [time] => 2016-12-09 16:21:11
    [dev] => 3701050905
    [name] => ‰∏≠ÂÆâÂÆæÈ¶Ü
    [channel] => 
    [vehicle] => Array
        (
            [plate] => È≤ÅA981RL
            [color] => 
            [brand] => 
            [type] => 
        )

    [savepath] => qingbao/2016-12-09/3701050905/16-19-08È≤ÅA981RL.jpg
)
Array
(
    [time] => 2016-12-09 16:21:11
    [dev] => 3701050905
    [name] => ‰∏≠ÂÆâÂÆæÈ¶Ü
    [channel] => 
    [vehicle] => Array
        (
            [plate] => È≤ÅA981RL
            [color] => 
            [brand] => 
            [type] => 
        )

    [savepath] => qingbao/2016-12-09/3701050905/16-19-08È≤ÅA981RL.jpg
    [_id] => MongoId Object
        (
            [$id] => 584a68fc93b3948f3abefbc0
        )

)

123 successs

211 successs
ËΩ¶Áâå is È≤ÅAP778A  corlor is 1
SZ<br />
<b>Deprecated</b>:  Function MongoDB::authenticate() is deprecated in <b>/var/www/html/picUpload.php</b> on line <b>50</b><br />
Array
(
    [time] => 2016-12-09 16:43:38
    [dev] => 3701050905
    [name] => ‰∏≠ÂÆâÂÆæÈ¶Ü
    [channel] => 
    [vehicle] => Array
        (
            [plate] => È≤ÅAP778A
            [color] => 
            [brand] => 
            [type] => 
        )

    [savepath] => qingbao/2016-12-09/3701050905/16-41-36È≤ÅAP778A.jpg
)
Array
(
    [time] => 2016-12-09 16:43:38
    [dev] => 3701050905
    [name] => ‰∏≠ÂÆâÂÆæÈ¶Ü
    [channel] => 
    [vehicle] => Array
        (
            [plate] => È≤ÅAP778A
            [color] => 
            [brand] => 
            [type] => 
        )

    [savepath] => qingbao/2016-12-09/3701050905/16-41-36È≤ÅAP778A.jpg
    [_id] => MongoId Object
        (
            [$id] => 584a6e4093b3945f45befbc8
        )

)

123 successs

211 successs
ËΩ¶Áâå is È≤ÅASL539  corlor is 1
SZ<br />
<b>Deprecated</b>:  Function MongoDB::authenticate() is deprecated in <b>/var/www/html/picUpload.php</b> on line <b>50</b><br />
Array
(
    [time] => 2016-12-09 16:50:41
    [dev] => 3701050905
    [name] => ‰∏≠ÂÆâÂÆæÈ¶Ü
    [channel] => 
    [vehicle] => Array
        (
            [plate] => È≤ÅASL539
            [color] => 
            [brand] => 
            [type] => 
        )

    [savepath] => qingbao/2016-12-09/3701050905/16-48-38È≤ÅASL539.jpg
)
Array
(
    [time] => 2016-12-09 16:50:41
    [dev] => 3701050905
    [name] => ‰∏≠ÂÆâÂÆæÈ¶Ü
    [channel] => 
    [vehicle] => Array
        (
            [plate] => È≤ÅASL539
            [color] => 
            [brand] => 
            [type] => 
        )

    [savepath] => qingbao/2016-12-09/3orlor is 1
SZ<br />
<b>Deprecated</b>:  Function MongoDB::authenticate() is deprecated in <b>/var/www/html/picUpload.php</b> on line <b>50</b><br />
Array
(
    [time] => 2016-12-09 15:07:06
    [dev] => 3701050905
    [name] => ‰∏≠ÂÆâÂÆæÈ¶Ü
    [channel] => 
    [vehicle] => Array
        (
            [plate] => È≤ÅA88NN1
            [color] => 
            [brand] => 
            [type] => 
        )

    [savepath] => qingbao/2016-12-09/3701050905/15-05-03È≤ÅA88NN1.jpg
)
Array
(
    [time] => 2016-12-09 15:07:06
    [dev] => 3701050905
    [name] => ‰∏≠ÂÆâÂÆæÈ¶Ü
    [channel] => 
    [vehicle] => Array
        (
            [plate] => È≤ÅA88NN1
            [color] => 
            [brand] => 
            [type] => 
        )

    [savepath] => qingbao/2016-12-09/3701050905/15-05-03È≤ÅA88NN1.jpg
    [_id] => MongoId Object
        (
            [$id] => 584a579f93b394080fbefbfb
        )

)

123 successs

211 successs
ËΩ¶Áâå is È≤ÅA57J31  corlor is 1
SZ<br />
<b>Deprecated</b>:  Function MongoDB::authenticate() is deprecated in <b>/var/www/html/picUpload.php</b> on line <b>50</b><br />
Array
(
    [time] => 2016-12-09 16:00:07
    [dev] => 3701050905
    [name] => ‰∏≠ÂÆâÂÆæÈ¶Ü
    [channel] => 
    [vehicle] => Array
        (
            [plate] => È≤ÅA57J31
            [color] => 
            [brand] => 
            [type] => 
        )

    [savepath] => qingbao/2016-12-09/3701050905/15-58-04È≤ÅA57J31.jpg
)
Array
(
    [time] => 2016-12-09 16:00:07
    [dev] => 3701050905
    [name] => ‰∏≠ÂÆâÂÆæÈ¶Ü
    [channel] => 
    [vehicle] => Array
        (
            [plate] => È≤ÅA57J31
            [color] => 
            [brand] => 
            [type] => 
        )

    [savepath] => qingbao/2016-12-09/3701050905/15-58-04È≤ÅA57J31.jpg
    [_id] => MongoId Object
        (
            [$id] => 584a640c93b394ba31befbad
        )

)

123 successs

211 successs
ËΩ¶Áâå is È≤ÅA899WB  corlor is 1
SZ<br />
<b>Deprecated</b>:  Function MongoDB::authenticate() is deprecated in <b>/var/www/html/picUpload.php</b> on line <b>50</b><br />
Array
(
    [time] => 2016-12-09 17:10:44
    [dev] => 3701050905
    [name] => ‰∏≠ÂÆâÂÆæÈ¶Ü
    [channel] => 
    [vehicle] => Array
        (
            [plate] => È≤ÅA899WB
            [color] => 
            [brand] => 
            [type] => 
        )

    [savepath] => qingbao/2016-12-09/3701050905/17-08-41È≤ÅA899WB.jpg
)
Array
(
    [time] => 2016-12-09 17:10:44
    [dev] => 3701050905
    [name] => ‰∏≠ÂÆâÂÆæÈ¶Ü
    [channel] => 
    [vehicle] => Array
        (
            [plate] => È≤ÅA899WB
            [color] => 
            [brand] => 
            [type] => 
        )

    [savepath] => qingbao/2016-12-09/3701050905/17-08-41È≤ÅA899WB.jpg
    [_id] => MongoId Object
        (
            [$id] => 584a749993b394cf50befbf1
        )

)

123 successs

211 successs
ËΩ¶Áâå is Á≤§AT1911  corlor is 1
SZ<br />
<b>Deprecated</b>:  Function MongoDB::authenticate() is deprecated in <b>/var/www/html/picUpload.php</b> on line <b>50</b><br />
Array
(
    [time] => 2016-12-09 17:27:37
    [dev] => 3701050905
    [name] => ‰∏≠ÂÆâÂÆæÈ¶Ü
    [channel] => 
    [vehicle] => Array
        (
            [plate] => Á≤§AT1911
            [color] => 
            [brand] => 
            [type] => 
        )

    [savepath] => qingbao/2016-12-09/3701050905/17-25-35Á≤§AT1911.jpg
)
Array
(
    [time] => 2016-12-09 17:27:37
    [dev] => 3701050905
    [name] => ‰∏≠ÂÆâÂÆæÈ¶Ü
    [channel] => 
    [vehicle] => Array
        (
            [plate] => Á≤§AT1911
            [color] => 
            [brand] => 
            [type] => 
        )

    [savepath] => qingbao/2016-12-09/3701050905/17-25-35Á≤§AT1911.jpg
    [_id] => MongoId Object
        (
            [$id] => 584a788f93b394bf52befc42
        )

)

123 successs

211 successs
ËΩ¶Áâå is È≤ÅA091WN  corlor is 1
SZ<br />
<b>Deprecated</b>:  Function MongoDB::authenticate() is deprecated in <b>/var/www/html/picUpload.php</b> on line <b>50</b><br />
Array
(
    [time] => 2016-12-09 17:27:46
    [dev] => 3701050905
    [name] => ‰∏≠ÂÆâÂÆæÈ¶Ü
    [channel] => 
    [vehicle] => Array
        (
            [plate] => È≤ÅA091WN
            [color] => 
            [brand] => 
            [type] => 
        )

    [savepath] => qingbao/2016-12-09/3701050905/17-25-42È≤ÅA091WN.jpg
)
Array
(
    [time] => 2016-12-09 17:27:46
    [dev] => 3701050905
    [name] => ‰∏≠ÂÆâÂÆæÈ¶Ü
    [channel] => 
    [vehicle] => Array
        (
            [plate] => È≤ÅA091WN
            [color] => 
            [brand] => 
            [type] => 
        )

    [savepath] => qingbao/2016-12-09/3701050905/17-25-42È≤ÅA091WN.jpg
    [_id] => MongoId Object
        (
            [$id] => 584a789693b394db4ebefc44
        )

)

123 successs

211 successs
ËΩ¶Áâå is È≤ÅAP2995  corlor is 1
            [error]         [eroor 134524395]

211 successs
ËΩ¶Áâå is È≤ÅA9M216  corlor is 1
SZ<br />
<b>Deprecated</b>:  Function MongoDB::authenticate() is deprecated in <b>/var/www/html/picUpload.php</b> on line <b>50</b><br />
Array
(
    [time] => 2016-12-09 17:36:54
    [dev] => 3701050905
    [name] => ‰∏≠ÂÆâÂÆæÈ¶Ü
    [channel] => 
    [vehicle] => Array
        (
            [plate] => È≤ÅA9M216
            [color] => 
            [brand] => 
            [type] => 
        )

    [savepath] => qingbao/2016-12-09/3701050905/17-34-51È≤ÅA9M216.jpg
)
Array
(
    [time] => 2016-12-09 17:36:54
    [dev] => 3701050905
    [name] => ‰∏≠ÂÆâÂÆæÈ¶Ü
    [channel] => 
    [vehicle] => Array
        (
            [plate] => È≤ÅA9M216
            [color] => 
            [brand] => 
            [type] => 
        )

    [savepath] => qingbao/2016-12-09/3701050905/17-34-51È≤ÅA9M216.jpg
    [_id] => MongoId Object
        (
            [$id] => 584a7abb93b394a466befb94
        )

)

123 successs

211 successs
ËΩ¶Áâå is È≤ÅH0TL3Â≠¶  corlor is 2
SZ<br />
<b>Deprecated</b>:  Function MongoDB::authenticate() is deprecated in <b>/var/www/html/picUpload.php</b> on line <b>50</b><br />
Array
(
    [time] => 2016-12-09 17:41:04
    [dev] => 3701050905
    [name] => ‰∏≠ÂÆâÂÆæÈ¶Ü
    [channel] => 
    [vehicle] => Array
        (
            [plate] => È≤ÅH0TL3Â≠¶
            [color] => 
            [brand] => 
            [type] => 
        )

    [savepath] => qingbao/2016-12-09/3701050905/17-39-01È≤ÅH0TL3Â≠¶.jpg
)
Array
(
    [time] => 2016-12-09 17:41:04
    [dev] => 3701050905
    [name] => ‰∏≠ÂÆâÂÆæÈ¶Ü
    [channel] => 
    [vehicle] => Array
        (
            [plate] => È≤ÅH0TL3Â≠¶
            [color] => 
            [brand] => 
            [type] => 
        )

    [savepath] => qingbao/2016-12-09/3701050905/17-39-01È≤ÅH0TL3Â≠¶.jpg
    [_id] => MongoId Object
        (
            [$id] => 584a7bb593b3944360befbe0
        )

)

123 successs

211 successs
ËΩ¶Áâå is JPHTDT1  corlor is 2
SZ<br />
<b>Deprecated</b>:  Function MongoDB::authenticate() is deprecated in <b>/var/www/html/picUpload.php</b> on line <b>50</b><br />
Array
(
    [time] => 2016-12-09 17:41:10
    [dev] => 3701050905
    [name] => ‰∏≠ÂÆâÂÆæÈ¶Ü
    [channel] => 
    [vehicle] => Array
        (
            [plate] => JPHTDT1
            [color] => 
            [brand] => 
            [type] => 
        )

    [savepath] => qingbao/2016-12-09/3701050905/17-39-07JPHTDT1.jpg
)
Array
(
    [time] => 2016-12-09 17:41:10
    [dev] => 3701050905
    [name] => ‰∏≠ÂÆâÂÆæÈ¶Ü
    [channel] => 
    [vehicle] => Array
        (
            [plate] => JPHTDT1
            [color] => 
            [brand] => 
            [type] => 
        )

    [savepath] => qingbao/2016-12-09/3701050905/17-39-07JPHTDT1.jpg
    [_id] => MongoId Object
        (
            [$id] => 584a7bbb93b3946068befb98
        )

)

123 successs

211 successs
ËΩ¶Áâå is È≤ÅAKG372  corlor is 1
            [error]         [eroor 134524395]

211 successs
ËΩ¶Áâå is È≤ÅCL2UL1  corlor is 2
            [error]         [eroor 134524395]

211 successs
ËΩ¶Áâå is È≤ÅAXM561  corlor is 1
SZ<br />
<b>Deprecated</b>:  Function MongoDB::authenticate() is deprecated in <b>/var/www/html/picUpload.php</b> on line <b>50</b><br />
Array
(
    [time] => 2016-12-09 18:49:00
    [dev] => 3701050905
    [name] => ‰∏≠ÂÆâÂÆæÈ¶Ü
    [channel] => 
    [vehicle] => Array
        (
            [plate] => È≤ÅAXM561
            [color] => 
            [brand] => 
            [type] => 
        )

    [savepath] => qingbao/2016-12-09/3701050905/18-46-56È≤ÅAXM561.jpg
)
Array
(
    [time] => 2016-12-09 18:49:00
    [dev] => 3701050905
    [name] => ‰∏≠ÂÆâÂÆæÈ¶Ü
    [channel] => 
    [vehicle] => Array
        (
            [plate] => È≤ÅAXM561
            [color] => 
            [brand] => 
            [type] => 
        )

    [savepath] => qingbao/2016-12-09/3701050905/18-46-56È≤ÅAXM561.jpg
    [_id] => MongoId Object
        (
            [$id] => 584a8ba093b3948f69befcc1
        )

)

123 successs

211 successs
ËΩ¶Áâå is È≤ÅA11CL7  corlor is 1
SZ<br />
<b>Deprecated</b>:  Function MongoDB::authenticate() is deprecated in <b>/var/www/html/picUpload.php</b> on line <b>50</b><br />
Array
(
    [time] => 2016-12-09 19:25:56
    [dev] => 3701050905
    [name] => ‰∏≠ÂÆâÂÆæÈ¶Ü
    [channel] => 
    [vehicle] => Array
        (
            [plate] => È≤ÅA11CL7
            [color] => 
            [brand] => 
            [type] => 
        )

    [savepath] => qingbao/2016-12-09/3701050905/19-23-52È≤ÅA11CL7.jpg
)
Array
(
    [time] => 2016-12-09 19:25:56
    [dev] => 3701050905
    [name] => ‰∏≠ÂÆâÂÆæÈ¶Ü
    [channel] => 
    [vehicle] => Array
        (
            [plate] => È≤ÅA11CL7
            [color] => 
            [brand] => 
            [type] => 
        )

    [savepath] => qingbao/2016-12-09/3701050905/19-23-52È≤ÅA11CL7.jpg
    [_id] => MongoId Object
        (
            [$id] => 584a944893b394261abefba5
        )

)

123 successs

211 successs
ËΩ¶Áâå is È≤ÅA526AU  corlor is 1
SZ<br />
<b>Deprecated</b>:  Function MongoDB::authenticate() is deprecated in <b>/var/www/html/picUpload.php</b> on line <b>50</b><br />
Array
(
    [time] => 2016-12-09 19:33:26
    [dev] => 3701050905
    [name] => ‰∏≠ÂÆâÂÆæÈ¶Ü
    [channel] => 
    [vehicle] => Array
        (
            [plate] => È≤ÅA526AU
            [color] => 
            [brand] => 
            [type] => 
        )

    [savepath] => qingbao/2016-12-09/3701050905/19-31-22È≤ÅA526AU.jpg
)
Array
(
    [time] => 2016-12-09 19:33:26
    [dev] => 3701050905
    [name] => ‰∏≠ÂÆâÂÆæÈ¶Ü
    [channel] => 
    [vehicle] => Array
        (
            [plate] => È≤ÅA526AU
            [color] => 
            [brand] => 
            [type] => 
        )

    [savepath] => qingbao/2016-12-09/3701050905/19-31-22È≤ÅA526AU.jpg
    [_id] => MongoId Object
        (
            [$id] => 584a960a93b394a50ebefc25
        )

)

123 successs

211 successs
ËΩ¶Áâå is È≤ÅASA086  corlor is 1
SZ<br />
<b>Deprecated</b>:  Function MongoDB::authenticate() is deprecated in <b>/var/www/html/picUpload.php</b> on line <b>50</b><br />
Array
(
    [time] => 2016-12-09 21:16:23
    [dev] => 3701050905
    [name] => ‰∏≠ÂÆâÂÆæÈ¶Ü
    [channel] => 
    [vehicle] => Array
        (
            [plate] => È≤ÅASA086
            [color] => 
            [brand] => 
            [type] => 
        )

    [savepath] => qingbao/2016-12-09/3701050905/21-14-20È≤ÅASA086.jpg
)
Array
(
    [time] => 2016-12-09 21:16:23
    [dev] => 3701050905
    [name] => ‰∏≠ÂÆâÂÆæÈ¶Ü
    [channel] => 
    [vehicle] => Array
        (
            [plate] => È≤ÅASA086
            [color] => 
            [brand] => 
            [type] => 
        )

    [savepath] => qingbao/2016-12-09/3701050905/21-14-20È≤ÅASA086.jpg
    [_id] => MongoId Object
        (
            [$id] => 584aae2c93b394e241befbb9
        )

)

123 successs

211 successs
ËΩ¶Áâå is È≤ÅAV690V  corlor is 1
SZ<br />
<b>Deprecated</b>:  Function MongoDB::authenticate() is deprecated in <b>/var/www/html/picUpload.php</b> on line <b>50</b><br />
Array
(
    [time] => 2016-12-09 22:53:23
    [dev] => 3701050905
    [name] => ‰∏≠ÂÆâÂÆæÈ¶Ü
    [channel] => 
    [vehicle] => Array
        (
            [plate] => È≤ÅAV690V
            [color] => 
            [brand] => 
            [type] => 
        )

    [savepath] => qingbao/2016-12-09/3701050905/22-51-18È≤ÅAV690V.jpg
)
Array
(
    [time] => 2016-12-09 22:53:23
    [dev] => 37