VIDEO-2016-11-11 UNENCRY
车牌 is 鲁A6169T  corlor is 1
            [error]         [eroor 134524379]
		[error]		[eroor 134524541]
车牌 is 鲁HXW817  corlor is 1
            [error]         [eroor 134524379]
		[error]		[eroor 134524541]
车牌 is 鲁AGM163  corlor is 1
            [error]         [eroor 134524379]
		[error]		[eroor 134524541]
车牌 is 鲁JFW9A5  corlor is 2
            [error]         [eroor 134524379]
		[error]		[eroor 134524541]
车牌 is 鲁E1BWJ1  corlor is 2
            [error]         [eroor 134524379]
		[error]		[eroor 134524541]
车牌 is 鲁S71111  corlor is 1
            [error]         [eroor 134524379]
		[error]		[eroor 134524541]
车牌 is 鲁HW7111  corlor is 1
            [error]         [eroor 134524379]
		[error]		[eroor 134524541]
车牌 is 鲁AUJT17  corlor is 1
            [error]         [eroor 134524379]
		[error]		[eroor 134524541]
车牌 is 鲁AX8751  corlor is 1
            [error]         [eroor 134524379]
		[error]		[eroor 134524541]
车牌 is 鲁EWC1Y警  corlor is 3
            [error]         [eroor 134524379]
		[error]		[eroor 134524541]
车牌 is 鲁AP077R  corlor is 1
            [error]         [eroor 134524379]
		[error]		[eroor 134524541]
车牌 is 鲁AZD288  corlor is 1
            [error]         [eroor 134524379]
		[error]		[eroor 134524541]
车牌 is 鲁A506Y9  corlor is 1
            [error]         [eroor 134524379]
		[error]		[eroor 134524541]
车牌 is 鲁AU333C  corlor is 1
            [error]         [eroor 134524379]
		[error]		[eroor 134524541]
车牌 is 鲁A089AP  corlor is 1
SZ<br />
<b>Deprecated</b>:  Function MongoDB::authenticate() is deprecated in <b>/var/www/html/picUpload.php</b> on line <b>52</b><br />
Array
(
    [time] => 2017-03-07 15:31:17
    [dev] => 3701050905
    [name] => 中安宾馆
    [channel] => 
    [vehicle] => Array
        (
            [plate] => 鲁A089AP
            [color] => 
            [brand] => 
            [type] => 
        )

    [savepath] => qingbao/2017-03-07/3701050905/15-30-18鲁A089AP.jpg
)
Array
(
    [time] => 2017-03-07 15:31:17
    [dev] => 3701050905
    [name] => 中安宾馆
    [channel] => 
    [vehicle] => Array
        (
            [plate] => 鲁A089AP
            [color] => 
            [brand] => 
            [type] => 
        )

    [savepath] => qingbao/2017-03-07/3701050905/15-30-18鲁A089AP.jpg
    [_id] => MongoId Object
        (
            [$id] => 58be618a93b3946b42923f65
        )

)

123 successs
		[error]		[eroor 134524541]
车牌 is 鲁ADJ932  corlor is 1
            [error]         [eroor 134524379]
		[error]		[eroor 134524541]
车牌 is 鲁A111T1  corlor is 1
            [error]         [eroor 134524379]
		[error]		[eroor 134524541]
车牌 is 鲁FXJ353  corlor is 1
            [error]         [eroor 134524379]
		[error]		[eroor 134524541]
车牌 is 鲁A55C57  corlor is 1
            [error]         [eroor 134524379]
		[error]		[eroor 134524541]
车牌 is 鲁AE666E  corlor is 1
            [error]         [eroor 134524379]
		[error]		[eroor 134524541]
车牌 is 鲁AE666F  corlor is 1
            [error]         [eroor 134524379]
		[error]		[eroor 134524541]
车牌 is 鲁ATC973  corlor is 1
            [error]         [eroor 134524379]
		[error]		[eroor 134524541]
车牌 is 鲁A359WQ  corlor is 1
            [error]         [eroor 134524379]
		[error]		[eroor 134524541]
车牌 is 鲁A1X677  corlor is 1
            [error]         [eroor 134524379]
		[error]		[eroor 134524541]
车牌 is 鲁JM3681  corlor is 1
            [error]         [eroor 134524379]
		[error]		[eroor 134524541]
车牌 is 鲁A6882N  corlor is 1
            [error]         [eroor 134524379]
		[error]		[eroor 134524541]
车牌 is 鲁E6S379  corlor is 1
            [error]         [eroor 134524379]
		[error]		[eroor 134524541]
车牌 is 鲁AJ1FJ警  corlor is 3
            [error]         [eroor 134524379]
		[error]		[eroor 134524541]
车牌 is 鲁A52218  corlor is 1
            [error]         [eroor 134524379]
		[error]		[eroor 134524541]
车牌 is 鲁N6E829  corlor is 1
            [error]         [eroor 1345