VIDEO-2016-11-11 UNENCRY
车牌 is 鲁KFR201  corlor is 1
SZ<br />
<b>Deprecated</b>:  Function MongoDB::authenticate() is deprecated in <b>/var/www/html/picUpload.php</b> on line <b>52</b><br />
Array
(
    [time] => 2017-03-06 07:53:44
    [dev] => 3701050905
    [name] => 中安宾馆
    [channel] => 
    [vehicle] => Array
        (
            [plate] => 鲁KFR201
            [color] => 
            [brand] => 
            [type] => 
        )

    [savepath] => qingbao/2017-03-06/3701050905/7-52-52鲁KFR201.jpg
)
Array
(
    [time] => 2017-03-06 07:53:44
    [dev] => 3701050905
    [name] => 中安宾馆
    [channel] => 
    [vehicle] => Array
        (
            [plate] => 鲁KFR201
            [color] => 
            [brand] => 
            [type] => 
        )

    [savepath] => qingbao/2017-03-06/3701050905/7-52-52鲁KFR201.jpg
    [_id] => MongoId Object
        (
            [$id] => 58bca4d493b3940311923f6a
        )

)

123 successs
		[error]		[eroor 134524541]
车牌 is 鲁AG575P  corlor is 1
SZ<br />
<b>Deprecated</b>:  Function MongoDB::authenticate() is deprecated in <b>/var/www/html/picUpload.php</b> on line <b>52</b><br />
Array
(
    [time] => 2017-03-06 09:15:38
    [dev] => 3701050905
    [name] => 中安宾馆
    [channel] => 
    [vehicle] => Array
        (
            [plate] => 鲁AG575P
            [color] => 
            [brand] => 
            [type] => 
        )

    [savepath] => qingbao/2017-03-06/3701050905/9-14-46鲁AG575P.jpg
)
Array
(
    [time] => 2017-03-06 09:15:38
    [dev] => 3701050905
    [name] => 中安宾馆
    [channel] => 
    [vehicle] => Array
        (
            [plate] => 鲁AG575P
            [color] => 
            [brand] => 
            [type] => 
        )

    [savepath] => qingbao/2017-03-06/3701050905/9-14-46鲁AG575P.jpg
    [_id] => MongoId Object
        (
            [$id] => 58bcb80693b3942445923fd7
        )

)

123 successs
		[error]		[eroor 134524541]
车牌 is 粤FQTGW5  corlor is 2
            [error]         [eroor 134524379]
		[error]		[eroor 134524541]
车牌 is JTVL742  corlor is 2
SZ<br />
<b>Deprecated</b>:  Function MongoDB::authenticate() is deprecated in <b>/var/www/html/picUpload.php</b> on line <b>52</b><br />
Array
(
    [time] => 2017-03-06 11:09:54
    [dev] => 3701050905
    [name] => 中安宾馆
    [channel] => 
    [vehicle] => Array
        (
            [plate] => JTVL742
            [color] => 
            [brand] => 
            [type] => 
        )

    [savepath] => qingbao/2017-03-06/3701050905/11-09-01JTVL742.jpg
)
Array
(
    [time] => 2017-03-06 11:09:54
    [dev] => 3701050905
    [name] => 中安宾馆
    [channel] => 
    [vehicle] => Array
        (
            [plate] => JTVL742
            [color] => 
            [brand] => 
            [type] => 
        )

    [savepath] => qingbao/2017-03-06/3701050905/11-09-01JTVL742.jpg
    [_id] => MongoId Object
        (
            [$id] => 58bcd2cd93b394281f923f57
        )

)

123 successs
		[error]		[eroor 134524541]
车牌 is 鲁AS9W80  corlor is 1
SZ<br />
<b>Deprecated</b>:  Function MongoDB::authenticate() is deprecated in <b>/var/www/html/picUpload.php</b> on line <b>52</b><br />
Array
(
    [time] => 2017-03-06 12:10:22
    [dev] => 3701050905
    [name] => 中安宾馆
    [channel] => 
    [vehicle] => Array
        (
            [plate] => 鲁AS9W80
            [color] => 
            [brand] => 
            [type] => 
        )

    [savepath] => qingbao/2017-03-06/3701050905/12-09-29鲁AS9W80.jpg
)
Array
(
    [time] => 2017-03-06 12:10:22
    [dev] => 3701050905
    [name] => 中安宾馆
    [channel] => 
    [vehicle] => Array
        (
            [plate] => 鲁AS9W80
            [color] => 
            [brand] => 
            [type] => 
        )

    [savepath] => qingbao/2017-03-06/3701050905/12-09-29鲁AS9W80.jpg
    [_id] => MongoId Object
        (
            [$id] => 58bce0f993b394bd48923f64
        )

)

123 successs
		[error]		[eroor 134524541]
车牌 is 鲁AE6897  corlor is 1
SZ<br />
<b>Deprecated</b>:  Function MongoDB::authenticate(VIDEO-2016-11-11 UNENCRY
车牌 is 津HA1T17  corlor is 1
SZ<br />
<b>Deprecated</b>:  Function MongoDB::authenticate() is deprecated in <b>/var/www/html/picUpload.php</b> on line <b>52</b><br />
Array
(
    [time] => 2017-03-06 03:24:47
    [dev] => 3701050905
    [name] => 中安宾馆
    [channel] => 
    [vehicle] => Array
        (
            [plate] => 津HA1T17
            [color] => 
            [brand] => 
            [type] => 
        )

    [savepath] => qingbao/2017-03-06/3701050905/3-23-55津HA1T17.jpg
)
Array
(
    [time] => 2017-03-06 03:24:47
    [dev] => 3701050905
    [name] => 中安宾馆
    [channel] => 
    [vehicle] => Array
        (
            [plate] => 津HA1T17
            [color] => 
            [brand] => 
            [type] => 
        )

    [savepath] => qingbao/2017-03-06/3701050905/3-23-55津HA1T17.jpg
    [_id] => MongoId Object
        (
            [$id] => 58bc65cb93b394f47f924287
        )

)

123 successs
		[error]		[eroor 134524541]
车牌 is 浙LW2UL学  corlor is 2
            [error]         [eroor 134524379]
		[error]		[eroor 134524541]
车牌 is 鲁AT3430  corlor is 1
            [error]         [eroor 134524379]
		[error]		[eroor 134524541]
车牌 is 鲁A9H682  corlor is 1
            [error]         [eroor 134524379]
		[error]		[eroor 134524541]
车牌 is 鲁A9853N  corlor is 1
            [error]         [eroor 134524379]
		[error]		[eroor 134524541]
车牌 is 鲁A202UJ  corlor is 1
            [error]         [eroor 134524379]
		[error]		[eroor 134524541]
车牌 is 鲁J57714  corlor is 1
            [error]         [eroor 134524379]
		[error]		[eroor 134524541]
车牌 is 鲁AC6560  corlor is 1
            [error]         [eroor 134524379]
		[error]		[eroor 134524541]
车牌 is 鲁A293C9  corlor is 1
            [error]         [eroor 134524379]
		[error]		[eroor 134524541]
车牌 is 鲁A1599U  corlor is 1
            [error]         [eroor 134524379]
		[error]		[eroor 134524541]
车牌 is 鲁AA7G22  corlor is 1
            [error]         [eroor 134524379]
		[error]		[eroor 134524541]
车牌 is 鲁H335VD  corlor is 1
            [error]         [eroor 134524379]
		[error]		[eroor 134524541]
车牌 is 川K0V878  corlor is 1
SZ<br />
<b>Deprecated</b>:  Function MongoDB::authenticate() is deprecated in <b>/var/www/html/picUpload.php</b> on line <b>52</b><br />
Array
(
    [time] => 2017-03-06 13:53:44
    [dev] => 3701050905
    [name] => 中安宾馆
    [channel] => 
    [vehicle] => Array
        (
            [plate] => 川K0V878
            [color] => 
            [brand] => 
            [type] => 
        )

    [savepath] => qingbao/2017-03-06/3701050905/13-52-50川K0V878.jpg
)
Array
(
    [time] => 2017-03-06 13:53:44
    [dev] => 3701050905
    [name] => 中安宾馆
    [channel] => 
    [vehicle] => Array
        (
            [plate] => 川K0V878
            [color] => 
            [brand] => 
            [type] => 
        )

    [savepath] => qingbao/2017-03-06/3701050905/13-52-50川K0V878.jpg
    [_id] => MongoId Object
        (
            [$id] => 58bcf93293b394080f923f8f
        )

)

123 successs
		[error]		[eroor 134524541]
车牌 is 鲁A128QW  corlor is 1
SZ<br />
<b>Deprecated</b>:  Function MongoDB::authenticate() is deprecated in <b>/var/www/html/picUpload.php</b> on line <b>52</b><br />
Array
(
    [time] => 2017-03-06 14:10:56
    [dev] => 3701050905
    [name] => 中安宾馆
    [channel] => 
    [vehicle] => Array
        (
            [plate] => 鲁A128QW
            [color] => 
            [brand] => 
            [type] => 
        )

    [savepath] => qingbao/2017-03-06/3701050905/14-10-02鲁A128QW.jpg
)
Array
(
    [time] => 2017-03-06 14:10:56
    [dev] => 3701050905
    [name] => 中安宾馆
    [channel] => 
    [vehicle] => Array
        (
            [plate] => 鲁A128QW
            [color] => 
            [brand] => 
            [type] => 
        )

    [savepath] => qingbao/2017-03-06/3701050905/14-10-02鲁A128QW.jpg
    [_id] => MongoId Object
        (
            [$id] => 58bcfd3a93b3942c1f923f63
        )

)

123 successs) is deprecated in <b>/var/www/html/picUpload.php</b> on line <b>52</b><br />
Array
(
    [time] => 2017-03-06 12:58:41
    [dev] => 3701050905
    [name] => 中安宾馆
    [channel] => 
    [vehicle] => Array
        (
            [plate] => 鲁AE6897
            [color] => 
            [brand] => 
            [type] => 
        )

    [savepath] => qingbao/2017-03-06/3701050905/12-57-48鲁AE6897.jpg
)
Array
(
    [time] => 2017-03-06 12:58:41
    [dev] => 3701050905
    [name] => 中安宾馆
    [channel] => 
    [vehicle] => Array
        (
            [plate] => 鲁AE6897
            [color] => 
            [brand] => 
            [type] => 
        )

    [savepath] => qingbao/2017-03-06/3701050905/12-57-48鲁AE6897.jpg
    [_id] => MongoId Object
        (
            [$id] => 58bcec4c93b394406e923f5c
        )

)

123 successs
		[error]		[eroor 134524541]
车牌 is 鲁H1U799  corlor is 1
            [error]         [eroor 134524379]
		[error]		[eroor 134524541]
车牌 is 浙JW1116  corlor is 1
SZ<br />
<b>Deprecated</b>:  Function MongoDB::authenticate() is deprecated in <b>/var/www/html/picUpload.php</b> on line <b>52</b><br />
Array
(
    [time] => 2017-03-06 13:34:53
    [dev] => 3701050905
    [name] => 中安宾馆
    [channel] => 
    [vehicle] => Array
        (
            [plate] => 浙JW1116
            [color] => 
            [brand] => 
            [type] => 
        )

    [savepath] => qingbao/2017-03-06/3701050905/13-33-59浙JW1116.jpg
)
Array
(
    [time] => 2017-03-06 13:34:53
    [dev] => 3701050905
    [name] => 中安宾馆
    [channel] => 
    [vehicle] => Array
        (
            [plate] => 浙JW1116
            [color] => 
            [brand] => 
            [type] => 
        )

    [savepath] => qingbao/2017-03-06/3701050905/13-33-59浙JW1116.jpg
    [_id] => MongoId Object
        (
            [$id] => 58bcf4c893b394ff05923f54
        )

)

123 successs
		[error]		[eroor 134524541]
车牌 is 川K0V878  corlor is 1
SZ<br />
<b>Deprecated</b>:  Function MongoDB::authenticate() is deprecated in <b>/var/www/html/picUpload.php</b> on line <b>52</b><br />
Array
(
    [time] => 2017-03-06 13:37:43
    [dev] => 3701050905
    [name] => 中安宾馆
    [channel] => 
    [vehicle] => Array
        (
            [plate] => 川K0V878
            [color] => 
            [brand] => 
            [type] => 
        )

    [savepath] => qingbao/2017-03-06/3701050905/13-36-50川K0V878.jpg
)
Array
(
    [time] => 2017-03-06 13:37:43
    [dev] => 3701050905
    [name] => 中安宾馆
    [channel] => 
    [vehicle] => Array
        (
            [plate] => 川K0V878
            [color] => 
            [brand] => 
            [type] => 
        )

    [savepath] => qingbao/2017-03-06/3701050905/13-36-50川K0V878.jpg
    [_id] => MongoId Object
        (
            [$id] => 58bcf57293b3948409923f52
        )

)

123 successs
		[error]		[eroor 134524541]
车牌 is 鲁A692XZ  corlor is 1
            [error]         [eroor 134524379]
		[error]		[eroor 134524541]
车牌 is 鲁A7255D  corlor is 1
            [error]         [eroor 134524379]
		[error]		[eroor 134524541]
车牌 is 鲁E38P1T  corlor is 1
            [error]         [eroor 134524379]
		[error]		[eroor 134524541]
车牌 is 鲁A951FS  corlor is 1
            [error]         [eroor 134524379]
		[error]		[eroor 134524541]
车牌 is 鲁LJ1L1学  corlor is 2
            [error]         [eroor 134524379]
		[error]		[eroor 134524541]
车牌 is 鲁ET6W7学  corlor is 2
            [error]         [eroor 134524379]
		[error]		[eroor 134524541]
车牌 is 鲁A317TV  corlor is 1
            [error]         [eroor 134524379]
		[error]		[eroor 134524541]
车牌 is 鲁JE7279  corlor is 1
            [error]         [eroor 134524379]
		[error]		[eroor 134524541]
车牌 is 鲁W23783  corlor is 1
            [error]         [eroor 134524379]
		[error]		[eroor 134524541]
车牌 is 鲁ET741警  corlor is 3
            [error]         [eroor 134524379]
		[error]		[eroor 134524541]
车牌 is 鲁A8667E  corlor is 1
            [error]         [eroor 134524379]
		[
		[error]		[eroor 134524541]
车牌 is 鲁AC6560  corlor is 1
            [error]         [eroor 134524379]
		[error]		[eroor 134524541]
车牌 is 鲁AJ137Z  corlor is 1
SZ<br />
<b>Deprecated</b>:  Function MongoDB::authenticate() is deprecated in <b>/var/www/html/picUpload.php</b> on line <b>52</b><br />
Array
(
    [time] => 2017-03-06 15:40:06
    [dev] => 3701050905
    [name] => 中安宾馆
    [channel] => 
    [vehicle] => Array
        (
            [plate] => 鲁AJ137Z
            [color] => 
            [brand] => 
            [type] => 
        )

    [savepath] => qingbao/2017-03-06/3701050905/15-39-12鲁AJ137Z.jpg
)
Array
(
    [time] => 2017-03-06 15:40:06
    [dev] => 3701050905
    [name] => 中安宾馆
    [channel] => 
    [vehicle] => Array
        (
            [plate] => 鲁AJ137Z
            [color] => 
            [brand] => 
            [type] => 
        )

    [savepath] => qingbao/2017-03-06/3701050905/15-39-12鲁AJ137Z.jpg
    [_id] => MongoId Object
        (
            [$id] => 58bd122093b3943b58923f54
        )

)

123 successs
		[error]		[eroor 134524541]
车牌 is JAZ38C1  corlor is 2
SZ<br />
<b>Deprecated</b>:  Function MongoDB::authenticate() is deprecated in <b>/var/www/html/picUpload.php</b> on line <b>52</b><br />
Array
(
    [time] => 2017-03-06 16:27:35
    [dev] => 3701050905
    [name] => 中安宾馆
    [channel] => 
    [vehicle] => Array
        (
            [plate] => JAZ38C1
            [color] => 
            [brand] => 
            [type] => 
        )

    [savepath] => qingbao/2017-03-06/3701050905/16-26-41JAZ38C1.jpg
)
Array
(
    [time] => 2017-03-06 16:27:35
    [dev] => 3701050905
    [name] => 中安宾馆
    [channel] => 
    [vehicle] => Array
        (
            [plate] => JAZ38C1
            [color] => 
            [brand] => 
            [type] => 
        )

    [savepath] => qingbao/2017-03-06/3701050905/16-26-41JAZ38C1.jpg
    [_id] => MongoId Object
        (
            [$id] => 58bd1d4193b394616092404c
        )

)

123 successs
		[error]		[eroor 134524541]
车牌 is 鲁AX206K  corlor is 1
            [error]         [eroor 134524379]
		[error]		[eroor 134524541]
车牌 is 鲁A692XZ  corlor is 1
            [error]         [eroor 134524379]
		[error]		[eroor 134524541]
车牌 is 鲁A398X2  corlor is 1
            [error]         [eroor 134524379]
		[error]		[eroor 134524541]
车牌 is 鲁AS389N  corlor is 1
            [error]         [eroor 134524379]
		[error]		[eroor 134524541]
车牌 is 鲁A396JN  corlor is 1
SZ<br />
<b>Deprecated</b>:  Function MongoDB::authenticate() is deprecated in <b>/var/www/html/picUpload.php</b> on line <b>52</b><br />
Array
(
    [time] => 2017-03-06 17:24:57
    [dev] => 3701050905
    [name] => 中安宾馆
    [channel] => 
    [vehicle] => Array
        (
            [plate] => 鲁A396JN
            [color] => 
            [brand] => 
            [type] => 
        )

    [savepath] => qingbao/2017-03-06/3701050905/17-24-02鲁A396JN.jpg
)
Array
(
    [time] => 2017-03-06 17:24:57
    [dev] => 3701050905
    [name] => 中安宾馆
    [channel] => 
    [vehicle] => Array
        (
            [plate] => 鲁A396JN
            [color] => 
            [brand] => 
            [type] => 
        )

    [savepath] => qingbao/2017-03-06/3701050905/17-24-02鲁A396JN.jpg
    [_id] => MongoId Object
        (
            [$id] => 58bd2ab293b394c61c923f74
        )

)

123 successs
		[error]		[eroor 134524541]
车牌 is 鲁AM015J  corlor is 1
            [error]         [eroor 134524379]
		[error]		[eroor 134524541]
车牌 is 鲁A7KY31  corlor is 1
            [error]         [eroor 134524379]
		[error]		[eroor 134524541]
车牌 is 津Q1L5W警  corlor is 3
SZ<br />
<b>Deprecated</b>:  Function MongoDB::authenticate() is deprecated in <b>/var/www/html/picUpload.php</b> on line <b>52</b><br />
Array
(
    [time] => 2017-03-06 17:36:01
    [dev] => 3701050905
    [name] => 中安宾馆
    [channel] => 
    [vehicle] => Array
        (
            [plate] => 津Q1L5W警
            [color] => 
            [brand] => 
            [type] => 
        )

    [savepath] => qingbao/2017-03-06/3701050905/17-35-06津Q1L5W警.jpg
)
Array
(
    [time] => 2017-03-06 17:36:01
    [dev] => 3701050905
    [name] => 中安宾馆
    [channel] => 
    [vehicle] => Array
        (
            [plate] => 津Q1L5W警
            [color] => 
            [brand] => 
            [type] => 
        )

    [savepath] => qingbao/2017-03-06/3701050905/17-35-06津Q1L5W警.jpg
    [_id] => MongoId Object
        (
            [$id] => 58bd2d4a93b3940b2d923f43
        )

)

123 successs
		[error]		[eroor 134524541]
车牌 is 鲁A21P56  corlor is 1
SZ<br />
<b>Deprecated</b>:  Function MongoDB::authenticate() is deprecated in <b>/var/www/html/picUpload.php</b> on line <b>52</b><br />
Array
(
    [time] => 2017-03-06 18:57:19
    [dev] => 3701050905
    [name] => 中安宾馆
    [channel] => 
    [vehicle] => Array
        (
            [plate] => 鲁A21P56
            [color] => 
            [brand] => 
            [type] => 
        )

    [savepath] => qingbao/2017-03-06/3701050905/18-56-24鲁A21P56.jpg
)
Array
(
    [time] => 2017-03-06 18:57:19
    [dev] => 3701050905
    [name] => 中安宾馆
    [channel] => 
    [vehicle] => Array
        (
            [plate] => 鲁A21P56
            [color] => 
            [brand] => 
            [type] => 
        )

    [savepath] => qingbao/2017-03-06/3701050905/18-56-24鲁A21P56.jpg
    [_id] => MongoId Object
        (
            [$id] => 58bd405893b394e54b92401f
        )

)

123 successs
		[error]		[eroor 134524541]
车牌 is 蒙ZPL391  corlor is 2
            [error]         [eroor 134524379]
		[error]		[eroor 134524541]
车牌 is 鲁BF2P30  corlor is 1
            [error]         [eroor 134524379]
		[error]		[eroor 134524541]
车牌 is 鲁AUJ717  corlor is 1
            [error]         [eroor 134524379]
		[error]		[eroor 134524541]
车牌 is 鲁AP887N  corlor is 1
            [error]         [eroor 134524379]
		[error]		[eroor 134524541]
车牌 is 鲁EW77N1  corlor is 2
            [error]         [eroor 134524379]
		[error]		[eroor 134524541]
车牌 is JLL1TA1  corlor is 2
            [error]         [eroor 134524379]
		[error]		[eroor 134524541]
车牌 is 鲁AP777D  corlor is 1
            [error]         [eroor 134524379]
		[error]		[eroor 134524541]
车牌 is 鲁LT6T1警  corlor is 3
            [error]         [eroor 134524379]
		[error]		[eroor 134524541]
车牌 is 鲁A618Z2  corlor is 1
SZ<br />
<b>Deprecated</b>:  Function MongoDB::authenticate() is deprecated in <b>/var/www/html/picUpload.php</b> on line <b>52</b><br />
Array
(
    [time] => 2017-03-06 23:36:37
    [dev] => 3701050905
    [name] => 中安宾馆
    [channel] => 
    [vehicle] => Array
        (
            [plate] => 鲁A618Z2
            [color] => 
            [brand] => 
            [type] => 
        )

    [savepath] => qingbao/2017-03-06/3701050905/23-35-41鲁A618Z2.jpg
)
Array
(
    [time] => 2017-03-06 23:36:37
    [dev] => 3701050905
    [name] => 中安宾馆
    [channel] => 
    [vehicle] => Array
        (
            [plate] => 鲁A618Z2
            [color] => 
            [brand] => 
            [type] => 
        )

    [savepath] => qingbao/2017-03-06/3701050905/23-35-41鲁A618Z2.jpg
    [_id] => MongoId Object
        (
            [$id] => 58bd81cd93b3949b269240c9
        )

)

123 successs
		[error]		[eroor 134524541]
车牌 is 鲁A195LC  corlor is 1
SZ<br />
<b>Deprecated</b>:  Function MongoDB::authenticate() is deprecated in <b>/var/www/html/picUpload.php</b> on line <b>52</b><br />
Array
(
    [time] => 2017-03-06 23:37:42
    [dev] => 3701050905
    [name] => 中安宾馆
    [channel] => 
    [vehicle] => Array
        (
            [plate] => 鲁A195LC
            [color] => 
            [brand] => 
            [type] => 
        )

    [savepath] => qingbao/2017-03-06/3701050905/23-36-46鲁A195LC.jpg
)
Array
(
    [time] => 2017-03-06 23:37:42
    [dev] => 3701050905
    [name] => 中安宾馆
    [channel] => 
    [vehicle] => Array
        (
            [plate] => 鲁A195LC
            [color] => 
            [