VIDEO-2016-11-11 UNENCRY
车牌 is 鲁A5211B  corlor is 1
            [error]         [eroor 134524379]
		[error]		[eroor 134524541]
车牌 is 鲁E2111W  corlor is 1
            [error]         [eroor 134524379]
		[error]		[eroor 134524541]
车牌 is 鲁A9853N  corlor is 1
            [error]         [eroor 134524379]
		[error]		[eroor 134524541]
车牌 is 鲁AH8A78  corlor is 1
            [error]         [eroor 134524379]
		[error]		[eroor 134524541]
车牌 is 鲁A993P0  corlor is 1
            [error]         [eroor 134524379]
		[error]		[eroor 134524541]
车牌 is 鲁A01P11  corlor is 1
            [error]         [eroor 134524379]
		[error]		[eroor 134524541]
车牌 is 鲁AU1P11  corlor is 1
            [error]         [eroor 134524379]
		[error]		[eroor 134524541]
车牌 is 鲁A7D918  corlor is 1
            [error]         [eroor 134524379]
		[error]		[eroor 134524541]
车牌 is 鲁MAL19学  corlor is 2
SZ<br />
<b>Deprecated</b>:  Function MongoDB::authenticate() is deprecated in <b>/var/www/html/picUpload.php</b> on line <b>52</b><br />
Array
(
    [time] => 2017-03-20 08:16:37
    [dev] => 3701050905
    [name] => 中安宾馆
    [channel] => 
    [vehicle] => Array
        (
            [plate] => 鲁MAL19学
            [color] => 
            [brand] => 
            [type] => 
        )

    [savepath] => qingbao/2017-03-20/3701050905/8-14-38鲁MAL19学.jpg
)
Array
(
    [time] => 2017-03-20 08:16:37
    [dev] => 3701050905
    [name] => 中安宾馆
    [channel] => 
    [vehicle] => Array
        (
            [plate] => 鲁MAL19学
            [color] => 
            [brand] => 
            [type] => 
        )

    [savepath] => qingbao/2017-03-20/3701050905/8-14-38鲁MAL19学.jpg
    [_id] => MongoId Object
        (
            [$id] => 58cf1eee93b3946858bfaa19
        )

)

123 successs
		[error]		[eroor 134524541]
车牌 is 鲁A52H15  corlor is 1
            [error]         [eroor 134524379]
		[error]		[eroor 134524541]
车牌 is 鲁AF797B  corlor is 1
SZ<br />
<b>Deprecated</b>:  Function MongoDB::authenticate() is deprecated in <b>/var/www/html/picUpload.php</b> on line <b>52</b><br />
Array
(
    [time] => 2017-03-20 09:19:26
    [dev] => 3701050905
    [name] => 中安宾馆
    [channel] => 
    [vehicle] => Array
        (
            [plate] => 鲁AF797B
            [color] => 
            [brand] => 
            [type] => 
        )

    [savepath] => qingbao/2017-03-20/3701050905/9-17-27鲁AF797B.jpg
)
Array
(
    [time] => 2017-03-20 09:19:26
    [dev] => 3701050905
    [name] => 中安宾馆
    [channel] => 
    [vehicle] => Array
        (
            [plate] => 鲁AF797B
            [color] => 
            [brand] => 
            [type] => 
        )

    [savepath] => qingbao/2017-03-20/3701050905/9-17-27鲁AF797B.jpg
    [_id] => MongoId Object
        (
            [$id] => 58cf2da793b394e00cbfa9a0
        )

)

123 successs
		[error]		[eroor 134524541]
车牌 is 鲁AF797R  corlor is 1
            [error]         [eroor 134524379]
		[error]		[eroor 134524541]
车牌 is 鲁AF965Y  corlor is 1
            [error]         [eroor 134524379]
		[error]		[eroor 134524541]
车牌 is 鲁C210W6  corlor is 1
            [error]         [eroor 134524379]
		[error]		[eroor 134524541]
车牌 is 鲁AJ137Z  corlor is 1
            [error]         [eroor 134524379]
		[error]		[eroor 134524541]
车牌 is 鲁AE6726  corlor is 1
            [error]         [eroor 134524379]
		[error]		[eroor 134524541]
车牌 is 鲁AC222E  corlor is 1
            [error]         [eroor 134524379]
		[error]		[eroor 134524541]
车牌 is 鲁CZX651  corlor is 1
            [error]         [eroor 134524379]
		[error]		[eroor 134524541]
车牌 is 鲁A633J1  corlor is 1
            [error]         [eroor 134524379]
		[error]		[eroor 134524541]
车牌 is 鲁A160S6  corlor is 1
            [error]         [eroor 134524379]
		[error]		[eroor 134524541]
车牌 is 鲁NT1111  corlor is 1
            [error]         [eroor 134524379]
		[error]		[eroor 134524541]
车牌 is 鲁ZFT111  corlor is 1
            [error]         [eroor 134