VIDEO-2016-11-11 UNENCRY
车牌 is 鲁A605F0  corlor is 1
SZ<br />
<b>Deprecated</b>:  Function MongoDB::authenticate() is deprecated in <b>/var/www/html/picUpload.php</b> on line <b>50</b><br />
Array
(
    [time] => 2016-12-11 18:55:46
    [dev] => 3701050905
    [name] => 中安宾馆
    [channel] => 
    [vehicle] => Array
        (
            [plate] => 鲁A605F0
            [color] => 
            [brand] => 
            [type] => 
        )

    [savepath] => qingbao/2016-12-11/3701050905/18-53-55鲁A605F0.jpg
)
Array
(
    [time] => 2016-12-11 18:55:46
    [dev] => 3701050905
    [name] => 中安宾馆
    [channel] => 
    [vehicle] => Array
        (
            [plate] => 鲁A605F0
            [color] => 
            [brand] => 
            [type] => 
        )

    [savepath] => qingbao/2016-12-11/3701050905/18-53-55鲁A605F0.jpg
    [_id] => MongoId Object
        (
            [$id] => 584d304393b39408355f8cfc
        )

)

123 successs

211 successs
车牌 is 鲁ET0W7学  corlor is 2
SZ<br />
<b>Deprecated</b>:  Function MongoDB::authenticate() is deprecated in <b>/var/www/html/picUpload.php</b> on line <b>50</b><br />
Array
(
    [time] => 2016-12-11 19:57:07
    [dev] => 3701050905
    [name] => 中安宾馆
    [channel] => 
    [vehicle] => Array
        (
            [plate] => 鲁ET0W7学
            [color] => 
            [brand] => 
            [type] => 
        )

    [savepath] => qingbao/2016-12-11/3701050905/19-55-17鲁ET0W7学.jpg
)
Array
(
    [time] => 2016-12-11 19:57:07
    [dev] => 3701050905
    [name] => 中安宾馆
    [channel] => 
    [vehicle] => Array
        (
            [plate] => 鲁ET0W7学
            [color] => 
            [brand] => 
            [type] => 
        )

    [savepath] => qingbao/2016-12-11/3701050905/19-55-17鲁ET0W7学.jpg
    [_id] => MongoId Object
        (
            [$id] => 584d3ea593b394574f5f8ccd
        )

)

123 successs

211 successs
车牌 is 鲁AH7033  corlor is 1
SZ<br />
<b>Deprecated</b>:  Function MongoDB::authenticate() is deprecated in <b>/var/www/html/picUpload.php</b> on line <b>50</b><br />
Array
(
    [time] => 2016-12-11 20:30:58
    [dev] => 3701050905
    [name] => 中安宾馆
    [channel] => 
    [vehicle] => Array
        (
            [plate] => 鲁AH7033
            [color] => 
            [brand] => 
            [type] => 
        )

    [savepath] => qingbao/2016-12-11/3701050905/20-29-08鲁AH7033.jpg
)
Array
(
    [time] => 2016-12-11 20:30:58
    [dev] => 3701050905
    [name] => 中安宾馆
    [channel] => 
    [vehicle] => Array
        (
            [plate] => 鲁AH7033
            [color] => 
            [brand] => 
            [type] => 
        )

    [savepath] => qingbao/2016-12-11/3701050905/20-29-08鲁AH7033.jpg
    [_id] => MongoId Object
        (
            [$id] => 584d469493b394c0375f8dcf
        )

)

123 successs

211 successs
车牌 is 鲁AH080K  corlor is 1
SZ<br />
<b>Deprecated</b>:  Function MongoDB::authenticate() is deprecated in <b>/var/www/html/picUpload.php</b> on line <b>50</b><br />
Array
(
    [time] => 2016-12-11 22:00:32
    [dev] => 3701050905
    [name] => 中安宾馆
    [channel] => 
    [vehicle] => Array
        (
            [plate] => 鲁AH080K
            [color] => 
            [brand] => 
            [type] => 
        )

    [savepath] => qingbao/2016-12-11/3701050905/21-58-42鲁AH080K.jpg
)
Array
(
    [time] => 2016-12-11 22:00:32
    [dev] => 3701050905
    [name] => 中安宾馆
    [channel] => 
    [vehicle] => Array
        (
            [plate] => 鲁AH080K
            [color] => 
            [brand] => 
            [type] => 
        )

    [savepath] => qingbao/2016-12-11/3701050905/21-58-42鲁AH080K.jpg
    [_id] => MongoId Object
        (
            [$id] => 584d5b9293b39408355f8e9a
        )

)

123 successs

211 successs
车牌 is 鲁ALQ523  corlor is 1
SZ<br />
<b>Deprecated</b>:  Function MongoDB::authenticate() is deprecated in <b>/var/www/html/picUpload.php</b> on line <b>50</b><br />
Array
(
    [time] => 2016-12-11 22:34:15
    [dev] => 3701050905
VIDEO-2016-11-11 UNENCRY
车牌 is 鲁Z21FTF  corlor is 2
SZ<br />
<b>Deprecated</b>:  Function MongoDB::authenticate() is deprecated in <b>/var/www/html/picUpload.php</b> on line <b>50</b><br />
Array
(
    [time] => 2016-12-12 07:10:00
    [dev] => 3701050905
    [name] => 中安宾馆
    [channel] => 
    [vehicle] => Array
        (
            [plate] => 鲁Z21FTF
            [color] => 
            [brand] => 
            [type] => 
        )

    [savepath] => qingbao/2016-12-12/3701050905/7-08-06鲁Z21FTF.jpg
)
Array
(
    [time] => 2016-12-12 07:10:00
    [dev] => 3701050905
    [name] => 中安宾馆
    [channel] => 
    [vehicle] => Array
        (
            [plate] => 鲁Z21FTF
            [color] => 
            [brand] => 
            [type] => 
        )

    [savepath] => qingbao/2016-12-12/3701050905/7-08-06鲁Z21FTF.jpg
    [_id] => MongoId Object
        (
            [$id] => 584ddc5793b39408355f8fed
        )

)

123 successs

211 successs
车牌 is 鲁AKA102  corlor is 1
SZ<br />
<b>Deprecated</b>:  Function MongoDB::authenticate() is deprecated in <b>/var/www/html/picUpload.php</b> on line <b>50</b><br />
Array
(
    [time] => 2016-12-12 09:18:14
    [dev] => 3701050905
    [name] => 中安宾馆
    [channel] => 
    [vehicle] => Array
        (
            [plate] => 鲁AKA102
            [color] => 
            [brand] => 
            [type] => 
        )

    [savepath] => qingbao/2016-12-12/3701050905/9-16-21鲁AKA102.jpg
)
Array
(
    [time] => 2016-12-12 09:18:14
    [dev] => 3701050905
    [name] => 中安宾馆
    [channel] => 
    [vehicle] => Array
        (
            [plate] => 鲁AKA102
            [color] => 
            [brand] => 
            [type] => 
        )

    [savepath] => qingbao/2016-12-12/3701050905/9-16-21鲁AKA102.jpg
    [_id] => MongoId Object
        (
            [$id] => 584dfa6593b3947a715f8ca9
        )

)

123 successs

211 successs
车牌 is 鲁B020P5  corlor is 1
SZ<br />
<b>Deprecated</b>:  Function MongoDB::authenticate() is deprecated in <b>/var/www/html/picUpload.php</b> on line <b>50</b><br />
Array
(
    [time] => 2016-12-12 09:36:19
    [dev] => 3701050905
    [name] => 中安宾馆
    [channel] => 
    [vehicle] => Array
        (
            [plate] => 鲁B020P5
            [color] => 
            [brand] => 
            [type] => 
        )

    [savepath] => qingbao/2016-12-12/3701050905/9-34-25鲁B020P5.jpg
)
Array
(
    [time] => 2016-12-12 09:36:19
    [dev] => 3701050905
    [name] => 中安宾馆
    [channel] => 
    [vehicle] => Array
        (
            [plate] => 鲁B020P5
            [color] => 
            [brand] => 
            [type] => 
        )

    [savepath] => qingbao/2016-12-12/3701050905/9-34-25鲁B020P5.jpg
    [_id] => MongoId Object
        (
            [$id] => 584dfea193b3941b7a5f8ca5
        )

)

123 successs

211 successs
车牌 is 鲁AP778A  corlor is 1
SZ<br />
<b>Deprecated</b>:  Function MongoDB::authenticate() is deprecated in <b>/var/www/html/picUpload.php</b> on line <b>50</b><br />
Array
(
    [time] => 2016-12-12 09:58:22
    [dev] => 3701050905
    [name] => 中安宾馆
    [channel] => 
    [vehicle] => Array
        (
            [plate] => 鲁AP778A
            [color] => 
            [brand] => 
            [type] => 
        )

    [savepath] => qingbao/2016-12-12/3701050905/9-56-28鲁AP778A.jpg
)
Array
(
    [time] => 2016-12-12 09:58:22
    [dev] => 3701050905
    [name] => 中安宾馆
    [channel] => 
    [vehicle] => Array
        (
            [plate] => 鲁AP778A
            [color] => 
            [brand] => 
            [type] => 
        )

    [savepath] => qingbao/2016-12-12/3701050905/9-56-28鲁AP778A.jpg
    [_id] => MongoId Object
        (
            [$id] => 584e03cc93b3944c035f8cc3
        )

)

123 successs

211 successs
车牌 is 鲁A763T6  corlor is 1
SZ<br />
<b>Deprecated</b>:  Function MongoDB::authenticate() is deprecated in <b>/var/www/html/picUpload.php</b> on line <b>50</b><br />
Array
(
    [time] => 2016-12-12 10:56:39
    [dev] => 3701050905
    [name] => 中安宾馆
    [channel] => 
    [vehicle] => Array
        (
            [plate] => 鲁A763T6
            [color] => 
            [brand] => 
            [type] => 
        )

    [savepath] => qingbao/2016-12-12/3701050905/10-54-45鲁A763T6.jpg
)
Array
(
    [time] => 2016-12-12 10:56:39
    [dev] => 3701050905
    [name] => 中安宾馆
    [channel] => 
    [vehicle] => Array
        (
            [plate] => 鲁A763T6
            [color] => 
            [brand] => 
            [type] => 
        )

    [savepath] => qingbao/2016-12-12/3701050905/10-54-45鲁A763T6.jpg
    [_id] => MongoId Object
        (
            [$id] => 584e117593b394e3135f8d0c
        )

)

123 successs

211 successs
车牌 is 鲁C2867C  corlor is 1
SZ<br />
<b>Deprecated</b>:  Function MongoDB::authenticate() is deprecated in <b>/var/www/html/picUpload.php</b> on line <b>50</b><br />
Array
(
    [time] => 2016-12-12 11:01:32
    [dev] => 3701050905
    [name] => 中安宾馆
    [channel] => 
    [vehicle] => Array
        (
            [plate] => 鲁C2867C
            [color] => 
            [brand] => 
            [type] => 
        )

    [savepath] => qingbao/2016-12-12/3701050905/10-59-38鲁C2867C.jpg
)
Array
(
    [time] => 2016-12-12 11:01:32
    [dev] => 3701050905
    [name] => 中安宾馆
    [channel] => 
    [vehicle] => Array
        (
            [plate] => 鲁C2867C
            [color] => 
            [brand] => 
            [type] => 
        )

    [savepath] => qingbao/2016-12-12/3701050905/10-59-38鲁C2867C.jpg
    [_id] => MongoId Object
        (
            [$id] => 584e129a93b3942f235f8cb1
        )

)

123 successs

211 successs
车牌 is 鲁AJ001M  corlor is 1
SZ<br />
<b>Deprecated</b>:  Function MongoDB::authenticate() is deprecated in <b>/var/www/html/picUpload.php</b> on line <b>50</b><br />
Array
(
    [time] => 2016-12-12 12:12:46
    [dev] => 3701050905
    [name] => 中安宾馆
    [channel] => 
    [vehicle] => Array
        (
            [plate] => 鲁AJ001M
            [color] => 
            [brand] => 
            [type] => 
        )

    [savepath] => qingbao/2016-12-12/3701050905/12-10-52鲁AJ001M.jpg
)
Array
(
    [time] => 2016-12-12 12:12:46
    [dev] => 3701050905
    [name] => 中安宾馆
    [channel] => 
    [vehicle] => Array
        (
            [plate] => 鲁AJ001M
            [color] => 
            [brand] => 
            [type] => 
        )

    [savepath] => qingbao/2016-12-12/3701050905/12-10-52鲁AJ001M.jpg
    [_id] => MongoId Object
        (
            [$id] => 584e234c93b39419465f8cb8
        )

)

123 successs

211 successs
车牌 is 鲁A6J958  corlor is 1
SZ<br />
<b>Deprecated</b>:  Function MongoDB::authenticate() is deprecated in <b>/var/www/html/picUpload.php</b> on line <b>50</b><br />
Array
(
    [time] => 2016-12-12 12:30:45
    [dev] => 3701050905
    [name] => 中安宾馆
    [channel] => 
    [vehicle] => Array
        (
            [plate] => 鲁A6J958
            [color] => 
            [brand] => 
            [type] => 
        )

    [savepath] => qingbao/2016-12-12/3701050905/12-28-51鲁A6J958.jpg
)
Array
(
    [time] => 2016-12-12 12:30:45
    [dev] => 3701050905
    [name] => 中安宾馆
    [channel] => 
    [vehicle] => Array
        (
            [plate] => 鲁A6J958
            [color] => 
            [brand] => 
            [type] => 
        )

    [savepath] => qingbao/2016-12-12/3701050905/12-28-51鲁A6J958.jpg
    [_id] => MongoId Object
        (
            [$id] => 584e278393b3942d265f8e05
        )

)

123 successs

211 successs
车牌 is 鲁AJ001M  corlor is 1
SZ<br />
<b>Deprecated</b>:  Function MongoDB::authenticate() is deprecated in <b>/var/www/html/picUpload.php</b> on line <b>50</b><br />
Array
(
    [time] => 2016-12-12 12:40:20
    [dev] => 3701050905
    [name] => 中安宾馆
    [channel] => 
    [vehicle] => Array
        (
            [plate] => 鲁AJ001M
            [color] => 
            [brand] => 
            [type] => 
        )

    [savepath] => qingbao/2016-12-12/3701050905/12-38-27鲁AJ001M.jpg
)
Array
(
    [time] => 2016-12-12 12:40:20
    [dev] => 3701050905
    [name] => 中安宾馆
    [channel] => 
    [vehicle] => Array
        (
            [plate] => 鲁AJ001M
            [color] => 
            [brand] => 
            [type] => 
        )

    [savepath] => qingbao/2016-12-12/3701050905/12-38-27鲁AJ001M.jpg
    [_id] => MongoId Object
        (
            [$id] => 584e29c393b3943e555f8c9d
        )

)

123 successs

211 successs
车牌 is 鲁ADF695  corlor is 1
            [error]         [eroor 134524395]

211 successs
车牌 is 鲁AT9937  corlor is 1
SZ<br />
<b>Deprecated</b>:  Function MongoDB::authenticate() is deprecated in <b>/var/www/html/picUpload.php</b> on line <b>50</b><br />
Array
(
    [time] => 2016-12-12 13:08:49
    [dev] => 3701050905
    [name] => 中安宾馆
    [channel] => 
    [vehicle] => Array
        (
            [plate] => 鲁AT9937
            [color] => 
            [brand] => 
            [type] => 
        )

    [savepath] => qingbao/2016-12-12/3701050905/13-06-55鲁AT9937.jpg
)
Array
(
    [time] => 2016-12-12 13:08:49
    [dev] => 3701050905
    [name] => 中安宾馆
    [channel] => 
    [vehicle] => Array
        (
            [plate] => 鲁AT9937
            [color] => 
            [brand] => 
            [type] => 
        )

    [savepath] => qingbao/2016-12-12/3701050905/13-06-55鲁AT9937.jpg
    [_id] => MongoId Object
        (
            [$id] => 584e306f93b394555f5f8cb8
        )

)

123 successs

211 successs
车牌 is 鲁AD9S10  corlor is 1
SZ<br />
<b>Deprecated</b>:  Function MongoDB::authenticate() is deprecated in <b>/var/www/html/picUpload.php</b> on line <b>50</b><br />
Array
(
    [time] => 2016-12-12 13:30:01
    [dev] => 3701050905
    [name] => 中安宾馆
    [channel] => 
    [vehicle] => Array
        (
            [plate] => 鲁AD9S10
            [color] => 
            [brand] => 
            [type] => 
        )

    [savepath] => qingbao/2016-12-12/3701050905/13-28-08鲁AD9S10.jpg
)
Array
(
    [time] => 2016-12-12 13:30:01
    [dev] => 3701050905
    [name] => 中安宾馆
    [channel] => 
    [vehicle] => Array
        (
            [plate] => 鲁AD9S10
            [color] => 
            [brand] => 
            [type] => 
        )

    [savepath] => qingbao/2016-12-12/3701050905/13-28-08鲁AD9S10.jpg
    [_id] => MongoId Object
        (
            [$id] => 584e356893b39483665f8cc8
        )

)

123 successs

211 successs
车牌 is 鲁AK319Q  corlor is 1
SZ<br />
<b>Deprecated</b>:  Function MongoDB::authenticate() is deprecated in <b>/var/www/html/picUpload.php</b> on line <b>50</b><br />
Array
(
    [time] => 2016-12-12 14:41:06
    [dev] => 3701050905
    [name] => 中安宾馆
    [channel] => 
    [vehicle] => Array
        (
            [plate] => 鲁AK319Q
            [color] => 
            [brand] => 
            [type] => 
        )

    [savepath] => qingbao/2016-12-12/3701050905/14-39-11鲁AK319Q.jpg
)
Array
(
    [time] => 2016-12-12 14:41:06
    [dev] => 3701050905
    [name] => 中安宾馆
    [channel] => 
    [vehicle] => Array
        (
            [plate] => 鲁AK319Q
            [color] => 
            [brand] => 
            [type] => 
        )

    [savepath] => qingbao/2016-12-12/3701050905/14-39-11鲁AK319Q.jpg
    [_id] => MongoId Object
        (
            [$id] => 584e460f93b3949a065f8d04
        )

)

123 successs

211 successs
车牌 is 鲁AUT321  corlor is 1
SZ<br />
<b>Deprecated</b>:  Function MongoDB::authenticate() is deprecated in <b>/var/www/html/picUpload.php</b> on line <b>50</b><br />
Array
(
    [time] => 2016-12-12 15:11:26
    [dev] => 3701050905
    [name] => 中安宾馆
    [channel] => 
    [vehicle] => Array
        (
            [plate] => 鲁AUT321
            [color] => 
            [brand] => 
            [type] => 
        )

    [savepath] => qingbao/2016-12-12/3701050905/15-09-32鲁AUT321.jpg
)
Array
(
    [time] => 2016-12-12 15:11:26
    [dev] => 3701050905
    [name] => 中安宾馆
    [channel] => 
    [vehicle] => Array
        (
            [plate] => 鲁AUT321
            [color] => 
            [brand] => 
            [type] => 
        )

    [savepath] => qingbao/2016-12-12/3701050905/15-09-32鲁AUT321.jpg
    [_id] => MongoId Object
        (
            [$id] => 584e4d2c93b39493135f8cfe
        )

)

123 successs

211 successs
车牌 is 鲁JWZ376  corlor is 1
SZ<br />
<b>Deprecated</b>:  Function MongoDB::authenticate() is deprecated in <b>/var/www/html/picUpload.php</b> on line <b>50</b><br />
Array
(
    [time] => 2016-12-12 16:47:55
    [dev] => 3701050905
    [name] => 中安宾馆
    [channel] => 
    [vehicle] => Array
        (
            [plate] => 鲁JWZ376
            [color] => 
            [brand] => 
            [type] => 
        )

    [savepath] => qingbao/2016-12-12/3701050905/16-45-59鲁JWZ376.jpg
)
Array
(
    [time] => 2016-12-12 16:47:55
    [dev] => 3701050905
    [name] => 中安宾馆
    [channel] => 
    [vehicle] => Array
        (
            [plate] => 鲁JWZ376
            [color] => 
            [brand] => 
            [type] => 
        )

    [savepath] => qingbao/2016-12-12/3701050905/16-45-59鲁JWZ376.jpg
    [_id] => MongoId Object
        (
            [$id] => 584e63c793b394dd4b5f8c9f
        )

)

123 successs

211 successs
车牌 is 鲁AP707C  corlor is 1
SZ<br />
<b>Deprecated</b>:  Function MongoDB::authenticate() is deprecated in <b>/var/www/html/picUpload.php</b> on line <b>50</b><br />
Array
(
    [time] => 2016-12-12 16:52:45
    [dev] => 3701050905
    [name] => 中安宾馆
    [channel] => 
    [vehicle] => Array
        (
            [plate] => 鲁AP707C
            [color] => 
            [brand] => 
            [type] => 
        )

    [savepath] => qingbao/2016-12-12/3701050905/16-50-50鲁AP707C.jpg
)
Array
(
    [time] => 2016-12-12 16:52:45
    [dev] => 3701050905
    [name] => 中安宾馆
    [channel] => 
    [vehicle] => Array
        (
            [plate] => 鲁AP707C
            [color] => 
            [brand] => 
            [type] => 
        )

    [savepath] => qingbao/2016-12-12/3701050905/16-50-50鲁AP707C.jpg
    [_id] => MongoId Object
        (
            [$id] => 584e64ea93b39439505f8c99
        )

)

123 successs

211 successs
车牌 is 鲁A035A9  corlor is 1
SZ<br />
<b>Deprecated</b>:  Function MongoDB::authenticate() is deprecated in <b>/var/www/html/picUpload.php</b> on line <b>50</b><br />
Array
(
    [time] => 2016-12-12 17:24:48
    [dev] => 3701050905
    [name] => 中安宾馆
    [channel] => 
    [vehicle] => Array
        (
            [plate] => 鲁A035A9
            [color] => 
            [brand] => 
            [type] => 
        )

    [savepath] => qingbao/2016-12-12/3701050905/17-22-52鲁A035A9.jpg
)
Array
(
    [time] => 2016-12-12 17:24:48
    [dev] => 3701050905
    [name] => 中安宾馆
    [channel] => 
    [vehicle] => Array
        (
            [plate] => 鲁A035A9
            [color] => 
            [brand] => 
            [type] => 
        )

    [savepath] => qingbao/2016-12-12/3701050905/17-22-52鲁A035A9.jpg
    [_id] => MongoId Object
        (
            [$id] => 584e6c6c93b394a7465f8d74
        )

)

123 successs

211 successs
车牌 is 鲁AZ512C  corlor is 1
SZ<br />
<b>Deprecated</b>:  Function MongoDB::authenticate() is deprecated in <b>/var/www/html/picUpload.php</b> on line <b>50</b><br />
Array
(
    [time] => 2016-12-12 17:29:12
    [dev] => 3701050905
    [name] => 中安宾馆
    [channel] => 
    [vehicle] => Array
        (
            [plate] => 鲁AZ512C
            [color] => 
            [brand] => 
            [type] => 
        )

    [savepath] => qingbao/2016-12-12/3701050905/17-27-16鲁AZ512C.jpg
)
Array
(
    [time] => 2016-12-12 17:29:12
    [dev] => 3701050905
    [name] => 中安宾馆
    [channel] => 
    [vehicle] => Array
        (
            [plate] => 鲁AZ512C
            [color] => 
            [brand] => 
            [type] => 
        )

    [savepath] => qingbao/2016-12-12/3701050905/17-27-16鲁AZ512C.jpg
    [_id] => MongoId Object
        (
            [$id] => 584e6d7493b3944a5c5f8ce8
        )

)

123 successs

211 successs
车牌 is 鲁WAQ4T1  corlor is 2
SZ<br />
<b>Deprecated</b>:  Function MongoDB::authenticate() is deprecated in <b>/var/www/html/picUpload.php</b> on line <b>50</b><br />
Array
(
    [time] => 2016-12-12 17:29:27
    [dev] => 3701050905
    [name] => 中安宾馆
    [channel] => 
    [vehicle] => Array
        (
            [plate] => 鲁WAQ4T1
            [color] => 
            [brand] => 
            [type] => 
        )

    [savepath] => qingbao/2016-12-12/3701050905/17-27-32鲁WAQ4T1.jpg
)
Array
(
    [time] => 2016-12-12 17:29:27
    [dev] => 3701050905
    [name] => 中安宾馆
    [channel] => 
    [vehicle] => Array
        (
            [plate] => 鲁WAQ4T1
            [color] => 
            [brand] => 
            [type] => 
        )

    [savepath] => qingbao/2016-12-12/3701050905/17-27-32鲁WAQ4T1.jpg
    [_id] => MongoId Object
        (
            [$id] => 584e6d8493b3946d625f8ca6
        )

)

123 successs

211 successs
车牌 is 鲁AH2286  corlor is 1
SZ<br />
<b>Deprecated</b>:  Function MongoDB::authenticate() is deprecated in <b>/var/www/html/picUpload.php</b> on line <b>50</b><br />
Array
(
    [time] => 2016-12-12 18:07:13
    [dev] => 3701050905
    [name] => 中安宾馆
    [channel] => 
    [vehicle] => Array
        (
            [plate] => 鲁AH2286
            [color] => 
            [brand] => 
            [type] => 
        )

    [savepath] => qingbao/2016-12-12/3701050905/18-05-18鲁AH2286.jpg
)
Array
(
    [time] => 2016-12-12 18:07:13
    [dev] => 3701050905
    [name] => 中安宾馆
    [channel] => 
    [vehicle] => Array
        (
            [plate] => 鲁AH2286
            [color] => 
            [brand] => 
            [type] => 
        )

    [savepath] => qingbao/2016-12-12/3701050905/18-05-18鲁AH2286.jpg
    [_id] => MongoId Object
        (
            [$id] => 584e765e93b394e1605f8d86
        )

)

123 successs

211 successs
车牌 is 鲁AQ877N  corlor is 1
SZ<br />
<b>Deprecated</b>:  Function MongoDB::authenticate() is deprecated in <b>/var/www/html/picUpload.php</b> on line <b>50</b><br />
Array
(
    [time] => 2016-12-12 19:02:41
    [dev] => 3701050905
    [name] => 中安宾馆
    [channel] => 
    [vehicle] => Array
        (
            [plate] => 鲁AQ877N
            [color] => 
            [brand] => 
            [type] => 
        )

    [savepath] => qingbao/2016-12-12/3701050905/19-00-45鲁AQ877N.jpg
)
Array
(
    [time] => 2016-12-12 19:02:41
    [dev] => 3701050905
    [name] => 中安宾馆
    [channel] => 
    [vehicle] => Array
        (
            [plate] => 鲁AQ877N
            [color] => 
            [brand] => 
            [type] => 
        )

    [savepath] => qingbao/2016-12-12/3701050905/19-00-45鲁AQ877N.jpg
    [_id] => MongoId Object
        (
            [$id] => 584e835d93b394a7465f8f18
        )

)

123 successs

211 successs
车牌 is 鲁AP778A  corlor is 1
SZ<br />
<b>Deprecated</b>:  Function MongoDB::authenticate() is deprecated in <b>/var/www/html/picUpload.php</b> on line <b>50</b><br />
Array
(
    [time] => 2016-12-12 19:57:55
    [dev] => 3701050905
    [name] => 中安宾馆
    [channel] => 
    [vehicle] => Array
        (
            [plate] => 鲁AP778A
            [color] => 
            [brand] => 
            [type] => 
        )

    [savepath] => qingbao/2016-12-12/3701050905/19-55-59鲁AP778A.jpg
)
Array
(
    [time] => 2016-12-12 19:57:55
    [dev] => 3701050905
    [name] => 中安宾馆
    [channel] => 
    [vehicle] => Array
        (
            [plate] => 鲁AP778A
            [color] => 
            [brand] => 
            [type] => 
        )

    [savepath] => qingbao/2016-12-12/3701050905/19-55-59鲁AP778A.jpg
    [_id] => MongoId Object
        (
            [$id] => 584e904f93b394931e5f8ce1
        )

)

123 successs

211 successs
车牌 is 鲁AP118A  corlor is 1
SZ<br />
<b>Deprecated</b>:  Function MongoDB::authenticate() is deprecated in <b>/var/www/html/picUpload.php</b> on line <b>50</b><br />
Array
(
    [time] => 2016-12-12 19:58:10
    [dev] => 3701050905
    [name] => 中安宾馆
    [channel] => 
    [vehicle