VIDEO-2016-11-11 UNENCRY
车牌 is 鲁A12768  corlor is 1
SZ<br />
<b>Deprecated</b>:  Function MongoDB::authenticate() is deprecated in <b>/var/www/html/picUpload.php</b> on line <b>52</b><br />
Array
(
    [time] => 2017-03-09 00:36:55
    [dev] => 3701050905
    [name] => 中安宾馆
    [channel] => 
    [vehicle] => Array
        (
            [plate] => 鲁A12768
            [color] => 
            [brand] => 
            [type] => 
        )

    [savepath] => qingbao/2017-03-09/3701050905/0-35-50鲁A12768.jpg
)
Array
(
    [time] => 2017-03-09 00:36:55
    [dev] => 3701050905
    [name] => 中安宾馆
    [channel] => 
    [vehicle] => Array
        (
            [plate] => 鲁A12768
            [color] => 
            [brand] => 
            [type] => 
        )

    [savepath] => qingbao/2017-03-09/3701050905/0-35-50鲁A12768.jpg
    [_id] => MongoId Object
        (
            [$id] => 58c032e693b394770f924054
        )

)

123 successs
		[error]		[eroor 134524541]
车牌 is 鲁A982DF  corlor is 1
            [error]         [eroor 134524379]
		[error]		[eroor 134524541]
车牌 is 鲁A363SJ  corlor is 1
            [error]         [eroor 134524379]
		[error]		[eroor 134524541]
车牌 is 鲁A128QW  corlor is 1
            [error]         [eroor 134524379]
		[error]		[eroor 134524541]
车牌 is 鲁A066DZ  corlor is 1
            [error]         [eroor 134524379]
		[error]		[eroor 134524541]
车牌 is 鲁AT8843  corlor is 1
            [error]         [eroor 134524379]
		[error]		[eroor 134524541]
车牌 is 鲁ACT508  corlor is 1
            [error]         [eroor 134524379]
		[error]		[eroor 134524541]
车牌 is 鲁AM3L65  corlor is 1
            [error]         [eroor 134524379]
		[error]		[eroor 134524541]
车牌 is 鲁AL310X  corlor is 1
            [error]         [eroor 134524379]
		[error]		[eroor 134524541]
车牌 is 鲁A933PL  corlor is 1
            [error]         [eroor 134524379]
		[error]		[eroor 134524541]
车牌 is 鲁AM3L65  corlor is 1
SZ<br />
<b>Deprecated</b>:  Function MongoDB::authenticate() is deprecated in <b>/var/www/html/picUpload.php</b> on line <b>52</b><br />
Array
(
    [time] => 2017-03-09 11:24:38
    [dev] => 3701050905
    [name] => 中安宾馆
    [channel] => 
    [vehicle] => Array
        (
            [plate] => 鲁AM3L65
            [color] => 
            [brand] => 
            [type] => 
        )

    [savepath] => qingbao/2017-03-09/3701050905/11-23-30鲁AM3L65.jpg
)
Array
(
    [time] => 2017-03-09 11:24:38
    [dev] => 3701050905
    [name] => 中安宾馆
    [channel] => 
    [vehicle] => Array
        (
            [plate] => 鲁AM3L65
            [color] => 
            [brand] => 
            [type] => 
        )

    [savepath] => qingbao/2017-03-09/3701050905/11-23-30鲁AM3L65.jpg
    [_id] => MongoId Object
        (
            [$id] => 58c0cab293b394ce62923faf
        )

)

123 successs
		[error]		[eroor 134524541]
车牌 is 鲁A293C9  corlor is 1
            [error]         [eroor 134524379]
		[error]		[eroor 134524541]
车牌 is 鲁AMM195  corlor is 1
SZ<br />
<b>Deprecated</b>:  Function MongoDB::authenticate() is deprecated in <b>/var/www/html/picUpload.php</b> on line <b>52</b><br />
Array
(
    [time] => 2017-03-09 12:01:07
    [dev] => 3701050905
    [name] => 中安宾馆
    [channel] => 
    [vehicle] => Array
        (
            [plate] => 鲁AMM195
            [color] => 
            [brand] => 
            [type] => 
        )

    [savepath] => qingbao/2017-03-09/3701050905/11-59-59鲁AMM195.jpg
)
Array
(
    [time] => 2017-03-09 12:01:07
    [dev] => 3701050905
    [name] => 中安宾馆
    [channel] => 
    [vehicle] => Array
        (
            [plate] => 鲁AMM195
            [color] => 
            [brand] => 
            [type] => 
        )

    [savepath] => qingbao/2017-03-09/3701050905/11-59-59鲁AMM195.jpg
    [_id] => MongoId Object
        (
            [$id] => 58c0d33f93b394da70924019
        )

)

123 successs
		[error]		[eroor 134524541]
车牌 is 鲁A236XP  corlor is 1
            [error]         [eroor 134524379]
	VIDEO-2016-11-11 UNENCRY
车牌 is 鲁A985A2  corlor is 1
SZ<br />
<b>Deprecated</b>:  Function MongoDB::authenticate() is deprecated in <b>/var/www/html/picUpload.php</b> on line <b>52</b><br />
Array
(
    [time] => 2017-03-09 07:39:04
    [dev] => 3701050905
    [name] => 中安宾馆
    [channel] => 
    [vehicle] => Array
        (
            [plate] => 鲁A985A2
            [color] => 
            [brand] => 
            [type] => 
        )

    [savepath] => qingbao/2017-03-09/3701050905/7-37-58鲁A985A2.jpg
)
Array
(
    [time] => 2017-03-09 07:39:04
    [dev] => 3701050905
    [name] => 中安宾馆
    [channel] => 
    [vehicle] => Array
        (
            [plate] => 鲁A985A2
            [color] => 
            [brand] => 
            [type] => 
        )

    [savepath] => qingbao/2017-03-09/3701050905/7-37-58鲁A985A2.jpg
    [_id] => MongoId Object
        (
            [$id] => 58c095d693b3944d03924301
        )

)

123 successs
		[error]		[eroor 134524541]
车牌 is 鲁A0Y719  corlor is 1
            [error]         [eroor 134524379]
		[error]		[eroor 134524541]
车牌 is 鲁A59C78  corlor is 1
            [error]         [eroor 134524379]
		[error]		[eroor 134524541]
车牌 is 鲁AZ111X  corlor is 1
            [error]         [eroor 134524379]
		[error]		[eroor 134524541]
车牌 is 鲁AG2B79  corlor is 1
            [error]         [eroor 134524379]
		[error]		[eroor 134524541]
车牌 is 鲁A5X798  corlor is 1
SZ<br />
<b>Deprecated</b>:  Function MongoDB::authenticate() is deprecated in <b>/var/www/html/picUpload.php</b> on line <b>52</b><br />
Array
(
    [time] => 2017-03-09 11:41:15
    [dev] => 3701050905
    [name] => 中安宾馆
    [channel] => 
    [vehicle] => Array
        (
            [plate] => 鲁A5X798
            [color] => 
            [brand] => 
            [type] => 
        )

    [savepath] => qingbao/2017-03-09/3701050905/11-40-08鲁A5X798.jpg
)
Array
(
    [time] => 2017-03-09 11:41:15
    [dev] => 3701050905
    [name] => 中安宾馆
    [channel] => 
    [vehicle] => Array
        (
            [plate] => 鲁A5X798
            [color] => 
            [brand] => 
            [type] => 
        )

    [savepath] => qingbao/2017-03-09/3701050905/11-40-08鲁A5X798.jpg
    [_id] => MongoId Object
        (
            [$id] => 58c0ce9893b3943b76923f62
        )

)

123 successs
		[error]		[eroor 134524541]
车牌 is 鲁AETLT警  corlor is 3
            [error]         [eroor 134524379]
		[error]		[eroor 134524541]
车牌 is 鲁FTLT8警  corlor is 3
            [error]         [eroor 134524379]
		[error]		[eroor 134524541]
车牌 is 鲁A293C9  corlor is 1
            [error]         [eroor 134524379]
		[error]		[eroor 134524541]
车牌 is 鲁MK7T8学  corlor is 2
SZ<br />
<b>Deprecated</b>:  Function MongoDB::authenticate() is deprecated in <b>/var/www/html/picUpload.php</b> on line <b>52</b><br />
Array
(
    [time] => 2017-03-09 12:38:36
    [dev] => 3701050905
    [name] => 中安宾馆
    [channel] => 
    [vehicle] => Array
        (
            [plate] => 鲁MK7T8学
            [color] => 
            [brand] => 
            [type] => 
        )

    [savepath] => qingbao/2017-03-09/3701050905/12-37-29鲁MK7T8学.jpg
)
Array
(
    [time] => 2017-03-09 12:38:36
    [dev] => 3701050905
    [name] => 中安宾馆
    [channel] => 
    [vehicle] => Array
        (
            [plate] => 鲁MK7T8学
            [color] => 
            [brand] => 
            [type] => 
        )

    [savepath] => qingbao/2017-03-09/3701050905/12-37-29鲁MK7T8学.jpg
    [_id] => MongoId Object
        (
            [$id] => 58c0dc0993b394f002923fec
        )

)

123 successs
		[error]		[eroor 134524541]
车牌 is 鲁I7651G  corlor is 2
            [error]         [eroor 134524379]
		[error]		[eroor 134524541]
车牌 is 京NZU679  corlor is 1
            [error]         [eroor 134524379]
		[error]		[eroor 134524541]
车牌 is 鲁A6J958  corlor is 1
            [error]         [eroor 134524379]
		[error]		[eroor 134524541]
车牌 is 鲁A22371  corlor is 1
            [error]         [eroo	[error]		[eroor 134524541]
车牌 is 鲁AFB602  corlor is 1
SZ<br />
<b>Deprecated</b>:  Function MongoDB::authenticate() is deprecated in <b>/var/www/html/picUpload.php</b> on line <b>52</b><br />
Array
(
    [time] => 2017-03-09 12:10:33
    [dev] => 3701050905
    [name] => 中安宾馆
    [channel] => 
    [vehicle] => Array
        (
            [plate] => 鲁AFB602
            [color] => 
            [brand] => 
            [type] => 
        )

    [savepath] => qingbao/2017-03-09/3701050905/12-09-26鲁AFB602.jpg
)
Array
(
    [time] => 2017-03-09 12:10:33
    [dev] => 3701050905
    [name] => 中安宾馆
    [channel] => 
    [vehicle] => Array
        (
            [plate] => 鲁AFB602
            [color] => 
            [brand] => 
            [type] => 
        )

    [savepath] => qingbao/2017-03-09/3701050905/12-09-26鲁AFB602.jpg
    [_id] => MongoId Object
        (
            [$id] => 58c0d57693b394660b923f4a
        )

)

123 successs
		[error]		[eroor 134524541]
车牌 is 鲁AM2H86  corlor is 1
            [error]         [eroor 134524379]
		[error]		[eroor 134524541]
车牌 is 鲁AYD136  corlor is 1
            [error]         [eroor 134524379]
		[error]		[eroor 134524541]
车牌 is 鲁G3N297  corlor is 1
            [error]         [eroor 134524379]
		[error]		[eroor 134524541]
车牌 is 鲁N65186  corlor is 1
            [error]         [eroor 134524379]
		[error]		[eroor 134524541]
车牌 is 鲁AG0F99  corlor is 1
            [error]         [eroor 134524379]
		[error]		[eroor 134524541]
车牌 is 鲁A733CT  corlor is 1
            [error]         [eroor 134524379]
		[error]		[eroor 134524541]
车牌 is 鲁AE978N  corlor is 1
            [error]         [eroor 134524379]
		[error]		[eroor 134524541]
车牌 is 鲁A985A2  corlor is 1
            [error]         [eroor 134524379]
		[error]		[eroor 134524541]
车牌 is 鲁A993P0  corlor is 1
            [error]         [eroor 134524379]
		[error]		[eroor 134524541]
车牌 is 鲁A615NJ  corlor is 1
            [error]         [eroor 134524379]
		[error]		[eroor 134524541]
车牌 is 鲁AZ6T26  corlor is 1
            [error]         [eroor 134524379]
		[error]		[eroor 134524541]
车牌 is 鲁AL6726  corlor is 1
            [error]         [eroor 134524379]
		[error]		[eroor 134524541]
车牌 is 鲁AQ812G  corlor is 1
            [error]         [eroor 134524379]
		[error]		[eroor 134524541]
车牌 is 鲁AHT925  corlor is 1
            [error]         [eroor 134524379]
		[error]		[eroor 134524541]
车牌 is 鲁AR908F  corlor is 1
            [error]         [eroor 134524379]
		[error]		[eroor 134524541]
车牌 is 鲁AJ1Y11  corlor is 2
            [error]         [eroor 134524379]
		[error]		[eroor 134524541]
车牌 is 浙H41111  corlor is 1
            [error]         [eroor 134524379]
		[error]		[eroor 134524541]
车牌 is 鲁AN5792  corlor is 1
SZ<br />
<b>Deprecated</b>:  Function MongoDB::authenticate() is deprecated in <b>/var/www/html/picUpload.php</b> on line <b>52</b><br />
Array
(
    [time] => 2017-03-09 20:12:55
    [dev] => 3701050905
    [name] => 中安宾馆
    [channel] => 
    [vehicle] => Array
        (
            [plate] => 鲁AN5792
            [color] => 
            [brand] => 
            [type] => 
        )

    [savepath] => qingbao/2017-03-09/3701050905/20-11-47鲁AN5792.jpg
)
Array
(
    [time] => 2017-03-09 20:12:55
    [dev] => 3701050905
    [name] => 中安宾馆
    [channel] => 
    [vehicle] => Array
        (
            [plate] => 鲁AN5792
            [color] => 
            [brand] => 
            [type] => 
        )

    [savepath] => qingbao/2017-03-09/3701050905/20-11-47鲁AN5792.jpg
    [_id] => MongoId Object
        (
            [$id] => 58c1468393b394c92f923fd2
        )

)

123 successs
		[error]		[eroor 134524541]
车牌 is 鲁A6J958  corlor is 1
            [error]         [eroor 134524379]
		[error]		[eroor 134524541]
车牌 is 鲁A3K738  corlor is 1
            [error]         [eroor 134524379]
		[error]		[eroor 134524541]
车牌 is JPPTR47  corlor is 2
            [error]         [eroor 13452437