VIDEO-2016-11-11 UNENCRY
ËΩ¶Áâå is È≤ÅAJ219B  corlor is 1
SZ<br />
<b>Deprecated</b>:  Function MongoDB::authenticate() is deprecated in <b>/var/www/html/picUpload.php</b> on line <b>50</b><br />
Array
(
    [time] => 2016-12-10 00:14:15
    [dev] => 3701050905
    [name] => ‰∏≠ÂÆâÂÆæÈ¶Ü
    [channel] => 
    [vehicle] => Array
        (
            [plate] => È≤ÅAJ219B
            [color] => 
            [brand] => 
            [type] => 
        )

    [savepath] => qingbao/2016-12-10/3701050905/0-12-10È≤ÅAJ219B.jpg
)
Array
(
    [time] => 2016-12-10 00:14:15
    [dev] => 3701050905
    [name] => ‰∏≠ÂÆâÂÆæÈ¶Ü
    [channel] => 
    [vehicle] => Array
        (
            [plate] => È≤ÅAJ219B
            [color] => 
            [brand] => 
            [type] => 
        )

    [savepath] => qingbao/2016-12-10/3701050905/0-12-10È≤ÅAJ219B.jpg
    [_id] => MongoId Object
        (
            [$id] => 584ad7da93b394e241befc86
        )

)

123 successs

211 successs
ËΩ¶Áâå is È≤ÅAKB817  corlor is 1
SZ<br />
<b>Deprecated</b>:  Function MongoDB::authenticate() is deprecated in <b>/var/www/html/picUpload.php</b> on line <b>50</b><br />
Array
(
    [time] => 2016-12-10 03:16:44
    [dev] => 3701050905
    [name] => ‰∏≠ÂÆâÂÆæÈ¶Ü
    [channel] => 
    [vehicle] => Array
        (
            [plate] => È≤ÅAKB817
            [color] => 
            [brand] => 
            [type] => 
        )

    [savepath] => qingbao/2016-12-10/3701050905/3-14-38È≤ÅAKB817.jpg
)
Array
(
    [time] => 2016-12-10 03:16:44
    [dev] => 3701050905
    [name] => ‰∏≠ÂÆâÂÆæÈ¶Ü
    [channel] => 
    [vehicle] => Array
        (
            [plate] => È≤ÅAKB817
            [color] => 
            [brand] => 
            [type] => 
        )

    [savepath] => qingbao/2016-12-10/3701050905/3-14-38È≤ÅAKB817.jpg
    [_id] => MongoId Object
        (
            [$id] => 584b029e93b394a439befceb
        )

)

123 successs

211 successs
ËΩ¶Áâå is È≤ÅAT8210  corlor is 1
SZ<br />
<b>Deprecated</b>:  Function MongoDB::authenticate() is deprecated in <b>/var/www/html/picUpload.php</b> on line <b>50</b><br />
Array
(
    [time] => 2016-12-10 04:54:07
    [dev] => 3701050905
    [name] => ‰∏≠ÂÆâÂÆæÈ¶Ü
    [channel] => 
    [vehicle] => Array
        (
            [plate] => È≤ÅAT8210
            [color] => 
            [brand] => 
            [type] => 
        )

    [savepath] => qingbao/2016-12-10/3701050905/4-52-00È≤ÅAT8210.jpg
)
Array
(
    [time] => 2016-12-10 04:54:07
    [dev] => 3701050905
    [name] => ‰∏≠ÂÆâÂÆæÈ¶Ü
    [channel] => 
    [vehicle] => Array
        (
            [plate] => È≤ÅAT8210
            [color] => 
            [brand] => 
            [type] => 
        )

    [savepath] => qingbao/2016-12-10/3701050905/4-52-00È≤ÅAT8210.jpg
    [_id] => MongoId Object
        (
            [$id] => 584b197093b394e241befce4
        )

)

123 successs

211 successs
ËΩ¶Áâå is È≤ÅA363SJ  corlor is 1
SZ<br />
<b>Deprecated</b>:  Function MongoDB::authenticate() is deprecated in <b>/var/www/html/picUpload.php</b> on line <b>50</b><br />
Array
(
    [time] => 2016-12-10 08:04:10
    [dev] => 3701050905
    [name] => ‰∏≠ÂÆâÂÆæÈ¶Ü
    [channel] => 
    [vehicle] => Array
        (
            [plate] => È≤ÅA363SJ
            [color] => 
            [brand] => 
            [type] => 
        )

    [savepath] => qingbao/2016-12-10/3701050905/8-02-03È≤ÅA363SJ.jpg
)
Array
(
    [time] => 2016-12-10 08:04:10
    [dev] => 3701050905
    [name] => ‰∏≠ÂÆâÂÆæÈ¶Ü
    [channel] => 
    [vehicle] => Array
        (
            [plate] => È≤ÅA363SJ
            [color] => 
            [brand] => 
            [type] => 
        )

    [savepath] => qingbao/2016-12-10/3701050905/8-02-03È≤ÅA363SJ.jpg
    [_id] => MongoId Object
        (
            [$id] => 584b45fb93b3945617befbc4
        )

)

123 successs

211 successs
ËΩ¶Áâå is È≤ÅA3R623  corlor is 1
SZ<br />
<b>Deprecated</b>:  Function MongoDB::authenticate() is deprecated in <b>/var/www/html/picUpload.php</b> on line <b>50</b><br />
Array
(
    [time] => 2016-12-10 08:24:13
    [dev] => 3701050905
    [name] => ‰∏≠ÂVIDEO-2016-11-11 UNENCRY
ËΩ¶Áâå is È≤ÅAP778A  corlor is 1
SZ<br />
<b>Deprecated</b>:  Function MongoDB::authenticate() is deprecated in <b>/var/www/html/picUpload.php</b> on line <b>50</b><br />
Array
(
    [time] => 2016-12-10 08:02:38
    [dev] => 3701050905
    [name] => ‰∏≠ÂÆâÂÆæÈ¶Ü
    [channel] => 
    [vehicle] => Array
        (
            [plate] => È≤ÅAP778A
            [color] => 
            [brand] => 
            [type] => 
        )

    [savepath] => qingbao/2016-12-10/3701050905/8-00-31È≤ÅAP778A.jpg
)
Array
(
    [time] => 2016-12-10 08:02:38
    [dev] => 3701050905
    [name] => ‰∏≠ÂÆâÂÆæÈ¶Ü
    [channel] => 
    [vehicle] => Array
        (
            [plate] => È≤ÅAP778A
            [color] => 
            [brand] => 
            [type] => 
        )

    [savepath] => qingbao/2016-12-10/3701050905/8-00-31È≤ÅAP778A.jpg
    [_id] => MongoId Object
        (
            [$id] => 584b459f93b394bf14befbe2
        )

)

123 successs

211 successs
ËΩ¶Áâå is È≤ÅA9853N  corlor is 1
SZ<br />
<b>Deprecated</b>:  Function MongoDB::authenticate() is deprecated in <b>/var/www/html/picUpload.php</b> on line <b>50</b><br />
Array
(
    [time] => 2016-12-10 08:04:43
    [dev] => 3701050905
    [name] => ‰∏≠ÂÆâÂÆæÈ¶Ü
    [channel] => 
    [vehicle] => Array
        (
            [plate] => È≤ÅA9853N
            [color] => 
            [brand] => 
            [type] => 
        )

    [savepath] => qingbao/2016-12-10/3701050905/8-02-36È≤ÅA9853N.jpg
)
Array
(
    [time] => 2016-12-10 08:04:43
    [dev] => 3701050905
    [name] => ‰∏≠ÂÆâÂÆæÈ¶Ü
    [channel] => 
    [vehicle] => Array
        (
            [plate] => È≤ÅA9853N
            [color] => 
            [brand] => 
            [type] => 
        )

    [savepath] => qingbao/2016-12-10/3701050905/8-02-36È≤ÅA9853N.jpg
    [_id] => MongoId Object
        (
            [$id] => 584b461c93b394be0dbefc1f
        )

)

123 successs

211 successs
ËΩ¶Áâå is ÁöñFAHFTH  corlor is 2
SZ<br />
<b>Deprecated</b>:  Function MongoDB::authenticate() is deprecated in <b>/var/www/html/picUpload.php</b> on line <b>50</b><br />
Array
(
    [time] => 2016-12-10 08:14:29
    [dev] => 3701050905
    [name] => ‰∏≠ÂÆâÂÆæÈ¶Ü
    [channel] => 
    [vehicle] => Array
        (
            [plate] => ÁöñFAHFTH
            [color] => 
            [brand] => 
            [type] => 
        )

    [savepath] => qingbao/2016-12-10/3701050905/8-12-22ÁöñFAHFTH.jpg
)
Array
(
    [time] => 2016-12-10 08:14:29
    [dev] => 3701050905
    [name] => ‰∏≠ÂÆâÂÆæÈ¶Ü
    [channel] => 
    [vehicle] => Array
        (
            [plate] => ÁöñFAHFTH
            [color] => 
            [brand] => 
            [type] => 
        )

    [savepath] => qingbao/2016-12-10/3701050905/8-12-22ÁöñFAHFTH.jpg
    [_id] => MongoId Object
        (
            [$id] => 584b486693b394be0dbefc66
        )

)

123 successs

211 successs
ËΩ¶Áâå is È≤ÅATT178  corlor is 1
SZ<br />
<b>Deprecated</b>:  Function MongoDB::authenticate() is deprecated in <b>/var/www/html/picUpload.php</b> on line <b>50</b><br />
Array
(
    [time] => 2016-12-10 08:20:48
    [dev] => 3701050905
    [name] => ‰∏≠ÂÆâÂÆæÈ¶Ü
    [channel] => 
    [vehicle] => Array
        (
            [plate] => È≤ÅATT178
            [color] => 
            [brand] => 
            [type] => 
        )

    [savepath] => qingbao/2016-12-10/3701050905/8-18-42È≤ÅATT178.jpg
)
Array
(
    [time] => 2016-12-10 08:20:48
    [dev] => 3701050905
    [name] => ‰∏≠ÂÆâÂÆæÈ¶Ü
    [channel] => 
    [vehicle] => Array
        (
            [plate] => È≤ÅATT178
            [color] => 
            [brand] => 
            [type] => 
        )

    [savepath] => qingbao/2016-12-10/3701050905/8-18-42È≤ÅATT178.jpg
    [_id] => MongoId Object
        (
            [$id] => 584b49e293b3946c3abeff52
        )

)

123 successs

211 successs
ËΩ¶Áâå is È≤ÅA2Z968  corlor is 1
SZ<br />
<b>Deprecated</b>:  Function MongoDB::authenticate() is deprecated in <b>/var/www/html/picUpload.php</b> on line <b>50</b><br />
Array
(
    [time] => 2016-12-10 08:29:41
    [dev] => 3701050905
    [name] => ‰∏≠ÂÆâÂÆæÈ¶Ü
    [channel] => 
    [vehicle] => Array
        (
            [plate] => È≤ÅA2Z968
            [color] => 
            [brand] => 
            [type] => 
        )

    [savepath] => qingbao/2016-12-10/3701050905/8-27-34È≤ÅA2Z968.jpg
)
Array
(
    [time] => 2016-12-10 08:29:41
    [dev] => 3701050905
    [name] => ‰∏≠ÂÆâÂÆæÈ¶Ü
    [channel] => 
    [vehicle] => Array
        (
            [plate] => È≤ÅA2Z968
            [color] => 
            [brand] => 
            [type] => 
        )

    [savepath] => qingbao/2016-12-10/3701050905/8-27-34È≤ÅA2Z968.jpg
    [_id] => MongoId Object
        (
            [$id] => 584b4bf693b394ae31beff8e
        )

)

123 successs

211 successs
ËΩ¶Áâå is È≤ÅC5TL6Â≠¶  corlor is 2
SZ<br />
<b>Deprecated</b>:  Function MongoDB::authenticate() is deprecated in <b>/var/www/html/picUpload.php</b> on line <b>50</b><br />
Array
(
    [time] => 2016-12-10 08:40:56
    [dev] => 3701050905
    [name] => ‰∏≠ÂÆâÂÆæÈ¶Ü
    [channel] => 
    [vehicle] => Array
        (
            [plate] => È≤ÅC5TL6Â≠¶
            [color] => 
            [brand] => 
            [type] => 
        )

    [savepath] => qingbao/2016-12-10/3701050905/8-38-49È≤ÅC5TL6Â≠¶.jpg
)
Array
(
    [time] => 2016-12-10 08:40:56
    [dev] => 3701050905
    [name] => ‰∏≠ÂÆâÂÆæÈ¶Ü
    [channel] => 
    [vehicle] => Array
        (
            [plate] => È≤ÅC5TL6Â≠¶
            [color] => 
            [brand] => 
            [type] => 
        )

    [savepath] => qingbao/2016-12-10/3701050905/8-38-49È≤ÅC5TL6Â≠¶.jpg
    [_id] => MongoId Object
        (
            [$id] => 584b4e9993b394752cbefbab
        )

)

123 successs

211 successs
ËΩ¶Áâå is È≤ÅA6P956  corlor is 1
SZ<br />
<b>Deprecated</b>:  Function MongoDB::authenticate() is deprecated in <b>/var/www/html/picUpload.php</b> on line <b>50</b><br />
Array
(
    [time] => 2016-12-10 09:00:45
    [dev] => 3701050905
    [name] => ‰∏≠ÂÆâÂÆæÈ¶Ü
    [channel] => 
    [vehicle] => Array
        (
            [plate] => È≤ÅA6P956
            [color] => 
            [brand] => 
            [type] => 
        )

    [savepath] => qingbao/2016-12-10/3701050905/8-58-38È≤ÅA6P956.jpg
)
Array
(
    [time] => 2016-12-10 09:00:45
    [dev] => 3701050905
    [name] => ‰∏≠ÂÆâÂÆæÈ¶Ü
    [channel] => 
    [vehicle] => Array
        (
            [plate] => È≤ÅA6P956
            [color] => 
            [brand] => 
            [type] => 
        )

    [savepath] => qingbao/2016-12-10/3701050905/8-58-38È≤ÅA6P956.jpg
    [_id] => MongoId Object
        (
            [$id] => 584b533e93b394be0dbefd54
        )

)

123 successs

211 successs
ËΩ¶Áâå is È≤ÅA25F10  corlor is 1
SZ<br />
<b>Deprecated</b>:  Function MongoDB::authenticate() is deprecated in <b>/var/www/html/picUpload.php</b> on line <b>50</b><br />
Array
(
    [time] => 2016-12-10 09:39:10
    [dev] => 3701050905
    [name] => ‰∏≠ÂÆâÂÆæÈ¶Ü
    [channel] => 
    [vehicle] => Array
        (
            [plate] => È≤ÅA25F10
            [color] => 
            [brand] => 
            [type] => 
        )

    [savepath] => qingbao/2016-12-10/3701050905/9-37-05È≤ÅA25F10.jpg
)
Array
(
    [time] => 2016-12-10 09:39:10
    [dev] => 3701050905
    [name] => ‰∏≠ÂÆâÂÆæÈ¶Ü
    [channel] => 
    [vehicle] => Array
        (
            [plate] => È≤ÅA25F10
            [color] => 
            [brand] => 
            [type] => 
        )

    [savepath] => qingbao/2016-12-10/3701050905/9-37-05È≤ÅA25F10.jpg
    [_id] => MongoId Object
        (
            [$id] => 584b5c4193b394084dbefb8f
        )

)

123 successs

211 successs
ËΩ¶Áâå is È≤ÅAKA102  corlor is 1
SZ<br />
<b>Deprecated</b>:  Function MongoDB::authenticate() is deprecated in <b>/var/www/html/picUpload.php</b> on line <b>50</b><br />
Array
(
    [time] => 2016-12-10 10:06:38
    [dev] => 3701050905
    [name] => ‰∏≠ÂÆâÂÆæÈ¶Ü
    [channel] => 
    [vehicle] => Array
        (
            [plate] => È≤ÅAKA102
            [color] => 
            [brand] => 
            [type] => 
        )

    [savepath] => qingbao/2016-12-10/3701050905/10-04-31È≤ÅAKA102.jpg
)
Array
(
    [time] => 2ÆâÂÆæÈ¶Ü
    [channel] => 
    [vehicle] => Array
        (
            [plate] => È≤ÅA3R623
            [color] => 
            [brand] => 
            [type] => 
        )

    [savepath] => qingbao/2016-12-10/3701050905/8-22-06È≤ÅA3R623.jpg
)
Array
(
    [time] => 2016-12-10 08:24:13
    [dev] => 3701050905
    [name] => ‰∏≠ÂÆâÂÆæÈ¶Ü
    [channel] => 
    [vehicle] => Array
        (
            [plate] => È≤ÅA3R623
            [color] => 
            [brand] => 
            [type] => 
        )

    [savepath] => qingbao/2016-12-10/3701050905/8-22-06È≤ÅA3R623.jpg
    [_id] => MongoId Object
        (
            [$id] => 584b4aae93b3946724befba2
        )

)

123 successs

211 successs
ËΩ¶Áâå is È≤ÅARK156  corlor is 1
SZ<br />
<b>Deprecated</b>:  Function MongoDB::authenticate() is deprecated in <b>/var/www/html/picUpload.php</b> on line <b>50</b><br />
Array
(
    [time] => 2016-12-10 08:32:04
    [dev] => 3701050905
    [name] => ‰∏≠ÂÆâÂÆæÈ¶Ü
    [channel] => 
    [vehicle] => Array
        (
            [plate] => È≤ÅARK156
            [color] => 
            [brand] => 
            [type] => 
        )

    [savepath] => qingbao/2016-12-10/3701050905/8-29-57È≤ÅARK156.jpg
)
Array
(
    [time] => 2016-12-10 08:32:04
    [dev] => 3701050905
    [name] => ‰∏≠ÂÆâÂÆæÈ¶Ü
    [channel] => 
    [vehicle] => Array
        (
            [plate] => È≤ÅARK156
            [color] => 
            [brand] => 
            [type] => 
        )

    [savepath] => qingbao/2016-12-10/3701050905/8-29-57È≤ÅARK156.jpg
    [_id] => MongoId Object
        (
            [$id] => 584b4c8593b394d429befb95
        )

)

123 successs

211 successs
ËΩ¶Áâå is È≤ÅAP778A  corlor is 1
SZ<br />
<b>Deprecated</b>:  Function MongoDB::authenticate() is deprecated in <b>/var/www/html/picUpload.php</b> on line <b>50</b><br />
Array
(
    [time] => 2016-12-10 08:44:24
    [dev] => 3701050905
    [name] => ‰∏≠ÂÆâÂÆæÈ¶Ü
    [channel] => 
    [vehicle] => Array
        (
            [plate] => È≤ÅAP778A
            [color] => 
            [brand] => 
            [type] => 
        )

    [savepath] => qingbao/2016-12-10/3701050905/8-42-17È≤ÅAP778A.jpg
)
Array
(
    [time] => 2016-12-10 08:44:24
    [dev] => 3701050905
    [name] => ‰∏≠ÂÆâÂÆæÈ¶Ü
    [channel] => 
    [vehicle] => Array
        (
            [plate] => È≤ÅAP778A
            [color] => 
            [brand] => 
            [type] => 
        )

    [savepath] => qingbao/2016-12-10/3701050905/8-42-17È≤ÅAP778A.jpg
    [_id] => MongoId Object
        (
            [$id] => 584b4f6993b394182dbefbc2
        )

)

123 successs

211 successs
ËΩ¶Áâå is È≤ÅAKA102  corlor is 1
SZ<br />
<b>Deprecated</b>:  Function MongoDB::authenticate() is deprecated in <b>/var/www/html/picUpload.php</b> on line <b>50</b><br />
Array
(
    [time] => 2016-12-10 10:51:46
    [dev] => 3701050905
    [name] => ‰∏≠ÂÆâÂÆæÈ¶Ü
    [channel] => 
    [vehicle] => Array
        (
            [plate] => È≤ÅAKA102
            [color] => 
            [brand] => 
            [type] => 
        )

    [savepath] => qingbao/2016-12-10/3701050905/10-49-39È≤ÅAKA102.jpg
)
Array
(
    [time] => 2016-12-10 10:51:46
    [dev] => 3701050905
    [name] => ‰∏≠ÂÆâÂÆæÈ¶Ü
    [channel] => 
    [vehicle] => Array
        (
            [plate] => È≤ÅAKA102
            [color] => 
            [brand] => 
            [type] => 
        )

    [savepath] => qingbao/2016-12-10/3701050905/10-49-39È≤ÅAKA102.jpg
    [_id] => MongoId Object
        (
            [$id] => 584b6d4393b394084dbefd11
        )

)

123 successs

211 successs
ËΩ¶Áâå is È≤ÅA907ZM  corlor is 1
SZ<br />
<b>Deprecated</b>:  Function MongoDB::authenticate() is deprecated in <b>/var/www/html/picUpload.php</b> on line <b>50</b><br />
Array
(
    [time] => 2016-12-10 10:59:33
    [dev] => 3701050905
    [name] => ‰∏≠ÂÆâÂÆæÈ¶Ü
    [channel] => 
    [vehicle] => Array
        (
            [plate] => È≤ÅA907ZM
            [color] => 
            [brand] => 
            [type] => 
        )

    [savepath] => qingbao/2016-12-10/3701050905/10-57-26È≤ÅA907ZM.jpg
)
Array
(
    [time] => 2016-12-10 10:59:33
    [dev] => 3701050905
    [name] => ‰∏≠ÂÆâÂÆæÈ¶Ü
    [channel] => 
    [vehicle] => Array
        (
            [plate] => È≤ÅA907ZM
            [color] => 
            [brand] => 
            [type] => 
        )

    [savepath] => qingbao/2016-12-10/3701050905/10-57-26È≤ÅA907ZM.jpg
    [_id] => MongoId Object
        (
            [$id] => 584b6f1693b3948469befc19
        )

)

123 successs

211 successs
ËΩ¶Áâå is È≤ÅA1Y677  corlor is 1
SZ<br />
<b>Deprecated</b>:  Function MongoDB::authenticate() is deprecated in <b>/var/www/html/picUpload.php</b> on line <b>50</b><br />
Array
(
    [time] => 2016-12-10 11:31:56
    [dev] => 3701050905
    [name] => ‰∏≠ÂÆâÂÆæÈ¶Ü
    [channel] => 
    [vehicle] => Array
        (
            [plate] => È≤ÅA1Y677
            [color] => 
            [brand] => 
            [type] => 
        )

    [savepath] => qingbao/2016-12-10/3701050905/11-29-49È≤ÅA1Y677.jpg
)
Array
(
    [time] => 2016-12-10 11:31:56
    [dev] => 3701050905
    [name] => ‰∏≠ÂÆâÂÆæÈ¶Ü
    [channel] => 
    [vehicle] => Array
        (
            [plate] => È≤ÅA1Y677
            [color] => 
            [brand] => 
            [type] => 
        )

    [savepath] => qingbao/2016-12-10/3701050905/11-29-49È≤ÅA1Y677.jpg
    [_id] => MongoId Object
        (
            [$id] => 584b76ad93b394b77dbefbf7
        )

)

123 successs

211 successs
ËΩ¶Áâå is È≤ÅW22923  corlor is 1
SZ<br />
<b>Deprecated</b>:  Function MongoDB::authenticate() is deprecated in <b>/var/www/html/picUpload.php</b> on line <b>50</b><br />
Array
(
    [time] => 2016-12-10 11:43:51
    [dev] => 3701050905
    [name] => ‰∏≠ÂÆâÂÆæÈ¶Ü
    [channel] => 
    [vehicle] => Array
        (
            [plate] => È≤ÅW22923
            [color] => 
            [brand] => 
            [type] => 
        )

    [savepath] => qingbao/2016-12-10/3701050905/11-41-44È≤ÅW22923.jpg
)
Array
(
    [time] => 2016-12-10 11:43:51
    [dev] => 3701050905
    [name] => ‰∏≠ÂÆâÂÆæÈ¶Ü
    [channel] => 
    [vehicle] => Array
        (
            [plate] => È≤ÅW22923
            [color] => 
            [brand] => 
            [type] => 
        )

    [savepath] => qingbao/2016-12-10/3701050905/11-41-44È≤ÅW22923.jpg
    [_id] => MongoId Object
        (
            [$id] => 584b797893b3943373befc90
        )

)

123 successs

211 successs
ËΩ¶Áâå is È≤ÅH188NN  corlor is 1
SZ<br />
<b>Deprecated</b>:  Function MongoDB::authenticate() is deprecated in <b>/var/www/html/picUpload.php</b> on line <b>50</b><br />
Array
(
    [time] => 2016-12-10 11:58:45
    [dev] => 3701050905
    [name] => ‰∏≠ÂÆâÂÆæÈ¶Ü
    [channel] => 
    [vehicle] => Array
        (
            [plate] => È≤ÅH188NN
            [color] => 
            [brand] => 
            [type] => 
        )

    [savepath] => qingbao/2016-12-10/3701050905/11-56-37È≤ÅH188NN.jpg
)
Array
(
    [time] => 2016-12-10 11:58:45
    [dev] => 3701050905
    [name] => ‰∏≠ÂÆâÂÆæÈ¶Ü
    [channel] => 
    [vehicle] => Array
        (
            [plate] => È≤ÅH188NN
            [color] => 
            [brand] => 
            [type] => 
        )

    [savepath] => qingbao/2016-12-10/3701050905/11-56-37È≤ÅH188NN.jpg
    [_id] => MongoId Object
        (
            [$id] => 584b7cf593b394d54fbefe3b
        )

)

123 successs

211 successs
ËΩ¶Áâå is È≤ÅAL630V  corlor is 1
SZ<br />
<b>Deprecated</b>:  Function MongoDB::authenticate() is deprecated in <b>/var/www/html/picUpload.php</b> on line <b>50</b><br />
Array
(
    [time] => 2016-12-10 12:03:54
    [dev] => 3701050905
    [name] => ‰∏≠ÂÆâÂÆæÈ¶Ü
    [channel] => 
    [vehicle] => Array
        (
            [plate] => È≤ÅAL630V
            [color] => 
            [brand] => 
            [type] => 
        )

    [savepath] => qingbao/2016-12-10/3701050905/12-01-47È≤ÅAL630V.jpg
)
Array
(
    [time] => 2016-12-10 12:03:54
    [dev] => 3701050905
    [name] => ‰∏≠ÂÆâÂÆæÈ¶Ü
    [channel] => 
    [vehicle] => Array
        (
            [plate] => È≤ÅAL630V
            [color] => 
            [brand] => 
            [type] => 
        )

    [savepath] => qingbao/2016-12-10/3701050016-12-10 10:06:38
    [dev] => 3701050905
    [name] => ‰∏≠ÂÆâÂÆæÈ¶Ü
    [channel] => 
    [vehicle] => Array
        (
            [plate] => È≤ÅAKA102
            [color] => 
            [brand] => 
            [type] => 
        )

    [savepath] => qingbao/2016-12-10/3701050905/10-04-31È≤ÅAKA102.jpg
    [_id] => MongoId Object
        (
            [$id] => 584b62af93b3942f57befbc3
        )

)

123 successs

211 successs
ËΩ¶Áâå is È≤ÅAKB203  corlor is 1
SZ<br />
<b>Deprecated</b>:  Function MongoDB::authenticate() is deprecated in <b>/var/www/html/picUpload.php</b> on line <b>50</b><br />
Array
(
    [time] => 2016-12-10 10:38:26
    [dev] => 3701050905
    [name] => ‰∏≠ÂÆâÂÆæÈ¶Ü
    [channel] => 
    [vehicle] => Array
        (
            [plate] => È≤ÅAKB203
            [color] => 
            [brand] => 
            [type] => 
        )

    [savepath] => qingbao/2016-12-10/3701050905/10-36-19È≤ÅAKB203.jpg
)
Array
(
    [time] => 2016-12-10 10:38:26
    [dev] => 3701050905
    [name] => ‰∏≠ÂÆâÂÆæÈ¶Ü
    [channel] => 
    [vehicle] => Array
        (
            [plate] => È≤ÅAKB203
            [color] => 
            [brand] => 
            [type] => 
        )

    [savepath] => qingbao/2016-12-10/3701050905/10-36-19È≤ÅAKB203.jpg
    [_id] => MongoId Object
        (
            [$id] => 584b6a2393b3948469befba5
        )

)

123 successs

211 successs
ËΩ¶Áâå is È≤ÅAEK762  corlor is 1
SZ<br />
<b>Deprecated</b>:  Function MongoDB::authenticate() is deprecated in <b>/var/www/html/picUpload.php</b> on line <b>50</b><br />
Array
(
    [time] => 2016-12-10 11:10:32
    [dev] => 3701050905
    [name] => ‰∏≠ÂÆâÂÆæÈ¶Ü
    [channel] => 
    [vehicle] => Array
        (
            [plate] => È≤ÅAEK762
            [color] => 
            [brand] => 
            [type] => 
        )

    [savepath] => qingbao/2016-12-10/3701050905/11-08-25È≤ÅAEK762.jpg
)
Array
(
    [time] => 2016-12-10 11:10:32
    [dev] => 3701050905
    [name] => ‰∏≠ÂÆâÂÆæÈ¶Ü
    [channel] => 
    [vehicle] => Array
        (
            [plate] => È≤ÅAEK762
            [color] => 
            [brand] => 
            [type] => 
        )

    [savepath] => qingbao/2016-12-10/3701050905/11-08-25È≤ÅAEK762.jpg
    [_id] => MongoId Object
        (
            [$id] => 584b71a993b394d771befbf1
        )

)

123 successs

211 successs
ËΩ¶Áâå is È≤ÅA902MT  corlor is 1
SZ<br />
<b>Deprecated</b>:  Function MongoDB::authenticate() is deprecated in <b>/var/www/html/picUpload.php</b> on line <b>50</b><br />
Array
(
    [time] => 2016-12-10 11:56:30
    [dev] => 3701050905
    [name] => ‰∏≠ÂÆâÂÆæÈ¶Ü
    [channel] => 
    [vehicle] => Array
        (
            [plate] => È≤ÅA902MT
            [color] => 
            [brand] => 
            [type] => 
        )

    [savepath] => qingbao/2016-12-10/3701050905/11-54-23È≤ÅA902MT.jpg
)
Array
(
    [time] => 2016-12-10 11:56:30
    [dev] => 3701050905
    [name] => ‰∏≠ÂÆâÂÆæÈ¶Ü
    [channel] => 
    [vehicle] => Array
        (
            [plate] => È≤ÅA902MT
            [color] => 
            [brand] => 
            [type] => 
        )

    [savepath] => qingbao/2016-12-10/3701050905/11-54-23È≤ÅA902MT.jpg
    [_id] => MongoId Object
        (
            [$id] => 584b7c6f93b3943313befb9a
        )

)

123 successs

211 successs
ËΩ¶Áâå is È≤ÅA99G53  corlor is 1
SZ<br />
<b>Deprecated</b>:  Function MongoDB::authenticate() is deprecated in <b>/var/www/html/picUpload.php</b> on line <b>50</b><br />
Array
(
    [time] => 2016-12-10 12:20:29
    [dev] => 3701050905
    [name] => ‰∏≠ÂÆâÂÆæÈ¶Ü
    [channel] => 
    [vehicle] => Array
        (
            [plate] => È≤ÅA99G53
            [color] => 
            [brand] => 
            [type] => 
        )

    [savepath] => qingbao/2016-12-10/3701050905/12-18-23È≤ÅA99G53.jpg
)
Array
(
    [time] => 2016-12-10 12:20:29
    [dev] => 3701050905
    [name] => ‰∏≠ÂÆâÂÆæÈ¶Ü
    [channel] => 
    [vehicle] => Array
        (
            [plate] => È≤ÅA99G53
            [color] => 
            [brand] => 
            [type] => 
        )

    [savepath] => qingbao/2016-12-10/3701050905/12-18-23È≤ÅA99G53.jpg
    [_id] => MongoId Object
        (
            [$id] => 584b820f93b3944920befb94
        )

)

123 successs

211 successs
ËΩ¶Áâå is È≤ÅAPD621  corlor is 1
SZ<br />
<b>Deprecated</b>:  Function MongoDB::authenticate() is deprecated in <b>/var/www/html/picUpload.php</b> on line <b>50</b><br />
Array
(
    [time] => 2016-12-10 12:32:16
    [dev] => 3701050905
    [name] => ‰∏≠ÂÆâÂÆæÈ¶Ü
    [channel] => 
    [vehicle] => Array
        (
            [plate] => È≤ÅAPD621
            [color] => 
            [brand] => 
            [type] => 
        )

    [savepath] => qingbao/2016-12-10/3701050905/12-30-09È≤ÅAPD621.jpg
)
Array
(
    [time] => 2016-12-10 12:32:16
    [dev] => 3701050905
    [name] => ‰∏≠ÂÆâÂÆæÈ¶Ü
    [channel] => 
    [vehicle] => Array
        (
            [plate] => È≤ÅAPD621
            [color] => 
            [brand] => 
            [type] => 
        )

    [savepath] => qingbao/2016-12-10/3701050905/12-30-09È≤ÅAPD621.jpg
    [_id] => MongoId Object
        (
            [$id] => 584b84d193b394d714befc30
        )

)

123 successs

211 successs
ËΩ¶Áâå is È≤ÅSYN14J  corlor is 1
SZ<br />
<b>Deprecated</b>:  Function MongoDB::authenticate() is deprecated in <b>/var/www/html/picUpload.php</b> on line <b>50</b><br />
Array
(
    [time] => 2016-12-10 13:21:05
    [dev] => 3701050905
    [name] => ‰∏≠ÂÆâÂÆæÈ¶Ü
    [channel] => 
    [vehicle] => Array
        (
            [plate] => È≤ÅSYN14J
            [color] => 
            [brand] => 
            [type] => 
        )

    [savepath] => qingbao/2016-12-10/3701050905/13-18-57È≤ÅSYN14J.jpg
)
Array
(
    [time] => 2016-12-10 13:21:05
    [dev] => 3701050905
    [name] => ‰∏≠ÂÆâÂÆæÈ¶Ü
    [channel] => 
    [vehicle] => Array
        (
            [plate] => È≤ÅSYN14J
            [color] => 
            [brand] => 
            [type] => 
        )

    [savepath] => qingbao/2016-12-10/3701050905/13-18-57È≤ÅSYN14J.jpg
    [_id] => MongoId Object
        (
            [$id] => 584b904193b394603dbefb99
        )

)

123 successs

211 successs
ËΩ¶Áâå is È≤ÅP5Y1W1  corlor is 1
SZ<br />
<b>Deprecated</b>:  Function MongoDB::authenticate() is deprecated in <b>/var/www/html/picUpload.php</b> on line <b>50</b><br />
Array
(
    [time] => 2016-12-10 13:21:13
    [dev] => 3701050905
    [name] => ‰∏≠ÂÆâÂÆæÈ¶Ü
    [channel] => 
    [vehicle] => Array
        (
            [plate] => È≤ÅP5Y1W1
            [color] => 
            [brand] => 
            [type] => 
        )

    [savepath] => qingbao/2016-12-10/3701050905/13-19-06È≤ÅP5Y1W1.jpg
)
Array
(
    [time] => 2016-12-10 13:21:13
    [dev] => 3701050905
    [name] => ‰∏≠ÂÆâÂÆæÈ¶Ü
    [channel] => 
    [vehicle] => Array
        (
            [plate] => È≤ÅP5Y1W1
            [color] => 
            [brand] => 
            [type] => 
        )

    [savepath] => qingbao/2016-12-10/3701050905/13-19-06È≤ÅP5Y1W1.jpg
    [_id] => MongoId Object
        (
            [$id] => 584b904a93b394d03abefbb9
        )

)

123 successs

211 successs
ËΩ¶Áâå is È≤ÅA189ZW  corlor is 1
SZ<br />
<b>Deprecated</b>:  Function MongoDB::authenticate() is deprecated in <b>/var/www/html/picUpload.php</b> on line <b>50</b><br />
Array
(
    [time] => 2016-12-10 13:22:18
    [dev] => 3701050905
    [name] => ‰∏≠ÂÆâÂÆæÈ¶Ü
    [channel] => 
    [vehicle] => Array
        (
            [plate] => È≤ÅA189ZW
            [color] => 
            [brand] => 
            [type] => 
        )

    [savepath] => qingbao/2016-12-10/3701050905/13-20-10È≤ÅA189ZW.jpg
)
Array
(
    [time] => 2016-12-10 13:22:18
    [dev] => 3701050905
    [name] => ‰∏≠ÂÆâÂÆæÈ¶Ü
    [channel] => 
    [vehicle] => Array
        (
            [plate] => È≤ÅA189ZW
            [color] => 
            [brand] => 
            [type] => 
        )

    [savepath] => qingbao/2016-12-10/3701050905/13-20-10È≤ÅA189ZW.jpg
    [_id] => MongoId Object
        (
            [$id] => 584b908a93b394d03abefbbf
        )

)

123 successs

211 successs
ËΩ¶Áâå is È≤ÅAZM239  corlor is 1
SZ<br />
<b>Deprecated</b>:  Function MongoDB::authenticate() is deprecated in <b>/var/www/html/picUpload.php</b> on line <b>50</b><br />
Array
(
    [time] => 2016-12-10 13:26:55
    [dev] => 3701050905
    [name] => ‰∏≠ÂÆâÂÆæÈ¶Ü
    [channel] => 
    [vehicle] => Array
        (
            [plate] => È≤ÅAZM239
            [color] => 
            [brand] => 
            [type] => 
        )

    [savepath] => qingbao/2016-12-10/3701050905/13-24-48È≤ÅAZM239.jpg
)
Array
(
    [time] => 2016-12-10 13:26:55
    [dev] => 3701050905
    [name] => ‰∏≠ÂÆâÂÆæÈ¶Ü
    [channel] => 
    [vehicle] => Array
        (
            [plate] => È≤ÅAZM239
            [color] => 
            [brand] => 
            [type] => 
        )

    [savepath] => qingbao/2016-12-10/3701050905/13-24-48È≤ÅAZM239.jpg
    [_id] => MongoId Object
        (
            [$id] => 584b91a093b394b73ebefbb1
        )

)

123 successs

211 successs
ËΩ¶Áâå is È≤ÅA9008G  corlor is 1
SZ<br />
<b>Deprecated</b>:  Function MongoDB::authenticate() is deprecated in <b>/var/www/html/picUpload.php</b> on line <b>50</b><br />
Array
(
    [time] => 2016-12-10 13:38:00
    [dev] => 3701050905
    [name] => ‰∏≠ÂÆâÂÆæÈ¶Ü
    [channel] => 
    [vehicle] => Array
        (
            [plate] => È≤ÅA9008G
            [color] => 
            [brand] => 
            [type] => 
        )

    [savepath] => qingbao/2016-12-10/3701050905/13-35-52È≤ÅA9008G.jpg
)
Array
(
    [time] => 2016-12-10 13:38:00
    [dev] => 3701050905
    [name] => ‰∏≠ÂÆâÂÆæÈ¶Ü
    [channel] => 
    [vehicle] => Array
        (
            [plate] => È≤ÅA9008G
            [color] => 
            [brand] => 
            [type] => 
        )

    [savepath] => qingbao/2016-12-10/3701050905/13-35-52È≤ÅA9008G.jpg
    [_id] => MongoId Object
        (
            [$id] => 584b943893b394df40befbd1
        )

)

123 successs

211 successs
ËΩ¶Áâå is È≤ÅAH009V  corlor is 1
SZ<br />
<b>Deprecated</b>:  Function MongoDB::authenticate() is deprecated in <b>/var/www/html/picUpload.php</b> on line <b>50</b><br />
Array
(
    [time] => 2016-12-10 13:38:51
    [dev] => 3701050905
    [name] => ‰∏≠ÂÆâÂÆæÈ¶Ü
    [channel] => 
    [vehicle] => Array
        (
            [plate] => È≤ÅAH009V
            [color] => 
            [brand] => 
            [type] => 
        )

    [savepath] => qingbao/2016-12-10/3701050905/13-36-43È≤ÅAH009V.jpg
)
Array
(
    [time] => 2016-12-10 13:38:51
    [dev] => 3701050905
    [name] => ‰∏≠ÂÆâÂÆæÈ¶Ü
    [channel] => 
    [vehicle] => Array
        (
            [plate] => È≤ÅAH009V
            [color] => 
            [brand] => 
            [type] => 
        )

    [savepath] => qingbao/2016-12-10/3701050905/13-36-43È≤ÅAH009V.jpg
    [_id] => MongoId Object
        (
            [$id] => 584b946b93b3948f46befb9e
        )

)

123 successs

211 successs
ËΩ¶Áâå is È≤ÅAB7C32  corlor is 1
SZ<br />
<b>Deprecated</b>:  Function MongoDB::authenticate() is deprecated in <b>/var/www/html/picUpload.php</b> on line <b>50</b><br />
Array
(
    [time] => 2016-12-10 13:47:06
    [dev] => 3701050905
    [name] => ‰∏≠ÂÆâÂÆæÈ¶Ü
    [channel] => 
    [vehicle] => Array
        (
            [plate] => È≤ÅAB7C32
            [color] => 
            [brand] => 
            [type] => 
        )

    [savepath] => qingbao/2016-12-10/3701050905/13-44-59È≤ÅAB7C32.jpg
)
Array
(
    [time] => 2016-12-10 13:47:06
    [dev] => 3701050905
    [name] => ‰∏≠ÂÆâÂÆæÈ¶Ü
    [channel] => 
    [vehicle] => Array
        (
            [plate] => È≤ÅAB7C32
            [color] => 
            [brand] => 
            [type] => 
        )

    [savepath] => qingbao/2016-12-10/3701050905/13-44-59È≤ÅAB7C32.jpg
    [_id] => MongoId Object
        (
            [$id] => 584b965b93b3946345befbde
        )

)

123 successs

211 successs
ËΩ¶Áâå is È≤ÅA91601  corlor is 1
SZ<br />
<b>Deprecated</b>:  Function MongoDB::authenticate() is deprecated in <b>/var/www/html/picUpload.php</b> on line <b>50</b><br />
Array
(
    [time] => 2016-12-10 13:55:23
    [dev] => 3701050905
    [name] => ‰∏≠ÂÆâÂÆæÈ¶Ü
    [channel] => 
    [vehicle] => Array
        (
            [plate] => È≤ÅA91601
            [color] => 
            [brand] => 
            [type] => 
        )

    [savepath] => qingbao/2016-12-10/3701050905/13-53-16È≤ÅA91601.jpg
)
Array
(
    [time] => 2016-12-10 13:55:23
    [dev] => 3701050905
    [name] => ‰∏≠ÂÆâÂÆæÈ¶Ü
    [channel] => 
    [vehicle] => Array
        (
            [plate] => È≤ÅA91601
            [color] => 
            [brand] => 
            [type] => 
        )

    [savepath] => qingbao/2016-12-10/3701050905/13-53-16È≤ÅA91601.jpg
    [_id] => MongoId Object
        (
            [$id] => 584b984c93b394cc4dbefbab
        )

)

123 successs

211 successs
ËΩ¶Áâå is È≤ÅAA300J  corlor is 1
SZ<br />
<b>Deprecated</b>:  Function MongoDB::authenticate() is deprecated in <b>/var/www/html/picUpload.php</b> on line <b>50</b><br />
Array
(
    [time] => 2016-12-10 13:57:16
    [dev] => 3701050905
    [name] => ‰∏≠ÂÆâÂÆæÈ¶Ü
    [channel] => 
    [vehicle] => Array
        (
            [plate] => È≤ÅAA300J
            [color] => 
            [brand] => 
            [type] => 
        )

    [savepath] => qingbao/2016-12-10/3701050905/13-55-08È≤ÅAA300J.jpg
)
Array
(
    [time] => 2016-12-10 13:57:16
    [dev] => 3701050905
    [name] => ‰∏≠ÂÆâÂÆæÈ¶Ü
    [channel] => 
    [vehicle] => Array
        (
            [plate] => È≤ÅAA300J
            [color] => 
            [brand] => 
            [type] => 
        )

    [savepath] => qingbao/2016-12-10/3701050905/13-55-08È≤ÅAA300J.jpg
    [_id] => MongoId Object
        (
            [$id] => 584b98bc93b394324dbefbb8
        )

)

123 successs

211 successs
ËΩ¶Áâå is È≤ÅA109E6  corlor is 1
SZ<br />
<b>Deprecated</b>:  Function MongoDB::authenticate() is deprecated in <b>/var/www/html/picUpload.php</b> on line <b>50</b><br />
Array
(
    [time] => 2016-12-10 14:11:48
    [dev] => 3701050905
    [name] => ‰∏≠ÂÆâÂÆæÈ¶Ü
    [channel] => 
    [vehicle] => Array
        (
            [plate] => È≤ÅA109E6
            [color] => 
            [brand] => 
            [type] => 
        )

    [savepath] => qingbao/2016-12-10/3701050905/14-09-40È≤ÅA109E6.jpg
)
Array
(
    [time] => 2016-12-10 14:11:48
    [dev] => 3701050905
    [name] => ‰∏≠ÂÆâÂÆæÈ¶Ü
    [channel] => 
    [vehicle] => Array
        (
            [plate] => È≤ÅA109E6
            [color] => 
            [brand] => 
            [type] => 
        )

    [savepath] => qingbao/2016-12-10/3701050905/14-09-40È≤ÅA109E6.jpg
    [_id] => MongoId Object
        (
            [$id] => 584b9c2493b3949f56befba4
        )

)

123 successs

211 successs
ËΩ¶Áâå is È≤ÅAD9H12  corlor is 1
SZ<br />
<b>Deprecated</b>:  Function MongoDB::authenticate() is deprecated in <b>/var/www/html/picUpload.php</b> on line <b>50</b><br />
Array
(
    [time] => 2016-12-10 14:16:23
    [dev] => 3701050905
    [name] => ‰∏≠ÂÆâÂÆæÈ¶Ü
    [channel] => 
    [vehicle] => Array
        (
            [plate] => È≤ÅAD9H12
            [color] => 
            [brand] => 
            [type] => 
        )

    [savepath] => qingbao/2016-12-10/3701050905/14-14-16È≤ÅAD9H12.jpg
)
Array
(
    [time] => 2016-12-10 14:16:23
    [dev] => 3701050905
    [name] => ‰∏≠ÂÆâÂÆæÈ¶Ü
    [channel] => 
    [vehicle] => Array
        (
            [plate] => È≤ÅAD9H12
            [color] => 
            [brand] => 
            [type] => 
        )

    [savepath] => qingbao/2016-12-10/3701050905/14-14-16È≤ÅAD9H12.jpg
    [_id] => MongoId Object
        (
            [$id] => 584b9d3893b394cc4dbefc06
        )

)

123 successs

211 successs
ËΩ¶Áâå is È≤ÅA75RTL  corlor is 1
SZ<br />
<b>Deprecated</b>:  Function MongoDB::authenticate() is deprecated in <b>/var/www/html/picUpload.php</b> on line <b>50</b><br />
Array
(
    [time] => 2016-12-10 14:26:13
    [dev] => 3701050905
    [name] => ‰∏≠ÂÆâÂÆæÈ¶Ü
    [channel] => 
    [vehicle] => Array
        (
            [plate] => È≤ÅA75RTL
            [color] => 
            [brand] => 
            [type] => 
        )

    [savepath] => qingbao/2016-12-10/3701050905/14-24-05È≤ÅA75RTL.jpg
)
Array
(
    [time] => 2016-12-10 14:26:13
    [dev] => 3701050905
    [name] => ‰∏≠ÂÆâÂÆæÈ¶Ü
    [channel] => 
    [vehicle] => Array
        (
            [plate] => È≤ÅA75RTL
            [color] => 
            [brand] => 
            [type] => 
        )

    [savepath] => qingbao/2016-12-10/3701050905/14-24-05È≤ÅA75RTL.jpg
    [_id] => MongoId Object
        (
            [$id] => 584b9f8593b3941058befbed
        )

)

123 successs

211 successs
ËΩ¶Áâå is È≤ÅA862UM  corlor is 1
SZ<br />
<b>Deprecated</b>:  Function MongoDB::authenticate() is deprecated in <b>/var/www/html/picUpload.php</b> on line <b>50</b><br />
Array
(
    [time] => 2016-12-10 14:27:24
    [dev] => 3701050905
    [name] => ‰∏≠ÂÆâÂÆæÈ¶Ü
    [channel] => 
    [vehicle] => Array
        (
            [plate] => È≤ÅA862UM
            [color] => 
            [brand] => 
            [type] => 
        )

    [savepath] => qingbao/2016-12-10/3701050905/14-25-16È≤ÅA862UM.jpg
)
Array
(
    [time] => 2016-12-10 14:27:24
    [dev] => 3701050905
    [name] => ‰∏≠ÂÆâÂÆæÈ¶Ü
    [channel] => 
    [vehicle] => Array
        (
            [plate] => È≤ÅA862UM
            [color] => 
            [brand] => 
            [type] => 
        )

    [savepath] => qingbao/2016-12-10/3701050905/14-25-16È≤ÅA862UM.jpg
    [_id] => MongoId Object
        (
            [$id] => 584b9fcc93b3940960befb96
        )

)

123 successs

211 successs
ËΩ¶Áâå is È≤ÅAVA011  corlor is 1
SZ<br />
<b>Deprecated</b>:  Function MongoDB::authenticate() is deprecated in <b>/var/www/html/picUpload.php</b> on line <b>50</b><br />
Array
(
    [time] => 2016-12-10 14:31:46
    [dev] => 3701050905
    [name] => ‰∏≠ÂÆâÂÆæÈ¶Ü
    [channel] => 
    [vehicle] => Array
        (
            [plate] => È≤ÅAVA011
            [color] => 
            [brand] => 
            [type] => 
        )

    [savepath] => qingbao/2016-12-10/3701050905/14-29-38È≤ÅAVA011.jpg
)
Array
(
    [time] => 2016-12-10 14:31:46
    [dev] => 3701050905
    [name] => ‰∏≠ÂÆâÂÆæÈ¶Ü
    [channel] => 
    [vehicle] => Array
        (
            [plate] => È≤ÅAVA011
            [color] => 
            [brand] => 
            [type] => 
        )

    [savepath] => qingbao/2016-12-10/3701050905/14-29-38È≤ÅAVA011.jpg
    [_id] => MongoId Object
        (
            [$id] => 584ba0d293b3940652befc3c
        )

)

123 successs

211 successs
ËΩ¶Áâå is È≤ÅA233TG  corlor is 1
SZ<br />
<b>Deprecated</b>:  Function MongoDB::authenticate() is deprecated in <b>/var/www/html/picUpload.php</b> on line <b>50</b><br />
Array
(
    [time] => 2016-12-10 14:35:45
    [dev] => 3701050905
    [name] => ‰∏≠ÂÆâÂÆæÈ¶Ü
    [channel] => 
    [vehicle] => Array
        (
            [plate] => È≤ÅA233TG
            [color] => 
            [brand] => 
            [type] => 
        )

    [savepath] => qingbao/2016-12-10/3701050905/14-33-37È≤ÅA233TG.jpg
)
Array
(
    [time] => 2016-12-10 14:35:45
    [dev] => 3701050905
    [name] => ‰∏≠ÂÆâÂÆæÈ¶Ü
    [channel] => 
    [vehicle] => Array
        (
            [plate] => È≤ÅA233TG
            [color] => 
            [brand] => 
            [type] => 
        )

    [savepath] => qingbao/2016-12-10/3701050905/14-33-37È≤ÅA233TG.jpg
    [_id] => MongoId Object
        (
            [$id] => 584ba1c193b3949f56befc01
        )

)

123 successs

211 successs
ËΩ¶Áâå is È≤ÅA299G7  corlor is 1
SZ<br />
<b>Deprecated</b>:  Function MongoDB::authenticate() is deprecated in <b>/var/www/html/picUpload.php</b> on line <b>50</b><br />
Array
(
    [time] => 2016-12-10 15:02:12
    [dev] => 3701050905
    [name] => ‰∏≠ÂÆâÂÆæÈ¶Ü
    [channel] => 
    [vehicle] => Array
        (
            [plate] => È≤ÅA299G7
            [color] => 
            [brand] => 
            [type] => 
        )

    [savepath] => qingbao/2016-12-10/3701050905/15-00-04È≤ÅA299G7.jpg
)
Array
(
    [time] => 2016-12-10 15:02:12
    [dev] => 3701050905
    [name] => ‰∏≠ÂÆâÂÆæÈ¶Ü
    [channel] => 
    [vehicle] => Array
        (
            [plate] => È≤ÅA299G7
            [color] => 
            [brand] => 
            [type] => 
        )

    [savepath] => qingbao/2016-12-10/3701050905/15-00-04È≤ÅA299G7.jpg
    [_id] => MongoId Object
        (
            [$id] => 584ba7f493b3941166befbfd
        )

)

123 successs

211 successs
ËΩ¶Áâå is È≤ÅARF369  corlor is 1
SZ<br />
<b>Deprecated</b>:  Function MongoDB::authenticate() is deprecated in <b>/var/www/html/picUpload.php</b> on line <b>50</b><br />
Array
(
    [time] => 2016-12-10 15:09:28
    [dev] => 3701050905
    [name] => ‰∏≠ÂÆâÂÆæÈ¶Ü
    [channel] => 
    [vehicle] => Array
        (
            [plate] => È≤ÅARF369
            [color] => 
            [brand] => 
            [type] => 
        )

    [savepath] => qingbao/2016-12-10/3701050905/15-07-20È≤ÅARF369.jpg
)
Array
(
    [time] => 2016-12-10 15:09:28
    [dev] => 3701050905
    [name] => ‰∏≠ÂÆâÂÆæÈ¶Ü
    [channel] => 
    [vehicle] => Array
        (
            [plate] => È≤ÅARF369
            [color] => 
            [brand] => 
            [type] => 
        )

    [savepath] => qingbao/2016-12-10/3701050905/15-07-20È≤ÅARF369.jpg
    [_id] => MongoId Object
        (
            [$id] => 584ba9a893b3943566befc13
        )

)

123 successs

211 successs
ËΩ¶Áâå is È≤ÅD7E618  corlor is 1
SZ<br />
<b>Deprecated</b>:  Function MongoDB::authenticate() is deprecated in <b>/var/www/html/picUpload.php</b> on line <b>50</b><br />
Array
(
    [time] => 2016-12-10 15:18:14
    [dev] => 3701050905
    [name] => ‰∏≠ÂÆâÂÆæÈ¶Ü
    [channel] => 
    [vehicle] => Array
        (
            [plate] => È≤ÅD7E618
            [color] => 
            [brand] => 
            [type] => 
        )

    [savepath] => qingbao/2016-12-10/3701050905/15-16-06È≤ÅD7E618.jpg
)
Array
(
    [time] => 2016-12-10 15:18:14
    [dev] => 3701050905
    [name] => ‰∏≠ÂÆâÂÆæÈ¶Ü
    [channel] => 
    [vehicle] => Array
        (
            [plate] => È≤ÅD7E618
            [color] => 
            [brand] => 
            [type] => 
        )

    [savepath] => qingbao/2016-12-10/3701050905/15-16-06È≤ÅD7E618.jpg
    [_id] => MongoId Object
        (
            [$id] => 584babb693b3940278befba8
        )

)

123 successs

211 successs
ËΩ¶Áâå is È≤ÅAYD136  corlor is 1
SZ<br />
<b>Deprecated</b>:  Function MongoDB::authenticate() is deprecated in <b>/var/www/html/picUpload.php</b> on line <b>50</b><br />
Array
(
    [time] => 2016-12-10 15:21:36
    [dev] => 3701050905
    [name] => ‰∏≠ÂÆâÂÆæÈ¶Ü
    [channel] => 
    [vehicle] => Array
        (
            [plate] => È≤ÅAYD136
            [color] => 
            [brand] => 
            [type] => 
        )

    [savepath] => qingbao/2016-12-10/3701050905/15-19-27È≤ÅAYD136.jpg
)
Array
(
    [time] => 2016-12-10 15:21:36
    [dev] => 3701050905
    [name] => ‰∏≠ÂÆâÂÆæÈ¶Ü
    [channel] => 
    [vehicle] => Array
        (
            [plate] => È≤ÅAYD136
            [color] => 
            [brand] => 
            [type] => 
        )

    [savepath] => qingbao/2016-12-10/3701050905/15-19-27È≤ÅAYD136.jpg
    [_id] => MongoId Object
        (
            [$id] => 584bac7f93b394a253befd17
        )

)

123 successs

211 successs
ËΩ¶Áâå is ÁöñE1PTL1  corlor is 2
SZ<br />
<b>Deprecated</b>:  Function MongoDB::authenticate() is deprecated in <b>/var/www/html/picUpload.php</b> on line <b>50</b><br />
Array
(
    [time] => 2016-12-10 15:39:00
    [dev] => 3701050905
    [name] => ‰∏≠ÂÆâÂÆæÈ¶Ü
    [channel] => 
    [vehicle] => Array
        (
            [plate] => ÁöñE1PTL1
            [color] => 
            [brand] => 
            [type] => 
        )

    [savepath] => qingbao/2016-12-10/3701050905/15-36-52ÁöñE1PTL1.jpg
)
Array
(
    [time] => 2016-12-10 15:39:00
    [dev] => 3701050905
    [name] => ‰∏≠ÂÆâÂÆæÈ¶Ü
    [channel] => 
    [vehicle] => Array
        (
            [plate] => ÁöñE1PTL1
            [color] => 
            [brand] => 
            [type] => 
        )

    [savepath] => qingbao/2016-12-10/3701050905/15-36-52ÁöñE1PTL1.jpg
    [_id] => MongoId Object
        (
            [$id] => 584bb09493b3946904befb9c
        )

)

123 successs

211 successs
ËΩ¶Áâå is È≤ÅJ26PUL  corlor is 1
SZ<br />
<b>Deprecated</b>:  Function MongoDB::authenticate() is deprecated in <b>/var/www/html/picUpload.php</b> on line <b>50</b><br />
Array
(
    [time] => 2016-12-10 15:39:08
    [dev] => 3701050905
    [nam905/12-01-47È≤ÅAL630V.jpg
    [_id] => MongoId Object
        (
            [$id] => 584b7e2b93b3945e17befb99
        )

)

123 successs

211 successs
ËΩ¶Áâå is È≤ÅT1TB11  corlor is 1
SZ<br />
<b>Deprecated</b>:  Function MongoDB::authenticate() is deprecated in <b>/var/www/html/picUpload.php</b> on line <b>50</b><br />
Array
(
    [time] => 2016-12-10 12:28:02
    [dev] => 3701050905
    [name] => ‰∏≠ÂÆâÂÆæÈ¶Ü
    [channel] => 
    [vehicle] => Array
        (
            [plate] => È≤ÅT1TB11
            [color] => 
            [brand] => 
            [type] => 
        )

    [savepath] => qingbao/2016-12-10/3701050905/12-25-55È≤ÅT1TB11.jpg
)
Array
(
    [time] => 2016-12-10 12:28:02
    [dev] => 3701050905
    [name] => ‰∏≠ÂÆâÂÆæÈ¶Ü
    [channel] => 
    [vehicle] => Array
        (
            [plate] => È≤ÅT1TB11
            [color] => 
            [brand] => 
            [type] => 
        )

    [savepath] => qingbao/2016-12-10/3701050905/12-25-55È≤ÅT1TB11.jpg
    [_id] => MongoId Object
        (
            [$id] => 584b83d393b3948d1dbefbd5
        )

)

123 successs

211 successs
ËΩ¶Áâå is È≤ÅR11X29  corlor is 1
SZ<br />
<b>Deprecated</b>:  Function MongoDB::authenticate() is deprecated in <b>/var/www/html/picUpload.php</b> on line <b>50</b><br />
Array
(
    [time] => 2016-12-10 12:45:09
    [dev] => 3701050905
    [name] => ‰∏≠ÂÆâÂÆæÈ¶Ü
    [channel] => 
    [vehicle] => Array
        (
            [plate] => È≤ÅR11X29
            [color] => 
            [brand] => 
            [type] => 
        )

    [savepath] => qingbao/2016-12-10/3701050905/12-43-01È≤ÅR11X29.jpg
)
Array
(
    [time] => 2016-12-10 12:45:09
    [dev] => 3701050905
    [name] => ‰∏≠ÂÆâÂÆæÈ¶Ü
    [channel] => 
    [vehicle] => Array
        (
            [plate] => È≤ÅR11X29
            [color] => 
            [brand] => 
            [type] => 
        )

    [savepath] => qingbao/2016-12-10/3701050905/12-43-01È≤ÅR11X29.jpg
    [_id] => MongoId Object
        (
            [$id] => 584b87d593b3943313befc84
        )

)

123 successs

211 successs
ËΩ¶Áâå is È≤ÅAP126P  corlor is 1
SZ<br />
<b>Deprecated</b>:  Function MongoDB::authenticate() is deprecated in <b>/var/www/html/picUpload.php</b> on line <b>50</b><br />
Array
(
    [time] => 2016-12-10 13:52:25
    [dev] => 3701050905
    [name] => ‰∏≠ÂÆâÂÆæÈ¶Ü
    [channel] => 
    [vehicle] => Array
        (
            [plate] => È≤ÅAP126P
            [color] => 
            [brand] => 
            [type] => 
        )

    [savepath] => qingbao/2016-12-10/3701050905/13-50-17È≤ÅAP126P.jpg
)
Array
(
    [time] => 2016-12-10 13:52:25
    [dev] => 3701050905
    [name] => ‰∏≠ÂÆâÂÆæÈ¶Ü
    [channel] => 
    [vehicle] => Array
        (
            [plate] => È≤ÅAP126P
            [color] => 
            [brand] => 
            [type] => 
        )

    [savepath] => qingbao/2016-12-10/3701050905/13-50-17È≤ÅAP126P.jpg
    [_id] => MongoId Object
        (
            [$id] => 584b979993b394cb4bbefbb1
        )

)

123 successs

211 successs
ËΩ¶Áâå is È≤ÅAY551Y  corlor is 1
            [error]         [eroor 134524395]

211 successs
ËΩ¶Áâå is È≤ÅAC8K03  corlor is 1
SZ<br />
<b>Deprecated</b>:  Function MongoDB::authenticate() is deprecated in <b>/var/www/html/picUpload.php</b> on line <b>50</b><br />
Array
(
    [time] => 2016-12-10 14:54:01
    [dev] => 3701050905
    [name] => ‰∏≠ÂÆâÂÆæÈ¶Ü
    [channel] => 
    [vehicle] => Array
        (
            [plate] => È≤ÅAC8K03
            [color] => 
            [brand] => 
            [type] => 
        )

    [savepath] => qingbao/2016-12-10/3701050905/14-51-53È≤ÅAC8K03.jpg
)
Array
(
    [time] => 2016-12-10 14:54:01
    [dev] => 3701050905
    [name] => ‰∏≠ÂÆâÂÆæÈ¶Ü
    [channel] => 
    [vehicle] => Array
        (
            [plate] => È≤ÅAC8K03
            [color] => 
            [brand] => 
            [type] => 
        )

    [savepath] => qingbao/2016-12-10/3701050905/14-51-53È≤ÅAC8K03.jpg
    [_id] => MongoId Object
        (
            [$id] => 584ba60993b3940652befc9f
        )

)

123 successs

211 successs
ËΩ¶Áâå is È≤ÅA9M2H6  corlor e] => ‰∏≠ÂÆâÂÆæÈ¶Ü
    [channel] => 
    [vehicle] => Array
        (
            [plate] => È≤ÅJ26PUL
            [color] => 
            [brand] => 
            [type] => 
        )

    [savepath] => qingbao/2016-12-10/3701050905/15-37-00È≤ÅJ26PUL.jpg
)
Array
(
    [time] => 2016-12-10 15:39:08
    [dev] => 3701050905
    [name] => ‰∏≠ÂÆâÂÆæÈ¶Ü
    [channel] => 
    [vehicle] => Array
        (
            [plate] => È≤ÅJ26PUL
            [color] => 
            [brand] => 
            [type] => 
        )

    [savepath] => qingbao/2016-12-10/3701050905/15-37-00È≤ÅJ26PUL.jpg
    [_id] => MongoId Object
        (
            [$id] => 584bb09c93b3946904befb9d
        )

)

123 successs

211 successs
ËΩ¶Áâå is È≤ÅA07S33  corlor is 1
SZ<br />
<b>Deprecated</b>:  Function MongoDB::authenticate() is deprecated in <b>/var/www/html/picUpload.php</b> on line <b>50</b><br />
Array
(
    [time] => 2016-12-10 16:06:23
    [dev] => 3701050905
    [name] => ‰∏≠ÂÆâÂÆæÈ¶Ü
    [channel] => 
    [vehicle] => Array
        (
            [plate] => È≤ÅA07S33
            [color] => 
            [brand] => 
            [type] => 
        )

    [savepath] => qingbao/2016-12-10/3701050905/16-04-16È≤ÅA07S33.jpg
)
Array
(
    [time] => 2016-12-10 16:06:23
    [dev] => 3701050905
    [name] => ‰∏≠ÂÆâÂÆæÈ¶Ü
    [channel] => 
    [vehicle] => Array
        (
            [plate] => È≤ÅA07S33
            [color] => 
            [brand] => 
            [type] => 
        )

    [savepath] => qingbao/2016-12-10/3701050905/16-04-16È≤ÅA07S33.jpg
    [_id] => MongoId Object
        (
            [$id] => 584bb70093b394846ebefd0d
        )

)

123 successs

211 successs
ËΩ¶Áâå is È≤ÅA109LJ  corlor is 1
SZ<br />
<b>Deprecated</b>:  Function MongoDB::authenticate() is deprecated in <b>/var/www/html/picUpload.php</b> on line <b>50</b><br />
Array
(
    [time] => 2016-12-10 18:44:03
    [dev] => 3701050905
    [name] => ‰∏≠ÂÆâÂÆæÈ¶Ü
    [channel] => 
    [vehicle] => Array
        (
            [plate] => È≤ÅA109LJ
            [color] => 
            [brand] => 
            [type] => 
        )

    [savepath] => qingbao/2016-12-10/3701050905/18-41-54È≤ÅA109LJ.jpg
)
Array
(
    [time] => 2016-12-10 18:44:03
    [dev] => 3701050905
    [name] => ‰∏≠ÂÆâÂÆæÈ¶Ü
    [channel] => 
    [vehicle] => Array
        (
            [plate] => È≤ÅA109LJ
            [color] => 
            [brand] => 
            [type] => 
        )

    [savepath] => qingbao/2016-12-10/3701050905/18-41-54È≤ÅA109LJ.jpg
    [_id] => MongoId Object
        (
            [$id] => 584bdbf293b394345bbefbe1
        )

)

123 successs

211 successs
ËΩ¶Áâå is È≤ÅASA086  corlor is 1
SZ<br />
<b>Deprecated</b>:  Function MongoDB::authenticate() is deprecated in <b>/var/www/html/picUpload.php</b> on line <b>50</b><br />
Array
(
    [time] => 2016-12-10 19:17:57
    [dev] => 3701050905
    [name] => ‰∏≠ÂÆâÂÆæÈ¶Ü
    [channel] => 
    [vehicle] => Array
        (
            [plate] => È≤ÅASA086
            [color] => 
            [brand] => 
            [type] => 
        )

    [savepath] => qingbao/2016-12-10/3701050905/19-15-48È≤ÅASA086.jpg
)
Array
(
    [time] => 2016-12-10 19:17:57
    [dev] => 3701050905
    [name] => ‰∏≠ÂÆâÂÆæÈ¶Ü
    [channel] => 
    [vehicle] => Array
        (
            [plate] => È≤ÅASA086
            [color] => 
            [brand] => 
            [type] => 
        )

    [savepath] => qingbao/2016-12-10/3701050905/19-15-48È≤ÅASA086.jpg
    [_id] => MongoId Object
        (
            [$id] => 584be3e493b394f564befc08
        )

)

123 successs

211 successs
ËΩ¶Áâå is È≤ÅA656GB  corlor is 1
SZ<br />
<b>Deprecated</b>:  Function MongoDB::authenticate() is deprecated in <b>/var/www/html/picUpload.php</b> on line <b>50</b><br />
Array
(
    [time] => 2016-12-10 19:20:18
    [dev] => 3701050905
    [name] => ‰∏≠ÂÆâÂÆæÈ¶Ü
    [channel] => 
    [vehicle] => Array
        (
            [plate] => È≤ÅA656GB
            [color] => 
            [brand] => 
            [type] => 
        )

    [savepath] => qingbao/2016-12-10/3701050905/19-18-08È≤ÅA656GB.jpg
)
Array
(
    [tiis 1
SZ<br />
<b>Deprecated</b>:  Function MongoDB::authenticate() is deprecated in <b>/var/www/html/picUpload.php</b> on line <b>50</b><br />
Array
(
    [time] => 2016-12-10 17:32:27
    [dev] => 3701050905
    [name] => ‰∏≠ÂÆâÂÆæÈ¶Ü
    [channel] => 
    [vehicle] => Array
        (
            [plate] => È≤ÅA9M2H6
            [color] => 
            [brand] => 
            [type] => 
        )

    [savepath] => qingbao/2016-12-10/3701050905/17-30-18È≤ÅA9M2H6.jpg
)
Array
(
    [time] => 2016-12-10 17:32:27
    [dev] => 3701050905
    [name] => ‰∏≠ÂÆâÂÆæÈ¶Ü
    [channel] => 
    [vehicle] => Array
        (
            [plate] => È≤ÅA9M2H6
            [color] => 
            [brand] => 
            [type] => 
        )

    [savepath] => qingbao/2016-12-10/3701050905/17-30-18È≤ÅA9M2H6.jpg
    [_id] => MongoId Object
        (
            [$id] => 584bcb2a93b3942034befc09
        )

)

123 successs

211 successs
ËΩ¶Áâå is È≤ÅA735QV  corlor is 1
            [error]         [eroor 134524395]

211 successs
ËΩ¶Áâå is È≤ÅAH009V  corlor is 1
SZ<br />
<b>Deprecated</b>:  Function MongoDB::authenticate() is deprecated in <b>/var/www/html/picUpload.php</b> on line <b>50</b><br />
Array
(
    [time] => 2016-12-10 18:27:02
    [dev] => 3701050905
    [name] => ‰∏≠ÂÆâÂÆæÈ¶Ü
    [channel] => 
    [vehicle] => Array
        (
            [plate] => È≤ÅAH009V
            [color] => 
            [brand] => 
            [type] => 
        )

    [savepath] => qingbao/2016-12-10/3701050905/18-24-53È≤ÅAH009V.jpg
)
Array
(
    [time] => 2016-12-10 18:27:02
    [dev] => 3701050905
    [name] => ‰∏≠ÂÆâÂÆæÈ¶Ü
    [channel] => 
    [vehicle] => Array
        (
            [plate] => È≤ÅAH009V
            [color] => 
            [brand] => 
            [type] => 
        )

    [savepath] => qingbao/2016-12-10/3701050905/18-24-53È≤ÅAH009V.jpg
    [_id] => MongoId Object
        (
            [$id] => 584bd7f593b394234cbefc20
        )

)

123 successs

211 successs
ËΩ¶Áâå is È≤ÅA537VJ  corlor is 1
SZ<br />
<b>Deprecated</b>:  Function MongoDB::authenticate() is deprecated in <b>/var/www/html/picUpload.php</b> on line <b>50</b><br />
Array
(
    [time] => 2016-12-10 18:48:52
    [dev] => 3701050905
    [name] => ‰∏≠ÂÆâÂÆæÈ¶Ü
    [channel] => 
    [vehicle] => Array
        (
            [plate] => È≤ÅA537VJ
            [color] => 
            [brand] => 
            [type] => 
        )

    [savepath] => qingbao/2016-12-10/3701050905/18-46-43È≤ÅA537VJ.jpg
)
Array
(
    [time] => 2016-12-10 18:48:52
    [dev] => 3701050905
    [name] => ‰∏≠ÂÆâÂÆæÈ¶Ü
    [channel] => 
    [vehicle] => Array
        (
            [plate] => È≤ÅA537VJ
            [color] => 
            [brand] => 
            [type] => 
        )

    [savepath] => qingbao/2016-12-10/3701050905/18-46-43È≤ÅA537VJ.jpg
    [_id] => MongoId Object
        (
            [$id] => 584bdd1393b394f564befb93
        )

)

123 successs

211 successs
ËΩ¶Áâå is È≤ÅA373ZV  corlor is 1
SZ<br />
<b>Deprecated</b>:  Function MongoDB::authenticate() is deprecated in <b>/var/www/html/picUpload.php</b> on line <b>50</b><br />
Array
(
    [time] => 2016-12-10 19:59:04
    [dev] => 3701050905
    [name] => ‰∏≠ÂÆâÂÆæÈ¶Ü
    [channel] => 
    [vehicle] => Array
        (
            [plate] => È≤ÅA373ZV
            [color] => 
            [brand] => 
            [type] => 
        )

    [savepath] => qingbao/2016-12-10/3701050905/19-56-56È≤ÅA373ZV.jpg
)
Array
(
    [time] => 2016-12-10 19:59:04
    [dev] => 3701050905
    [name] => ‰∏≠ÂÆâÂÆæÈ¶Ü
    [channel] => 
    [vehicle] => Array
        (
            [plate] => È≤ÅA373ZV
            [color] => 
            [brand] => 
            [type] => 
        )

    [savepath] => qingbao/2016-12-10/3701050905/19-56-56È≤ÅA373ZV.jpg
    [_id] => MongoId Object
        (
            [$id] => 584bed8893b3948755befd53
        )

)

123 successs

211 successs
ËΩ¶Áâå is È≤ÅA89166  corlor is 1
SZ<br />
<b>Deprecated</b>:  Function MongoDB::authenticate() is deprecated in <b>/var/www/html/picUpload.php</b> on line <b>50</b><br />
Array
(
    [time] => 2016-12-10 21: