VIDEO-2016-11-11 UNENCRY
车牌 is 鲁A235G1  corlor is 1
SZ<br />
<b>Deprecated</b>:  Function MongoDB::authenticate() is deprecated in <b>/var/www/html/picUpload.php</b> on line <b>52</b><br />
Array
(
    [time] => 2017-03-02 00:17:09
    [dev] => 3701050905
    [name] => 中安宾馆
    [channel] => 
    [vehicle] => Array
        (
            [plate] => 鲁A235G1
            [color] => 
            [brand] => 
            [type] => 
        )

    [savepath] => qingbao/2017-03-02/3701050905/0-16-37鲁A235G1.jpg
)
Array
(
    [time] => 2017-03-02 00:17:09
    [dev] => 3701050905
    [name] => 中安宾馆
    [channel] => 
    [vehicle] => Array
        (
            [plate] => 鲁A235G1
            [color] => 
            [brand] => 
            [type] => 
        )

    [savepath] => qingbao/2017-03-02/3701050905/0-16-37鲁A235G1.jpg
    [_id] => MongoId Object
        (
            [$id] => 58b6f3e593b39439317b2487
        )

)

123 successs
		[error]		[eroor 134524541]
车牌 is 鲁A585FZ  corlor is 1
            [error]         [eroor 134524379]
		[error]		[eroor 134524541]
车牌 is 鲁E85FZL  corlor is 1
SZ<br />
<b>Deprecated</b>:  Function MongoDB::authenticate() is deprecated in <b>/var/www/html/picUpload.php</b> on line <b>52</b><br />
Array
(
    [time] => 2017-03-02 00:44:00
    [dev] => 3701050905
    [name] => 中安宾馆
    [channel] => 
    [vehicle] => Array
        (
            [plate] => 鲁E85FZL
            [color] => 
            [brand] => 
            [type] => 
        )

    [savepath] => qingbao/2017-03-02/3701050905/0-43-29鲁E85FZL.jpg
)
Array
(
    [time] => 2017-03-02 00:44:00
    [dev] => 3701050905
    [name] => 中安宾馆
    [channel] => 
    [vehicle] => Array
        (
            [plate] => 鲁E85FZL
            [color] => 
            [brand] => 
            [type] => 
        )

    [savepath] => qingbao/2017-03-02/3701050905/0-43-29鲁E85FZL.jpg
    [_id] => MongoId Object
        (
            [$id] => 58b6fa3193b3945d2e7b24c4
        )

)

123 successs
		[error]		[eroor 134524541]
车牌 is 鲁S311AX  corlor is 1
            [error]         [eroor 134524379]
		[error]		[eroor 134524541]
车牌 is 鲁A59C78  corlor is 1
SZ<br />
<b>Deprecated</b>:  Function MongoDB::authenticate() is deprecated in <b>/var/www/html/picUpload.php</b> on line <b>52</b><br />
Array
(
    [time] => 2017-03-02 01:23:29
    [dev] => 3701050905
    [name] => 中安宾馆
    [channel] => 
    [vehicle] => Array
        (
            [plate] => 鲁A59C78
            [color] => 
            [brand] => 
            [type] => 
        )

    [savepath] => qingbao/2017-03-02/3701050905/1-22-57鲁A59C78.jpg
)
Array
(
    [time] => 2017-03-02 01:23:29
    [dev] => 3701050905
    [name] => 中安宾馆
    [channel] => 
    [vehicle] => Array
        (
            [plate] => 鲁A59C78
            [color] => 
            [brand] => 
            [type] => 
        )

    [savepath] => qingbao/2017-03-02/3701050905/1-22-57鲁A59C78.jpg
    [_id] => MongoId Object
        (
            [$id] => 58b7037193b39439317b2499
        )

)

123 successs
		[error]		[eroor 134524541]
车牌 is 鲁A202UJ  corlor is 1
            [error]         [eroor 134524379]
		[error]		[eroor 134524541]
车牌 is 鲁R97S20  corlor is 1
SZ<br />
<b>Deprecated</b>:  Function MongoDB::authenticate() is deprecated in <b>/var/www/html/picUpload.php</b> on line <b>52</b><br />
Array
(
    [time] => 2017-03-02 10:40:59
    [dev] => 3701050905
    [name] => 中安宾馆
    [channel] => 
    [vehicle] => Array
        (
            [plate] => 鲁R97S20
            [color] => 
            [brand] => 
            [type] => 
        )

    [savepath] => qingbao/2017-03-02/3701050905/10-40-25鲁R97S20.jpg
)
Array
(
    [time] => 2017-03-02 10:40:59
    [dev] => 3701050905
    [name] => 中安宾馆
    [channel] => 
    [vehicle] => Array
        (
            [plate] => 鲁R97S20
            [color] => 
            [brand] => 
            [type] => 
        )

    [savepath] => qingbao/2017-03-02/3701050905/10-40-25鲁R97S20.jpg
    [_id] => MongoId Object
        (
            [$id] => 58b7861993b3948b0a7b23d4
        )

)

123 successs
		[error]		[eroor 134524541]
车牌 is 鲁AH9W79  corlor is 1
            [error]         [eroor 134524379]
		[error]		[eroor 134524541]
车牌 is 鲁A555UZ  corlor is 1
            [error]         [eroor 134524379]
		[error]		[eroor 134524541]
车牌 is 鲁A552L3  corlor is 1
            [error]         [eroor 134524379]
		[error]		[eroor 134524541]
车牌 is 浙EN5W2学  corlor is 2
            [error]         [eroor 134524379]
		[error]		[eroor 134524541]
车牌 is 鲁A202UJ  corlor is 1
            [error]         [eroor 134524379]
		[error]		[eroor 134524541]
车牌 is 鲁A08812  corlor is 1
            [error]         [eroor 134524379]
		[error]		[eroor 134524541]
车牌 is 鲁A129ET  corlor is 1
SZ<br />
<b>Deprecated</b>:  Function MongoDB::authenticate() is deprecated in <b>/var/www/html/picUpload.php</b> on line <b>52</b><br />
Array
(
    [time] => 2017-03-02 14:36:25
    [dev] => 3701050905
    [name] => 中安宾馆
    [channel] => 
    [vehicle] => Array
        (
            [plate] => 鲁A129ET
            [color] => 
            [brand] => 
            [type] => 
        )

    [savepath] => qingbao/2017-03-02/3701050905/14-35-51鲁A129ET.jpg
)
Array
(
    [time] => 2017-03-02 14:36:25
    [dev] => 3701050905
    [name] => 中安宾馆
    [channel] => 
    [vehicle] => Array
        (
            [plate] => 鲁A129ET
            [color] => 
            [brand] => 
            [type] => 
        )

    [savepath] => qingbao/2017-03-02/3701050905/14-35-51鲁A129ET.jpg
    [_id] => MongoId Object
        (
            [$id] => 58b7bd4793b3942b167b2439
        )

)

123 successs
		[error]		[eroor 134524541]
车牌 is 鲁AC326E  corlor is 1
SZ<br />
<b>Deprecated</b>:  Function MongoDB::authenticate() is deprecated in <b>/var/www/html/picUpload.php</b> on line <b>52</b><br />
Array
(
    [time] => 2017-03-02 15:47:25
    [dev] => 3701050905
    [name] => 中安宾馆
    [channel] => 
    [vehicle] => Array
        (
            [plate] => 鲁AC326E
            [color] => 
            [brand] => 
            [type] => 
        )

    [savepath] => qingbao/2017-03-02/3701050905/15-46-50鲁AC326E.jpg
)
Array
(
    [time] => 2017-03-02 15:47:25
    [dev] => 3701050905
    [name] => 中安宾馆
    [channel] => 
    [vehicle] => Array
        (
            [plate] => 鲁AC326E
            [color] => 
            [brand] => 
            [type] => 
        )

    [savepath] => qingbao/2017-03-02/3701050905/15-46-50鲁AC326E.jpg
    [_id] => MongoId Object
        (
            [$id] => 58b7cdea93b394de547b23d5
        )

)

123 successs
		[error]		[eroor 134524541]
车牌 is 鲁A692XZ  corlor is 1
SZ<br />
<b>Deprecated</b>:  Function MongoDB::authenticate() is deprecated in <b>/var/www/html/picUpload.php</b> on line <b>52</b><br />
Array
(
    [time] => 2017-03-02 16:31:58
    [dev] => 3701050905
    [name] => 中安宾馆
    [channel] => 
    [vehicle] => Array
        (
            [plate] => 鲁A692XZ
            [color] => 
            [brand] => 
            [type] => 
        )

    [savepath] => qingbao/2017-03-02/3701050905/16-31-23鲁A692XZ.jpg
)
Array
(
    [time] => 2017-03-02 16:31:58
    [dev] => 3701050905
    [name] => 中安宾馆
    [channel] => 
    [vehicle] => Array
        (
            [plate] => 鲁A692XZ
            [color] => 
            [brand] => 
            [type] => 
        )

    [savepath] => qingbao/2017-03-02/3701050905/16-31-23鲁A692XZ.jpg
    [_id] => MongoId Object
        (
            [$id] => 58b7d85b93b3944a6e7b2402
        )

)

123 successs
		[error]		[eroor 134524541]
车牌 is 鲁A867Y2  corlor is 1
SZ<br />
<b>Deprecated</b>:  Function MongoDB::authenticate() is deprecated in <b>/var/www/html/picUpload.php</b> on line <b>52</b><br />
Array
(
    [time] => 2017-03-02 16:33:01
    [dev] => 3701050905
    [name] => 中安宾馆
    [channel] => 
    [vehicle] => Array
        (
            [plate] => 鲁A867Y2
            [color] => 
            [brand] => 
            [type] => 
        )

    [savepath] => qingbao/2017-03-02/3701050905/16-32-27鲁A867Y2.jpg
)
Array
(
    [time] => 2017-03-02 16:33:01
    [dev] => 3701050905
    [name] => 中安宾馆
    [channel] => 
    [vehicle] => Array
        (
            [plate] => 鲁A867Y2
            [color] => 
            [brand] => 
            [type] => 
        )

    [savepath] => qingbao/2017-03-02/3701050905/16-32-27鲁A867Y2.jpg
    [_id] => MongoId Object
        (
            [$id] => 58b7d89b93b3945f707b23e4
        )

)

123 successs
		[error]		[eroor 134524541]
车牌 is 鲁AYB96C  corlor is 1
SZ<br />
<b>Deprecated</b>:  Function MongoDB::authenticate() is deprecated in <b>/var/www/html/picUpload.php</b> on line <b>52</b><br />
Array
(
    [time] => 2017-03-02 17:11:12
    [dev] => 3701050905
    [name] => 中安宾馆
    [channel] => 
    [vehicle] => Array
        (
            [plate] => 鲁AYB96C
            [color] => 
            [brand] => 
            [type] => 
        )

    [savepath] => qingbao/2017-03-02/3701050905/17-10-37鲁AYB96C.jpg
)
Array
(
    [time] => 2017-03-02 17:11:12
    [dev] => 3701050905
    [name] => 中安宾馆
    [channel] => 
    [vehicle] => Array
        (
            [plate] => 鲁AYB96C
            [color] => 
            [brand] => 
            [type] => 
        )

    [savepath] => qingbao/2017-03-02/3701050905/17-10-37鲁AYB96C.jpg
    [_id] => MongoId Object
        (
            [$id] => 58b7e18d93b394950f7b23cd
        )

)

123 successs
		[error]		[eroor 134524541]
车牌 is 鲁AYBQ6C  corlor is 1
SZ<br />
<b>Deprecated</b>:  Function MongoDB::authenticate() is deprecated in <b>/var/www/html/picUpload.php</b> on line <b>52</b><br />
Array
(
    [time] => 2017-03-02 17:11:19
    [dev] => 3701050905
    [name] => 中安宾馆
    [channel] => 
    [vehicle] => Array
        (
            [plate] => 鲁AYBQ6C
            [color] => 
            [brand] => 
            [type] => 
        )

    [savepath] => qingbao/2017-03-02/3701050905/17-10-44鲁AYBQ6C.jpg
)
Array
(
    [time] => 2017-03-02 17:11:19
    [dev] => 3701050905
    [name] => 中安宾馆
    [channel] => 
    [vehicle] => Array
        (
            [plate] => 鲁AYBQ6C
            [color] => 
            [brand] => 
            [type] => 
        )

    [savepath] => qingbao/2017-03-02/3701050905/17-10-44鲁AYBQ6C.jpg
    [_id] => MongoId Object
        (
            [$id] => 58b7e19493b39485797b246e
        )

)

123 successs
		[error]		[eroor 134524541]
车牌 is 鲁A058BV  corlor is 1
SZ<br />
<b>Deprecated</b>:  Function MongoDB::authenticate() is deprecated in <b>/var/www/html/picUpload.php</b> on line <b>52</b><br />
Array
(
    [time] => 2017-03-02 17:20:51
    [dev] => 3701050905
    [name] => 中安宾馆
    [channel] => 
    [vehicle] => Array
        (
            [plate] => 鲁A058BV
            [color] => 
            [brand] => 
            [type] => 
        )

    [savepath] => qingbao/2017-03-02/3701050905/17-20-15鲁A058BV.jpg
)
Array
(
    [time] => 2017-03-02 17:20:51
    [dev] => 3701050905
    [name] => 中安宾馆
    [channel] => 
    [vehicle] => Array
        (
            [plate] => 鲁A058BV
            [color] => 
            [brand] => 
            [type] => 
        )

    [savepath] => qingbao/2017-03-02/3701050905/17-20-15鲁A058BV.jpg
    [_id] => MongoId Object
        (
            [$id] => 58b7e3cf93b39442117b2413
        )

)

123 successs
		[error]		[eroor 134524541]
车牌 is 鲁AP778A  corlor is 1
            [error]         [eroor 134524379]
		[error]		[eroor 134524541]
车牌 is 鲁AY8817  corlor is 1
            [error]         [eroor 134524379]
		[error]		[eroor 134524541]
车牌 is 鲁A582Y1  corlor is 1
            [error]         [eroor 134524379]
		[error]		[eroor 134524541]
车牌 is 鲁AH2286  corlor is 1
            [error]         [eroor 134524379]
		[error]		[eroor 134524541]
车牌 is 鲁AE939F  corlor is 1
            [error]         [eroor 134524379]
		[error]		[eroor 134524541]
车牌 is 鲁A9P09L  corlor is 1
            [error]         [eroor 134524