VIDEO-2016-11-11 UNENCRY
ËΩ¶Áâå is È≤ÅAT4966  corlor is 1
            [error]         [eroor 134524379]
		[error]		[eroor 134524541]
ËΩ¶Áâå is È≤ÅA128QW  corlor is 1
            [error]         [eroor 134524379]
		[error]		[eroor 134524541]
ËΩ¶Áâå is È≤ÅA36N16  corlor is 1
            [error]         [eroor 134524379]
		[error]		[eroor 134524541]
ËΩ¶Áâå is È≤ÅA363SJ  corlor is 1
            [error]         [eroor 134524379]
		[error]		[eroor 134524541]
ËΩ¶Áâå is È≤ÅACV222  corlor is 1
SZ<br />
<b>Deprecated</b>:  Function MongoDB::authenticate() is deprecated in <b>/var/www/html/picUpload.php</b> on line <b>52</b><br />
Array
(
    [time] => 2017-03-13 08:12:01
    [dev] => 3701050905
    [name] => ‰∏≠ÂÆâÂÆæÈ¶Ü
    [channel] => 
    [vehicle] => Array
        (
            [plate] => È≤ÅACV222
            [color] => 
            [brand] => 
            [type] => 
        )

    [savepath] => qingbao/2017-03-13/3701050905/8-10-35È≤ÅACV222.jpg
)
Array
(
    [time] => 2017-03-13 08:12:01
    [dev] => 3701050905
    [name] => ‰∏≠ÂÆâÂÆæÈ¶Ü
    [channel] => 
    [vehicle] => Array
        (
            [plate] => È≤ÅACV222
            [color] => 
            [brand] => 
            [type] => 
        )

    [savepath] => qingbao/2017-03-13/3701050905/8-10-35È≤ÅACV222.jpg
    [_id] => MongoId Object
        (
            [$id] => 58c5e37c93b394a05f4816ba
        )

)

123 successs
		[error]		[eroor 134524541]
ËΩ¶Áâå is È≤ÅAK31TT  corlor is 1
SZ<br />
<b>Deprecated</b>:  Function MongoDB::authenticate() is deprecated in <b>/var/www/html/picUpload.php</b> on line <b>52</b><br />
Array
(
    [time] => 2017-03-13 08:38:53
    [dev] => 3701050905
    [name] => ‰∏≠ÂÆâÂÆæÈ¶Ü
    [channel] => 
    [vehicle] => Array
        (
            [plate] => È≤ÅAK31TT
            [color] => 
            [brand] => 
            [type] => 
        )

    [savepath] => qingbao/2017-03-13/3701050905/8-37-27È≤ÅAK31TT.jpg
)
Array
(
    [time] => 2017-03-13 08:38:53
    [dev] => 3701050905
    [name] => ‰∏≠ÂÆâÂÆæÈ¶Ü
    [channel] => 
    [vehicle] => Array
        (
            [plate] => È≤ÅAK31TT
            [color] => 
            [brand] => 
            [type] => 
        )

    [savepath] => qingbao/2017-03-13/3701050905/8-37-27È≤ÅAK31TT.jpg
    [_id] => MongoId Object
        (
            [$id] => 58c5e9c793b394316c4816d9
        )

)

123 successs
		[error]		[eroor 134524541]
ËΩ¶Áâå is È≤ÅA310JL  corlor is 1
SZ<br />
<b>Deprecated</b>:  Function MongoDB::authenticate() is deprecated in <b>/var/www/html/picUpload.php</b> on line <b>52</b><br />
Array
(
    [time] => 2017-03-13 08:39:01
    [dev] => 3701050905
    [name] => ‰∏≠ÂÆâÂÆæÈ¶Ü
    [channel] => 
    [vehicle] => Array
        (
            [plate] => È≤ÅA310JL
            [color] => 
            [brand] => 
            [type] => 
        )

    [savepath] => qingbao/2017-03-13/3701050905/8-37-34È≤ÅA310JL.jpg
)
Array
(
    [time] => 2017-03-13 08:39:01
    [dev] => 3701050905
    [name] => ‰∏≠ÂÆâÂÆæÈ¶Ü
    [channel] => 
    [vehicle] => Array
        (
            [plate] => È≤ÅA310JL
            [color] => 
            [brand] => 
            [type] => 
        )

    [savepath] => qingbao/2017-03-13/3701050905/8-37-34È≤ÅA310JL.jpg
    [_id] => MongoId Object
        (
            [$id] => 58c5e9ce93b394af6c4816d6
        )

)

123 successs
		[error]		[eroor 134524541]
ËΩ¶Áâå is È≤ÅATT178  corlor is 1
SZ<br />
<b>Deprecated</b>:  Function MongoDB::authenticate() is deprecated in <b>/var/www/html/picUpload.php</b> on line <b>52</b><br />
Array
(
    [time] => 2017-03-13 09:29:27
    [dev] => 3701050905
    [name] => ‰∏≠ÂÆâÂÆæÈ¶Ü
    [channel] => 
    [vehicle] => Array
        (
            [plate] => È≤ÅATT178
            [color] => 
            [brand] => 
            [type] => 
        )

    [savepath] => qingbao/2017-03-13/3701050905/9-28-01È≤ÅATT178.jpg
)
Array
(
    [time] => 2017-03-13 09:29:27
    [dev] => 3701050905
    [name] => ‰∏≠ÂÆâÂÆæÈ¶Ü
    [channel] => 
    [vehicle] => Array
        (
            [plate] => È≤ÅATT178
            [color] => 
            [brand] => 
      VIDEO-2016-11-11 UNENCRY
ËΩ¶Áâå is È≤ÅN1CTSË≠¶  corlor is 3
SZ<br />
<b>Deprecated</b>:  Function MongoDB::authenticate() is deprecated in <b>/var/www/html/picUpload.php</b> on line <b>52</b><br />
Array
(
    [time] => 2017-03-13 06:43:07
    [dev] => 3701050905
    [name] => ‰∏≠ÂÆâÂÆæÈ¶Ü
    [channel] => 
    [vehicle] => Array
        (
            [plate] => È≤ÅN1CTSË≠¶
            [color] => 
            [brand] => 
            [type] => 
        )

    [savepath] => qingbao/2017-03-13/3701050905/6-41-41È≤ÅN1CTSË≠¶.jpg
)
Array
(
    [time] => 2017-03-13 06:43:07
    [dev] => 3701050905
    [name] => ‰∏≠ÂÆâÂÆæÈ¶Ü
    [channel] => 
    [vehicle] => Array
        (
            [plate] => È≤ÅN1CTSË≠¶
            [color] => 
            [brand] => 
            [type] => 
        )

    [savepath] => qingbao/2017-03-13/3701050905/6-41-41È≤ÅN1CTSË≠¶.jpg
    [_id] => MongoId Object
        (
            [$id] => 58c5cea693b394170d481790
        )

)

123 successs
		[error]		[eroor 134524541]
ËΩ¶Áâå is È≤ÅEWL5WË≠¶  corlor is 3
SZ<br />
<b>Deprecated</b>:  Function MongoDB::authenticate() is deprecated in <b>/var/www/html/picUpload.php</b> on line <b>52</b><br />
Array
(
    [time] => 2017-03-13 07:44:05
    [dev] => 3701050905
    [name] => ‰∏≠ÂÆâÂÆæÈ¶Ü
    [channel] => 
    [vehicle] => Array
        (
            [plate] => È≤ÅEWL5WË≠¶
            [color] => 
            [brand] => 
            [type] => 
        )

    [savepath] => qingbao/2017-03-13/3701050905/7-42-39È≤ÅEWL5WË≠¶.jpg
)
Array
(
    [time] => 2017-03-13 07:44:05
    [dev] => 3701050905
    [name] => ‰∏≠ÂÆâÂÆæÈ¶Ü
    [channel] => 
    [vehicle] => Array
        (
            [plate] => È≤ÅEWL5WË≠¶
            [color] => 
            [brand] => 
            [type] => 
        )

    [savepath] => qingbao/2017-03-13/3701050905/7-42-39È≤ÅEWL5WË≠¶.jpg
    [_id] => MongoId Object
        (
            [$id] => 58c5dcef93b394b34e4816ab
        )

)

123 successs
		[error]		[eroor 134524541]
ËΩ¶Áâå is È≤ÅA01P11  corlor is 1
            [error]         [eroor 134524379]
		[error]		[eroor 134524541]
ËΩ¶Áâå is ÈÑÇA98TH5  corlor is 1
            [error]         [eroor 134524379]
		[error]		[eroor 134524541]
ËΩ¶Áâå is È≤ÅA8N6WË≠¶  corlor is 3
SZ<br />
<b>Deprecated</b>:  Function MongoDB::authenticate() is deprecated in <b>/var/www/html/picUpload.php</b> on line <b>52</b><br />
Array
(
    [time] => 2017-03-13 10:08:38
    [dev] => 3701050905
    [name] => ‰∏≠ÂÆâÂÆæÈ¶Ü
    [channel] => 
    [vehicle] => Array
        (
            [plate] => È≤ÅA8N6WË≠¶
            [color] => 
            [brand] => 
            [type] => 
        )

    [savepath] => qingbao/2017-03-13/3701050905/10-07-12È≤ÅA8N6WË≠¶.jpg
)
Array
(
    [time] => 2017-03-13 10:08:38
    [dev] => 3701050905
    [name] => ‰∏≠ÂÆâÂÆæÈ¶Ü
    [channel] => 
    [vehicle] => Array
        (
            [plate] => È≤ÅA8N6WË≠¶
            [color] => 
            [brand] => 
            [type] => 
        )

    [savepath] => qingbao/2017-03-13/3701050905/10-07-12È≤ÅA8N6WË≠¶.jpg
    [_id] => MongoId Object
        (
            [$id] => 58c5fed093b394562b481663
        )

)

123 successs
		[error]		[eroor 134524541]
ËΩ¶Áâå is È≤ÅA7123M  corlor is 1
            [error]         [eroor 134524379]
		[error]		[eroor 134524541]
ËΩ¶Áâå is È≤ÅA086N6  corlor is 1
            [error]         [eroor 134524379]
		[error]		[eroor 134524541]
ËΩ¶Áâå is È≤ÅAEK762  corlor is 1
            [error]         [eroor 134524379]
		[error]		[eroor 134524541]
ËΩ¶Áâå is È≤ÅA3716K  corlor is 1
SZ<br />
<b>Deprecated</b>:  Function MongoDB::authenticate() is deprecated in <b>/var/www/html/picUpload.php</b> on line <b>52</b><br />
Array
(
    [time] => 2017-03-13 10:52:00
    [dev] => 3701050905
    [name] => ‰∏≠ÂÆâÂÆæÈ¶Ü
    [channel] => 
    [vehicle] => Array
        (
            [plate] => È≤ÅA3716K
            [color] => 
            [brand] => 
            [type] => 
        )

    [savepath] => qingbao/2017-03-13/3701050905/10-50-34È≤ÅA3716K.jpg
)
Array
(
    [time] => 2017-03-13 10:52:00
    [dev] => 3701050905
    [name] => ‰∏≠ÂÆâÂÆæÈ      [type] => 
        )

    [savepath] => qingbao/2017-03-13/3701050905/9-28-01È≤ÅATT178.jpg
    [_id] => MongoId Object
        (
            [$id] => 58c5f5a193b394981848163c
        )

)

123 successs
		[error]		[eroor 134524541]
ËΩ¶Áâå is È≤ÅAS0909  corlor is 1
SZ<br />
<b>Deprecated</b>:  Function MongoDB::authenticate() is deprecated in <b>/var/www/html/picUpload.php</b> on line <b>52</b><br />
Array
(
    [time] => 2017-03-13 09:33:34
    [dev] => 3701050905
    [name] => ‰∏≠ÂÆâÂÆæÈ¶Ü
    [channel] => 
    [vehicle] => Array
        (
            [plate] => È≤ÅAS0909
            [color] => 
            [brand] => 
            [type] => 
        )

    [savepath] => qingbao/2017-03-13/3701050905/9-32-08È≤ÅAS0909.jpg
)
Array
(
    [time] => 2017-03-13 09:33:34
    [dev] => 3701050905
    [name] => ‰∏≠ÂÆâÂÆæÈ¶Ü
    [channel] => 
    [vehicle] => Array
        (
            [plate] => È≤ÅAS0909
            [color] => 
            [brand] => 
            [type] => 
        )

    [savepath] => qingbao/2017-03-13/3701050905/9-32-08È≤ÅAS0909.jpg
    [_id] => MongoId Object
        (
            [$id] => 58c5f69893b3949b1a48163d
        )

)

123 successs
		[error]		[eroor 134524541]
ËΩ¶Áâå is È≤ÅNGC592  corlor is 1
SZ<br />
<b>Deprecated</b>:  Function MongoDB::authenticate() is deprecated in <b>/var/www/html/picUpload.php</b> on line <b>52</b><br />
Array
(
    [time] => 2017-03-13 09:34:15
    [dev] => 3701050905
    [name] => ‰∏≠ÂÆâÂÆæÈ¶Ü
    [channel] => 
    [vehicle] => Array
        (
            [plate] => È≤ÅNGC592
            [color] => 
            [brand] => 
            [type] => 
        )

    [savepath] => qingbao/2017-03-13/3701050905/9-32-49È≤ÅNGC592.jpg
)
Array
(
    [time] => 2017-03-13 09:34:15
    [dev] => 3701050905
    [name] => ‰∏≠ÂÆâÂÆæÈ¶Ü
    [channel] => 
    [vehicle] => Array
        (
            [plate] => È≤ÅNGC592
            [color] => 
            [brand] => 
            [type] => 
        )

    [savepath] => qingbao/2017-03-13/3701050905/9-32-49È≤ÅNGC592.jpg
    [_id] => MongoId Object
        (
            [$id] => 58c5f6c193b394e016481668
        )

)

123 successs
		[error]		[eroor 134524541]
ËΩ¶Áâå is È≤ÅA317TV  corlor is 1
SZ<br />
<b>Deprecated</b>:  Function MongoDB::authenticate() is deprecated in <b>/var/www/html/picUpload.php</b> on line <b>52</b><br />
Array
(
    [time] => 2017-03-13 10:18:41
    [dev] => 3701050905
    [name] => ‰∏≠ÂÆâÂÆæÈ¶Ü
    [channel] => 
    [vehicle] => Array
        (
            [plate] => È≤ÅA317TV
            [color] => 
            [brand] => 
            [type] => 
        )

    [savepath] => qingbao/2017-03-13/3701050905/10-17-15È≤ÅA317TV.jpg
)
Array
(
    [time] => 2017-03-13 10:18:41
    [dev] => 3701050905
    [name] => ‰∏≠ÂÆâÂÆæÈ¶Ü
    [channel] => 
    [vehicle] => Array
        (
            [plate] => È≤ÅA317TV
            [color] => 
            [brand] => 
            [type] => 
        )

    [savepath] => qingbao/2017-03-13/3701050905/10-17-15È≤ÅA317TV.jpg
    [_id] => MongoId Object
        (
            [$id] => 58c6012b93b3944a2e481680
        )

)

123 successs
		[error]		[eroor 134524541]
ËΩ¶Áâå is È≤ÅAJ137Z  corlor is 1
            [error]         [eroor 134524379]
		[error]		[eroor 134524541]
ËΩ¶Áâå is È≤ÅA1V867  corlor is 1
            [error]         [eroor 134524379]
		[error]		[eroor 134524541]
ËΩ¶Áâå is È≤ÅAH1035  corlor is 1
            [error]         [eroor 134524379]
		[error]		[eroor 134524541]
ËΩ¶Áâå is È≤ÅTK3111  corlor is 1
            [error]         [eroor 134524379]
		[error]		[eroor 134524541]
ËΩ¶Áâå is È≤ÅJ71065  corlor is 1
            [error]         [eroor 134524379]
		[error]		[eroor 134524541]
ËΩ¶Áâå is È≤ÅJ58896  corlor is 1
            [error]         [eroor 134524379]
		[error]		[eroor 134524541]
ËΩ¶Áâå is È≤ÅS06896  corlor is 1
            [error]         [eroor 134524379]
		[error]		[eroor 134524541]
ËΩ¶Áâå is È≤ÅA707XA  corlor is 1
            [error]         [eroor 134524379]
		[error]		[eroor 134524541]
ËΩ¶Áâå is È≤ÅH753WU  corlor is 1
SZ<br />
<b>Deprecated</b>:  Function MongoDB::authen¶Ü
    [channel] => 
    [vehicle] => Array
        (
            [plate] => È≤ÅA3716K
            [color] => 
            [brand] => 
            [type] => 
        )

    [savepath] => qingbao/2017-03-13/3701050905/10-50-34È≤ÅA3716K.jpg
    [_id] => MongoId Object
        (
            [$id] => 58c608fa93b394a642481678
        )

)

123 successs
		[error]		[eroor 134524541]
ËΩ¶Áâå is È≤ÅAT6427  corlor is 1
            [error]         [eroor 134524379]
		[error]		[eroor 134524541]
ËΩ¶Áâå is È≤ÅA058BV  corlor is 1
            [error]         [eroor 134524379]
		[error]		[eroor 134524541]
ËΩ¶Áâå is È≤ÅZXL1RÂ≠¶  corlor is 2
            [error]         [eroor 134524379]
		[error]		[eroor 134524541]
ËΩ¶Áâå is È≤ÅJWG390  corlor is 1
            [error]         [eroor 134524379]
		[error]		[eroor 134524541]
ËΩ¶Áâå is È≤ÅJL5TPÂ≠¶  corlor is 2
            [error]         [eroor 134524379]
		[error]		[eroor 134524541]
ËΩ¶Áâå is È≤ÅA7081P  corlor is 1
SZ<br />
<b>Deprecated</b>:  Function MongoDB::authenticate() is deprecated in <b>/var/www/html/picUpload.php</b> on line <b>52</b><br />
Array
(
    [time] => 2017-03-13 12:20:38
    [dev] => 3701050905
    [name] => ‰∏≠ÂÆâÂÆæÈ¶Ü
    [channel] => 
    [vehicle] => Array
        (
            [plate] => È≤ÅA7081P
            [color] => 
            [brand] => 
            [type] => 
        )

    [savepath] => qingbao/2017-03-13/3701050905/12-19-12È≤ÅA7081P.jpg
)
Array
(
    [time] => 2017-03-13 12:20:38
    [dev] => 3701050905
    [name] => ‰∏≠ÂÆâÂÆæÈ¶Ü
    [channel] => 
    [vehicle] => Array
        (
            [plate] => È≤ÅA7081P
            [color] => 
            [brand] => 
            [type] => 
        )

    [savepath] => qingbao/2017-03-13/3701050905/12-19-12È≤ÅA7081P.jpg
    [_id] => MongoId Object
        (
            [$id] => 58c61dc093b3945a74481654
        )

)

123 successs
		[error]		[eroor 134524541]
ËΩ¶Áâå is È≤ÅA70Q1E  corlor is 1
SZ<br />
<b>Deprecated</b>:  Function MongoDB::authenticate() is deprecated in <b>/var/www/html/picUpload.php</b> on line <b>52</b><br />
Array
(
    [time] => 2017-03-13 12:20:47
    [dev] => 3701050905
    [name] => ‰∏≠ÂÆâÂÆæÈ¶Ü
    [channel] => 
    [vehicle] => Array
        (
            [plate] => È≤ÅA70Q1E
            [color] => 
            [brand] => 
            [type] => 
        )

    [savepath] => qingbao/2017-03-13/3701050905/12-19-21È≤ÅA70Q1E.jpg
)
Array
(
    [time] => 2017-03-13 12:20:47
    [dev] => 3701050905
    [name] => ‰∏≠ÂÆâÂÆæÈ¶Ü
    [channel] => 
    [vehicle] => Array
        (
            [plate] => È≤ÅA70Q1E
            [color] => 
            [brand] => 
            [type] => 
        )

    [savepath] => qingbao/2017-03-13/3701050905/12-19-21È≤ÅA70Q1E.jpg
    [_id] => MongoId Object
        (
            [$id] => 58c61dc993b394fa6d48169b
        )

)

123 successs
		[error]		[eroor 134524541]
ËΩ¶Áâå is È≤ÅA707XA  corlor is 1
            [error]         [eroor 134524379]
		[error]		[eroor 134524541]
ËΩ¶Áâå is È≤ÅAE939E  corlor is 1
            [error]         [eroor 134524379]
		[error]		[eroor 134524541]
ËΩ¶Áâå is È≤ÅA600QC  corlor is 1
            [error]         [eroor 134524379]
		[error]		[eroor 134524541]
ËΩ¶Áâå is È≤ÅA3V697  corlor is 1
            [error]         [eroor 134524379]
		[error]		[eroor 134524541]
ËΩ¶Áâå is È≤ÅA206KE  corlor is 1
            [error]         [eroor 134524379]
		[error]		[eroor 134524541]
ËΩ¶Áâå is È≤ÅA711RP  corlor is 1
            [error]         [eroor 134524379]
		[error]		[eroor 134524541]
ËΩ¶Áâå is È≤ÅATD112  corlor is 1
            [error]         [eroor 134524379]
		[error]		[eroor 134524541]
ËΩ¶Áâå is È≤ÅAMB077  corlor is 1
            [error]         [eroor 134524379]
		[error]		[eroor 134524541]
ËΩ¶Áâå is È≤ÅP9699W  corlor is 1
SZ<br />
<b>Deprecated</b>:  Function MongoDB::authenticate() is deprecated in <b>/var/www/html/picUpload.php</b> on line <b>52</b><br />
Array
(
    [time] => 2017-03-13 14:09:59
    [dev] => 3701050905
    [name] => ‰∏≠ÂÆâÂÆæÈ¶Ü
    [channel] => 
    [vehicle] => Array
        (
            [plate] => È≤ÅP9699W
            [color]ticate() is deprecated in <b>/var/www/html/picUpload.php</b> on line <b>52</b><br />
Array
(
    [time] => 2017-03-13 13:00:30
    [dev] => 3701050905
    [name] => ‰∏≠ÂÆâÂÆæÈ¶Ü
    [channel] => 
    [vehicle] => Array
        (
            [plate] => È≤ÅH753WU
            [color] => 
            [brand] => 
            [type] => 
        )

    [savepath] => qingbao/2017-03-13/3701050905/12-59-03È≤ÅH753WU.jpg
)
Array
(
    [time] => 2017-03-13 13:00:30
    [dev] => 3701050905
    [name] => ‰∏≠ÂÆâÂÆæÈ¶Ü
    [channel] => 
    [vehicle] => Array
        (
            [plate] => È≤ÅH753WU
            [color] => 
            [brand] => 
            [type] => 
        )

    [savepath] => qingbao/2017-03-13/3701050905/12-59-03È≤ÅH753WU.jpg
    [_id] => MongoId Object
        (
            [$id] => 58c6271793b394ed7c4816d9
        )

)

123 successs
		[error]		[eroor 134524541]
ËΩ¶Áâå is È≤ÅAYD136  corlor is 1
            [error]         [eroor 134524379]
		[error]		[eroor 134524541]
ËΩ¶Áâå is È≤ÅA086N6  corlor is 1
            [error]         [eroor 134524379]
		[error]		[eroor 134524541]
ËΩ¶Áâå is È≤ÅA761HK  corlor is 1
            [error]         [eroor 134524379]
		[error]		[eroor 134524541]
ËΩ¶Áâå is È≤ÅS00911  corlor is 1
            [error]         [eroor 134524379]
		[error]		[eroor 134524541]
ËΩ¶Áâå is È≤ÅR90091  corlor is 1
            [error]         [eroor 134524379]
		[error]		[eroor 134524541]
ËΩ¶Áâå is È≤ÅJP7976  corlor is 1
            [error]         [eroor 134524379]
		[error]		[eroor 134524541]
ËΩ¶Áâå is È≤ÅA1327G  corlor is 1
            [error]         [eroor 134524379]
		[error]		[eroor 134524541]
ËΩ¶Áâå is È≤ÅR90091  corlor is 1
            [error]         [eroor 134524379]
		[error]		[eroor 134524541]
ËΩ¶Áâå is ÂÜÄT3S958  corlor is 1
            [error]         [eroor 134524379]
		[error]		[eroor 134524541]
ËΩ¶Áâå is È≤ÅM3S958  corlor is 1
            [error]         [eroor 134524379]
		[error]		[eroor 134524541]
ËΩ¶Áâå is È≤ÅA9V697  corlor is 1
            [error]         [eroor 134524379]
		[error]		[eroor 134524541]
ËΩ¶Áâå is È≤ÅA3V697  corlor is 1
            [error]         [eroor 134524379]
		[error]		[eroor 134524541]
ËΩ¶Áâå is È≤ÅAZZ963  corlor is 1
            [error]         [eroor 134524379]
		[error]		[eroor 134524541]
ËΩ¶Áâå is È≤ÅAZJ260  corlor is 1
            [error]         [eroor 134524379]
		[error]		[eroor 134524541]
ËΩ¶Áâå is È≤ÅZ1260T  corlor is 1
            [error]         [eroor 134524379]
		[error]		[eroor 134524541]
ËΩ¶Áâå is È≤ÅAR908E  corlor is 1
            [error]         [eroor 134524379]
		[error]		[eroor 134524541]
ËΩ¶Áâå is È≤ÅAR808R  corlor is 1
            [error]         [eroor 134524379]
		[error]		[eroor 134524541]
ËΩ¶Áâå is È≤ÅAF3N3U  corlor is 1
            [error]         [eroor 134524379]
		[error]		[eroor 134524541]
ËΩ¶Áâå is È≤ÅAJ137Z  corlor is 1
            [error]         [eroor 134524379]
		[error]		[eroor 134524541]
ËΩ¶Áâå is È≤ÅAP9037  corlor is 1
            [error]         [eroor 134524379]
		[error]		[eroor 134524541]
ËΩ¶Áâå is È≤ÅAAF132  corlor is 1
SZ<br />
<b>Deprecated</b>:  Function MongoDB::authenticate() is deprecated in <b>/var/www/html/picUpload.php</b> on line <b>52</b><br />
Array
(
    [time] => 2017-03-13 18:04:14
    [dev] => 3701050905
    [name] => ‰∏≠ÂÆâÂÆæÈ¶Ü
    [channel] => 
    [vehicle] => Array
        (
            [plate] => È≤ÅAAF132
            [color] => 
            [brand] => 
            [type] => 
        )

    [savepath] => qingbao/2017-03-13/3701050905/18-02-46È≤ÅAAF132.jpg
)
Array
(
    [time] => 2017-03-13 18:04:14
    [dev] => 3701050905
    [name] => ‰∏≠ÂÆâÂÆæÈ¶Ü
    [channel] => 
    [vehicle] => Array
        (
            [plate] => È≤ÅAAF132
            [color] => 
            [brand] => 
            [type] => 
        )

    [savepath] => qingbao/2017-03-13/3701050905/18-02-46È≤ÅAAF132.jpg
    [_id] => MongoId Object
        (
            [$id] => 58c66e4693b3941d2e4816ba
        )

)

123 successs
		[error]		[eroor 134524541]
ËΩ¶Áâå is È≤ÅAAF332  corlor is 1
            [error]         [eroor 134524379]
	