VIDEO-2016-11-11 UNENCRY
车牌 is 鲁AA9V99  corlor is 1
            [error]         [eroor 134524395]
		[error]		[eroor 134524557]
车牌 is 鲁ASA086  corlor is 1
            [error]         [eroor 134524395]
		[error]		[eroor 134524557]
车牌 is 鲁ARK156  corlor is 1
            [error]         [eroor 134524395]
		[error]		[eroor 134524557]
车牌 is 鲁A176ZY  corlor is 1
            [error]         [eroor 134524395]
		[error]		[eroor 134524557]
车牌 is 鲁ASL539  corlor is 1
            [error]         [eroor 134524395]
		[error]		[eroor 134524557]
车牌 is 鲁AK31TT  corlor is 1
            [error]         [eroor 134524395]
		[error]		[eroor 134524557]
车牌 is 鲁A297AF  corlor is 1
            [error]         [eroor 134524395]
		[error]		[eroor 134524557]
车牌 is 鲁A522NP  corlor is 1
            [error]         [eroor 134524395]
		[error]		[eroor 134524557]
车牌 is 鲁A11Y1L  corlor is 1
            [error]         [eroor 134524395]
		[error]		[eroor 134524557]
车牌 is 鲁A816CB  corlor is 1
            [error]         [eroor 134524395]
		[error]		[eroor 134524557]
车牌 is 鲁AP679K  corlor is 1
            [error]         [eroor 134524395]
		[error]		[eroor 134524557]
车牌 is 鲁AZ6726  corlor is 1
            [error]         [eroor 134524395]
		[error]		[eroor 134524557]
车牌 is 鲁J51906  corlor is 1
            [error]         [eroor 134524395]
		[error]		[eroor 134524557]
车牌 is 粤C19061  corlor is 1
            [error]         [eroor 134524395]
		[error]		[eroor 134524557]
车牌 is 鲁JD8566  corlor is 1
            [error]         [eroor 134524395]
		[error]		[eroor 134524557]
车牌 is 鲁JM9129  corlor is 1
            [error]         [eroor 134524395]
		[error]		[eroor 134524557]
车牌 is 鲁AS911X  corlor is 1
            [error]         [eroor 134524395]
		[error]		[eroor 134524557]
车牌 is 鲁SAD030  corlor is 1
            [error]         [eroor 134524395]
		[error]		[eroor 134524557]
车牌 is 鲁SLL010  corlor is 1
            [error]         [eroor 134524395]
		[error]		[eroor 134524557]
车牌 is 鲁J2S369  corlor is 1
            [error]         [eroor 134524395]
		[error]		[eroor 134524557]
车牌 is 鲁AS365T  corlor is 1
            [error]         [eroor 134524395]
		[error]		[eroor 134524557]
车牌 is 鲁AD915Y  corlor is 1
            [error]         [eroor 134524395]
		[error]		[eroor 134524557]
车牌 is 鲁A3991L  corlor is 1
            [error]         [eroor 134524395]
		[error]		[eroor 134524557]
车牌 is 鲁A911X8  corlor is 1
            [error]         [eroor 134524395]
		[error]		[eroor 134524557]
车牌 is 鲁AZ9583  corlor is 1
            [error]         [eroor 134524395]
		[error]		[eroor 134524557]
车牌 is 鲁AHX889  corlor is 1
            [error]         [eroor 134524395]
		[error]		[eroor 134524557]
车牌 is 鲁A885WK  corlor is 1
            [error]         [eroor 134524395]
		[error]		[eroor 134524557]
车牌 is 鲁A792AG  corlor is 1
            [error]         [eroor 134524395]
		[error]		[eroor 134524557]
车牌 is 皖N51L1警  corlor is 3
            [error]         [eroor 134524395]
		[error]		[eroor 134524557]
车牌 is 鲁AG509E  corlor is 1
            [error]         [eroor 134524395]
		[error]		[eroor 134524557]
车牌 is 鲁AH107S  corlor is 1
            [error]         [eroor 134524395]
		[error]		[eroor 134524557]
车牌 is 鲁Y11T17  corlor is 1
            [error]         [eroor 134524395]
		[error]		[eroor 134524557]
车牌 is 鲁AX029Y  corlor is 1
            [error]         [eroor 134524395]
		[error]		[eroor 134524557]
车牌 is 鲁A6822W  corlor is 1
            [error]         [eroor 134524395]
		[error]		[eroor 134524557]
车牌 is 鲁AF6M37  corlor is 1
            [error]         [eroor 134524395]
		[error]		[eroor 134524557]
车牌 is 鲁QAT319  corlor is 1
            [error]         [eroor 134524395]
		[error]		[eroor 134524557]
车牌 is 鲁QAV319  corlor is 1
            [error]         [eroor 134524395]
		[error]		[eroor 134524557]
车牌 is 鲁A767Q2  corlor is 1
            [error]         [eroor 13452