VIDEO-2016-11-11 UNENCRY
ËΩ¶Áâå is È≤ÅAA718C  corlor is 1
SZ<br />
<b>Deprecated</b>:  Function MongoDB::authenticate() is deprecated in <b>/var/www/html/picUpload.php</b> on line <b>52</b><br />
Array
(
    [time] => 2017-01-03 01:09:48
    [dev] => 3701050905
    [name] => ‰∏≠ÂÆâÂÆæÈ¶Ü
    [channel] => 
    [vehicle] => Array
        (
            [plate] => È≤ÅAA718C
            [color] => 
            [brand] => 
            [type] => 
        )

    [savepath] => qingbao/2017-01-03/3701050905/1-06-35È≤ÅAA718C.jpg
)
Array
(
    [time] => 2017-01-03 01:09:48
    [dev] => 3701050905
    [name] => ‰∏≠ÂÆâÂÆæÈ¶Ü
    [channel] => 
    [vehicle] => Array
        (
            [plate] => È≤ÅAA718C
            [color] => 
            [brand] => 
            [type] => 
        )

    [savepath] => qingbao/2017-01-03/3701050905/1-06-35È≤ÅAA718C.jpg
    [_id] => MongoId Object
        (
            [$id] => 586a889b93b394cd19775c31
        )

)

123 successs

211 successs
ËΩ¶Áâå is È≤ÅAE7G76  corlor is 1
SZ<br />
<b>Deprecated</b>:  Function MongoDB::authenticate() is deprecated in <b>/var/www/html/picUpload.php</b> on line <b>52</b><br />
Array
(
    [time] => 2017-01-03 08:00:00
    [dev] => 3701050905
    [name] => ‰∏≠ÂÆâÂÆæÈ¶Ü
    [channel] => 
    [vehicle] => Array
        (
            [plate] => È≤ÅAE7G76
            [color] => 
            [brand] => 
            [type] => 
        )

    [savepath] => qingbao/2017-01-03/3701050905/7-56-45È≤ÅAE7G76.jpg
)
Array
(
    [time] => 2017-01-03 08:00:00
    [dev] => 3701050905
    [name] => ‰∏≠ÂÆâÂÆæÈ¶Ü
    [channel] => 
    [vehicle] => Array
        (
            [plate] => È≤ÅAE7G76
            [color] => 
            [brand] => 
            [type] => 
        )

    [savepath] => qingbao/2017-01-03/3701050905/7-56-45È≤ÅAE7G76.jpg
    [_id] => MongoId Object
        (
            [$id] => 586ae8bd93b394cc37775963
        )

)

123 successs

211 successs
ËΩ¶Áâå is È≤ÅARK156  corlor is 1
SZ<br />
<b>Deprecated</b>:  Function MongoDB::authenticate() is deprecated in <b>/var/www/html/picUpload.php</b> on line <b>52</b><br />
Array
(
    [time] => 2017-01-03 08:14:38
    [dev] => 3701050905
    [name] => ‰∏≠ÂÆâÂÆæÈ¶Ü
    [channel] => 
    [vehicle] => Array
        (
            [plate] => È≤ÅARK156
            [color] => 
            [brand] => 
            [type] => 
        )

    [savepath] => qingbao/2017-01-03/3701050905/8-11-23È≤ÅARK156.jpg
)
Array
(
    [time] => 2017-01-03 08:14:38
    [dev] => 3701050905
    [name] => ‰∏≠ÂÆâÂÆæÈ¶Ü
    [channel] => 
    [vehicle] => Array
        (
            [plate] => È≤ÅARK156
            [color] => 
            [brand] => 
            [type] => 
        )

    [savepath] => qingbao/2017-01-03/3701050905/8-11-23È≤ÅARK156.jpg
    [_id] => MongoId Object
        (
            [$id] => 586aec2b93b394474677593d
        )

)

123 successs

211 successs
ËΩ¶Áâå is È≤ÅA6169T  corlor is 1
SZ<br />
<b>Deprecated</b>:  Function MongoDB::authenticate() is deprecated in <b>/var/www/html/picUpload.php</b> on line <b>52</b><br />
Array
(
    [time] => 2017-01-03 08:23:03
    [dev] => 3701050905
    [name] => ‰∏≠ÂÆâÂÆæÈ¶Ü
    [channel] => 
    [vehicle] => Array
        (
            [plate] => È≤ÅA6169T
            [color] => 
            [brand] => 
            [type] => 
        )

    [savepath] => qingbao/2017-01-03/3701050905/8-19-48È≤ÅA6169T.jpg
)
Array
(
    [time] => 2017-01-03 08:23:03
    [dev] => 3701050905
    [name] => ‰∏≠ÂÆâÂÆæÈ¶Ü
    [channel] => 
    [vehicle] => Array
        (
            [plate] => È≤ÅA6169T
            [color] => 
            [brand] => 
            [type] => 
        )

    [savepath] => qingbao/2017-01-03/3701050905/8-19-48È≤ÅA6169T.jpg
    [_id] => MongoId Object
        (
            [$id] => 586aee2493b394d24e775920
        )

)

123 successs

211 successs
ËΩ¶Áâå is È≤ÅA852VE  corlor is 1
SZ<br />
<b>Deprecated</b>:  Function MongoDB::authenticate() is deprecated in <b>/var/www/html/picUpload.php</b> on line <b>52</b><br />
Array
(
    [time] => 2017-01-03 08:39:16
    [dev] => 3701050905
    [name] => ‰∏≠ÂVIDEO-2016-11-11 UNENCRY
ËΩ¶Áâå is È≤ÅAP77KA  corlor is 1
SZ<br />
<b>Deprecated</b>:  Function MongoDB::authenticate() is deprecated in <b>/var/www/html/picUpload.php</b> on line <b>52</b><br />
Array
(
    [time] => 2017-01-03 08:06:41
    [dev] => 3701050905
    [name] => ‰∏≠ÂÆâÂÆæÈ¶Ü
    [channel] => 
    [vehicle] => Array
        (
            [plate] => È≤ÅAP77KA
            [color] => 
            [brand] => 
            [type] => 
        )

    [savepath] => qingbao/2017-01-03/3701050905/8-03-26È≤ÅAP77KA.jpg
)
Array
(
    [time] => 2017-01-03 08:06:41
    [dev] => 3701050905
    [name] => ‰∏≠ÂÆâÂÆæÈ¶Ü
    [channel] => 
    [vehicle] => Array
        (
            [plate] => È≤ÅAP77KA
            [color] => 
            [brand] => 
            [type] => 
        )

    [savepath] => qingbao/2017-01-03/3701050905/8-03-26È≤ÅAP77KA.jpg
    [_id] => MongoId Object
        (
            [$id] => 586aea4e93b394f032775a0d
        )

)

123 successs

211 successs
ËΩ¶Áâå is È≤ÅARD897  corlor is 1
            [error]         [eroor 134524395]

211 successs
ËΩ¶Áâå is È≤ÅA39R35  corlor is 1
SZ<br />
<b>Deprecated</b>:  Function MongoDB::authenticate() is deprecated in <b>/var/www/html/picUpload.php</b> on line <b>52</b><br />
Array
(
    [time] => 2017-01-03 11:30:16
    [dev] => 3701050905
    [name] => ‰∏≠ÂÆâÂÆæÈ¶Ü
    [channel] => 
    [vehicle] => Array
        (
            [plate] => È≤ÅA39R35
            [color] => 
            [brand] => 
            [type] => 
        )

    [savepath] => qingbao/2017-01-03/3701050905/11-27-00È≤ÅA39R35.jpg
)
Array
(
    [time] => 2017-01-03 11:30:16
    [dev] => 3701050905
    [name] => ‰∏≠ÂÆâÂÆæÈ¶Ü
    [channel] => 
    [vehicle] => Array
        (
            [plate] => È≤ÅA39R35
            [color] => 
            [brand] => 
            [type] => 
        )

    [savepath] => qingbao/2017-01-03/3701050905/11-27-00È≤ÅA39R35.jpg
    [_id] => MongoId Object
        (
            [$id] => 586b1a0493b394e85d775909
        )

)

123 successs

211 successs
ËΩ¶Áâå is È≤ÅAGA930  corlor is 1
SZ<br />
<b>Deprecated</b>:  Function MongoDB::authenticate() is deprecated in <b>/var/www/html/picUpload.php</b> on line <b>52</b><br />
Array
(
    [time] => 2017-01-03 11:54:24
    [dev] => 3701050905
    [name] => ‰∏≠ÂÆâÂÆæÈ¶Ü
    [channel] => 
    [vehicle] => Array
        (
            [plate] => È≤ÅAGA930
            [color] => 
            [brand] => 
            [type] => 
        )

    [savepath] => qingbao/2017-01-03/3701050905/11-51-08È≤ÅAGA930.jpg
)
Array
(
    [time] => 2017-01-03 11:54:24
    [dev] => 3701050905
    [name] => ‰∏≠ÂÆâÂÆæÈ¶Ü
    [channel] => 
    [vehicle] => Array
        (
            [plate] => È≤ÅAGA930
            [color] => 
            [brand] => 
            [type] => 
        )

    [savepath] => qingbao/2017-01-03/3701050905/11-51-08È≤ÅAGA930.jpg
    [_id] => MongoId Object
        (
            [$id] => 586b1fac93b394755a775a10
        )

)

123 successs

211 successs
ËΩ¶Áâå is È≤ÅA70V53  corlor is 1
SZ<br />
<b>Deprecated</b>:  Function MongoDB::authenticate() is deprecated in <b>/var/www/html/picUpload.php</b> on line <b>52</b><br />
Array
(
    [time] => 2017-01-03 11:58:57
    [dev] => 3701050905
    [name] => ‰∏≠ÂÆâÂÆæÈ¶Ü
    [channel] => 
    [vehicle] => Array
        (
            [plate] => È≤ÅA70V53
            [color] => 
            [brand] => 
            [type] => 
        )

    [savepath] => qingbao/2017-01-03/3701050905/11-55-42È≤ÅA70V53.jpg
)
Array
(
    [time] => 2017-01-03 11:58:57
    [dev] => 3701050905
    [name] => ‰∏≠ÂÆâÂÆæÈ¶Ü
    [channel] => 
    [vehicle] => Array
        (
            [plate] => È≤ÅA70V53
            [color] => 
            [brand] => 
            [type] => 
        )

    [savepath] => qingbao/2017-01-03/3701050905/11-55-42È≤ÅA70V53.jpg
    [_id] => MongoId Object
        (
            [$id] => 586b20be93b394566f775932
        )

)

123 successs

211 successs
ËΩ¶Áâå is È≤ÅAZ912H  corlor is 1
SZ<br />
<b>Deprecated</b>:  Function MongoDB::authenticate() is deprecated in <b>/var/www/html/picUpload.php</b> on line <ÆâÂÆæÈ¶Ü
    [channel] => 
    [vehicle] => Array
        (
            [plate] => È≤ÅA852VE
            [color] => 
            [brand] => 
            [type] => 
        )

    [savepath] => qingbao/2017-01-03/3701050905/8-36-00È≤ÅA852VE.jpg
)
Array
(
    [time] => 2017-01-03 08:39:16
    [dev] => 3701050905
    [name] => ‰∏≠ÂÆâÂÆæÈ¶Ü
    [channel] => 
    [vehicle] => Array
        (
            [plate] => È≤ÅA852VE
            [color] => 
            [brand] => 
            [type] => 
        )

    [savepath] => qingbao/2017-01-03/3701050905/8-36-00È≤ÅA852VE.jpg
    [_id] => MongoId Object
        (
            [$id] => 586af1f093b3946142775aa6
        )

)

123 successs

211 successs
ËΩ¶Áâå is È≤ÅA852VF  corlor is 1
SZ<br />
<b>Deprecated</b>:  Function MongoDB::authenticate() is deprecated in <b>/var/www/html/picUpload.php</b> on line <b>52</b><br />
Array
(
    [time] => 2017-01-03 08:39:21
    [dev] => 3701050905
    [name] => ‰∏≠ÂÆâÂÆæÈ¶Ü
    [channel] => 
    [vehicle] => Array
        (
            [plate] => È≤ÅA852VF
            [color] => 
            [brand] => 
            [type] => 
        )

    [savepath] => qingbao/2017-01-03/3701050905/8-36-06È≤ÅA852VF.jpg
)
Array
(
    [time] => 2017-01-03 08:39:21
    [dev] => 3701050905
    [name] => ‰∏≠ÂÆâÂÆæÈ¶Ü
    [channel] => 
    [vehicle] => Array
        (
            [plate] => È≤ÅA852VF
            [color] => 
            [brand] => 
            [type] => 
        )

    [savepath] => qingbao/2017-01-03/3701050905/8-36-06È≤ÅA852VF.jpg
    [_id] => MongoId Object
        (
            [$id] => 586af1f693b3946142775aa7
        )

)

123 successs

211 successs
ËΩ¶Áâå is È≤ÅA907ZM  corlor is 1
SZ<br />
<b>Deprecated</b>:  Function MongoDB::authenticate() is deprecated in <b>/var/www/html/picUpload.php</b> on line <b>52</b><br />
Array
(
    [time] => 2017-01-03 08:43:46
    [dev] => 3701050905
    [name] => ‰∏≠ÂÆâÂÆæÈ¶Ü
    [channel] => 
    [vehicle] => Array
        (
            [plate] => È≤ÅA907ZM
            [color] => 
            [brand] => 
            [type] => 
        )

    [savepath] => qingbao/2017-01-03/3701050905/8-40-31È≤ÅA907ZM.jpg
)
Array
(
    [time] => 2017-01-03 08:43:46
    [dev] => 3701050905
    [name] => ‰∏≠ÂÆâÂÆæÈ¶Ü
    [channel] => 
    [vehicle] => Array
        (
            [plate] => È≤ÅA907ZM
            [color] => 
            [brand] => 
            [type] => 
        )

    [savepath] => qingbao/2017-01-03/3701050905/8-40-31È≤ÅA907ZM.jpg
    [_id] => MongoId Object
        (
            [$id] => 586af2ff93b394da48775a7b
        )

)

123 successs

211 successs
ËΩ¶Áâå is È≤ÅAF3592  corlor is 1
SZ<br />
<b>Deprecated</b>:  Function MongoDB::authenticate() is deprecated in <b>/var/www/html/picUpload.php</b> on line <b>52</b><br />
Array
(
    [time] => 2017-01-03 08:52:11
    [dev] => 3701050905
    [name] => ‰∏≠ÂÆâÂÆæÈ¶Ü
    [channel] => 
    [vehicle] => Array
        (
            [plate] => È≤ÅAF3592
            [color] => 
            [brand] => 
            [type] => 
        )

    [savepath] => qingbao/2017-01-03/3701050905/8-48-55È≤ÅAF3592.jpg
)
Array
(
    [time] => 2017-01-03 08:52:11
    [dev] => 3701050905
    [name] => ‰∏≠ÂÆâÂÆæÈ¶Ü
    [channel] => 
    [vehicle] => Array
        (
            [plate] => È≤ÅAF3592
            [color] => 
            [brand] => 
            [type] => 
        )

    [savepath] => qingbao/2017-01-03/3701050905/8-48-55È≤ÅAF3592.jpg
    [_id] => MongoId Object
        (
            [$id] => 586af4f793b394b96a7758f7
        )

)

123 successs

211 successs
ËΩ¶Áâå is È≤ÅAGK218  corlor is 1
SZ<br />
<b>Deprecated</b>:  Function MongoDB::authenticate() is deprecated in <b>/var/www/html/picUpload.php</b> on line <b>52</b><br />
Array
(
    [time] => 2017-01-03 13:30:25
    [dev] => 3701050905
    [name] => ‰∏≠ÂÆâÂÆæÈ¶Ü
    [channel] => 
    [vehicle] => Array
        (
            [plate] => È≤ÅAGK218
            [color] => 
            [brand] => 
            [type] => 
        )

    [savepath] => qingbao/2017-01-03/3701050905/13-27-10È≤ÅAGK218.jpg
)
Array
(
    [time] => 2017-01-03 b>52</b><br />
Array
(
    [time] => 2017-01-03 12:04:38
    [dev] => 3701050905
    [name] => ‰∏≠ÂÆâÂÆæÈ¶Ü
    [channel] => 
    [vehicle] => Array
        (
            [plate] => È≤ÅAZ912H
            [color] => 
            [brand] => 
            [type] => 
        )

    [savepath] => qingbao/2017-01-03/3701050905/12-01-23È≤ÅAZ912H.jpg
)
Array
(
    [time] => 2017-01-03 12:04:38
    [dev] => 3701050905
    [name] => ‰∏≠ÂÆâÂÆæÈ¶Ü
    [channel] => 
    [vehicle] => Array
        (
            [plate] => È≤ÅAZ912H
            [color] => 
            [brand] => 
            [type] => 
        )

    [savepath] => qingbao/2017-01-03/3701050905/12-01-23È≤ÅAZ912H.jpg
    [_id] => MongoId Object
        (
            [$id] => 586b221393b394576f775961
        )

)

123 successs

211 successs
ËΩ¶Áâå is È≤ÅAT6116  corlor is 1
            [error]         [eroor 134524395]

211 successs
ËΩ¶Áâå is È≤ÅFGW18T  corlor is 1
SZ<br />
<b>Deprecated</b>:  Function MongoDB::authenticate() is deprecated in <b>/var/www/html/picUpload.php</b> on line <b>52</b><br />
Array
(
    [time] => 2017-01-03 12:15:54
    [dev] => 3701050905
    [name] => ‰∏≠ÂÆâÂÆæÈ¶Ü
    [channel] => 
    [vehicle] => Array
        (
            [plate] => È≤ÅFGW18T
            [color] => 
            [brand] => 
            [type] => 
        )

    [savepath] => qingbao/2017-01-03/3701050905/12-12-40È≤ÅFGW18T.jpg
)
Array
(
    [time] => 2017-01-03 12:15:54
    [dev] => 3701050905
    [name] => ‰∏≠ÂÆâÂÆæÈ¶Ü
    [channel] => 
    [vehicle] => Array
        (
            [plate] => È≤ÅFGW18T
            [color] => 
            [brand] => 
            [type] => 
        )

    [savepath] => qingbao/2017-01-03/3701050905/12-12-40È≤ÅFGW18T.jpg
    [_id] => MongoId Object
        (
            [$id] => 586b24b893b394db7c77591a
        )

)

123 successs

211 successs
ËΩ¶Áâå is È≤ÅA2K239  corlor is 1
SZ<br />
<b>Deprecated</b>:  Function MongoDB::authenticate() is deprecated in <b>/var/www/html/picUpload.php</b> on line <b>52</b><br />
Array
(
    [time] => 2017-01-03 13:09:40
    [dev] => 3701050905
    [name] => ‰∏≠ÂÆâÂÆæÈ¶Ü
    [channel] => 
    [vehicle] => Array
        (
            [plate] => È≤ÅA2K239
            [color] => 
            [brand] => 
            [type] => 
        )

    [savepath] => qingbao/2017-01-03/3701050905/13-06-26È≤ÅA2K239.jpg
)
Array
(
    [time] => 2017-01-03 13:09:40
    [dev] => 3701050905
    [name] => ‰∏≠ÂÆâÂÆæÈ¶Ü
    [channel] => 
    [vehicle] => Array
        (
            [plate] => È≤ÅA2K239
            [color] => 
            [brand] => 
            [type] => 
        )

    [savepath] => qingbao/2017-01-03/3701050905/13-06-26È≤ÅA2K239.jpg
    [_id] => MongoId Object
        (
            [$id] => 586b315293b39451147759a9
        )

)

123 successs

211 successs
ËΩ¶Áâå is È≤ÅA17W83  corlor is 1
SZ<br />
<b>Deprecated</b>:  Function MongoDB::authenticate() is deprecated in <b>/var/www/html/picUpload.php</b> on line <b>52</b><br />
Array
(
    [time] => 2017-01-03 13:36:06
    [dev] => 3701050905
    [name] => ‰∏≠ÂÆâÂÆæÈ¶Ü
    [channel] => 
    [vehicle] => Array
        (
            [plate] => È≤ÅA17W83
            [color] => 
            [brand] => 
            [type] => 
        )

    [savepath] => qingbao/2017-01-03/3701050905/13-32-51È≤ÅA17W83.jpg
)
Array
(
    [time] => 2017-01-03 13:36:06
    [dev] => 3701050905
    [name] => ‰∏≠ÂÆâÂÆæÈ¶Ü
    [channel] => 
    [vehicle] => Array
        (
            [plate] => È≤ÅA17W83
            [color] => 
            [brand] => 
            [type] => 
        )

    [savepath] => qingbao/2017-01-03/3701050905/13-32-51È≤ÅA17W83.jpg
    [_id] => MongoId Object
        (
            [$id] => 586b378393b394b42f775941
        )

)

123 successs

211 successs
ËΩ¶Áâå is È≤ÅK17W83  corlor is 1
SZ<br />
<b>Deprecated</b>:  Function MongoDB::authenticate() is deprecated in <b>/var/www/html/picUpload.php</b> on line <b>52</b><br />
Array
(
    [time] => 2017-01-03 13:36:16
    [dev] => 3701050905
    [name] => ‰∏≠ÂÆâÂÆæÈ¶Ü
    [channel] => 
    [vehicle] => Array
        (
            [plate] => È≤ÅK17W83
            [color] => 
            [brand] => 
            [type] => 
        )

    [savepath] => qingbao/2017-01-03/3701050905/13-33-01È≤ÅK17W83.jpg
)
Array
(
    [time] => 2017-01-03 13:36:16
    [dev] => 3701050905
    [name] => ‰∏≠ÂÆâÂÆæÈ¶Ü
    [channel] => 
    [vehicle] => Array
        (
            [plate] => È≤ÅK17W83
            [color] => 
            [brand] => 
            [type] => 
        )

    [savepath] => qingbao/2017-01-03/3701050905/13-33-01È≤ÅK17W83.jpg
    [_id] => MongoId Object
        (
            [$id] => 586b378d93b39420377758e6
        )

)

123 successs

211 successs
ËΩ¶Áâå is È≤ÅETL15Ë≠¶  corlor is 3
SZ<br />
<b>Deprecated</b>:  Function MongoDB::authenticate() is deprecated in <b>/var/www/html/picUpload.php</b> on line <b>52</b><br />
Array
(
    [time] => 2017-01-03 13:59:24
    [dev] => 3701050905
    [name] => ‰∏≠ÂÆâÂÆæÈ¶Ü
    [channel] => 
    [vehicle] => Array
        (
            [plate] => È≤ÅETL15Ë≠¶
            [color] => 
            [brand] => 
            [type] => 
        )

    [savepath] => qingbao/2017-01-03/3701050905/13-56-08È≤ÅETL15Ë≠¶.jpg
)
Array
(
    [time] => 2017-01-03 13:59:24
    [dev] => 3701050905
    [name] => ‰∏≠ÂÆâÂÆæÈ¶Ü
    [channel] => 
    [vehicle] => Array
        (
            [plate] => È≤ÅETL15Ë≠¶
            [color] => 
            [brand] => 
            [type] => 
        )

    [savepath] => qingbao/2017-01-03/3701050905/13-56-08È≤ÅETL15Ë≠¶.jpg
    [_id] => MongoId Object
        (
            [$id] => 586b3cf893b394d93e77596c
        )

)

123 successs

211 successs
ËΩ¶Áâå is È≤ÅML3W7Â≠¶  corlor is 2
SZ<br />
<b>Deprecated</b>:  Function MongoDB::authenticate() is deprecated in <b>/var/www/html/picUpload.php</b> on line <b>52</b><br />
Array
(
    [time] => 2017-01-03 14:06:30
    [dev] => 3701050905
    [name] => ‰∏≠ÂÆâÂÆæÈ¶Ü
    [channel] => 
    [vehicle] => Array
        (
            [plate] => È≤ÅML3W7Â≠¶
            [color] => 
            [brand] => 
            [type] => 
        )

    [savepath] => qingbao/2017-01-03/3701050905/14-03-15È≤ÅML3W7Â≠¶.jpg
)
Array
(
    [time] => 2017-01-03 14:06:30
    [dev] => 3701050905
    [name] => ‰∏≠ÂÆâÂÆæÈ¶Ü
    [channel] => 
    [vehicle] => Array
        (
            [plate] => È≤ÅML3W7Â≠¶
            [color] => 
            [brand] => 
            [type] => 
        )

    [savepath] => qingbao/2017-01-03/3701050905/14-03-15È≤ÅML3W7Â≠¶.jpg
    [_id] => MongoId Object
        (
            [$id] => 586b3ea393b394ba4b775916
        )

)

123 successs

211 successs
ËΩ¶Áâå is È≤ÅEWL1TË≠¶  corlor is 3
SZ<br />
<b>Deprecated</b>:  Function MongoDB::authenticate() is deprecated in <b>/var/www/html/picUpload.php</b> on line <b>52</b><br />
Array
(
    [time] => 2017-01-03 14:10:29
    [dev] => 3701050905
    [name] => ‰∏≠ÂÆâÂÆæÈ¶Ü
    [channel] => 
    [vehicle] => Array
        (
            [plate] => È≤ÅEWL1TË≠¶
            [color] => 
            [brand] => 
            [type] => 
        )

    [savepath] => qingbao/2017-01-03/3701050905/14-07-13È≤ÅEWL1TË≠¶.jpg
)
Array
(
    [time] => 2017-01-03 14:10:29
    [dev] => 3701050905
    [name] => ‰∏≠ÂÆâÂÆæÈ¶Ü
    [channel] => 
    [vehicle] => Array
        (
            [plate] => È≤ÅEWL1TË≠¶
            [color] => 
            [brand] => 
            [type] => 
        )

    [savepath] => qingbao/2017-01-03/3701050905/14-07-13È≤ÅEWL1TË≠¶.jpg
    [_id] => MongoId Object
        (
            [$id] => 586b3f9193b394ba4b775937
        )

)

123 successs

211 successs
ËΩ¶Áâå is È≤ÅE10WTË≠¶  corlor is 3
            [error]         [eroor 134524395]

211 successs
ËΩ¶Áâå is È≤ÅA1H399  corlor is 1
            [error]         [eroor 134524395]
		[error]		[eroor 134524557]
ËΩ¶Áâå is È≤ÅAQY797  corlor is 1
            [error]         [eroor 134524395]
		[error]		[eroor 134524557]
ËΩ¶Áâå is È≤ÅAD9M76  corlor is 1
            [error]         [eroor 134524395]
		[error]		[eroor 134524557]
ËΩ¶Áâå is È≤ÅA2516R  corlor is 1
            [error]         [eroor 134524395]
		[error]		[eroor 134524557]
ËΩ¶Áâå is È≤ÅA555PP  corlor is 1
            [erro