VIDEO-2016-11-11 UNENCRY
车牌 is 鲁A79D09  corlor is 1
SZ<br />
<b>Deprecated</b>:  Function MongoDB::authenticate() is deprecated in <b>/var/www/html/picUpload.php</b> on line <b>52</b><br />
Array
(
    [time] => 2017-03-19 00:40:18
    [dev] => 3701050905
    [name] => 中安宾馆
    [channel] => 
    [vehicle] => Array
        (
            [plate] => 鲁A79D09
            [color] => 
            [brand] => 
            [type] => 
        )

    [savepath] => qingbao/2017-03-19/3701050905/0-38-25鲁A79D09.jpg
)
Array
(
    [time] => 2017-03-19 00:40:18
    [dev] => 3701050905
    [name] => 中安宾馆
    [channel] => 
    [vehicle] => Array
        (
            [plate] => 鲁A79D09
            [color] => 
            [brand] => 
            [type] => 
        )

    [savepath] => qingbao/2017-03-19/3701050905/0-38-25鲁A79D09.jpg
    [_id] => MongoId Object
        (
            [$id] => 58cd628193b394b33548179b
        )

)

123 successs
		[error]		[eroor 134524541]
车牌 is JP711LJ  corlor is 2
            [error]         [eroor 134524379]
		[error]		[eroor 134524541]
车牌 is 鲁A6J958  corlor is 1
            [error]         [eroor 134524379]
		[error]		[eroor 134524541]
车牌 is 鲁AYD136  corlor is 1
            [error]         [eroor 134524379]
		[error]		[eroor 134524541]
车牌 is 鲁A363SJ  corlor is 1
            [error]         [eroor 134524379]
		[error]		[eroor 134524541]
车牌 is 鲁AXL059  corlor is 1
            [error]         [eroor 134524379]
		[error]		[eroor 134524541]
车牌 is 鲁AP778A  corlor is 1
            [error]         [eroor 134524379]
		[error]		[eroor 134524541]
车牌 is 鲁A555UZ  corlor is 1
            [error]         [eroor 134524379]
		[error]		[eroor 134524541]
车牌 is 鲁AD8961  corlor is 1
            [error]         [eroor 134524379]
		[error]		[eroor 134524541]
车牌 is 鲁A531VF  corlor is 1
            [error]         [eroor 134524379]
		[error]		[eroor 134524541]
车牌 is 鲁A066DZ  corlor is 1
            [error]         [eroor 134524379]
		[error]		[eroor 134524541]
车牌 is 鲁A887LM  corlor is 1
SZ<br />
<b>Deprecated</b>:  Function MongoDB::authenticate() is deprecated in <b>/var/www/html/picUpload.php</b> on line <b>52</b><br />
Array
(
    [time] => 2017-03-19 13:38:01
    [dev] => 3701050905
    [name] => 中安宾馆
    [channel] => 
    [vehicle] => Array
        (
            [plate] => 鲁A887LM
            [color] => 
            [brand] => 
            [type] => 
        )

    [savepath] => qingbao/2017-03-19/3701050905/13-36-06鲁A887LM.jpg
)
Array
(
    [time] => 2017-03-19 13:38:01
    [dev] => 3701050905
    [name] => 中安宾馆
    [channel] => 
    [vehicle] => Array
        (
            [plate] => 鲁A887LM
            [color] => 
            [brand] => 
            [type] => 
        )

    [savepath] => qingbao/2017-03-19/3701050905/13-36-06鲁A887LM.jpg
    [_id] => MongoId Object
        (
            [$id] => 58ce18c693b3942e5848175e
        )

)

123 successs
		[error]		[eroor 134524541]
车牌 is 鲁AH9366  corlor is 1
            [error]         [eroor 134524379]
		[error]		[eroor 134524541]
车牌 is 鲁AS8356  corlor is 1
            [error]         [eroor 134524379]
		[error]		[eroor 134524541]
车牌 is 鲁AE978N  corlor is 1
            [error]         [eroor 134524379]
		[error]		[eroor 134524541]
车牌 is 鲁E978N1  corlor is 1
            [error]         [eroor 134524379]
		[error]		[eroor 134524541]
车牌 is 鲁AN8F10  corlor is 1
            [error]         [eroor 134524379]
		[error]		[eroor 134524541]
车牌 is 鲁AL627J  corlor is 1
            [error]         [eroor 134524379]
		[error]		[eroor 134524541]
车牌 is 鲁AC0567  corlor is 1
            [error]         [eroor 134524379]
		[error]		[eroor 134524541]
车牌 is 浙LJC15警  corlor is 3
            [error]         [eroor 134524379]
		[error]		[eroor 134524541]
车牌 is 鲁AX777W  corlor is 1
            [error]         [eroor 134524379]
		[error]		[eroor 134524541]
车牌 is 鲁LL77L1  corlor is 2
            [error]         [eroor 134524379]
